[0.058s] Invoking command in '/home/user/workspace/pyrobot/moveit_docker_activate/build/new_config': CMAKE_PREFIX_PATH=${CMAKE_PREFIX_PATH}:/home/user/workspace/pyrobot/moveit_docker_activate/install/pros_car_py:/home/user/workspace/ws_moveit2/install/moveit_configs_utils:/home/user/workspace/ws_moveit2/install/launch_param_builder:/opt/ros/humble /usr/bin/cmake /home/user/workspace/pyrobot/moveit_docker_activate/src/new_config -DCMAKE_INSTALL_PREFIX=/home/user/workspace/pyrobot/moveit_docker_activate/install/new_config
[0.235s] -- The C compiler identification is GNU 11.4.0
[0.460s] -- The CXX compiler identification is GNU 11.4.0
[0.570s] -- Detecting C compiler ABI info
[0.658s] -- Detecting C compiler ABI info - done
[0.663s] -- Check for working C compiler: /usr/bin/cc - skipped
[0.664s] -- Detecting C compile features
[0.665s] -- Detecting C compile features - done
[0.667s] -- Detecting CXX compiler ABI info
[0.759s] -- Detecting CXX compiler ABI info - done
[0.764s] -- Check for working CXX compiler: /usr/bin/c++ - skipped
[0.764s] -- Detecting CXX compile features
[0.765s] -- Detecting CXX compile features - done
[0.780s] -- Found ament_cmake: 1.3.10 (/opt/ros/humble/share/ament_cmake/cmake)
[0.893s] -- Found Python3: /usr/bin/python3 (found version "3.10.12") found components: Interpreter 
[1.047s] -- Configuring done
[1.050s] -- Generating done
[1.050s] -- Build files have been written to: /home/user/workspace/pyrobot/moveit_docker_activate/build/new_config
[1.053s] Invoked command in '/home/user/workspace/pyrobot/moveit_docker_activate/build/new_config' returned '0': CMAKE_PREFIX_PATH=${CMAKE_PREFIX_PATH}:/home/user/workspace/pyrobot/moveit_docker_activate/install/pros_car_py:/home/user/workspace/ws_moveit2/install/moveit_configs_utils:/home/user/workspace/ws_moveit2/install/launch_param_builder:/opt/ros/humble /usr/bin/cmake /home/user/workspace/pyrobot/moveit_docker_activate/src/new_config -DCMAKE_INSTALL_PREFIX=/home/user/workspace/pyrobot/moveit_docker_activate/install/new_config
[1.055s] Invoking command in '/home/user/workspace/pyrobot/moveit_docker_activate/build/new_config': CMAKE_PREFIX_PATH=${CMAKE_PREFIX_PATH}:/home/user/workspace/pyrobot/moveit_docker_activate/install/pros_car_py:/home/user/workspace/ws_moveit2/install/moveit_configs_utils:/home/user/workspace/ws_moveit2/install/launch_param_builder:/opt/ros/humble /usr/bin/cmake --build /home/user/workspace/pyrobot/moveit_docker_activate/build/new_config -- -j16 -l16
[1.080s] Invoked command in '/home/user/workspace/pyrobot/moveit_docker_activate/build/new_config' returned '0': CMAKE_PREFIX_PATH=${CMAKE_PREFIX_PATH}:/home/user/workspace/pyrobot/moveit_docker_activate/install/pros_car_py:/home/user/workspace/ws_moveit2/install/moveit_configs_utils:/home/user/workspace/ws_moveit2/install/launch_param_builder:/opt/ros/humble /usr/bin/cmake --build /home/user/workspace/pyrobot/moveit_docker_activate/build/new_config -- -j16 -l16
[1.104s] Invoking command in '/home/user/workspace/pyrobot/moveit_docker_activate/build/new_config': CMAKE_PREFIX_PATH=${CMAKE_PREFIX_PATH}:/home/user/workspace/pyrobot/moveit_docker_activate/install/pros_car_py:/home/user/workspace/ws_moveit2/install/moveit_configs_utils:/home/user/workspace/ws_moveit2/install/launch_param_builder:/opt/ros/humble /usr/bin/cmake --install /home/user/workspace/pyrobot/moveit_docker_activate/build/new_config
[1.109s] -- Install configuration: ""
[1.111s] -- Installing: /home/user/workspace/pyrobot/moveit_docker_activate/install/new_config/share/ament_index/resource_index/package_run_dependencies/new_config
[1.111s] -- Installing: /home/user/workspace/pyrobot/moveit_docker_activate/install/new_config/share/ament_index/resource_index/parent_prefix_path/new_config
[1.111s] -- Installing: /home/user/workspace/pyrobot/moveit_docker_activate/install/new_config/share/new_config/environment/ament_prefix_path.sh
[1.112s] -- Installing: /home/user/workspace/pyrobot/moveit_docker_activate/install/new_config/share/new_config/environment/ament_prefix_path.dsv
[1.112s] -- Installing: /home/user/workspace/pyrobot/moveit_docker_activate/install/new_config/share/new_config/environment/path.sh
[1.112s] -- Installing: /home/user/workspace/pyrobot/moveit_docker_activate/install/new_config/share/new_config/environment/path.dsv
[1.112s] -- Installing: /home/user/workspace/pyrobot/moveit_docker_activate/install/new_config/share/new_config/local_setup.bash
[1.112s] -- Installing: /home/user/workspace/pyrobot/moveit_docker_activate/install/new_config/share/new_config/local_setup.sh
[1.112s] -- Installing: /home/user/workspace/pyrobot/moveit_docker_activate/install/new_config/share/new_config/local_setup.zsh
[1.112s] -- Installing: /home/user/workspace/pyrobot/moveit_docker_activate/install/new_config/share/new_config/local_setup.dsv
[1.112s] -- Installing: /home/user/workspace/pyrobot/moveit_docker_activate/install/new_config/share/new_config/package.dsv
[1.113s] -- Installing: /home/user/workspace/pyrobot/moveit_docker_activate/install/new_config/share/ament_index/resource_index/packages/new_config
[1.113s] -- Installing: /home/user/workspace/pyrobot/moveit_docker_activate/install/new_config/share/new_config/cmake/new_configConfig.cmake
[1.113s] -- Installing: /home/user/workspace/pyrobot/moveit_docker_activate/install/new_config/share/new_config/cmake/new_configConfig-version.cmake
[1.113s] -- Installing: /home/user/workspace/pyrobot/moveit_docker_activate/install/new_config/share/new_config/package.xml
[1.113s] -- Installing: /home/user/workspace/pyrobot/moveit_docker_activate/install/new_config/share/new_config/launch
[1.113s] -- Installing: /home/user/workspace/pyrobot/moveit_docker_activate/install/new_config/share/new_config/launch/static_virtual_joint_tfs.launch.py
[1.113s] -- Installing: /home/user/workspace/pyrobot/moveit_docker_activate/install/new_config/share/new_config/launch/setup_assistant.launch.py
[1.113s] -- Installing: /home/user/workspace/pyrobot/moveit_docker_activate/install/new_config/share/new_config/launch/spawn_controllers.launch.py
[1.114s] -- Installing: /home/user/workspace/pyrobot/moveit_docker_activate/install/new_config/share/new_config/launch/demo.launch.py
[1.114s] -- Installing: /home/user/workspace/pyrobot/moveit_docker_activate/install/new_config/share/new_config/launch/moveit_rviz.launch.py
[1.114s] -- Installing: /home/user/workspace/pyrobot/moveit_docker_activate/install/new_config/share/new_config/launch/warehouse_db.launch.py
[1.114s] -- Installing: /home/user/workspace/pyrobot/moveit_docker_activate/install/new_config/share/new_config/launch/rsp.launch.py
[1.114s] -- Installing: /home/user/workspace/pyrobot/moveit_docker_activate/install/new_config/share/new_config/launch/move_group.launch.py
[1.114s] -- Installing: /home/user/workspace/pyrobot/moveit_docker_activate/install/new_config/share/new_config/config
[1.114s] -- Installing: /home/user/workspace/pyrobot/moveit_docker_activate/install/new_config/share/new_config/config/ros2_controllers.yaml
[1.114s] -- Installing: /home/user/workspace/pyrobot/moveit_docker_activate/install/new_config/share/new_config/config/moveit.rviz
[1.114s] -- Installing: /home/user/workspace/pyrobot/moveit_docker_activate/install/new_config/share/new_config/config/moveit_controllers.yaml
[1.115s] -- Installing: /home/user/workspace/pyrobot/moveit_docker_activate/install/new_config/share/new_config/config/kinematics.yaml
[1.115s] -- Installing: /home/user/workspace/pyrobot/moveit_docker_activate/install/new_config/share/new_config/config/pilz_cartesian_limits.yaml
[1.115s] -- Installing: /home/user/workspace/pyrobot/moveit_docker_activate/install/new_config/share/new_config/config/joint_limits.yaml
[1.115s] -- Installing: /home/user/workspace/pyrobot/moveit_docker_activate/install/new_config/share/new_config/config/angle_excurate_arm_ver2.srdf
[1.115s] -- Installing: /home/user/workspace/pyrobot/moveit_docker_activate/install/new_config/share/new_config/.setup_assistant
[1.116s] Invoked command in '/home/user/workspace/pyrobot/moveit_docker_activate/build/new_config' returned '0': CMAKE_PREFIX_PATH=${CMAKE_PREFIX_PATH}:/home/user/workspace/pyrobot/moveit_docker_activate/install/pros_car_py:/home/user/workspace/ws_moveit2/install/moveit_configs_utils:/home/user/workspace/ws_moveit2/install/launch_param_builder:/opt/ros/humble /usr/bin/cmake --install /home/user/workspace/pyrobot/moveit_docker_activate/build/new_config
