[0.160s] DEBUG:colcon:Command line arguments: ['/usr/bin/colcon', 'build']
[0.160s] DEBUG:colcon:Parsed command line arguments: Namespace(log_base=None, log_level=None, verb_name='build', build_base='build', install_base='install', merge_install=False, symlink_install=False, test_result_base=None, continue_on_error=False, executor='parallel', parallel_workers=16, event_handlers=None, ignore_user_meta=False, metas=['./colcon.meta'], base_paths=['.'], packages_ignore=None, packages_ignore_regex=None, paths=None, packages_up_to=None, packages_up_to_regex=None, packages_above=None, packages_above_and_dependencies=None, packages_above_depth=None, packages_select_by_dep=None, packages_skip_by_dep=None, packages_skip_up_to=None, packages_select_build_failed=False, packages_skip_build_finished=False, packages_select_test_failures=False, packages_skip_test_passed=False, packages_select=None, packages_skip=None, packages_select_regex=None, packages_skip_regex=None, packages_start=None, packages_end=None, allow_overriding=[], cmake_args=None, cmake_target=None, cmake_target_skip_unavailable=False, cmake_clean_cache=False, cmake_clean_first=False, cmake_force_configure=False, ament_cmake_args=None, catkin_cmake_args=None, catkin_skip_building_tests=False, mixin_files=None, mixin=None, verb_parser=<colcon_mixin.mixin.mixin_argument.MixinArgumentDecorator object at 0x7f9447965750>, verb_extension=<colcon_core.verb.build.BuildVerb object at 0x7f9447ad9de0>, main=<bound method BuildVerb.main of <colcon_core.verb.build.BuildVerb object at 0x7f9447ad9de0>>, mixin_verb=('build',))
[0.412s] Level 1:colcon.colcon_core.package_discovery:discover_packages(colcon_meta) check parameters
[0.412s] Level 1:colcon.colcon_core.package_discovery:discover_packages(recursive) check parameters
[0.412s] Level 1:colcon.colcon_core.package_discovery:discover_packages(ignore) check parameters
[0.412s] Level 1:colcon.colcon_core.package_discovery:discover_packages(path) check parameters
[0.412s] Level 1:colcon.colcon_core.package_discovery:discover_packages(colcon_meta) discover
[0.412s] Level 1:colcon.colcon_core.package_discovery:discover_packages(recursive) discover
[0.412s] INFO:colcon.colcon_core.package_discovery:Crawling recursively for packages in '/home/user/workspace/pyrobot/moveit_ws'
[0.412s] Level 1:colcon.colcon_core.package_identification:_identify(.) by extensions ['ignore', 'ignore_ament_install']
[0.412s] Level 1:colcon.colcon_core.package_identification:_identify(.) by extension 'ignore'
[0.412s] Level 1:colcon.colcon_core.package_identification:_identify(.) by extension 'ignore_ament_install'
[0.413s] Level 1:colcon.colcon_core.package_identification:_identify(.) by extensions ['colcon_pkg']
[0.413s] Level 1:colcon.colcon_core.package_identification:_identify(.) by extension 'colcon_pkg'
[0.413s] Level 1:colcon.colcon_core.package_identification:_identify(.) by extensions ['colcon_meta']
[0.413s] Level 1:colcon.colcon_core.package_identification:_identify(.) by extension 'colcon_meta'
[0.413s] Level 1:colcon.colcon_core.package_identification:_identify(.) by extensions ['ros']
[0.413s] Level 1:colcon.colcon_core.package_identification:_identify(.) by extension 'ros'
[0.424s] Level 1:colcon.colcon_core.package_identification:_identify(.) by extensions ['cmake', 'python']
[0.424s] Level 1:colcon.colcon_core.package_identification:_identify(.) by extension 'cmake'
[0.424s] Level 1:colcon.colcon_core.package_identification:_identify(.) by extension 'python'
[0.424s] Level 1:colcon.colcon_core.package_identification:_identify(.) by extensions ['python_setup_py']
[0.424s] Level 1:colcon.colcon_core.package_identification:_identify(.) by extension 'python_setup_py'
[0.424s] Level 1:colcon.colcon_core.package_identification:_identify(build) by extensions ['ignore', 'ignore_ament_install']
[0.424s] Level 1:colcon.colcon_core.package_identification:_identify(build) by extension 'ignore'
[0.424s] Level 1:colcon.colcon_core.package_identification:_identify(build) ignored
[0.424s] Level 1:colcon.colcon_core.package_identification:_identify(install) by extensions ['ignore', 'ignore_ament_install']
[0.424s] Level 1:colcon.colcon_core.package_identification:_identify(install) by extension 'ignore'
[0.424s] Level 1:colcon.colcon_core.package_identification:_identify(install) ignored
[0.424s] Level 1:colcon.colcon_core.package_identification:_identify(log) by extensions ['ignore', 'ignore_ament_install']
[0.424s] Level 1:colcon.colcon_core.package_identification:_identify(log) by extension 'ignore'
[0.424s] Level 1:colcon.colcon_core.package_identification:_identify(log) ignored
[0.424s] Level 1:colcon.colcon_core.package_identification:_identify(src) by extensions ['ignore', 'ignore_ament_install']
[0.424s] Level 1:colcon.colcon_core.package_identification:_identify(src) by extension 'ignore'
[0.424s] Level 1:colcon.colcon_core.package_identification:_identify(src) by extension 'ignore_ament_install'
[0.425s] Level 1:colcon.colcon_core.package_identification:_identify(src) by extensions ['colcon_pkg']
[0.425s] Level 1:colcon.colcon_core.package_identification:_identify(src) by extension 'colcon_pkg'
[0.425s] Level 1:colcon.colcon_core.package_identification:_identify(src) by extensions ['colcon_meta']
[0.425s] Level 1:colcon.colcon_core.package_identification:_identify(src) by extension 'colcon_meta'
[0.425s] Level 1:colcon.colcon_core.package_identification:_identify(src) by extensions ['ros']
[0.425s] Level 1:colcon.colcon_core.package_identification:_identify(src) by extension 'ros'
[0.425s] Level 1:colcon.colcon_core.package_identification:_identify(src) by extensions ['cmake', 'python']
[0.425s] Level 1:colcon.colcon_core.package_identification:_identify(src) by extension 'cmake'
[0.425s] Level 1:colcon.colcon_core.package_identification:_identify(src) by extension 'python'
[0.425s] Level 1:colcon.colcon_core.package_identification:_identify(src) by extensions ['python_setup_py']
[0.425s] Level 1:colcon.colcon_core.package_identification:_identify(src) by extension 'python_setup_py'
[0.425s] Level 1:colcon.colcon_core.package_identification:_identify(src/hello_moveit) by extensions ['ignore', 'ignore_ament_install']
[0.425s] Level 1:colcon.colcon_core.package_identification:_identify(src/hello_moveit) by extension 'ignore'
[0.425s] Level 1:colcon.colcon_core.package_identification:_identify(src/hello_moveit) by extension 'ignore_ament_install'
[0.425s] Level 1:colcon.colcon_core.package_identification:_identify(src/hello_moveit) by extensions ['colcon_pkg']
[0.425s] Level 1:colcon.colcon_core.package_identification:_identify(src/hello_moveit) by extension 'colcon_pkg'
[0.425s] Level 1:colcon.colcon_core.package_identification:_identify(src/hello_moveit) by extensions ['colcon_meta']
[0.425s] Level 1:colcon.colcon_core.package_identification:_identify(src/hello_moveit) by extension 'colcon_meta'
[0.425s] Level 1:colcon.colcon_core.package_identification:_identify(src/hello_moveit) by extensions ['ros']
[0.425s] Level 1:colcon.colcon_core.package_identification:_identify(src/hello_moveit) by extension 'ros'
[0.433s] DEBUG:colcon.colcon_core.package_identification:Package 'src/hello_moveit' with type 'ros.ament_cmake' and name 'hello_moveit'
[0.433s] Level 1:colcon.colcon_core.package_identification:_identify(src/moveit_robot_generate) by extensions ['ignore', 'ignore_ament_install']
[0.433s] Level 1:colcon.colcon_core.package_identification:_identify(src/moveit_robot_generate) by extension 'ignore'
[0.433s] Level 1:colcon.colcon_core.package_identification:_identify(src/moveit_robot_generate) by extension 'ignore_ament_install'
[0.433s] Level 1:colcon.colcon_core.package_identification:_identify(src/moveit_robot_generate) by extensions ['colcon_pkg']
[0.433s] Level 1:colcon.colcon_core.package_identification:_identify(src/moveit_robot_generate) by extension 'colcon_pkg'
[0.433s] Level 1:colcon.colcon_core.package_identification:_identify(src/moveit_robot_generate) by extensions ['colcon_meta']
[0.433s] Level 1:colcon.colcon_core.package_identification:_identify(src/moveit_robot_generate) by extension 'colcon_meta'
[0.433s] Level 1:colcon.colcon_core.package_identification:_identify(src/moveit_robot_generate) by extensions ['ros']
[0.433s] Level 1:colcon.colcon_core.package_identification:_identify(src/moveit_robot_generate) by extension 'ros'
[0.434s] DEBUG:colcon.colcon_core.package_identification:Package 'src/moveit_robot_generate' with type 'ros.ament_cmake' and name 'moveit_robot_generate'
[0.434s] Level 1:colcon.colcon_core.package_identification:_identify(src/pros_car_py) by extensions ['ignore', 'ignore_ament_install']
[0.434s] Level 1:colcon.colcon_core.package_identification:_identify(src/pros_car_py) by extension 'ignore'
[0.434s] Level 1:colcon.colcon_core.package_identification:_identify(src/pros_car_py) by extension 'ignore_ament_install'
[0.434s] Level 1:colcon.colcon_core.package_identification:_identify(src/pros_car_py) by extensions ['colcon_pkg']
[0.435s] Level 1:colcon.colcon_core.package_identification:_identify(src/pros_car_py) by extension 'colcon_pkg'
[0.435s] Level 1:colcon.colcon_core.package_identification:_identify(src/pros_car_py) by extensions ['colcon_meta']
[0.435s] Level 1:colcon.colcon_core.package_identification:_identify(src/pros_car_py) by extension 'colcon_meta'
[0.435s] Level 1:colcon.colcon_core.package_identification:_identify(src/pros_car_py) by extensions ['ros']
[0.435s] Level 1:colcon.colcon_core.package_identification:_identify(src/pros_car_py) by extension 'ros'
[0.435s] DEBUG:colcon.colcon_core.package_identification:Package 'src/pros_car_py' with type 'ros.ament_python' and name 'pros_car_py'
[0.435s] Level 1:colcon.colcon_core.package_discovery:discover_packages(recursive) using defaults
[0.435s] Level 1:colcon.colcon_core.package_discovery:discover_packages(ignore) discover
[0.435s] Level 1:colcon.colcon_core.package_discovery:discover_packages(ignore) using defaults
[0.435s] Level 1:colcon.colcon_core.package_discovery:discover_packages(path) discover
[0.435s] Level 1:colcon.colcon_core.package_discovery:discover_packages(path) using defaults
[0.455s] Level 1:colcon.colcon_core.package_discovery:discover_packages(prefix_path) check parameters
[0.455s] Level 1:colcon.colcon_core.package_discovery:discover_packages(prefix_path) discover
[0.457s] WARNING:colcon.colcon_core.prefix_path.colcon:The path '/home/user/workspace/pyrobot/moveit2_ws/install' in the environment variable COLCON_PREFIX_PATH doesn't exist
[0.457s] WARNING:colcon.colcon_ros.prefix_path.ament:The path '/home/user/workspace/pyrobot/moveit2_ws/install/pilz_industrial_motion_planner_testutils' in the environment variable AMENT_PREFIX_PATH doesn't exist
[0.457s] WARNING:colcon.colcon_ros.prefix_path.ament:The path '/home/user/workspace/pyrobot/moveit2_ws/install/moveit_ros_control_interface' in the environment variable AMENT_PREFIX_PATH doesn't exist
[0.457s] WARNING:colcon.colcon_ros.prefix_path.ament:The path '/home/user/workspace/pyrobot/moveit2_ws/install/moveit_plugins' in the environment variable AMENT_PREFIX_PATH doesn't exist
[0.457s] WARNING:colcon.colcon_ros.prefix_path.ament:The path '/home/user/workspace/pyrobot/moveit2_ws/install/moveit_simple_controller_manager' in the environment variable AMENT_PREFIX_PATH doesn't exist
[0.457s] WARNING:colcon.colcon_ros.prefix_path.ament:The path '/home/user/workspace/pyrobot/moveit2_ws/install/moveit_ros_planning' in the environment variable AMENT_PREFIX_PATH doesn't exist
[0.457s] WARNING:colcon.colcon_ros.prefix_path.ament:The path '/home/user/workspace/pyrobot/moveit2_ws/install/moveit_ros_occupancy_map_monitor' in the environment variable AMENT_PREFIX_PATH doesn't exist
[0.457s] WARNING:colcon.colcon_ros.prefix_path.ament:The path '/home/user/workspace/pyrobot/moveit2_ws/install/moveit_resources_prbt_ikfast_manipulator_plugin' in the environment variable AMENT_PREFIX_PATH doesn't exist
[0.457s] WARNING:colcon.colcon_ros.prefix_path.ament:The path '/home/user/workspace/pyrobot/moveit2_ws/install/moveit_planners_chomp' in the environment variable AMENT_PREFIX_PATH doesn't exist
[0.457s] WARNING:colcon.colcon_ros.prefix_path.ament:The path '/home/user/workspace/pyrobot/moveit2_ws/install/moveit_chomp_optimizer_adapter' in the environment variable AMENT_PREFIX_PATH doesn't exist
[0.457s] WARNING:colcon.colcon_ros.prefix_path.ament:The path '/home/user/workspace/pyrobot/moveit2_ws/install/chomp_motion_planner' in the environment variable AMENT_PREFIX_PATH doesn't exist
[0.457s] WARNING:colcon.colcon_ros.prefix_path.ament:The path '/home/user/workspace/pyrobot/moveit2_ws/install/moveit_core' in the environment variable AMENT_PREFIX_PATH doesn't exist
[0.458s] WARNING:colcon.colcon_ros.prefix_path.ament:The path '/home/user/workspace/pyrobot/moveit2_ws/install/generate_parameter_module_example' in the environment variable AMENT_PREFIX_PATH doesn't exist
[0.458s] WARNING:colcon.colcon_ros.prefix_path.ament:The path '/home/user/workspace/pyrobot/moveit2_ws/install/generate_parameter_library_example' in the environment variable AMENT_PREFIX_PATH doesn't exist
[0.458s] WARNING:colcon.colcon_ros.prefix_path.ament:The path '/home/user/workspace/pyrobot/moveit2_ws/install/cmake_generate_parameter_module_example' in the environment variable AMENT_PREFIX_PATH doesn't exist
[0.458s] WARNING:colcon.colcon_ros.prefix_path.ament:The path '/home/user/workspace/pyrobot/moveit2_ws/install/generate_parameter_library' in the environment variable AMENT_PREFIX_PATH doesn't exist
[0.458s] WARNING:colcon.colcon_ros.prefix_path.ament:The path '/home/user/workspace/pyrobot/moveit2_ws/install/parameter_traits' in the environment variable AMENT_PREFIX_PATH doesn't exist
[0.458s] WARNING:colcon.colcon_ros.prefix_path.ament:The path '/home/user/workspace/pyrobot/moveit2_ws/install/moveit_resources_prbt_support' in the environment variable AMENT_PREFIX_PATH doesn't exist
[0.458s] WARNING:colcon.colcon_ros.prefix_path.ament:The path '/home/user/workspace/pyrobot/moveit2_ws/install/moveit_resources' in the environment variable AMENT_PREFIX_PATH doesn't exist
[0.458s] WARNING:colcon.colcon_ros.prefix_path.ament:The path '/home/user/workspace/pyrobot/moveit2_ws/install/moveit_resources_pr2_description' in the environment variable AMENT_PREFIX_PATH doesn't exist
[0.458s] WARNING:colcon.colcon_ros.prefix_path.ament:The path '/home/user/workspace/pyrobot/moveit2_ws/install/moveit_resources_panda_moveit_config' in the environment variable AMENT_PREFIX_PATH doesn't exist
[0.458s] WARNING:colcon.colcon_ros.prefix_path.ament:The path '/home/user/workspace/pyrobot/moveit2_ws/install/moveit_resources_panda_description' in the environment variable AMENT_PREFIX_PATH doesn't exist
[0.458s] WARNING:colcon.colcon_ros.prefix_path.ament:The path '/home/user/workspace/pyrobot/moveit2_ws/install/moveit_resources_fanuc_moveit_config' in the environment variable AMENT_PREFIX_PATH doesn't exist
[0.458s] WARNING:colcon.colcon_ros.prefix_path.ament:The path '/home/user/workspace/pyrobot/moveit2_ws/install/moveit_resources_fanuc_description' in the environment variable AMENT_PREFIX_PATH doesn't exist
[0.458s] WARNING:colcon.colcon_ros.prefix_path.ament:The path '/home/user/workspace/pyrobot/moveit2_ws/install/moveit_msgs' in the environment variable AMENT_PREFIX_PATH doesn't exist
[0.458s] WARNING:colcon.colcon_ros.prefix_path.ament:The path '/home/user/workspace/pyrobot/moveit2_ws/install/moveit_configs_utils' in the environment variable AMENT_PREFIX_PATH doesn't exist
[0.458s] WARNING:colcon.colcon_ros.prefix_path.ament:The path '/home/user/workspace/pyrobot/moveit2_ws/install/moveit_common' in the environment variable AMENT_PREFIX_PATH doesn't exist
[0.458s] WARNING:colcon.colcon_ros.prefix_path.ament:The path '/home/user/workspace/pyrobot/moveit2_ws/install/generate_parameter_library_py' in the environment variable AMENT_PREFIX_PATH doesn't exist
[0.471s] WARNING:colcon.colcon_ros.prefix_path.catkin:The path '/home/user/workspace/pyrobot/moveit2_ws/install/pilz_industrial_motion_planner_testutils' in the environment variable CMAKE_PREFIX_PATH doesn't exist
[0.471s] WARNING:colcon.colcon_ros.prefix_path.catkin:The path '/home/user/workspace/pyrobot/moveit2_ws/install/moveit_ros_control_interface' in the environment variable CMAKE_PREFIX_PATH doesn't exist
[0.471s] WARNING:colcon.colcon_ros.prefix_path.catkin:The path '/home/user/workspace/pyrobot/moveit2_ws/install/moveit_plugins' in the environment variable CMAKE_PREFIX_PATH doesn't exist
[0.471s] WARNING:colcon.colcon_ros.prefix_path.catkin:The path '/home/user/workspace/pyrobot/moveit2_ws/install/moveit_simple_controller_manager' in the environment variable CMAKE_PREFIX_PATH doesn't exist
[0.471s] WARNING:colcon.colcon_ros.prefix_path.catkin:The path '/home/user/workspace/pyrobot/moveit2_ws/install/moveit_ros_planning' in the environment variable CMAKE_PREFIX_PATH doesn't exist
[0.471s] WARNING:colcon.colcon_ros.prefix_path.catkin:The path '/home/user/workspace/pyrobot/moveit2_ws/install/moveit_ros_occupancy_map_monitor' in the environment variable CMAKE_PREFIX_PATH doesn't exist
[0.471s] WARNING:colcon.colcon_ros.prefix_path.catkin:The path '/home/user/workspace/pyrobot/moveit2_ws/install/moveit_resources_prbt_ikfast_manipulator_plugin' in the environment variable CMAKE_PREFIX_PATH doesn't exist
[0.471s] WARNING:colcon.colcon_ros.prefix_path.catkin:The path '/home/user/workspace/pyrobot/moveit2_ws/install/moveit_planners_chomp' in the environment variable CMAKE_PREFIX_PATH doesn't exist
[0.471s] WARNING:colcon.colcon_ros.prefix_path.catkin:The path '/home/user/workspace/pyrobot/moveit2_ws/install/moveit_chomp_optimizer_adapter' in the environment variable CMAKE_PREFIX_PATH doesn't exist
[0.471s] WARNING:colcon.colcon_ros.prefix_path.catkin:The path '/home/user/workspace/pyrobot/moveit2_ws/install/chomp_motion_planner' in the environment variable CMAKE_PREFIX_PATH doesn't exist
[0.471s] WARNING:colcon.colcon_ros.prefix_path.catkin:The path '/home/user/workspace/pyrobot/moveit2_ws/install/moveit_core' in the environment variable CMAKE_PREFIX_PATH doesn't exist
[0.471s] WARNING:colcon.colcon_ros.prefix_path.catkin:The path '/home/user/workspace/pyrobot/moveit2_ws/install/generate_parameter_library_example' in the environment variable CMAKE_PREFIX_PATH doesn't exist
[0.471s] WARNING:colcon.colcon_ros.prefix_path.catkin:The path '/home/user/workspace/pyrobot/moveit2_ws/install/cmake_generate_parameter_module_example' in the environment variable CMAKE_PREFIX_PATH doesn't exist
[0.471s] WARNING:colcon.colcon_ros.prefix_path.catkin:The path '/home/user/workspace/pyrobot/moveit2_ws/install/generate_parameter_library' in the environment variable CMAKE_PREFIX_PATH doesn't exist
[0.471s] WARNING:colcon.colcon_ros.prefix_path.catkin:The path '/home/user/workspace/pyrobot/moveit2_ws/install/parameter_traits' in the environment variable CMAKE_PREFIX_PATH doesn't exist
[0.471s] WARNING:colcon.colcon_ros.prefix_path.catkin:The path '/home/user/workspace/pyrobot/moveit2_ws/install/moveit_resources_prbt_support' in the environment variable CMAKE_PREFIX_PATH doesn't exist
[0.471s] WARNING:colcon.colcon_ros.prefix_path.catkin:The path '/home/user/workspace/pyrobot/moveit2_ws/install/moveit_resources' in the environment variable CMAKE_PREFIX_PATH doesn't exist
[0.471s] WARNING:colcon.colcon_ros.prefix_path.catkin:The path '/home/user/workspace/pyrobot/moveit2_ws/install/moveit_resources_pr2_description' in the environment variable CMAKE_PREFIX_PATH doesn't exist
[0.471s] WARNING:colcon.colcon_ros.prefix_path.catkin:The path '/home/user/workspace/pyrobot/moveit2_ws/install/moveit_resources_panda_moveit_config' in the environment variable CMAKE_PREFIX_PATH doesn't exist
[0.471s] WARNING:colcon.colcon_ros.prefix_path.catkin:The path '/home/user/workspace/pyrobot/moveit2_ws/install/moveit_resources_panda_description' in the environment variable CMAKE_PREFIX_PATH doesn't exist
[0.471s] WARNING:colcon.colcon_ros.prefix_path.catkin:The path '/home/user/workspace/pyrobot/moveit2_ws/install/moveit_resources_fanuc_moveit_config' in the environment variable CMAKE_PREFIX_PATH doesn't exist
[0.471s] WARNING:colcon.colcon_ros.prefix_path.catkin:The path '/home/user/workspace/pyrobot/moveit2_ws/install/moveit_resources_fanuc_description' in the environment variable CMAKE_PREFIX_PATH doesn't exist
[0.471s] WARNING:colcon.colcon_ros.prefix_path.catkin:The path '/home/user/workspace/pyrobot/moveit2_ws/install/moveit_msgs' in the environment variable CMAKE_PREFIX_PATH doesn't exist
[0.471s] WARNING:colcon.colcon_ros.prefix_path.catkin:The path '/home/user/workspace/pyrobot/moveit2_ws/install/moveit_common' in the environment variable CMAKE_PREFIX_PATH doesn't exist
[0.473s] DEBUG:colcon.colcon_installed_package_information.package_discovery:Found 2 installed packages in /home/user/workspace/pyrobot/moveit_ws/install
[0.474s] DEBUG:colcon.colcon_installed_package_information.package_discovery:Found 55 installed packages in /home/user/workspace/ws_moveit2/install
[0.475s] DEBUG:colcon.colcon_installed_package_information.package_discovery:Found 368 installed packages in /opt/ros/humble
[0.477s] Level 1:colcon.colcon_core.package_discovery:discover_packages(prefix_path) using defaults
[0.558s] Level 5:colcon.colcon_core.verb:set package 'hello_moveit' build argument 'cmake_args' from command line to 'None'
[0.558s] Level 5:colcon.colcon_core.verb:set package 'hello_moveit' build argument 'cmake_target' from command line to 'None'
[0.558s] Level 5:colcon.colcon_core.verb:set package 'hello_moveit' build argument 'cmake_target_skip_unavailable' from command line to 'False'
[0.558s] Level 5:colcon.colcon_core.verb:set package 'hello_moveit' build argument 'cmake_clean_cache' from command line to 'False'
[0.558s] Level 5:colcon.colcon_core.verb:set package 'hello_moveit' build argument 'cmake_clean_first' from command line to 'False'
[0.558s] Level 5:colcon.colcon_core.verb:set package 'hello_moveit' build argument 'cmake_force_configure' from command line to 'False'
[0.558s] Level 5:colcon.colcon_core.verb:set package 'hello_moveit' build argument 'ament_cmake_args' from command line to 'None'
[0.558s] Level 5:colcon.colcon_core.verb:set package 'hello_moveit' build argument 'catkin_cmake_args' from command line to 'None'
[0.558s] Level 5:colcon.colcon_core.verb:set package 'hello_moveit' build argument 'catkin_skip_building_tests' from command line to 'False'
[0.558s] DEBUG:colcon.colcon_core.verb:Building package 'hello_moveit' with the following arguments: {'ament_cmake_args': None, 'build_base': '/home/user/workspace/pyrobot/moveit_ws/build/hello_moveit', 'catkin_cmake_args': None, 'catkin_skip_building_tests': False, 'cmake_args': None, 'cmake_clean_cache': False, 'cmake_clean_first': False, 'cmake_force_configure': False, 'cmake_target': None, 'cmake_target_skip_unavailable': False, 'install_base': '/home/user/workspace/pyrobot/moveit_ws/install/hello_moveit', 'merge_install': False, 'path': '/home/user/workspace/pyrobot/moveit_ws/src/hello_moveit', 'symlink_install': False, 'test_result_base': None}
[0.558s] Level 5:colcon.colcon_core.verb:set package 'pros_car_py' build argument 'cmake_args' from command line to 'None'
[0.558s] Level 5:colcon.colcon_core.verb:set package 'pros_car_py' build argument 'cmake_target' from command line to 'None'
[0.558s] Level 5:colcon.colcon_core.verb:set package 'pros_car_py' build argument 'cmake_target_skip_unavailable' from command line to 'False'
[0.558s] Level 5:colcon.colcon_core.verb:set package 'pros_car_py' build argument 'cmake_clean_cache' from command line to 'False'
[0.558s] Level 5:colcon.colcon_core.verb:set package 'pros_car_py' build argument 'cmake_clean_first' from command line to 'False'
[0.558s] Level 5:colcon.colcon_core.verb:set package 'pros_car_py' build argument 'cmake_force_configure' from command line to 'False'
[0.558s] Level 5:colcon.colcon_core.verb:set package 'pros_car_py' build argument 'ament_cmake_args' from command line to 'None'
[0.558s] Level 5:colcon.colcon_core.verb:set package 'pros_car_py' build argument 'catkin_cmake_args' from command line to 'None'
[0.558s] Level 5:colcon.colcon_core.verb:set package 'pros_car_py' build argument 'catkin_skip_building_tests' from command line to 'False'
[0.558s] DEBUG:colcon.colcon_core.verb:Building package 'pros_car_py' with the following arguments: {'ament_cmake_args': None, 'build_base': '/home/user/workspace/pyrobot/moveit_ws/build/pros_car_py', 'catkin_cmake_args': None, 'catkin_skip_building_tests': False, 'cmake_args': None, 'cmake_clean_cache': False, 'cmake_clean_first': False, 'cmake_force_configure': False, 'cmake_target': None, 'cmake_target_skip_unavailable': False, 'install_base': '/home/user/workspace/pyrobot/moveit_ws/install/pros_car_py', 'merge_install': False, 'path': '/home/user/workspace/pyrobot/moveit_ws/src/pros_car_py', 'symlink_install': False, 'test_result_base': None}
[0.558s] Level 5:colcon.colcon_core.verb:set package 'moveit_robot_generate' build argument 'cmake_args' from command line to 'None'
[0.558s] Level 5:colcon.colcon_core.verb:set package 'moveit_robot_generate' build argument 'cmake_target' from command line to 'None'
[0.558s] Level 5:colcon.colcon_core.verb:set package 'moveit_robot_generate' build argument 'cmake_target_skip_unavailable' from command line to 'False'
[0.558s] Level 5:colcon.colcon_core.verb:set package 'moveit_robot_generate' build argument 'cmake_clean_cache' from command line to 'False'
[0.558s] Level 5:colcon.colcon_core.verb:set package 'moveit_robot_generate' build argument 'cmake_clean_first' from command line to 'False'
[0.558s] Level 5:colcon.colcon_core.verb:set package 'moveit_robot_generate' build argument 'cmake_force_configure' from command line to 'False'
[0.558s] Level 5:colcon.colcon_core.verb:set package 'moveit_robot_generate' build argument 'ament_cmake_args' from command line to 'None'
[0.558s] Level 5:colcon.colcon_core.verb:set package 'moveit_robot_generate' build argument 'catkin_cmake_args' from command line to 'None'
[0.558s] Level 5:colcon.colcon_core.verb:set package 'moveit_robot_generate' build argument 'catkin_skip_building_tests' from command line to 'False'
[0.558s] DEBUG:colcon.colcon_core.verb:Building package 'moveit_robot_generate' with the following arguments: {'ament_cmake_args': None, 'build_base': '/home/user/workspace/pyrobot/moveit_ws/build/moveit_robot_generate', 'catkin_cmake_args': None, 'catkin_skip_building_tests': False, 'cmake_args': None, 'cmake_clean_cache': False, 'cmake_clean_first': False, 'cmake_force_configure': False, 'cmake_target': None, 'cmake_target_skip_unavailable': False, 'install_base': '/home/user/workspace/pyrobot/moveit_ws/install/moveit_robot_generate', 'merge_install': False, 'path': '/home/user/workspace/pyrobot/moveit_ws/src/moveit_robot_generate', 'symlink_install': False, 'test_result_base': None}
[0.559s] INFO:colcon.colcon_core.executor:Executing jobs using 'parallel' executor
[0.559s] DEBUG:colcon.colcon_parallel_executor.executor.parallel:run_until_complete
[0.560s] INFO:colcon.colcon_ros.task.ament_python.build:Building ROS package in '/home/user/workspace/pyrobot/moveit_ws/src/pros_car_py' with build type 'ament_python'
[0.560s] Level 1:colcon.colcon_core.shell:create_environment_hook('pros_car_py', 'ament_prefix_path')
[0.565s] INFO:colcon.colcon_core.plugin_system:Skipping extension 'colcon_core.shell.bat': Not used on non-Windows systems
[0.565s] INFO:colcon.colcon_core.shell:Creating environment hook '/home/user/workspace/pyrobot/moveit_ws/install/pros_car_py/share/pros_car_py/hook/ament_prefix_path.ps1'
[0.566s] INFO:colcon.colcon_core.shell:Creating environment descriptor '/home/user/workspace/pyrobot/moveit_ws/install/pros_car_py/share/pros_car_py/hook/ament_prefix_path.dsv'
[0.566s] INFO:colcon.colcon_core.shell:Creating environment hook '/home/user/workspace/pyrobot/moveit_ws/install/pros_car_py/share/pros_car_py/hook/ament_prefix_path.sh'
[0.567s] INFO:colcon.colcon_core.shell:Skip shell extension 'powershell' for command environment: Not usable outside of PowerShell
[0.567s] DEBUG:colcon.colcon_core.shell:Skip shell extension 'dsv' for command environment
[0.571s] INFO:colcon.colcon_ros.task.ament_cmake.build:Building ROS package in '/home/user/workspace/pyrobot/moveit_ws/src/hello_moveit' with build type 'ament_cmake'
[0.571s] INFO:colcon.colcon_cmake.task.cmake.build:Building CMake package in '/home/user/workspace/pyrobot/moveit_ws/src/hello_moveit'
[0.571s] INFO:colcon.colcon_core.shell:Skip shell extension 'powershell' for command environment: Not usable outside of PowerShell
[0.571s] DEBUG:colcon.colcon_core.shell:Skip shell extension 'dsv' for command environment
[0.752s] INFO:colcon.colcon_core.task.python.build:Building Python package in '/home/user/workspace/pyrobot/moveit_ws/src/pros_car_py'
[0.753s] INFO:colcon.colcon_core.shell:Skip shell extension 'powershell' for command environment: Not usable outside of PowerShell
[0.753s] DEBUG:colcon.colcon_core.shell:Skip shell extension 'dsv' for command environment
[0.763s] DEBUG:colcon.colcon_core.event_handler.log_command:Invoking command in '/home/user/workspace/pyrobot/moveit_ws/build/hello_moveit': CMAKE_PREFIX_PATH=${CMAKE_PREFIX_PATH}:/home/user/workspace/pyrobot/moveit_ws/install/pros_car_py:/home/user/workspace/pyrobot/moveit2_ws/install/generate_parameter_module_example:/home/user/workspace/pyrobot/moveit2_ws/install/moveit_configs_utils:/home/user/workspace/pyrobot/moveit2_ws/install/generate_parameter_library_py:/home/user/workspace/ws_moveit2/install/moveit_configs_utils:/home/user/workspace/ws_moveit2/install/launch_param_builder:/opt/ros/humble /usr/bin/cmake --build /home/user/workspace/pyrobot/moveit_ws/build/hello_moveit -- -j16 -l16
[0.860s] DEBUG:colcon.colcon_core.event_handler.log_command:Invoked command in '/home/user/workspace/pyrobot/moveit_ws/build/hello_moveit' returned '0': CMAKE_PREFIX_PATH=${CMAKE_PREFIX_PATH}:/home/user/workspace/pyrobot/moveit_ws/install/pros_car_py:/home/user/workspace/pyrobot/moveit2_ws/install/generate_parameter_module_example:/home/user/workspace/pyrobot/moveit2_ws/install/moveit_configs_utils:/home/user/workspace/pyrobot/moveit2_ws/install/generate_parameter_library_py:/home/user/workspace/ws_moveit2/install/moveit_configs_utils:/home/user/workspace/ws_moveit2/install/launch_param_builder:/opt/ros/humble /usr/bin/cmake --build /home/user/workspace/pyrobot/moveit_ws/build/hello_moveit -- -j16 -l16
[0.890s] DEBUG:colcon.colcon_core.event_handler.log_command:Invoking command in '/home/user/workspace/pyrobot/moveit_ws/build/hello_moveit': CMAKE_PREFIX_PATH=${CMAKE_PREFIX_PATH}:/home/user/workspace/pyrobot/moveit_ws/install/pros_car_py:/home/user/workspace/pyrobot/moveit2_ws/install/generate_parameter_module_example:/home/user/workspace/pyrobot/moveit2_ws/install/moveit_configs_utils:/home/user/workspace/pyrobot/moveit2_ws/install/generate_parameter_library_py:/home/user/workspace/ws_moveit2/install/moveit_configs_utils:/home/user/workspace/ws_moveit2/install/launch_param_builder:/opt/ros/humble /usr/bin/cmake --install /home/user/workspace/pyrobot/moveit_ws/build/hello_moveit
[0.906s] Level 1:colcon.colcon_core.environment:create_environment_scripts_only(hello_moveit)
[0.907s] DEBUG:colcon.colcon_core.event_handler.log_command:Invoked command in '/home/user/workspace/pyrobot/moveit_ws/build/hello_moveit' returned '0': CMAKE_PREFIX_PATH=${CMAKE_PREFIX_PATH}:/home/user/workspace/pyrobot/moveit_ws/install/pros_car_py:/home/user/workspace/pyrobot/moveit2_ws/install/generate_parameter_module_example:/home/user/workspace/pyrobot/moveit2_ws/install/moveit_configs_utils:/home/user/workspace/pyrobot/moveit2_ws/install/generate_parameter_library_py:/home/user/workspace/ws_moveit2/install/moveit_configs_utils:/home/user/workspace/ws_moveit2/install/launch_param_builder:/opt/ros/humble /usr/bin/cmake --install /home/user/workspace/pyrobot/moveit_ws/build/hello_moveit
[0.911s] Level 1:colcon.colcon_core.environment:checking '/home/user/workspace/pyrobot/moveit_ws/install/hello_moveit' for CMake module files
[0.911s] Level 1:colcon.colcon_core.environment:checking '/home/user/workspace/pyrobot/moveit_ws/install/hello_moveit' for CMake config files
[0.913s] Level 1:colcon.colcon_core.shell:create_environment_hook('hello_moveit', 'cmake_prefix_path')
[0.913s] INFO:colcon.colcon_core.shell:Creating environment hook '/home/user/workspace/pyrobot/moveit_ws/install/hello_moveit/share/hello_moveit/hook/cmake_prefix_path.ps1'
[0.913s] INFO:colcon.colcon_core.shell:Creating environment descriptor '/home/user/workspace/pyrobot/moveit_ws/install/hello_moveit/share/hello_moveit/hook/cmake_prefix_path.dsv'
[0.913s] INFO:colcon.colcon_core.shell:Creating environment hook '/home/user/workspace/pyrobot/moveit_ws/install/hello_moveit/share/hello_moveit/hook/cmake_prefix_path.sh'
[0.914s] Level 1:colcon.colcon_core.environment:checking '/home/user/workspace/pyrobot/moveit_ws/install/hello_moveit/lib'
[0.914s] Level 1:colcon.colcon_core.environment:checking '/home/user/workspace/pyrobot/moveit_ws/install/hello_moveit/bin'
[0.914s] Level 1:colcon.colcon_core.environment:checking '/home/user/workspace/pyrobot/moveit_ws/install/hello_moveit/lib/pkgconfig/hello_moveit.pc'
[0.914s] Level 1:colcon.colcon_core.environment:checking '/home/user/workspace/pyrobot/moveit_ws/install/hello_moveit/lib/python3.10/site-packages'
[0.915s] Level 1:colcon.colcon_core.environment:checking '/home/user/workspace/pyrobot/moveit_ws/install/hello_moveit/bin'
[0.915s] INFO:colcon.colcon_core.shell:Creating package script '/home/user/workspace/pyrobot/moveit_ws/install/hello_moveit/share/hello_moveit/package.ps1'
[0.915s] INFO:colcon.colcon_core.shell:Creating package descriptor '/home/user/workspace/pyrobot/moveit_ws/install/hello_moveit/share/hello_moveit/package.dsv'
[0.916s] INFO:colcon.colcon_core.shell:Creating package script '/home/user/workspace/pyrobot/moveit_ws/install/hello_moveit/share/hello_moveit/package.sh'
[0.917s] INFO:colcon.colcon_core.shell:Creating package script '/home/user/workspace/pyrobot/moveit_ws/install/hello_moveit/share/hello_moveit/package.bash'
[0.918s] INFO:colcon.colcon_core.shell:Creating package script '/home/user/workspace/pyrobot/moveit_ws/install/hello_moveit/share/hello_moveit/package.zsh'
[0.918s] Level 1:colcon.colcon_core.environment:create_file_with_runtime_dependencies(/home/user/workspace/pyrobot/moveit_ws/install/hello_moveit/share/colcon-core/packages/hello_moveit)
[0.942s] Level 1:colcon.colcon_core.environment:create_environment_scripts_only(hello_moveit)
[0.942s] Level 1:colcon.colcon_core.environment:checking '/home/user/workspace/pyrobot/moveit_ws/install/hello_moveit' for CMake module files
[0.942s] Level 1:colcon.colcon_core.environment:checking '/home/user/workspace/pyrobot/moveit_ws/install/hello_moveit' for CMake config files
[0.942s] Level 1:colcon.colcon_core.shell:create_environment_hook('hello_moveit', 'cmake_prefix_path')
[0.942s] INFO:colcon.colcon_core.shell:Creating environment hook '/home/user/workspace/pyrobot/moveit_ws/install/hello_moveit/share/hello_moveit/hook/cmake_prefix_path.ps1'
[0.943s] INFO:colcon.colcon_core.shell:Creating environment descriptor '/home/user/workspace/pyrobot/moveit_ws/install/hello_moveit/share/hello_moveit/hook/cmake_prefix_path.dsv'
[0.943s] INFO:colcon.colcon_core.shell:Creating environment hook '/home/user/workspace/pyrobot/moveit_ws/install/hello_moveit/share/hello_moveit/hook/cmake_prefix_path.sh'
[0.943s] Level 1:colcon.colcon_core.environment:checking '/home/user/workspace/pyrobot/moveit_ws/install/hello_moveit/lib'
[0.943s] Level 1:colcon.colcon_core.environment:checking '/home/user/workspace/pyrobot/moveit_ws/install/hello_moveit/bin'
[0.943s] Level 1:colcon.colcon_core.environment:checking '/home/user/workspace/pyrobot/moveit_ws/install/hello_moveit/lib/pkgconfig/hello_moveit.pc'
[0.944s] Level 1:colcon.colcon_core.environment:checking '/home/user/workspace/pyrobot/moveit_ws/install/hello_moveit/lib/python3.10/site-packages'
[0.944s] Level 1:colcon.colcon_core.environment:checking '/home/user/workspace/pyrobot/moveit_ws/install/hello_moveit/bin'
[0.944s] INFO:colcon.colcon_core.shell:Creating package script '/home/user/workspace/pyrobot/moveit_ws/install/hello_moveit/share/hello_moveit/package.ps1'
[0.944s] INFO:colcon.colcon_core.shell:Creating package descriptor '/home/user/workspace/pyrobot/moveit_ws/install/hello_moveit/share/hello_moveit/package.dsv'
[0.944s] INFO:colcon.colcon_core.shell:Creating package script '/home/user/workspace/pyrobot/moveit_ws/install/hello_moveit/share/hello_moveit/package.sh'
[0.945s] INFO:colcon.colcon_core.shell:Creating package script '/home/user/workspace/pyrobot/moveit_ws/install/hello_moveit/share/hello_moveit/package.bash'
[0.945s] INFO:colcon.colcon_core.shell:Creating package script '/home/user/workspace/pyrobot/moveit_ws/install/hello_moveit/share/hello_moveit/package.zsh'
[0.945s] Level 1:colcon.colcon_core.environment:create_file_with_runtime_dependencies(/home/user/workspace/pyrobot/moveit_ws/install/hello_moveit/share/colcon-core/packages/hello_moveit)
[1.132s] DEBUG:colcon.colcon_core.event_handler.log_command:Invoking command in '/home/user/workspace/pyrobot/moveit_ws/src/pros_car_py': PYTHONPATH=/home/user/workspace/pyrobot/moveit_ws/build/pros_car_py/prefix_override:/usr/lib/python3/dist-packages/colcon_core/task/python/colcon_distutils_commands:/home/user/workspace/pyrobot/moveit_ws/install/pros_car_py/lib/python3.10/site-packages:${PYTHONPATH} /usr/bin/python3 -W ignore:setup.py install is deprecated setup.py egg_info --egg-base ../../build/pros_car_py build --build-base /home/user/workspace/pyrobot/moveit_ws/build/pros_car_py/build install --record /home/user/workspace/pyrobot/moveit_ws/build/pros_car_py/install.log --single-version-externally-managed install_data
[1.324s] Level 1:colcon.colcon_core.environment:checking '/home/user/workspace/pyrobot/moveit_ws/install/pros_car_py' for CMake module files
[1.324s] DEBUG:colcon.colcon_core.event_handler.log_command:Invoked command in '/home/user/workspace/pyrobot/moveit_ws/src/pros_car_py' returned '0': PYTHONPATH=/home/user/workspace/pyrobot/moveit_ws/build/pros_car_py/prefix_override:/usr/lib/python3/dist-packages/colcon_core/task/python/colcon_distutils_commands:/home/user/workspace/pyrobot/moveit_ws/install/pros_car_py/lib/python3.10/site-packages:${PYTHONPATH} /usr/bin/python3 -W ignore:setup.py install is deprecated setup.py egg_info --egg-base ../../build/pros_car_py build --build-base /home/user/workspace/pyrobot/moveit_ws/build/pros_car_py/build install --record /home/user/workspace/pyrobot/moveit_ws/build/pros_car_py/install.log --single-version-externally-managed install_data
[1.325s] Level 1:colcon.colcon_core.environment:checking '/home/user/workspace/pyrobot/moveit_ws/install/pros_car_py' for CMake config files
[1.328s] Level 1:colcon.colcon_core.environment:checking '/home/user/workspace/pyrobot/moveit_ws/install/pros_car_py/lib'
[1.328s] Level 1:colcon.colcon_core.environment:checking '/home/user/workspace/pyrobot/moveit_ws/install/pros_car_py/bin'
[1.328s] Level 1:colcon.colcon_core.environment:checking '/home/user/workspace/pyrobot/moveit_ws/install/pros_car_py/lib/pkgconfig/pros_car_py.pc'
[1.328s] Level 1:colcon.colcon_core.environment:checking '/home/user/workspace/pyrobot/moveit_ws/install/pros_car_py/lib/python3.10/site-packages'
[1.328s] Level 1:colcon.colcon_core.shell:create_environment_hook('pros_car_py', 'pythonpath')
[1.329s] INFO:colcon.colcon_core.shell:Creating environment hook '/home/user/workspace/pyrobot/moveit_ws/install/pros_car_py/share/pros_car_py/hook/pythonpath.ps1'
[1.329s] INFO:colcon.colcon_core.shell:Creating environment descriptor '/home/user/workspace/pyrobot/moveit_ws/install/pros_car_py/share/pros_car_py/hook/pythonpath.dsv'
[1.329s] INFO:colcon.colcon_core.shell:Creating environment hook '/home/user/workspace/pyrobot/moveit_ws/install/pros_car_py/share/pros_car_py/hook/pythonpath.sh'
[1.329s] Level 1:colcon.colcon_core.environment:checking '/home/user/workspace/pyrobot/moveit_ws/install/pros_car_py/bin'
[1.329s] Level 1:colcon.colcon_core.environment:create_environment_scripts_only(pros_car_py)
[1.330s] INFO:colcon.colcon_core.shell:Creating package script '/home/user/workspace/pyrobot/moveit_ws/install/pros_car_py/share/pros_car_py/package.ps1'
[1.330s] INFO:colcon.colcon_core.shell:Creating package descriptor '/home/user/workspace/pyrobot/moveit_ws/install/pros_car_py/share/pros_car_py/package.dsv'
[1.330s] INFO:colcon.colcon_core.shell:Creating package script '/home/user/workspace/pyrobot/moveit_ws/install/pros_car_py/share/pros_car_py/package.sh'
[1.330s] INFO:colcon.colcon_core.shell:Creating package script '/home/user/workspace/pyrobot/moveit_ws/install/pros_car_py/share/pros_car_py/package.bash'
[1.330s] INFO:colcon.colcon_core.shell:Creating package script '/home/user/workspace/pyrobot/moveit_ws/install/pros_car_py/share/pros_car_py/package.zsh'
[1.331s] Level 1:colcon.colcon_core.environment:create_file_with_runtime_dependencies(/home/user/workspace/pyrobot/moveit_ws/install/pros_car_py/share/colcon-core/packages/pros_car_py)
[1.331s] INFO:colcon.colcon_ros.task.ament_cmake.build:Building ROS package in '/home/user/workspace/pyrobot/moveit_ws/src/moveit_robot_generate' with build type 'ament_cmake'
[1.331s] INFO:colcon.colcon_cmake.task.cmake.build:Building CMake package in '/home/user/workspace/pyrobot/moveit_ws/src/moveit_robot_generate'
[1.331s] INFO:colcon.colcon_core.shell:Skip shell extension 'powershell' for command environment: Not usable outside of PowerShell
[1.331s] DEBUG:colcon.colcon_core.shell:Skip shell extension 'dsv' for command environment
[1.383s] DEBUG:colcon.colcon_core.event_handler.log_command:Invoking command in '/home/user/workspace/pyrobot/moveit_ws/build/moveit_robot_generate': CMAKE_PREFIX_PATH=${CMAKE_PREFIX_PATH}:/home/user/workspace/pyrobot/moveit_ws/install/pros_car_py:/home/user/workspace/pyrobot/moveit2_ws/install/generate_parameter_module_example:/home/user/workspace/pyrobot/moveit2_ws/install/moveit_configs_utils:/home/user/workspace/pyrobot/moveit2_ws/install/generate_parameter_library_py:/home/user/workspace/ws_moveit2/install/moveit_configs_utils:/home/user/workspace/ws_moveit2/install/launch_param_builder:/opt/ros/humble /usr/bin/cmake /home/user/workspace/pyrobot/moveit_ws/src/moveit_robot_generate -DCMAKE_INSTALL_PREFIX=/home/user/workspace/pyrobot/moveit_ws/install/moveit_robot_generate
[1.554s] DEBUG:colcon.colcon_core.event_handler.log_command:Invoked command in '/home/user/workspace/pyrobot/moveit_ws/build/moveit_robot_generate' returned '0': CMAKE_PREFIX_PATH=${CMAKE_PREFIX_PATH}:/home/user/workspace/pyrobot/moveit_ws/install/pros_car_py:/home/user/workspace/pyrobot/moveit2_ws/install/generate_parameter_module_example:/home/user/workspace/pyrobot/moveit2_ws/install/moveit_configs_utils:/home/user/workspace/pyrobot/moveit2_ws/install/generate_parameter_library_py:/home/user/workspace/ws_moveit2/install/moveit_configs_utils:/home/user/workspace/ws_moveit2/install/launch_param_builder:/opt/ros/humble /usr/bin/cmake /home/user/workspace/pyrobot/moveit_ws/src/moveit_robot_generate -DCMAKE_INSTALL_PREFIX=/home/user/workspace/pyrobot/moveit_ws/install/moveit_robot_generate
[1.554s] DEBUG:colcon.colcon_core.event_handler.log_command:Invoking command in '/home/user/workspace/pyrobot/moveit_ws/build/moveit_robot_generate': CMAKE_PREFIX_PATH=${CMAKE_PREFIX_PATH}:/home/user/workspace/pyrobot/moveit_ws/install/pros_car_py:/home/user/workspace/pyrobot/moveit2_ws/install/generate_parameter_module_example:/home/user/workspace/pyrobot/moveit2_ws/install/moveit_configs_utils:/home/user/workspace/pyrobot/moveit2_ws/install/generate_parameter_library_py:/home/user/workspace/ws_moveit2/install/moveit_configs_utils:/home/user/workspace/ws_moveit2/install/launch_param_builder:/opt/ros/humble /usr/bin/cmake --build /home/user/workspace/pyrobot/moveit_ws/build/moveit_robot_generate -- -j16 -l16
[1.578s] DEBUG:colcon.colcon_core.event_handler.log_command:Invoked command in '/home/user/workspace/pyrobot/moveit_ws/build/moveit_robot_generate' returned '0': CMAKE_PREFIX_PATH=${CMAKE_PREFIX_PATH}:/home/user/workspace/pyrobot/moveit_ws/install/pros_car_py:/home/user/workspace/pyrobot/moveit2_ws/install/generate_parameter_module_example:/home/user/workspace/pyrobot/moveit2_ws/install/moveit_configs_utils:/home/user/workspace/pyrobot/moveit2_ws/install/generate_parameter_library_py:/home/user/workspace/ws_moveit2/install/moveit_configs_utils:/home/user/workspace/ws_moveit2/install/launch_param_builder:/opt/ros/humble /usr/bin/cmake --build /home/user/workspace/pyrobot/moveit_ws/build/moveit_robot_generate -- -j16 -l16
[1.596s] DEBUG:colcon.colcon_core.event_handler.log_command:Invoking command in '/home/user/workspace/pyrobot/moveit_ws/build/moveit_robot_generate': CMAKE_PREFIX_PATH=${CMAKE_PREFIX_PATH}:/home/user/workspace/pyrobot/moveit_ws/install/pros_car_py:/home/user/workspace/pyrobot/moveit2_ws/install/generate_parameter_module_example:/home/user/workspace/pyrobot/moveit2_ws/install/moveit_configs_utils:/home/user/workspace/pyrobot/moveit2_ws/install/generate_parameter_library_py:/home/user/workspace/ws_moveit2/install/moveit_configs_utils:/home/user/workspace/ws_moveit2/install/launch_param_builder:/opt/ros/humble /usr/bin/cmake --install /home/user/workspace/pyrobot/moveit_ws/build/moveit_robot_generate
[1.607s] Level 1:colcon.colcon_core.environment:create_environment_scripts_only(moveit_robot_generate)
[1.607s] Level 1:colcon.colcon_core.environment:checking '/home/user/workspace/pyrobot/moveit_ws/install/moveit_robot_generate' for CMake module files
[1.608s] DEBUG:colcon.colcon_core.event_handler.log_command:Invoked command in '/home/user/workspace/pyrobot/moveit_ws/build/moveit_robot_generate' returned '0': CMAKE_PREFIX_PATH=${CMAKE_PREFIX_PATH}:/home/user/workspace/pyrobot/moveit_ws/install/pros_car_py:/home/user/workspace/pyrobot/moveit2_ws/install/generate_parameter_module_example:/home/user/workspace/pyrobot/moveit2_ws/install/moveit_configs_utils:/home/user/workspace/pyrobot/moveit2_ws/install/generate_parameter_library_py:/home/user/workspace/ws_moveit2/install/moveit_configs_utils:/home/user/workspace/ws_moveit2/install/launch_param_builder:/opt/ros/humble /usr/bin/cmake --install /home/user/workspace/pyrobot/moveit_ws/build/moveit_robot_generate
[1.608s] Level 1:colcon.colcon_core.environment:checking '/home/user/workspace/pyrobot/moveit_ws/install/moveit_robot_generate' for CMake config files
[1.608s] Level 1:colcon.colcon_core.shell:create_environment_hook('moveit_robot_generate', 'cmake_prefix_path')
[1.608s] INFO:colcon.colcon_core.shell:Creating environment hook '/home/user/workspace/pyrobot/moveit_ws/install/moveit_robot_generate/share/moveit_robot_generate/hook/cmake_prefix_path.ps1'
[1.609s] INFO:colcon.colcon_core.shell:Creating environment descriptor '/home/user/workspace/pyrobot/moveit_ws/install/moveit_robot_generate/share/moveit_robot_generate/hook/cmake_prefix_path.dsv'
[1.609s] INFO:colcon.colcon_core.shell:Creating environment hook '/home/user/workspace/pyrobot/moveit_ws/install/moveit_robot_generate/share/moveit_robot_generate/hook/cmake_prefix_path.sh'
[1.609s] Level 1:colcon.colcon_core.environment:checking '/home/user/workspace/pyrobot/moveit_ws/install/moveit_robot_generate/bin'
[1.609s] Level 1:colcon.colcon_core.environment:checking '/home/user/workspace/pyrobot/moveit_ws/install/moveit_robot_generate/lib/pkgconfig/moveit_robot_generate.pc'
[1.609s] Level 1:colcon.colcon_core.environment:checking '/home/user/workspace/pyrobot/moveit_ws/install/moveit_robot_generate/lib/python3.10/site-packages'
[1.610s] Level 1:colcon.colcon_core.environment:checking '/home/user/workspace/pyrobot/moveit_ws/install/moveit_robot_generate/bin'
[1.610s] INFO:colcon.colcon_core.shell:Creating package script '/home/user/workspace/pyrobot/moveit_ws/install/moveit_robot_generate/share/moveit_robot_generate/package.ps1'
[1.610s] INFO:colcon.colcon_core.shell:Creating package descriptor '/home/user/workspace/pyrobot/moveit_ws/install/moveit_robot_generate/share/moveit_robot_generate/package.dsv'
[1.610s] INFO:colcon.colcon_core.shell:Creating package script '/home/user/workspace/pyrobot/moveit_ws/install/moveit_robot_generate/share/moveit_robot_generate/package.sh'
[1.610s] INFO:colcon.colcon_core.shell:Creating package script '/home/user/workspace/pyrobot/moveit_ws/install/moveit_robot_generate/share/moveit_robot_generate/package.bash'
[1.610s] INFO:colcon.colcon_core.shell:Creating package script '/home/user/workspace/pyrobot/moveit_ws/install/moveit_robot_generate/share/moveit_robot_generate/package.zsh'
[1.611s] Level 1:colcon.colcon_core.environment:create_file_with_runtime_dependencies(/home/user/workspace/pyrobot/moveit_ws/install/moveit_robot_generate/share/colcon-core/packages/moveit_robot_generate)
[1.629s] Level 1:colcon.colcon_core.environment:create_environment_scripts_only(moveit_robot_generate)
[1.629s] Level 1:colcon.colcon_core.environment:checking '/home/user/workspace/pyrobot/moveit_ws/install/moveit_robot_generate' for CMake module files
[1.630s] Level 1:colcon.colcon_core.environment:checking '/home/user/workspace/pyrobot/moveit_ws/install/moveit_robot_generate' for CMake config files
[1.630s] Level 1:colcon.colcon_core.shell:create_environment_hook('moveit_robot_generate', 'cmake_prefix_path')
[1.630s] INFO:colcon.colcon_core.shell:Creating environment hook '/home/user/workspace/pyrobot/moveit_ws/install/moveit_robot_generate/share/moveit_robot_generate/hook/cmake_prefix_path.ps1'
[1.630s] INFO:colcon.colcon_core.shell:Creating environment descriptor '/home/user/workspace/pyrobot/moveit_ws/install/moveit_robot_generate/share/moveit_robot_generate/hook/cmake_prefix_path.dsv'
[1.630s] INFO:colcon.colcon_core.shell:Creating environment hook '/home/user/workspace/pyrobot/moveit_ws/install/moveit_robot_generate/share/moveit_robot_generate/hook/cmake_prefix_path.sh'
[1.631s] Level 1:colcon.colcon_core.environment:checking '/home/user/workspace/pyrobot/moveit_ws/install/moveit_robot_generate/bin'
[1.631s] Level 1:colcon.colcon_core.environment:checking '/home/user/workspace/pyrobot/moveit_ws/install/moveit_robot_generate/lib/pkgconfig/moveit_robot_generate.pc'
[1.631s] Level 1:colcon.colcon_core.environment:checking '/home/user/workspace/pyrobot/moveit_ws/install/moveit_robot_generate/lib/python3.10/site-packages'
[1.631s] Level 1:colcon.colcon_core.environment:checking '/home/user/workspace/pyrobot/moveit_ws/install/moveit_robot_generate/bin'
[1.631s] INFO:colcon.colcon_core.shell:Creating package script '/home/user/workspace/pyrobot/moveit_ws/install/moveit_robot_generate/share/moveit_robot_generate/package.ps1'
[1.631s] INFO:colcon.colcon_core.shell:Creating package descriptor '/home/user/workspace/pyrobot/moveit_ws/install/moveit_robot_generate/share/moveit_robot_generate/package.dsv'
[1.632s] INFO:colcon.colcon_core.shell:Creating package script '/home/user/workspace/pyrobot/moveit_ws/install/moveit_robot_generate/share/moveit_robot_generate/package.sh'
[1.632s] INFO:colcon.colcon_core.shell:Creating package script '/home/user/workspace/pyrobot/moveit_ws/install/moveit_robot_generate/share/moveit_robot_generate/package.bash'
[1.632s] INFO:colcon.colcon_core.shell:Creating package script '/home/user/workspace/pyrobot/moveit_ws/install/moveit_robot_generate/share/moveit_robot_generate/package.zsh'
[1.632s] Level 1:colcon.colcon_core.environment:create_file_with_runtime_dependencies(/home/user/workspace/pyrobot/moveit_ws/install/moveit_robot_generate/share/colcon-core/packages/moveit_robot_generate)
[1.632s] DEBUG:colcon.colcon_parallel_executor.executor.parallel:closing loop
[1.633s] DEBUG:colcon.colcon_parallel_executor.executor.parallel:loop closed
[1.633s] DEBUG:colcon.colcon_parallel_executor.executor.parallel:run_until_complete finished with '0'
[1.633s] DEBUG:colcon.colcon_core.event_reactor:joining thread
[1.659s] INFO:colcon.colcon_core.plugin_system:Skipping extension 'colcon_notification.desktop_notification.notify_send': Could not find 'notify-send'
[1.659s] INFO:colcon.colcon_core.plugin_system:Skipping extension 'colcon_notification.desktop_notification.terminal_notifier': Not used on non-Darwin systems
[1.659s] INFO:colcon.colcon_core.plugin_system:Skipping extension 'colcon_notification.desktop_notification.win32': Not used on non-Windows systems
[1.659s] INFO:colcon.colcon_notification.desktop_notification:Sending desktop notification using 'notify2'
[1.659s] DEBUG:colcon.colcon_notification.desktop_notification.notify2:Failed to initialize notify2: org.freedesktop.DBus.Error.FileNotFound: Failed to connect to socket /run/user/1000/bus: No such file or directory
[1.660s] DEBUG:colcon.colcon_core.event_reactor:joined thread
[1.660s] INFO:colcon.colcon_core.shell:Creating prefix script '/home/user/workspace/pyrobot/moveit_ws/install/local_setup.ps1'
[1.661s] INFO:colcon.colcon_core.shell:Creating prefix util module '/home/user/workspace/pyrobot/moveit_ws/install/_local_setup_util_ps1.py'
[1.662s] INFO:colcon.colcon_core.shell:Creating prefix chain script '/home/user/workspace/pyrobot/moveit_ws/install/setup.ps1'
[1.664s] INFO:colcon.colcon_core.shell:Creating prefix script '/home/user/workspace/pyrobot/moveit_ws/install/local_setup.sh'
[1.665s] INFO:colcon.colcon_core.shell:Creating prefix util module '/home/user/workspace/pyrobot/moveit_ws/install/_local_setup_util_sh.py'
[1.665s] INFO:colcon.colcon_core.shell:Creating prefix chain script '/home/user/workspace/pyrobot/moveit_ws/install/setup.sh'
[1.667s] INFO:colcon.colcon_core.shell:Creating prefix script '/home/user/workspace/pyrobot/moveit_ws/install/local_setup.bash'
[1.667s] INFO:colcon.colcon_core.shell:Creating prefix chain script '/home/user/workspace/pyrobot/moveit_ws/install/setup.bash'
[1.669s] INFO:colcon.colcon_core.shell:Creating prefix script '/home/user/workspace/pyrobot/moveit_ws/install/local_setup.zsh'
[1.670s] INFO:colcon.colcon_core.shell:Creating prefix chain script '/home/user/workspace/pyrobot/moveit_ws/install/setup.zsh'
