running egg_info
creating ../../build/robot_description_version2/robot_description_version2.egg-info
writing ../../build/robot_description_version2/robot_description_version2.egg-info/PKG-INFO
writing dependency_links to ../../build/robot_description_version2/robot_description_version2.egg-info/dependency_links.txt
writing entry points to ../../build/robot_description_version2/robot_description_version2.egg-info/entry_points.txt
writing requirements to ../../build/robot_description_version2/robot_description_version2.egg-info/requires.txt
writing top-level names to ../../build/robot_description_version2/robot_description_version2.egg-info/top_level.txt
writing manifest file '../../build/robot_description_version2/robot_description_version2.egg-info/SOURCES.txt'
reading manifest file '../../build/robot_description_version2/robot_description_version2.egg-info/SOURCES.txt'
writing manifest file '../../build/robot_description_version2/robot_description_version2.egg-info/SOURCES.txt'
running build
running build_py
creating /home/user/workspace/pyrobot/moveit_docker_activate/build/robot_description_version2/build
creating /home/user/workspace/pyrobot/moveit_docker_activate/build/robot_description_version2/build/lib
creating /home/user/workspace/pyrobot/moveit_docker_activate/build/robot_description_version2/build/lib/robot_description_version2
copying robot_description_version2/__init__.py -> /home/user/workspace/pyrobot/moveit_docker_activate/build/robot_description_version2/build/lib/robot_description_version2
running install
running install_lib
creating /home/user/workspace/pyrobot/moveit_docker_activate/install/robot_description_version2/lib/python3.10/site-packages/robot_description_version2
copying /home/user/workspace/pyrobot/moveit_docker_activate/build/robot_description_version2/build/lib/robot_description_version2/__init__.py -> /home/user/workspace/pyrobot/moveit_docker_activate/install/robot_description_version2/lib/python3.10/site-packages/robot_description_version2
byte-compiling /home/user/workspace/pyrobot/moveit_docker_activate/install/robot_description_version2/lib/python3.10/site-packages/robot_description_version2/__init__.py to __init__.cpython-310.pyc
running install_data
creating /home/user/workspace/pyrobot/moveit_docker_activate/install/robot_description_version2/share/ament_index
creating /home/user/workspace/pyrobot/moveit_docker_activate/install/robot_description_version2/share/ament_index/resource_index
creating /home/user/workspace/pyrobot/moveit_docker_activate/install/robot_description_version2/share/ament_index/resource_index/packages
copying resource/robot_description_version2 -> /home/user/workspace/pyrobot/moveit_docker_activate/install/robot_description_version2/share/ament_index/resource_index/packages
copying package.xml -> /home/user/workspace/pyrobot/moveit_docker_activate/install/robot_description_version2/share/robot_description_version2
creating /home/user/workspace/pyrobot/moveit_docker_activate/install/robot_description_version2/share/robot_description_version2/urdf
copying urdf/target.urdf -> /home/user/workspace/pyrobot/moveit_docker_activate/install/robot_description_version2/share/robot_description_version2/urdf/
creating /home/user/workspace/pyrobot/moveit_docker_activate/install/robot_description_version2/share/robot_description_version2/meshes
copying meshes/base_link2_v2_1.stl -> /home/user/workspace/pyrobot/moveit_docker_activate/install/robot_description_version2/share/robot_description_version2/meshes
copying meshes/robot_ver7_grap2_2_v1_1.stl -> /home/user/workspace/pyrobot/moveit_docker_activate/install/robot_description_version2/share/robot_description_version2/meshes
copying meshes/base_link_2_1.stl -> /home/user/workspace/pyrobot/moveit_docker_activate/install/robot_description_version2/share/robot_description_version2/meshes
copying meshes/robot_ver7_grap1_2_v1_1.stl -> /home/user/workspace/pyrobot/moveit_docker_activate/install/robot_description_version2/share/robot_description_version2/meshes
copying meshes/link4_v1_1.stl -> /home/user/workspace/pyrobot/moveit_docker_activate/install/robot_description_version2/share/robot_description_version2/meshes
copying meshes/base_link.stl -> /home/user/workspace/pyrobot/moveit_docker_activate/install/robot_description_version2/share/robot_description_version2/meshes
copying meshes/link3_v1_1.stl -> /home/user/workspace/pyrobot/moveit_docker_activate/install/robot_description_version2/share/robot_description_version2/meshes
copying meshes/robot_ver7_link_4_v1_1.stl -> /home/user/workspace/pyrobot/moveit_docker_activate/install/robot_description_version2/share/robot_description_version2/meshes
running install_egg_info
Copying ../../build/robot_description_version2/robot_description_version2.egg-info to /home/user/workspace/pyrobot/moveit_docker_activate/install/robot_description_version2/lib/python3.10/site-packages/robot_description_version2-0.0.0-py3.10.egg-info
running install_scripts
writing list of installed files to '/home/user/workspace/pyrobot/moveit_docker_activate/build/robot_description_version2/install.log'
