-- Found ament_cmake: 1.3.10 (/opt/ros/humble/share/ament_cmake/cmake)
-- Found moveit_core: 2.5.5 (/home/user/workspace/ws_moveit2/install/moveit_core/share/moveit_core/cmake)
-- Found Boost: /usr/lib/x86_64-linux-gnu/cmake/Boost-1.74.0/BoostConfig.cmake (found version "1.74.0") found components: chrono date_time filesystem iostreams program_options regex serialization system thread 
-- Found parameter_traits: 0.3.8 (/opt/ros/humble/share/parameter_traits/cmake)
-- Found rosidl_generator_c: 3.1.5 (/opt/ros/humble/share/rosidl_generator_c/cmake)
-- Found rosidl_adapter: 3.1.5 (/opt/ros/humble/share/rosidl_adapter/cmake)
-- Found rosidl_generator_cpp: 3.1.5 (/opt/ros/humble/share/rosidl_generator_cpp/cmake)
-- Using all available rosidl_typesupport_c: rosidl_typesupport_fastrtps_c;rosidl_typesupport_introspection_c
-- Using all available rosidl_typesupport_cpp: rosidl_typesupport_fastrtps_cpp;rosidl_typesupport_introspection_cpp
-- Found rmw_implementation_cmake: 6.1.2 (/opt/ros/humble/share/rmw_implementation_cmake/cmake)
-- Found rmw_fastrtps_cpp: 6.2.7 (/opt/ros/humble/share/rmw_fastrtps_cpp/cmake)
-- Using RMW implementation 'rmw_fastrtps_cpp' as default
-- Found rclcpp_lifecycle: 16.0.10 (/opt/ros/humble/share/rclcpp_lifecycle/cmake)
-- Found Boost: /usr/lib/x86_64-linux-gnu/cmake/Boost-1.74.0/BoostConfig.cmake (found version "1.74.0") found components: filesystem 
-- library: /usr/lib/x86_64-linux-gnu/libcurl.so
-- Ensuring Eigen3 include directory is part of orocos-kdl CMake target
-- Found moveit_ros_planning: 2.5.5 (/home/user/workspace/ws_moveit2/install/moveit_ros_planning/share/moveit_ros_planning/cmake)
-- Found Boost: /usr/lib/x86_64-linux-gnu/cmake/Boost-1.74.0/BoostConfig.cmake (found version "1.74.0") found components: system filesystem date_time program_options thread chrono 
-- Found moveit_ros_planning_interface: 2.5.5 (/home/user/workspace/ws_moveit2/install/moveit_ros_planning_interface/share/moveit_ros_planning_interface/cmake)
-- Found Boost: /usr/lib/x86_64-linux-gnu/cmake/Boost-1.74.0/BoostConfig.cmake (found version "1.74.0") found components: date_time filesystem program_options system thread 
-- Found Boost: /usr/lib/x86_64-linux-gnu/cmake/Boost-1.74.0/BoostConfig.cmake (found version "1.74.0") found components: thread system filesystem regex date_time program_options 
-- Found Boost: /usr/lib/x86_64-linux-gnu/cmake/Boost-1.74.0/BoostConfig.cmake (found version "1.74.0") found components: system filesystem date_time program_options thread 
-- Configuring done
-- Generating done
-- Build files have been written to: /home/user/workspace/pyrobot/moveit_ws/build/moveit_robot_generate
[ 50%] [32mBuilding CXX object CMakeFiles/ik_node.dir/src/ik_node.cpp.o[0m
[100%] [32m[1mLinking CXX executable ik_node[0m
[100%] Built target ik_node
-- Install configuration: ""
-- Installing: /home/user/workspace/pyrobot/moveit_ws/install/moveit_robot_generate/lib/moveit_robot_generate/ik_node
-- Set runtime path of "/home/user/workspace/pyrobot/moveit_ws/install/moveit_robot_generate/lib/moveit_robot_generate/ik_node" to ""
-- Up-to-date: /home/user/workspace/pyrobot/moveit_ws/install/moveit_robot_generate/share/moveit_robot_generate/launch
-- Up-to-date: /home/user/workspace/pyrobot/moveit_ws/install/moveit_robot_generate/share/moveit_robot_generate/launch/static_virtual_joint_tfs.launch.py
-- Up-to-date: /home/user/workspace/pyrobot/moveit_ws/install/moveit_robot_generate/share/moveit_robot_generate/launch/setup_assistant.launch.py
-- Up-to-date: /home/user/workspace/pyrobot/moveit_ws/install/moveit_robot_generate/share/moveit_robot_generate/launch/spawn_controllers.launch.py
-- Up-to-date: /home/user/workspace/pyrobot/moveit_ws/install/moveit_robot_generate/share/moveit_robot_generate/launch/demo.launch.py
-- Up-to-date: /home/user/workspace/pyrobot/moveit_ws/install/moveit_robot_generate/share/moveit_robot_generate/launch/moveit_rviz.launch.py
-- Up-to-date: /home/user/workspace/pyrobot/moveit_ws/install/moveit_robot_generate/share/moveit_robot_generate/launch/warehouse_db.launch.py
-- Up-to-date: /home/user/workspace/pyrobot/moveit_ws/install/moveit_robot_generate/share/moveit_robot_generate/launch/ik_demo.launch.py
-- Up-to-date: /home/user/workspace/pyrobot/moveit_ws/install/moveit_robot_generate/share/moveit_robot_generate/launch/rsp.launch.py
-- Up-to-date: /home/user/workspace/pyrobot/moveit_ws/install/moveit_robot_generate/share/moveit_robot_generate/launch/move_group.launch.py
-- Up-to-date: /home/user/workspace/pyrobot/moveit_ws/install/moveit_robot_generate/share/moveit_robot_generate/config
-- Up-to-date: /home/user/workspace/pyrobot/moveit_ws/install/moveit_robot_generate/share/moveit_robot_generate/config/angle_excurate_arm_ver2.urdf.xacro
-- Up-to-date: /home/user/workspace/pyrobot/moveit_ws/install/moveit_robot_generate/share/moveit_robot_generate/config/ros2_controllers.yaml
-- Up-to-date: /home/user/workspace/pyrobot/moveit_ws/install/moveit_robot_generate/share/moveit_robot_generate/config/moveit.rviz
-- Up-to-date: /home/user/workspace/pyrobot/moveit_ws/install/moveit_robot_generate/share/moveit_robot_generate/config/kinematics.yaml
-- Up-to-date: /home/user/workspace/pyrobot/moveit_ws/install/moveit_robot_generate/share/moveit_robot_generate/config/pilz_cartesian_limits.yaml
-- Up-to-date: /home/user/workspace/pyrobot/moveit_ws/install/moveit_robot_generate/share/moveit_robot_generate/config/joint_limits.yaml
-- Up-to-date: /home/user/workspace/pyrobot/moveit_ws/install/moveit_robot_generate/share/moveit_robot_generate/config/angle_excurate_arm_ver2.srdf
-- Up-to-date: /home/user/workspace/pyrobot/moveit_ws/install/moveit_robot_generate/share/moveit_robot_generate/config/initial_positions.yaml
-- Up-to-date: /home/user/workspace/pyrobot/moveit_ws/install/moveit_robot_generate/share/moveit_robot_generate/config/angle_excurate_arm_ver2.ros2_control.xacro
-- Up-to-date: /home/user/workspace/pyrobot/moveit_ws/install/moveit_robot_generate/share/ament_index/resource_index/package_run_dependencies/moveit_robot_generate
-- Up-to-date: /home/user/workspace/pyrobot/moveit_ws/install/moveit_robot_generate/share/ament_index/resource_index/parent_prefix_path/moveit_robot_generate
-- Up-to-date: /home/user/workspace/pyrobot/moveit_ws/install/moveit_robot_generate/share/moveit_robot_generate/environment/ament_prefix_path.sh
-- Installing: /home/user/workspace/pyrobot/moveit_ws/install/moveit_robot_generate/share/moveit_robot_generate/environment/ament_prefix_path.dsv
-- Up-to-date: /home/user/workspace/pyrobot/moveit_ws/install/moveit_robot_generate/share/moveit_robot_generate/environment/path.sh
-- Installing: /home/user/workspace/pyrobot/moveit_ws/install/moveit_robot_generate/share/moveit_robot_generate/environment/path.dsv
-- Up-to-date: /home/user/workspace/pyrobot/moveit_ws/install/moveit_robot_generate/share/moveit_robot_generate/local_setup.bash
-- Up-to-date: /home/user/workspace/pyrobot/moveit_ws/install/moveit_robot_generate/share/moveit_robot_generate/local_setup.sh
-- Up-to-date: /home/user/workspace/pyrobot/moveit_ws/install/moveit_robot_generate/share/moveit_robot_generate/local_setup.zsh
-- Installing: /home/user/workspace/pyrobot/moveit_ws/install/moveit_robot_generate/share/moveit_robot_generate/local_setup.dsv
-- Installing: /home/user/workspace/pyrobot/moveit_ws/install/moveit_robot_generate/share/moveit_robot_generate/package.dsv
-- Up-to-date: /home/user/workspace/pyrobot/moveit_ws/install/moveit_robot_generate/share/ament_index/resource_index/packages/moveit_robot_generate
-- Up-to-date: /home/user/workspace/pyrobot/moveit_ws/install/moveit_robot_generate/share/moveit_robot_generate/cmake/moveit_robot_generateConfig.cmake
-- Up-to-date: /home/user/workspace/pyrobot/moveit_ws/install/moveit_robot_generate/share/moveit_robot_generate/cmake/moveit_robot_generateConfig-version.cmake
-- Up-to-date: /home/user/workspace/pyrobot/moveit_ws/install/moveit_robot_generate/share/moveit_robot_generate/package.xml
