[  9%] Built target robot_arm_interfaces__rosidl_generator_c
[ 12%] Built target robot_arm_interfaces__cpp
[ 12%] Built target ament_cmake_python_copy_robot_arm_interfaces
[ 22%] Built target robot_arm_interfaces__rosidl_typesupport_cpp
[ 32%] Built target robot_arm_interfaces__rosidl_typesupport_introspection_c
[ 41%] Built target robot_arm_interfaces__rosidl_typesupport_c
[ 51%] Built target robot_arm_interfaces__rosidl_typesupport_fastrtps_c
[ 61%] Built target robot_arm_interfaces__rosidl_typesupport_fastrtps_cpp
[ 70%] Built target robot_arm_interfaces__rosidl_typesupport_introspection_cpp
[ 70%] Built target robot_arm_interfaces
[ 74%] Built target robot_arm_interfaces__py
[ 80%] Built target robot_arm_interfaces__rosidl_generator_py
[ 87%] Built target robot_arm_interfaces__rosidl_typesupport_fastrtps_c__pyext
[ 93%] Built target robot_arm_interfaces__rosidl_typesupport_c__pyext
[100%] Built target robot_arm_interfaces__rosidl_typesupport_introspection_c__pyext
running egg_info
writing robot_arm_interfaces.egg-info/PKG-INFO
writing dependency_links to robot_arm_interfaces.egg-info/dependency_links.txt
writing top-level names to robot_arm_interfaces.egg-info/top_level.txt
reading manifest file 'robot_arm_interfaces.egg-info/SOURCES.txt'
writing manifest file 'robot_arm_interfaces.egg-info/SOURCES.txt'
[100%] Built target ament_cmake_python_build_robot_arm_interfaces_egg
