[0.026s] Invoking command in '/home/user/workspace/pyrobot/moveit_docker_activate/build/robot_arm_interfaces': CMAKE_PREFIX_PATH=${CMAKE_PREFIX_PATH}:/home/user/workspace/pyrobot/moveit_docker_activate/install/robot_description:/home/user/workspace/pyrobot/moveit_docker_activate/install/pros_car_py:/home/user/workspace/ws_moveit2/install/moveit_configs_utils:/home/user/workspace/ws_moveit2/install/launch_param_builder:/opt/ros/humble /usr/bin/cmake --build /home/user/workspace/pyrobot/moveit_docker_activate/build/robot_arm_interfaces -- -j16 -l16
[0.202s] [  9%] Built target robot_arm_interfaces__rosidl_generator_c
[0.202s] [ 12%] Built target robot_arm_interfaces__cpp
[0.202s] [ 12%] Built target ament_cmake_python_copy_robot_arm_interfaces
[0.202s] [ 22%] Built target robot_arm_interfaces__rosidl_typesupport_cpp
[0.202s] [ 32%] Built target robot_arm_interfaces__rosidl_typesupport_introspection_c
[0.202s] [ 41%] Built target robot_arm_interfaces__rosidl_typesupport_c
[0.202s] [ 51%] Built target robot_arm_interfaces__rosidl_typesupport_fastrtps_c
[0.202s] [ 61%] Built target robot_arm_interfaces__rosidl_typesupport_fastrtps_cpp
[0.202s] [ 70%] Built target robot_arm_interfaces__rosidl_typesupport_introspection_cpp
[0.202s] [ 70%] Built target robot_arm_interfaces
[0.202s] [ 74%] Built target robot_arm_interfaces__py
[0.202s] [ 80%] Built target robot_arm_interfaces__rosidl_generator_py
[0.203s] [ 87%] Built target robot_arm_interfaces__rosidl_typesupport_fastrtps_c__pyext
[0.203s] [ 93%] Built target robot_arm_interfaces__rosidl_typesupport_c__pyext
[0.203s] [100%] Built target robot_arm_interfaces__rosidl_typesupport_introspection_c__pyext
[0.266s] running egg_info
[0.267s] writing robot_arm_interfaces.egg-info/PKG-INFO
[0.267s] writing dependency_links to robot_arm_interfaces.egg-info/dependency_links.txt
[0.267s] writing top-level names to robot_arm_interfaces.egg-info/top_level.txt
[0.270s] reading manifest file 'robot_arm_interfaces.egg-info/SOURCES.txt'
[0.270s] writing manifest file 'robot_arm_interfaces.egg-info/SOURCES.txt'
[0.287s] [100%] Built target ament_cmake_python_build_robot_arm_interfaces_egg
