[0.011s] Invoking command in '/home/user/workspace/pyrobot/moveit_ws/build/hello_moveit': CMAKE_PREFIX_PATH=${CMAKE_PREFIX_PATH}:/home/user/workspace/pyrobot/moveit2_ws/install/generate_parameter_module_example:/home/user/workspace/pyrobot/moveit2_ws/install/moveit_configs_utils:/home/user/workspace/pyrobot/moveit2_ws/install/generate_parameter_library_py:/home/user/workspace/ws_moveit2/install/moveit_configs_utils:/home/user/workspace/ws_moveit2/install/launch_param_builder:/opt/ros/humble /usr/bin/cmake --build /home/user/workspace/pyrobot/moveit_ws/build/hello_moveit -- -j16 -l16
[0.044s] [35m[1mConsolidate compiler generated dependencies of target hello_moveit[0m
[0.060s] [ 50%] [32mBuilding CXX object CMakeFiles/hello_moveit.dir/src/hello_moveit.cpp.o[0m
[4.795s] [100%] [32m[1mLinking CXX executable hello_moveit[0m
[5.118s] [100%] Built target hello_moveit
[5.127s] Invoked command in '/home/user/workspace/pyrobot/moveit_ws/build/hello_moveit' returned '0': CMAKE_PREFIX_PATH=${CMAKE_PREFIX_PATH}:/home/user/workspace/pyrobot/moveit2_ws/install/generate_parameter_module_example:/home/user/workspace/pyrobot/moveit2_ws/install/moveit_configs_utils:/home/user/workspace/pyrobot/moveit2_ws/install/generate_parameter_library_py:/home/user/workspace/ws_moveit2/install/moveit_configs_utils:/home/user/workspace/ws_moveit2/install/launch_param_builder:/opt/ros/humble /usr/bin/cmake --build /home/user/workspace/pyrobot/moveit_ws/build/hello_moveit -- -j16 -l16
[5.162s] Invoking command in '/home/user/workspace/pyrobot/moveit_ws/build/hello_moveit': CMAKE_PREFIX_PATH=${CMAKE_PREFIX_PATH}:/home/user/workspace/pyrobot/moveit2_ws/install/generate_parameter_module_example:/home/user/workspace/pyrobot/moveit2_ws/install/moveit_configs_utils:/home/user/workspace/pyrobot/moveit2_ws/install/generate_parameter_library_py:/home/user/workspace/ws_moveit2/install/moveit_configs_utils:/home/user/workspace/ws_moveit2/install/launch_param_builder:/opt/ros/humble /usr/bin/cmake --install /home/user/workspace/pyrobot/moveit_ws/build/hello_moveit
[5.169s] -- Install configuration: ""
[5.169s] -- Execute custom install script
[5.169s] -- Up-to-date symlink: /home/user/workspace/pyrobot/moveit_ws/install/hello_moveit/lib/hello_moveit/hello_moveit
[5.170s] -- Up-to-date symlink: /home/user/workspace/pyrobot/moveit_ws/install/hello_moveit/share/ament_index/resource_index/package_run_dependencies/hello_moveit
[5.170s] -- Up-to-date symlink: /home/user/workspace/pyrobot/moveit_ws/install/hello_moveit/share/ament_index/resource_index/parent_prefix_path/hello_moveit
[5.170s] -- Up-to-date symlink: /home/user/workspace/pyrobot/moveit_ws/install/hello_moveit/share/hello_moveit/environment/ament_prefix_path.sh
[5.170s] -- Up-to-date symlink: /home/user/workspace/pyrobot/moveit_ws/install/hello_moveit/share/hello_moveit/environment/ament_prefix_path.dsv
[5.171s] -- Up-to-date symlink: /home/user/workspace/pyrobot/moveit_ws/install/hello_moveit/share/hello_moveit/environment/path.sh
[5.171s] -- Up-to-date symlink: /home/user/workspace/pyrobot/moveit_ws/install/hello_moveit/share/hello_moveit/environment/path.dsv
[5.171s] -- Up-to-date symlink: /home/user/workspace/pyrobot/moveit_ws/install/hello_moveit/share/hello_moveit/local_setup.bash
[5.171s] -- Up-to-date symlink: /home/user/workspace/pyrobot/moveit_ws/install/hello_moveit/share/hello_moveit/local_setup.sh
[5.171s] -- Up-to-date symlink: /home/user/workspace/pyrobot/moveit_ws/install/hello_moveit/share/hello_moveit/local_setup.zsh
[5.171s] -- Up-to-date symlink: /home/user/workspace/pyrobot/moveit_ws/install/hello_moveit/share/hello_moveit/local_setup.dsv
[5.171s] -- Symlinking: /home/user/workspace/pyrobot/moveit_ws/install/hello_moveit/share/hello_moveit/package.dsv
[5.178s] -- Up-to-date symlink: /home/user/workspace/pyrobot/moveit_ws/install/hello_moveit/share/ament_index/resource_index/packages/hello_moveit
[5.178s] -- Up-to-date symlink: /home/user/workspace/pyrobot/moveit_ws/install/hello_moveit/share/hello_moveit/cmake/hello_moveitConfig.cmake
[5.178s] -- Up-to-date symlink: /home/user/workspace/pyrobot/moveit_ws/install/hello_moveit/share/hello_moveit/cmake/hello_moveitConfig-version.cmake
[5.178s] -- Up-to-date symlink: /home/user/workspace/pyrobot/moveit_ws/install/hello_moveit/share/hello_moveit/package.xml
[5.179s] Invoked command in '/home/user/workspace/pyrobot/moveit_ws/build/hello_moveit' returned '0': CMAKE_PREFIX_PATH=${CMAKE_PREFIX_PATH}:/home/user/workspace/pyrobot/moveit2_ws/install/generate_parameter_module_example:/home/user/workspace/pyrobot/moveit2_ws/install/moveit_configs_utils:/home/user/workspace/pyrobot/moveit2_ws/install/generate_parameter_library_py:/home/user/workspace/ws_moveit2/install/moveit_configs_utils:/home/user/workspace/ws_moveit2/install/launch_param_builder:/opt/ros/humble /usr/bin/cmake --install /home/user/workspace/pyrobot/moveit_ws/build/hello_moveit
