/home/user/workspace/pyrobot/moveit_docker_activate/install/robot_description_version2/lib/python3.10/site-packages/robot_description_version2/__init__.py
/home/user/workspace/pyrobot/moveit_docker_activate/install/robot_description_version2/lib/python3.10/site-packages/robot_description_version2/__pycache__/__init__.cpython-310.pyc
/home/user/workspace/pyrobot/moveit_docker_activate/install/robot_description_version2/share/ament_index/resource_index/packages/robot_description_version2
/home/user/workspace/pyrobot/moveit_docker_activate/install/robot_description_version2/share/robot_description_version2/package.xml
/home/user/workspace/pyrobot/moveit_docker_activate/install/robot_description_version2/share/robot_description_version2/urdf/target.urdf
/home/user/workspace/pyrobot/moveit_docker_activate/install/robot_description_version2/share/robot_description_version2/meshes/base_link2_v2_1.stl
/home/user/workspace/pyrobot/moveit_docker_activate/install/robot_description_version2/share/robot_description_version2/meshes/robot_ver7_grap2_2_v1_1.stl
/home/user/workspace/pyrobot/moveit_docker_activate/install/robot_description_version2/share/robot_description_version2/meshes/base_link_2_1.stl
/home/user/workspace/pyrobot/moveit_docker_activate/install/robot_description_version2/share/robot_description_version2/meshes/robot_ver7_grap1_2_v1_1.stl
/home/user/workspace/pyrobot/moveit_docker_activate/install/robot_description_version2/share/robot_description_version2/meshes/link4_v1_1.stl
/home/user/workspace/pyrobot/moveit_docker_activate/install/robot_description_version2/share/robot_description_version2/meshes/base_link.stl
/home/user/workspace/pyrobot/moveit_docker_activate/install/robot_description_version2/share/robot_description_version2/meshes/link3_v1_1.stl
/home/user/workspace/pyrobot/moveit_docker_activate/install/robot_description_version2/share/robot_description_version2/meshes/robot_ver7_link_4_v1_1.stl
/home/user/workspace/pyrobot/moveit_docker_activate/install/robot_description_version2/lib/python3.10/site-packages/robot_description_version2-0.0.0-py3.10.egg-info/dependency_links.txt
/home/user/workspace/pyrobot/moveit_docker_activate/install/robot_description_version2/lib/python3.10/site-packages/robot_description_version2-0.0.0-py3.10.egg-info/top_level.txt
/home/user/workspace/pyrobot/moveit_docker_activate/install/robot_description_version2/lib/python3.10/site-packages/robot_description_version2-0.0.0-py3.10.egg-info/requires.txt
/home/user/workspace/pyrobot/moveit_docker_activate/install/robot_description_version2/lib/python3.10/site-packages/robot_description_version2-0.0.0-py3.10.egg-info/entry_points.txt
/home/user/workspace/pyrobot/moveit_docker_activate/install/robot_description_version2/lib/python3.10/site-packages/robot_description_version2-0.0.0-py3.10.egg-info/SOURCES.txt
/home/user/workspace/pyrobot/moveit_docker_activate/install/robot_description_version2/lib/python3.10/site-packages/robot_description_version2-0.0.0-py3.10.egg-info/PKG-INFO
/home/user/workspace/pyrobot/moveit_docker_activate/install/robot_description_version2/lib/python3.10/site-packages/robot_description_version2-0.0.0-py3.10.egg-info/zip-safe
