[0.181s] Invoking command in '/home/user/workspace/pyrobot/moveit_ws/build/hello_moveit': CMAKE_PREFIX_PATH=${CMAKE_PREFIX_PATH}:/home/user/workspace/pyrobot/moveit_ws/install/pros_car_py:/home/user/workspace/pyrobot/moveit2_ws/install/generate_parameter_module_example:/home/user/workspace/pyrobot/moveit2_ws/install/moveit_configs_utils:/home/user/workspace/pyrobot/moveit2_ws/install/generate_parameter_library_py:/home/user/workspace/ws_moveit2/install/moveit_configs_utils:/home/user/workspace/ws_moveit2/install/launch_param_builder:/opt/ros/humble /usr/bin/cmake --build /home/user/workspace/pyrobot/moveit_ws/build/hello_moveit -- -j16 -l16
[0.226s] [100%] Built target hello_moveit
[0.233s] Invoked command in '/home/user/workspace/pyrobot/moveit_ws/build/hello_moveit' returned '0': CMAKE_PREFIX_PATH=${CMAKE_PREFIX_PATH}:/home/user/workspace/pyrobot/moveit_ws/install/pros_car_py:/home/user/workspace/pyrobot/moveit2_ws/install/generate_parameter_module_example:/home/user/workspace/pyrobot/moveit2_ws/install/moveit_configs_utils:/home/user/workspace/pyrobot/moveit2_ws/install/generate_parameter_library_py:/home/user/workspace/ws_moveit2/install/moveit_configs_utils:/home/user/workspace/ws_moveit2/install/launch_param_builder:/opt/ros/humble /usr/bin/cmake --build /home/user/workspace/pyrobot/moveit_ws/build/hello_moveit -- -j16 -l16
[0.262s] Invoking command in '/home/user/workspace/pyrobot/moveit_ws/build/hello_moveit': CMAKE_PREFIX_PATH=${CMAKE_PREFIX_PATH}:/home/user/workspace/pyrobot/moveit_ws/install/pros_car_py:/home/user/workspace/pyrobot/moveit2_ws/install/generate_parameter_module_example:/home/user/workspace/pyrobot/moveit2_ws/install/moveit_configs_utils:/home/user/workspace/pyrobot/moveit2_ws/install/generate_parameter_library_py:/home/user/workspace/ws_moveit2/install/moveit_configs_utils:/home/user/workspace/ws_moveit2/install/launch_param_builder:/opt/ros/humble /usr/bin/cmake --install /home/user/workspace/pyrobot/moveit_ws/build/hello_moveit
[0.266s] -- Install configuration: ""
[0.267s] -- Execute custom install script
[0.267s] -- Up-to-date symlink: /home/user/workspace/pyrobot/moveit_ws/install/hello_moveit/lib/hello_moveit/hello_moveit
[0.267s] -- Up-to-date symlink: /home/user/workspace/pyrobot/moveit_ws/install/hello_moveit/share/ament_index/resource_index/package_run_dependencies/hello_moveit
[0.267s] -- Up-to-date symlink: /home/user/workspace/pyrobot/moveit_ws/install/hello_moveit/share/ament_index/resource_index/parent_prefix_path/hello_moveit
[0.267s] -- Up-to-date symlink: /home/user/workspace/pyrobot/moveit_ws/install/hello_moveit/share/hello_moveit/environment/ament_prefix_path.sh
[0.267s] -- Up-to-date symlink: /home/user/workspace/pyrobot/moveit_ws/install/hello_moveit/share/hello_moveit/environment/ament_prefix_path.dsv
[0.268s] -- Up-to-date symlink: /home/user/workspace/pyrobot/moveit_ws/install/hello_moveit/share/hello_moveit/environment/path.sh
[0.268s] -- Up-to-date symlink: /home/user/workspace/pyrobot/moveit_ws/install/hello_moveit/share/hello_moveit/environment/path.dsv
[0.268s] -- Up-to-date symlink: /home/user/workspace/pyrobot/moveit_ws/install/hello_moveit/share/hello_moveit/local_setup.bash
[0.268s] -- Up-to-date symlink: /home/user/workspace/pyrobot/moveit_ws/install/hello_moveit/share/hello_moveit/local_setup.sh
[0.268s] -- Up-to-date symlink: /home/user/workspace/pyrobot/moveit_ws/install/hello_moveit/share/hello_moveit/local_setup.zsh
[0.268s] -- Up-to-date symlink: /home/user/workspace/pyrobot/moveit_ws/install/hello_moveit/share/hello_moveit/local_setup.dsv
[0.268s] -- Symlinking: /home/user/workspace/pyrobot/moveit_ws/install/hello_moveit/share/hello_moveit/package.dsv
[0.275s] -- Up-to-date symlink: /home/user/workspace/pyrobot/moveit_ws/install/hello_moveit/share/ament_index/resource_index/packages/hello_moveit
[0.275s] -- Up-to-date symlink: /home/user/workspace/pyrobot/moveit_ws/install/hello_moveit/share/hello_moveit/cmake/hello_moveitConfig.cmake
[0.275s] -- Up-to-date symlink: /home/user/workspace/pyrobot/moveit_ws/install/hello_moveit/share/hello_moveit/cmake/hello_moveitConfig-version.cmake
[0.275s] -- Up-to-date symlink: /home/user/workspace/pyrobot/moveit_ws/install/hello_moveit/share/hello_moveit/package.xml
[0.276s] Invoked command in '/home/user/workspace/pyrobot/moveit_ws/build/hello_moveit' returned '0': CMAKE_PREFIX_PATH=${CMAKE_PREFIX_PATH}:/home/user/workspace/pyrobot/moveit_ws/install/pros_car_py:/home/user/workspace/pyrobot/moveit2_ws/install/generate_parameter_module_example:/home/user/workspace/pyrobot/moveit2_ws/install/moveit_configs_utils:/home/user/workspace/pyrobot/moveit2_ws/install/generate_parameter_library_py:/home/user/workspace/ws_moveit2/install/moveit_configs_utils:/home/user/workspace/ws_moveit2/install/launch_param_builder:/opt/ros/humble /usr/bin/cmake --install /home/user/workspace/pyrobot/moveit_ws/build/hello_moveit
