[0.590s] Invoking command in '/home/user/workspace/pyrobot/moveit_docker_activate/src/robot_description': PYTHONPATH=/home/user/workspace/pyrobot/moveit_docker_activate/build/robot_description/prefix_override:/usr/lib/python3/dist-packages/colcon_core/task/python/colcon_distutils_commands:/home/user/workspace/pyrobot/moveit_docker_activate/install/robot_description/lib/python3.10/site-packages:${PYTHONPATH} /usr/bin/python3 -W ignore:setup.py install is deprecated setup.py egg_info --egg-base ../../build/robot_description build --build-base /home/user/workspace/pyrobot/moveit_docker_activate/build/robot_description/build install --record /home/user/workspace/pyrobot/moveit_docker_activate/build/robot_description/install.log --single-version-externally-managed install_data
[0.753s] running egg_info
[0.754s] writing ../../build/robot_description/robot_description.egg-info/PKG-INFO
[0.754s] writing dependency_links to ../../build/robot_description/robot_description.egg-info/dependency_links.txt
[0.754s] writing entry points to ../../build/robot_description/robot_description.egg-info/entry_points.txt
[0.754s] writing requirements to ../../build/robot_description/robot_description.egg-info/requires.txt
[0.754s] writing top-level names to ../../build/robot_description/robot_description.egg-info/top_level.txt
[0.757s] reading manifest file '../../build/robot_description/robot_description.egg-info/SOURCES.txt'
[0.758s] writing manifest file '../../build/robot_description/robot_description.egg-info/SOURCES.txt'
[0.758s] running build
[0.758s] running build_py
[0.758s] running install
[0.759s] running install_lib
[0.760s] running install_data
[0.760s] copying urdf/target.urdf -> /home/user/workspace/pyrobot/moveit_docker_activate/install/robot_description/share/robot_description/urdf/
[0.760s] running install_egg_info
[0.762s] removing '/home/user/workspace/pyrobot/moveit_docker_activate/install/robot_description/lib/python3.10/site-packages/robot_description-0.0.0-py3.10.egg-info' (and everything under it)
[0.762s] Copying ../../build/robot_description/robot_description.egg-info to /home/user/workspace/pyrobot/moveit_docker_activate/install/robot_description/lib/python3.10/site-packages/robot_description-0.0.0-py3.10.egg-info
[0.763s] running install_scripts
[0.776s] writing list of installed files to '/home/user/workspace/pyrobot/moveit_docker_activate/build/robot_description/install.log'
[0.792s] Invoked command in '/home/user/workspace/pyrobot/moveit_docker_activate/src/robot_description' returned '0': PYTHONPATH=/home/user/workspace/pyrobot/moveit_docker_activate/build/robot_description/prefix_override:/usr/lib/python3/dist-packages/colcon_core/task/python/colcon_distutils_commands:/home/user/workspace/pyrobot/moveit_docker_activate/install/robot_description/lib/python3.10/site-packages:${PYTHONPATH} /usr/bin/python3 -W ignore:setup.py install is deprecated setup.py egg_info --egg-base ../../build/robot_description build --build-base /home/user/workspace/pyrobot/moveit_docker_activate/build/robot_description/build install --record /home/user/workspace/pyrobot/moveit_docker_activate/build/robot_description/install.log --single-version-externally-managed install_data
