[0.743s] Invoking command in '/home/user/workspace/pyrobot/moveit_docker_activate/src/robot_description_version2': PYTHONPATH=/home/user/workspace/pyrobot/moveit_docker_activate/build/robot_description_version2/prefix_override:/usr/lib/python3/dist-packages/colcon_core/task/python/colcon_distutils_commands:/home/user/workspace/pyrobot/moveit_docker_activate/install/robot_description_version2/lib/python3.10/site-packages:${PYTHONPATH} /usr/bin/python3 -W ignore:setup.py install is deprecated setup.py egg_info --egg-base ../../build/robot_description_version2 build --build-base /home/user/workspace/pyrobot/moveit_docker_activate/build/robot_description_version2/build install --record /home/user/workspace/pyrobot/moveit_docker_activate/build/robot_description_version2/install.log --single-version-externally-managed install_data
[0.891s] running egg_info
[0.891s] writing ../../build/robot_description_version2/robot_description_version2.egg-info/PKG-INFO
[0.892s] writing dependency_links to ../../build/robot_description_version2/robot_description_version2.egg-info/dependency_links.txt
[0.892s] writing entry points to ../../build/robot_description_version2/robot_description_version2.egg-info/entry_points.txt
[0.892s] writing requirements to ../../build/robot_description_version2/robot_description_version2.egg-info/requires.txt
[0.892s] writing top-level names to ../../build/robot_description_version2/robot_description_version2.egg-info/top_level.txt
[0.894s] reading manifest file '../../build/robot_description_version2/robot_description_version2.egg-info/SOURCES.txt'
[0.894s] writing manifest file '../../build/robot_description_version2/robot_description_version2.egg-info/SOURCES.txt'
[0.894s] running build
[0.895s] running build_py
[0.895s] running install
[0.895s] running install_lib
[0.896s] running install_data
[0.897s] running install_egg_info
[0.898s] removing '/home/user/workspace/pyrobot/moveit_docker_activate/install/robot_description_version2/lib/python3.10/site-packages/robot_description_version2-0.0.0-py3.10.egg-info' (and everything under it)
[0.898s] Copying ../../build/robot_description_version2/robot_description_version2.egg-info to /home/user/workspace/pyrobot/moveit_docker_activate/install/robot_description_version2/lib/python3.10/site-packages/robot_description_version2-0.0.0-py3.10.egg-info
[0.899s] running install_scripts
[0.913s] writing list of installed files to '/home/user/workspace/pyrobot/moveit_docker_activate/build/robot_description_version2/install.log'
[0.929s] Invoked command in '/home/user/workspace/pyrobot/moveit_docker_activate/src/robot_description_version2' returned '0': PYTHONPATH=/home/user/workspace/pyrobot/moveit_docker_activate/build/robot_description_version2/prefix_override:/usr/lib/python3/dist-packages/colcon_core/task/python/colcon_distutils_commands:/home/user/workspace/pyrobot/moveit_docker_activate/install/robot_description_version2/lib/python3.10/site-packages:${PYTHONPATH} /usr/bin/python3 -W ignore:setup.py install is deprecated setup.py egg_info --egg-base ../../build/robot_description_version2 build --build-base /home/user/workspace/pyrobot/moveit_docker_activate/build/robot_description_version2/build install --record /home/user/workspace/pyrobot/moveit_docker_activate/build/robot_description_version2/install.log --single-version-externally-managed install_data
