[0.357s] Invoking command in '/home/user/workspace/pyrobot/moveit_docker_activate/build/robot_arm_interfaces': CMAKE_PREFIX_PATH=${CMAKE_PREFIX_PATH}:/home/user/workspace/ws_moveit2/install/moveit_configs_utils:/home/user/workspace/ws_moveit2/install/launch_param_builder:/opt/ros/humble /usr/bin/cmake /home/user/workspace/pyrobot/moveit_docker_activate/src/robot_arm_interfaces -DCMAKE_INSTALL_PREFIX=/home/user/workspace/pyrobot/moveit_docker_activate/install/robot_arm_interfaces
[0.552s] -- The C compiler identification is GNU 11.4.0
[0.848s] -- The CXX compiler identification is GNU 11.4.0
[1.051s] -- Detecting C compiler ABI info
[1.152s] -- Detecting C compiler ABI info - done
[1.156s] -- Check for working C compiler: /usr/bin/cc - skipped
[1.157s] -- Detecting C compile features
[1.157s] -- Detecting C compile features - done
[1.160s] -- Detecting CXX compiler ABI info
[1.264s] -- Detecting CXX compiler ABI info - done
[1.269s] -- Check for working CXX compiler: /usr/bin/c++ - skipped
[1.269s] -- Detecting CXX compile features
[1.270s] -- Detecting CXX compile features - done
[1.297s] -- Found ament_cmake: 1.3.10 (/opt/ros/humble/share/ament_cmake/cmake)
[1.426s] -- Found Python3: /usr/bin/python3 (found version "3.10.12") found components: Interpreter 
[1.547s] -- Found rosidl_default_generators: 1.2.0 (/opt/ros/humble/share/rosidl_default_generators/cmake)
[1.561s] -- Using all available rosidl_typesupport_c: rosidl_typesupport_fastrtps_c;rosidl_typesupport_introspection_c
[1.576s] -- Found rosidl_adapter: 3.1.5 (/opt/ros/humble/share/rosidl_adapter/cmake)
[1.748s] -- Using all available rosidl_typesupport_cpp: rosidl_typesupport_fastrtps_cpp;rosidl_typesupport_introspection_cpp
[1.994s] -- Found ament_cmake_ros: 0.10.0 (/opt/ros/humble/share/ament_cmake_ros/cmake)
[2.141s] -- Using all available rosidl_typesupport_c: rosidl_typesupport_fastrtps_c;rosidl_typesupport_introspection_c
[2.322s] -- Using all available rosidl_typesupport_cpp: rosidl_typesupport_fastrtps_cpp;rosidl_typesupport_introspection_cpp
[2.398s] -- Found PythonInterp: /usr/bin/python3 (found suitable version "3.10.12", minimum required is "3.6") 
[2.403s] -- Found python_cmake_module: 0.10.0 (/opt/ros/humble/share/python_cmake_module/cmake)
[2.627s] -- Found PythonLibs: /usr/lib/x86_64-linux-gnu/libpython3.10.so (found suitable version "3.10.12", minimum required is "3.5") 
[2.627s] -- Using PYTHON_EXECUTABLE: /usr/bin/python3
[2.627s] -- Using PYTHON_INCLUDE_DIRS: /usr/include/python3.10
[2.627s] -- Using PYTHON_LIBRARIES: /usr/lib/x86_64-linux-gnu/libpython3.10.so
[2.645s] -- Found PythonExtra: .so  
[2.720s] -- Configuring done
[2.755s] -- Generating done
[2.757s] -- Build files have been written to: /home/user/workspace/pyrobot/moveit_docker_activate/build/robot_arm_interfaces
[2.763s] Invoked command in '/home/user/workspace/pyrobot/moveit_docker_activate/build/robot_arm_interfaces' returned '0': CMAKE_PREFIX_PATH=${CMAKE_PREFIX_PATH}:/home/user/workspace/ws_moveit2/install/moveit_configs_utils:/home/user/workspace/ws_moveit2/install/launch_param_builder:/opt/ros/humble /usr/bin/cmake /home/user/workspace/pyrobot/moveit_docker_activate/src/robot_arm_interfaces -DCMAKE_INSTALL_PREFIX=/home/user/workspace/pyrobot/moveit_docker_activate/install/robot_arm_interfaces
[2.764s] Invoking command in '/home/user/workspace/pyrobot/moveit_docker_activate/build/robot_arm_interfaces': CMAKE_PREFIX_PATH=${CMAKE_PREFIX_PATH}:/home/user/workspace/ws_moveit2/install/moveit_configs_utils:/home/user/workspace/ws_moveit2/install/launch_param_builder:/opt/ros/humble /usr/bin/cmake --build /home/user/workspace/pyrobot/moveit_docker_activate/build/robot_arm_interfaces -- -j16 -l16
[2.801s] [  3%] [34m[1mGenerating C code for ROS interfaces[0m
[2.816s] [  6%] [34m[1mGenerating C++ code for ROS interfaces[0m
[2.819s] [  6%] Built target ament_cmake_python_copy_robot_arm_interfaces
[3.000s] running egg_info
[3.000s] creating robot_arm_interfaces.egg-info
[3.001s] writing robot_arm_interfaces.egg-info/PKG-INFO
[3.001s] writing dependency_links to robot_arm_interfaces.egg-info/dependency_links.txt
[3.001s] writing top-level names to robot_arm_interfaces.egg-info/top_level.txt
[3.001s] writing manifest file 'robot_arm_interfaces.egg-info/SOURCES.txt'
[3.003s] reading manifest file 'robot_arm_interfaces.egg-info/SOURCES.txt'
[3.004s] writing manifest file 'robot_arm_interfaces.egg-info/SOURCES.txt'
[3.022s] [  6%] Built target robot_arm_interfaces__cpp
[3.026s] [  6%] Built target ament_cmake_python_build_robot_arm_interfaces_egg
[3.030s] [  9%] [34m[1mGenerating C++ type support for eProsima Fast-RTPS[0m
[3.031s] [ 12%] [34m[1mGenerating C++ introspection for ROS interfaces[0m
[3.031s] [ 16%] [34m[1mGenerating C++ type support dispatch for ROS interfaces[0m
[3.035s] [ 19%] [32mBuilding C object CMakeFiles/robot_arm_interfaces__rosidl_generator_c.dir/rosidl_generator_c/robot_arm_interfaces/srv/detail/solve_ik__functions.c.o[0m
[3.097s] [ 22%] [32m[1mLinking C shared library librobot_arm_interfaces__rosidl_generator_c.so[0m
[3.162s] [ 22%] Built target robot_arm_interfaces__rosidl_generator_c
[3.171s] [ 29%] [34m[1mGenerating C type support for eProsima Fast-RTPS[0m
[3.171s] [ 29%] [34m[1mGenerating C type support dispatch for ROS interfaces[0m
[3.171s] [ 32%] [34m[1mGenerating C introspection for ROS interfaces[0m
[3.226s] [ 35%] [32mBuilding CXX object CMakeFiles/robot_arm_interfaces__rosidl_typesupport_cpp.dir/rosidl_typesupport_cpp/robot_arm_interfaces/srv/solve_ik__type_support.cpp.o[0m
[3.244s] [ 38%] [32mBuilding CXX object CMakeFiles/robot_arm_interfaces__rosidl_typesupport_fastrtps_cpp.dir/rosidl_typesupport_fastrtps_cpp/robot_arm_interfaces/srv/detail/dds_fastrtps/solve_ik__type_support.cpp.o[0m
[3.249s] [ 41%] [32mBuilding CXX object CMakeFiles/robot_arm_interfaces__rosidl_typesupport_introspection_cpp.dir/rosidl_typesupport_introspection_cpp/robot_arm_interfaces/srv/detail/solve_ik__type_support.cpp.o[0m
[3.396s] [ 45%] [32mBuilding CXX object CMakeFiles/robot_arm_interfaces__rosidl_typesupport_c.dir/rosidl_typesupport_c/robot_arm_interfaces/srv/solve_ik__type_support.cpp.o[0m
[3.397s] [ 48%] [32mBuilding C object CMakeFiles/robot_arm_interfaces__rosidl_typesupport_introspection_c.dir/rosidl_typesupport_introspection_c/robot_arm_interfaces/srv/detail/solve_ik__type_support.c.o[0m
[3.404s] [ 51%] [32mBuilding CXX object CMakeFiles/robot_arm_interfaces__rosidl_typesupport_fastrtps_c.dir/rosidl_typesupport_fastrtps_c/robot_arm_interfaces/srv/detail/solve_ik__type_support_c.cpp.o[0m
[3.426s] [ 54%] [32m[1mLinking CXX shared library librobot_arm_interfaces__rosidl_typesupport_c.so[0m
[3.433s] [ 58%] [32m[1mLinking C shared library librobot_arm_interfaces__rosidl_typesupport_introspection_c.so[0m
[3.461s] [ 61%] [32m[1mLinking CXX shared library librobot_arm_interfaces__rosidl_typesupport_cpp.so[0m
[3.504s] [ 61%] Built target robot_arm_interfaces__rosidl_typesupport_introspection_c
[3.507s] [ 61%] Built target robot_arm_interfaces__rosidl_typesupport_c
[3.533s] [ 61%] Built target robot_arm_interfaces__rosidl_typesupport_cpp
[3.587s] [ 64%] [32m[1mLinking CXX shared library librobot_arm_interfaces__rosidl_typesupport_introspection_cpp.so[0m
[3.597s] [ 67%] [32m[1mLinking CXX shared library librobot_arm_interfaces__rosidl_typesupport_fastrtps_cpp.so[0m
[3.647s] [ 70%] [32m[1mLinking CXX shared library librobot_arm_interfaces__rosidl_typesupport_fastrtps_c.so[0m
[3.686s] [ 70%] Built target robot_arm_interfaces__rosidl_typesupport_introspection_cpp
[3.690s] [ 70%] Built target robot_arm_interfaces__rosidl_typesupport_fastrtps_cpp
[3.734s] [ 70%] Built target robot_arm_interfaces__rosidl_typesupport_fastrtps_c
[3.751s] [ 70%] Built target robot_arm_interfaces
[3.767s] [ 74%] [34m[1mGenerating Python code for ROS interfaces[0m
[4.038s] [ 74%] Built target robot_arm_interfaces__py
[4.054s] [ 77%] [32mBuilding C object CMakeFiles/robot_arm_interfaces__rosidl_generator_py.dir/rosidl_generator_py/robot_arm_interfaces/srv/_solve_ik_s.c.o[0m
[4.160s] [ 80%] [32m[1mLinking C shared library rosidl_generator_py/robot_arm_interfaces/librobot_arm_interfaces__rosidl_generator_py.so[0m
[4.227s] [ 80%] Built target robot_arm_interfaces__rosidl_generator_py
[4.242s] [ 87%] [32mBuilding C object CMakeFiles/robot_arm_interfaces__rosidl_typesupport_introspection_c__pyext.dir/rosidl_generator_py/robot_arm_interfaces/_robot_arm_interfaces_s.ep.rosidl_typesupport_introspection_c.c.o[0m
[4.242s] [ 87%] [32mBuilding C object CMakeFiles/robot_arm_interfaces__rosidl_typesupport_fastrtps_c__pyext.dir/rosidl_generator_py/robot_arm_interfaces/_robot_arm_interfaces_s.ep.rosidl_typesupport_fastrtps_c.c.o[0m
[4.243s] [ 90%] [32mBuilding C object CMakeFiles/robot_arm_interfaces__rosidl_typesupport_c__pyext.dir/rosidl_generator_py/robot_arm_interfaces/_robot_arm_interfaces_s.ep.rosidl_typesupport_c.c.o[0m
[4.306s] [ 96%] [32m[1mLinking C shared library rosidl_generator_py/robot_arm_interfaces/robot_arm_interfaces_s__rosidl_typesupport_c.cpython-310-x86_64-linux-gnu.so[0m
[4.306s] [ 96%] [32m[1mLinking C shared library rosidl_generator_py/robot_arm_interfaces/robot_arm_interfaces_s__rosidl_typesupport_introspection_c.cpython-310-x86_64-linux-gnu.so[0m
[4.307s] [100%] [32m[1mLinking C shared library rosidl_generator_py/robot_arm_interfaces/robot_arm_interfaces_s__rosidl_typesupport_fastrtps_c.cpython-310-x86_64-linux-gnu.so[0m
[4.361s] [100%] Built target robot_arm_interfaces__rosidl_typesupport_introspection_c__pyext
[4.361s] [100%] Built target robot_arm_interfaces__rosidl_typesupport_c__pyext
[4.361s] [100%] Built target robot_arm_interfaces__rosidl_typesupport_fastrtps_c__pyext
[4.370s] Invoked command in '/home/user/workspace/pyrobot/moveit_docker_activate/build/robot_arm_interfaces' returned '0': CMAKE_PREFIX_PATH=${CMAKE_PREFIX_PATH}:/home/user/workspace/ws_moveit2/install/moveit_configs_utils:/home/user/workspace/ws_moveit2/install/launch_param_builder:/opt/ros/humble /usr/bin/cmake --build /home/user/workspace/pyrobot/moveit_docker_activate/build/robot_arm_interfaces -- -j16 -l16
[4.426s] Invoking command in '/home/user/workspace/pyrobot/moveit_docker_activate/build/robot_arm_interfaces': CMAKE_PREFIX_PATH=${CMAKE_PREFIX_PATH}:/home/user/workspace/ws_moveit2/install/moveit_configs_utils:/home/user/workspace/ws_moveit2/install/launch_param_builder:/opt/ros/humble /usr/bin/cmake --install /home/user/workspace/pyrobot/moveit_docker_activate/build/robot_arm_interfaces
[4.432s] -- Install configuration: ""
[4.436s] -- Installing: /home/user/workspace/pyrobot/moveit_docker_activate/install/robot_arm_interfaces/share/ament_index/resource_index/rosidl_interfaces/robot_arm_interfaces
[4.436s] -- Installing: /home/user/workspace/pyrobot/moveit_docker_activate/install/robot_arm_interfaces/include/robot_arm_interfaces/robot_arm_interfaces
[4.437s] -- Installing: /home/user/workspace/pyrobot/moveit_docker_activate/install/robot_arm_interfaces/include/robot_arm_interfaces/robot_arm_interfaces/srv
[4.437s] -- Installing: /home/user/workspace/pyrobot/moveit_docker_activate/install/robot_arm_interfaces/include/robot_arm_interfaces/robot_arm_interfaces/srv/detail
[4.437s] -- Installing: /home/user/workspace/pyrobot/moveit_docker_activate/install/robot_arm_interfaces/include/robot_arm_interfaces/robot_arm_interfaces/srv/detail/solve_ik__type_support.h
[4.437s] -- Installing: /home/user/workspace/pyrobot/moveit_docker_activate/install/robot_arm_interfaces/include/robot_arm_interfaces/robot_arm_interfaces/srv/detail/solve_ik__struct.h
[4.437s] -- Installing: /home/user/workspace/pyrobot/moveit_docker_activate/install/robot_arm_interfaces/include/robot_arm_interfaces/robot_arm_interfaces/srv/detail/solve_ik__functions.h
[4.437s] -- Installing: /home/user/workspace/pyrobot/moveit_docker_activate/install/robot_arm_interfaces/include/robot_arm_interfaces/robot_arm_interfaces/srv/detail/solve_ik__functions.c
[4.437s] -- Installing: /home/user/workspace/pyrobot/moveit_docker_activate/install/robot_arm_interfaces/include/robot_arm_interfaces/robot_arm_interfaces/srv/solve_ik.h
[4.438s] -- Installing: /home/user/workspace/pyrobot/moveit_docker_activate/install/robot_arm_interfaces/include/robot_arm_interfaces/robot_arm_interfaces/msg
[4.438s] -- Installing: /home/user/workspace/pyrobot/moveit_docker_activate/install/robot_arm_interfaces/include/robot_arm_interfaces/robot_arm_interfaces/msg/rosidl_generator_c__visibility_control.h
[4.438s] -- Installing: /home/user/workspace/pyrobot/moveit_docker_activate/install/robot_arm_interfaces/share/robot_arm_interfaces/environment/library_path.sh
[4.438s] -- Installing: /home/user/workspace/pyrobot/moveit_docker_activate/install/robot_arm_interfaces/share/robot_arm_interfaces/environment/library_path.dsv
[4.439s] -- Installing: /home/user/workspace/pyrobot/moveit_docker_activate/install/robot_arm_interfaces/lib/librobot_arm_interfaces__rosidl_generator_c.so
[4.439s] -- Set runtime path of "/home/user/workspace/pyrobot/moveit_docker_activate/install/robot_arm_interfaces/lib/librobot_arm_interfaces__rosidl_generator_c.so" to ""
[4.439s] -- Up-to-date: /home/user/workspace/pyrobot/moveit_docker_activate/install/robot_arm_interfaces/include/robot_arm_interfaces/robot_arm_interfaces
[4.439s] -- Up-to-date: /home/user/workspace/pyrobot/moveit_docker_activate/install/robot_arm_interfaces/include/robot_arm_interfaces/robot_arm_interfaces/srv
[4.439s] -- Up-to-date: /home/user/workspace/pyrobot/moveit_docker_activate/install/robot_arm_interfaces/include/robot_arm_interfaces/robot_arm_interfaces/srv/detail
[4.439s] -- Installing: /home/user/workspace/pyrobot/moveit_docker_activate/install/robot_arm_interfaces/include/robot_arm_interfaces/robot_arm_interfaces/srv/detail/solve_ik__rosidl_typesupport_fastrtps_c.h
[4.439s] -- Up-to-date: /home/user/workspace/pyrobot/moveit_docker_activate/install/robot_arm_interfaces/include/robot_arm_interfaces/robot_arm_interfaces/msg
[4.439s] -- Installing: /home/user/workspace/pyrobot/moveit_docker_activate/install/robot_arm_interfaces/include/robot_arm_interfaces/robot_arm_interfaces/msg/rosidl_typesupport_fastrtps_c__visibility_control.h
[4.440s] -- Installing: /home/user/workspace/pyrobot/moveit_docker_activate/install/robot_arm_interfaces/lib/librobot_arm_interfaces__rosidl_typesupport_fastrtps_c.so
[4.440s] -- Set runtime path of "/home/user/workspace/pyrobot/moveit_docker_activate/install/robot_arm_interfaces/lib/librobot_arm_interfaces__rosidl_typesupport_fastrtps_c.so" to ""
[4.440s] -- Up-to-date: /home/user/workspace/pyrobot/moveit_docker_activate/install/robot_arm_interfaces/include/robot_arm_interfaces/robot_arm_interfaces
[4.440s] -- Up-to-date: /home/user/workspace/pyrobot/moveit_docker_activate/install/robot_arm_interfaces/include/robot_arm_interfaces/robot_arm_interfaces/srv
[4.440s] -- Up-to-date: /home/user/workspace/pyrobot/moveit_docker_activate/install/robot_arm_interfaces/include/robot_arm_interfaces/robot_arm_interfaces/srv/detail
[4.440s] -- Installing: /home/user/workspace/pyrobot/moveit_docker_activate/install/robot_arm_interfaces/include/robot_arm_interfaces/robot_arm_interfaces/srv/detail/solve_ik__type_support.c
[4.440s] -- Installing: /home/user/workspace/pyrobot/moveit_docker_activate/install/robot_arm_interfaces/include/robot_arm_interfaces/robot_arm_interfaces/srv/detail/solve_ik__rosidl_typesupport_introspection_c.h
[4.440s] -- Up-to-date: /home/user/workspace/pyrobot/moveit_docker_activate/install/robot_arm_interfaces/include/robot_arm_interfaces/robot_arm_interfaces/msg
[4.441s] -- Installing: /home/user/workspace/pyrobot/moveit_docker_activate/install/robot_arm_interfaces/include/robot_arm_interfaces/robot_arm_interfaces/msg/rosidl_typesupport_introspection_c__visibility_control.h
[4.441s] -- Installing: /home/user/workspace/pyrobot/moveit_docker_activate/install/robot_arm_interfaces/lib/librobot_arm_interfaces__rosidl_typesupport_introspection_c.so
[4.441s] -- Set runtime path of "/home/user/workspace/pyrobot/moveit_docker_activate/install/robot_arm_interfaces/lib/librobot_arm_interfaces__rosidl_typesupport_introspection_c.so" to ""
[4.441s] -- Installing: /home/user/workspace/pyrobot/moveit_docker_activate/install/robot_arm_interfaces/lib/librobot_arm_interfaces__rosidl_typesupport_c.so
[4.441s] -- Set runtime path of "/home/user/workspace/pyrobot/moveit_docker_activate/install/robot_arm_interfaces/lib/librobot_arm_interfaces__rosidl_typesupport_c.so" to ""
[4.441s] -- Up-to-date: /home/user/workspace/pyrobot/moveit_docker_activate/install/robot_arm_interfaces/include/robot_arm_interfaces/robot_arm_interfaces
[4.441s] -- Up-to-date: /home/user/workspace/pyrobot/moveit_docker_activate/install/robot_arm_interfaces/include/robot_arm_interfaces/robot_arm_interfaces/srv
[4.441s] -- Up-to-date: /home/user/workspace/pyrobot/moveit_docker_activate/install/robot_arm_interfaces/include/robot_arm_interfaces/robot_arm_interfaces/srv/detail
[4.441s] -- Installing: /home/user/workspace/pyrobot/moveit_docker_activate/install/robot_arm_interfaces/include/robot_arm_interfaces/robot_arm_interfaces/srv/detail/solve_ik__struct.hpp
[4.441s] -- Installing: /home/user/workspace/pyrobot/moveit_docker_activate/install/robot_arm_interfaces/include/robot_arm_interfaces/robot_arm_interfaces/srv/detail/solve_ik__builder.hpp
[4.441s] -- Installing: /home/user/workspace/pyrobot/moveit_docker_activate/install/robot_arm_interfaces/include/robot_arm_interfaces/robot_arm_interfaces/srv/detail/solve_ik__traits.hpp
[4.442s] -- Installing: /home/user/workspace/pyrobot/moveit_docker_activate/install/robot_arm_interfaces/include/robot_arm_interfaces/robot_arm_interfaces/srv/solve_ik.hpp
[4.442s] -- Up-to-date: /home/user/workspace/pyrobot/moveit_docker_activate/install/robot_arm_interfaces/include/robot_arm_interfaces/robot_arm_interfaces
[4.442s] -- Up-to-date: /home/user/workspace/pyrobot/moveit_docker_activate/install/robot_arm_interfaces/include/robot_arm_interfaces/robot_arm_interfaces/srv
[4.442s] -- Up-to-date: /home/user/workspace/pyrobot/moveit_docker_activate/install/robot_arm_interfaces/include/robot_arm_interfaces/robot_arm_interfaces/srv/detail
[4.442s] -- Installing: /home/user/workspace/pyrobot/moveit_docker_activate/install/robot_arm_interfaces/include/robot_arm_interfaces/robot_arm_interfaces/srv/detail/solve_ik__rosidl_typesupport_fastrtps_cpp.hpp
[4.442s] -- Installing: /home/user/workspace/pyrobot/moveit_docker_activate/install/robot_arm_interfaces/include/robot_arm_interfaces/robot_arm_interfaces/srv/detail/dds_fastrtps
[4.442s] -- Up-to-date: /home/user/workspace/pyrobot/moveit_docker_activate/install/robot_arm_interfaces/include/robot_arm_interfaces/robot_arm_interfaces/msg
[4.442s] -- Installing: /home/user/workspace/pyrobot/moveit_docker_activate/install/robot_arm_interfaces/include/robot_arm_interfaces/robot_arm_interfaces/msg/rosidl_typesupport_fastrtps_cpp__visibility_control.h
[4.442s] -- Installing: /home/user/workspace/pyrobot/moveit_docker_activate/install/robot_arm_interfaces/lib/librobot_arm_interfaces__rosidl_typesupport_fastrtps_cpp.so
[4.442s] -- Set runtime path of "/home/user/workspace/pyrobot/moveit_docker_activate/install/robot_arm_interfaces/lib/librobot_arm_interfaces__rosidl_typesupport_fastrtps_cpp.so" to ""
[4.443s] -- Up-to-date: /home/user/workspace/pyrobot/moveit_docker_activate/install/robot_arm_interfaces/include/robot_arm_interfaces/robot_arm_interfaces
[4.443s] -- Up-to-date: /home/user/workspace/pyrobot/moveit_docker_activate/install/robot_arm_interfaces/include/robot_arm_interfaces/robot_arm_interfaces/srv
[4.443s] -- Up-to-date: /home/user/workspace/pyrobot/moveit_docker_activate/install/robot_arm_interfaces/include/robot_arm_interfaces/robot_arm_interfaces/srv/detail
[4.443s] -- Installing: /home/user/workspace/pyrobot/moveit_docker_activate/install/robot_arm_interfaces/include/robot_arm_interfaces/robot_arm_interfaces/srv/detail/solve_ik__type_support.cpp
[4.443s] -- Installing: /home/user/workspace/pyrobot/moveit_docker_activate/install/robot_arm_interfaces/include/robot_arm_interfaces/robot_arm_interfaces/srv/detail/solve_ik__rosidl_typesupport_introspection_cpp.hpp
[4.443s] -- Installing: /home/user/workspace/pyrobot/moveit_docker_activate/install/robot_arm_interfaces/lib/librobot_arm_interfaces__rosidl_typesupport_introspection_cpp.so
[4.443s] -- Set runtime path of "/home/user/workspace/pyrobot/moveit_docker_activate/install/robot_arm_interfaces/lib/librobot_arm_interfaces__rosidl_typesupport_introspection_cpp.so" to ""
[4.443s] -- Installing: /home/user/workspace/pyrobot/moveit_docker_activate/install/robot_arm_interfaces/lib/librobot_arm_interfaces__rosidl_typesupport_cpp.so
[4.443s] -- Set runtime path of "/home/user/workspace/pyrobot/moveit_docker_activate/install/robot_arm_interfaces/lib/librobot_arm_interfaces__rosidl_typesupport_cpp.so" to ""
[4.444s] -- Installing: /home/user/workspace/pyrobot/moveit_docker_activate/install/robot_arm_interfaces/share/robot_arm_interfaces/environment/pythonpath.sh
[4.444s] -- Installing: /home/user/workspace/pyrobot/moveit_docker_activate/install/robot_arm_interfaces/share/robot_arm_interfaces/environment/pythonpath.dsv
[4.444s] -- Installing: /home/user/workspace/pyrobot/moveit_docker_activate/install/robot_arm_interfaces/local/lib/python3.10/dist-packages/robot_arm_interfaces-0.0.0-py3.10.egg-info
[4.444s] -- Installing: /home/user/workspace/pyrobot/moveit_docker_activate/install/robot_arm_interfaces/local/lib/python3.10/dist-packages/robot_arm_interfaces-0.0.0-py3.10.egg-info/dependency_links.txt
[4.444s] -- Installing: /home/user/workspace/pyrobot/moveit_docker_activate/install/robot_arm_interfaces/local/lib/python3.10/dist-packages/robot_arm_interfaces-0.0.0-py3.10.egg-info/top_level.txt
[4.444s] -- Installing: /home/user/workspace/pyrobot/moveit_docker_activate/install/robot_arm_interfaces/local/lib/python3.10/dist-packages/robot_arm_interfaces-0.0.0-py3.10.egg-info/SOURCES.txt
[4.444s] -- Installing: /home/user/workspace/pyrobot/moveit_docker_activate/install/robot_arm_interfaces/local/lib/python3.10/dist-packages/robot_arm_interfaces-0.0.0-py3.10.egg-info/PKG-INFO
[4.444s] -- Installing: /home/user/workspace/pyrobot/moveit_docker_activate/install/robot_arm_interfaces/local/lib/python3.10/dist-packages/robot_arm_interfaces
[4.444s] -- Installing: /home/user/workspace/pyrobot/moveit_docker_activate/install/robot_arm_interfaces/local/lib/python3.10/dist-packages/robot_arm_interfaces/srv
[4.444s] -- Installing: /home/user/workspace/pyrobot/moveit_docker_activate/install/robot_arm_interfaces/local/lib/python3.10/dist-packages/robot_arm_interfaces/srv/__init__.py
[4.444s] -- Installing: /home/user/workspace/pyrobot/moveit_docker_activate/install/robot_arm_interfaces/local/lib/python3.10/dist-packages/robot_arm_interfaces/srv/_solve_ik.py
[4.444s] -- Installing: /home/user/workspace/pyrobot/moveit_docker_activate/install/robot_arm_interfaces/local/lib/python3.10/dist-packages/robot_arm_interfaces/srv/_solve_ik_s.c
[4.444s] -- Installing: /home/user/workspace/pyrobot/moveit_docker_activate/install/robot_arm_interfaces/local/lib/python3.10/dist-packages/robot_arm_interfaces/robot_arm_interfaces_s__rosidl_typesupport_fastrtps_c.cpython-310-x86_64-linux-gnu.so
[4.444s] -- Installing: /home/user/workspace/pyrobot/moveit_docker_activate/install/robot_arm_interfaces/local/lib/python3.10/dist-packages/robot_arm_interfaces/_robot_arm_interfaces_s.ep.rosidl_typesupport_c.c
[4.445s] -- Installing: /home/user/workspace/pyrobot/moveit_docker_activate/install/robot_arm_interfaces/local/lib/python3.10/dist-packages/robot_arm_interfaces/_robot_arm_interfaces_s.ep.rosidl_typesupport_fastrtps_c.c
[4.445s] -- Installing: /home/user/workspace/pyrobot/moveit_docker_activate/install/robot_arm_interfaces/local/lib/python3.10/dist-packages/robot_arm_interfaces/librobot_arm_interfaces__rosidl_generator_py.so
[4.445s] -- Installing: /home/user/workspace/pyrobot/moveit_docker_activate/install/robot_arm_interfaces/local/lib/python3.10/dist-packages/robot_arm_interfaces/robot_arm_interfaces_s__rosidl_typesupport_introspection_c.cpython-310-x86_64-linux-gnu.so
[4.445s] -- Installing: /home/user/workspace/pyrobot/moveit_docker_activate/install/robot_arm_interfaces/local/lib/python3.10/dist-packages/robot_arm_interfaces/__init__.py
[4.445s] -- Installing: /home/user/workspace/pyrobot/moveit_docker_activate/install/robot_arm_interfaces/local/lib/python3.10/dist-packages/robot_arm_interfaces/robot_arm_interfaces_s__rosidl_typesupport_c.cpython-310-x86_64-linux-gnu.so
[4.445s] -- Installing: /home/user/workspace/pyrobot/moveit_docker_activate/install/robot_arm_interfaces/local/lib/python3.10/dist-packages/robot_arm_interfaces/_robot_arm_interfaces_s.ep.rosidl_typesupport_introspection_c.c
[4.471s] Listing '/home/user/workspace/pyrobot/moveit_docker_activate/install/robot_arm_interfaces/local/lib/python3.10/dist-packages/robot_arm_interfaces'...
[4.471s] Compiling '/home/user/workspace/pyrobot/moveit_docker_activate/install/robot_arm_interfaces/local/lib/python3.10/dist-packages/robot_arm_interfaces/__init__.py'...
[4.471s] Listing '/home/user/workspace/pyrobot/moveit_docker_activate/install/robot_arm_interfaces/local/lib/python3.10/dist-packages/robot_arm_interfaces/srv'...
[4.471s] Compiling '/home/user/workspace/pyrobot/moveit_docker_activate/install/robot_arm_interfaces/local/lib/python3.10/dist-packages/robot_arm_interfaces/srv/__init__.py'...
[4.471s] Compiling '/home/user/workspace/pyrobot/moveit_docker_activate/install/robot_arm_interfaces/local/lib/python3.10/dist-packages/robot_arm_interfaces/srv/_solve_ik.py'...
[4.474s] -- Installing: /home/user/workspace/pyrobot/moveit_docker_activate/install/robot_arm_interfaces/local/lib/python3.10/dist-packages/robot_arm_interfaces/robot_arm_interfaces_s__rosidl_typesupport_fastrtps_c.cpython-310-x86_64-linux-gnu.so
[4.474s] -- Set runtime path of "/home/user/workspace/pyrobot/moveit_docker_activate/install/robot_arm_interfaces/local/lib/python3.10/dist-packages/robot_arm_interfaces/robot_arm_interfaces_s__rosidl_typesupport_fastrtps_c.cpython-310-x86_64-linux-gnu.so" to ""
[4.475s] -- Installing: /home/user/workspace/pyrobot/moveit_docker_activate/install/robot_arm_interfaces/local/lib/python3.10/dist-packages/robot_arm_interfaces/robot_arm_interfaces_s__rosidl_typesupport_introspection_c.cpython-310-x86_64-linux-gnu.so
[4.475s] -- Set runtime path of "/home/user/workspace/pyrobot/moveit_docker_activate/install/robot_arm_interfaces/local/lib/python3.10/dist-packages/robot_arm_interfaces/robot_arm_interfaces_s__rosidl_typesupport_introspection_c.cpython-310-x86_64-linux-gnu.so" to ""
[4.475s] -- Installing: /home/user/workspace/pyrobot/moveit_docker_activate/install/robot_arm_interfaces/local/lib/python3.10/dist-packages/robot_arm_interfaces/robot_arm_interfaces_s__rosidl_typesupport_c.cpython-310-x86_64-linux-gnu.so
[4.475s] -- Set runtime path of "/home/user/workspace/pyrobot/moveit_docker_activate/install/robot_arm_interfaces/local/lib/python3.10/dist-packages/robot_arm_interfaces/robot_arm_interfaces_s__rosidl_typesupport_c.cpython-310-x86_64-linux-gnu.so" to ""
[4.475s] -- Installing: /home/user/workspace/pyrobot/moveit_docker_activate/install/robot_arm_interfaces/lib/librobot_arm_interfaces__rosidl_generator_py.so
[4.476s] -- Set runtime path of "/home/user/workspace/pyrobot/moveit_docker_activate/install/robot_arm_interfaces/lib/librobot_arm_interfaces__rosidl_generator_py.so" to ""
[4.476s] -- Installing: /home/user/workspace/pyrobot/moveit_docker_activate/install/robot_arm_interfaces/share/robot_arm_interfaces/srv/SolveIK.idl
[4.476s] -- Installing: /home/user/workspace/pyrobot/moveit_docker_activate/install/robot_arm_interfaces/share/robot_arm_interfaces/srv/SolveIK.srv
[4.476s] -- Installing: /home/user/workspace/pyrobot/moveit_docker_activate/install/robot_arm_interfaces/share/robot_arm_interfaces/srv/SolveIK_Request.msg
[4.476s] -- Installing: /home/user/workspace/pyrobot/moveit_docker_activate/install/robot_arm_interfaces/share/robot_arm_interfaces/srv/SolveIK_Response.msg
[4.476s] -- Installing: /home/user/workspace/pyrobot/moveit_docker_activate/install/robot_arm_interfaces/share/ament_index/resource_index/package_run_dependencies/robot_arm_interfaces
[4.476s] -- Installing: /home/user/workspace/pyrobot/moveit_docker_activate/install/robot_arm_interfaces/share/ament_index/resource_index/parent_prefix_path/robot_arm_interfaces
[4.477s] -- Installing: /home/user/workspace/pyrobot/moveit_docker_activate/install/robot_arm_interfaces/share/robot_arm_interfaces/environment/ament_prefix_path.sh
[4.477s] -- Installing: /home/user/workspace/pyrobot/moveit_docker_activate/install/robot_arm_interfaces/share/robot_arm_interfaces/environment/ament_prefix_path.dsv
[4.477s] -- Installing: /home/user/workspace/pyrobot/moveit_docker_activate/install/robot_arm_interfaces/share/robot_arm_interfaces/environment/path.sh
[4.477s] -- Installing: /home/user/workspace/pyrobot/moveit_docker_activate/install/robot_arm_interfaces/share/robot_arm_interfaces/environment/path.dsv
[4.477s] -- Installing: /home/user/workspace/pyrobot/moveit_docker_activate/install/robot_arm_interfaces/share/robot_arm_interfaces/local_setup.bash
[4.477s] -- Installing: /home/user/workspace/pyrobot/moveit_docker_activate/install/robot_arm_interfaces/share/robot_arm_interfaces/local_setup.sh
[4.477s] -- Installing: /home/user/workspace/pyrobot/moveit_docker_activate/install/robot_arm_interfaces/share/robot_arm_interfaces/local_setup.zsh
[4.477s] -- Installing: /home/user/workspace/pyrobot/moveit_docker_activate/install/robot_arm_interfaces/share/robot_arm_interfaces/local_setup.dsv
[4.478s] -- Installing: /home/user/workspace/pyrobot/moveit_docker_activate/install/robot_arm_interfaces/share/robot_arm_interfaces/package.dsv
[4.478s] -- Installing: /home/user/workspace/pyrobot/moveit_docker_activate/install/robot_arm_interfaces/share/ament_index/resource_index/packages/robot_arm_interfaces
[4.478s] -- Installing: /home/user/workspace/pyrobot/moveit_docker_activate/install/robot_arm_interfaces/share/robot_arm_interfaces/cmake/export_robot_arm_interfaces__rosidl_generator_cExport.cmake
[4.478s] -- Installing: /home/user/workspace/pyrobot/moveit_docker_activate/install/robot_arm_interfaces/share/robot_arm_interfaces/cmake/export_robot_arm_interfaces__rosidl_generator_cExport-noconfig.cmake
[4.478s] -- Installing: /home/user/workspace/pyrobot/moveit_docker_activate/install/robot_arm_interfaces/share/robot_arm_interfaces/cmake/export_robot_arm_interfaces__rosidl_typesupport_fastrtps_cExport.cmake
[4.478s] -- Installing: /home/user/workspace/pyrobot/moveit_docker_activate/install/robot_arm_interfaces/share/robot_arm_interfaces/cmake/export_robot_arm_interfaces__rosidl_typesupport_fastrtps_cExport-noconfig.cmake
[4.478s] -- Installing: /home/user/workspace/pyrobot/moveit_docker_activate/install/robot_arm_interfaces/share/robot_arm_interfaces/cmake/robot_arm_interfaces__rosidl_typesupport_introspection_cExport.cmake
[4.478s] -- Installing: /home/user/workspace/pyrobot/moveit_docker_activate/install/robot_arm_interfaces/share/robot_arm_interfaces/cmake/robot_arm_interfaces__rosidl_typesupport_introspection_cExport-noconfig.cmake
[4.479s] -- Installing: /home/user/workspace/pyrobot/moveit_docker_activate/install/robot_arm_interfaces/share/robot_arm_interfaces/cmake/robot_arm_interfaces__rosidl_typesupport_cExport.cmake
[4.479s] -- Installing: /home/user/workspace/pyrobot/moveit_docker_activate/install/robot_arm_interfaces/share/robot_arm_interfaces/cmake/robot_arm_interfaces__rosidl_typesupport_cExport-noconfig.cmake
[4.479s] -- Installing: /home/user/workspace/pyrobot/moveit_docker_activate/install/robot_arm_interfaces/share/robot_arm_interfaces/cmake/export_robot_arm_interfaces__rosidl_generator_cppExport.cmake
[4.479s] -- Installing: /home/user/workspace/pyrobot/moveit_docker_activate/install/robot_arm_interfaces/share/robot_arm_interfaces/cmake/export_robot_arm_interfaces__rosidl_typesupport_fastrtps_cppExport.cmake
[4.479s] -- Installing: /home/user/workspace/pyrobot/moveit_docker_activate/install/robot_arm_interfaces/share/robot_arm_interfaces/cmake/export_robot_arm_interfaces__rosidl_typesupport_fastrtps_cppExport-noconfig.cmake
[4.479s] -- Installing: /home/user/workspace/pyrobot/moveit_docker_activate/install/robot_arm_interfaces/share/robot_arm_interfaces/cmake/robot_arm_interfaces__rosidl_typesupport_introspection_cppExport.cmake
[4.479s] -- Installing: /home/user/workspace/pyrobot/moveit_docker_activate/install/robot_arm_interfaces/share/robot_arm_interfaces/cmake/robot_arm_interfaces__rosidl_typesupport_introspection_cppExport-noconfig.cmake
[4.479s] -- Installing: /home/user/workspace/pyrobot/moveit_docker_activate/install/robot_arm_interfaces/share/robot_arm_interfaces/cmake/robot_arm_interfaces__rosidl_typesupport_cppExport.cmake
[4.479s] -- Installing: /home/user/workspace/pyrobot/moveit_docker_activate/install/robot_arm_interfaces/share/robot_arm_interfaces/cmake/robot_arm_interfaces__rosidl_typesupport_cppExport-noconfig.cmake
[4.480s] -- Installing: /home/user/workspace/pyrobot/moveit_docker_activate/install/robot_arm_interfaces/share/robot_arm_interfaces/cmake/export_robot_arm_interfaces__rosidl_generator_pyExport.cmake
[4.480s] -- Installing: /home/user/workspace/pyrobot/moveit_docker_activate/install/robot_arm_interfaces/share/robot_arm_interfaces/cmake/export_robot_arm_interfaces__rosidl_generator_pyExport-noconfig.cmake
[4.480s] -- Installing: /home/user/workspace/pyrobot/moveit_docker_activate/install/robot_arm_interfaces/share/robot_arm_interfaces/cmake/rosidl_cmake-extras.cmake
[4.480s] -- Installing: /home/user/workspace/pyrobot/moveit_docker_activate/install/robot_arm_interfaces/share/robot_arm_interfaces/cmake/ament_cmake_export_include_directories-extras.cmake
[4.480s] -- Installing: /home/user/workspace/pyrobot/moveit_docker_activate/install/robot_arm_interfaces/share/robot_arm_interfaces/cmake/ament_cmake_export_libraries-extras.cmake
[4.480s] -- Installing: /home/user/workspace/pyrobot/moveit_docker_activate/install/robot_arm_interfaces/share/robot_arm_interfaces/cmake/ament_cmake_export_targets-extras.cmake
[4.480s] -- Installing: /home/user/workspace/pyrobot/moveit_docker_activate/install/robot_arm_interfaces/share/robot_arm_interfaces/cmake/rosidl_cmake_export_typesupport_targets-extras.cmake
[4.480s] -- Installing: /home/user/workspace/pyrobot/moveit_docker_activate/install/robot_arm_interfaces/share/robot_arm_interfaces/cmake/ament_cmake_export_dependencies-extras.cmake
[4.480s] -- Installing: /home/user/workspace/pyrobot/moveit_docker_activate/install/robot_arm_interfaces/share/robot_arm_interfaces/cmake/rosidl_cmake_export_typesupport_libraries-extras.cmake
[4.480s] -- Installing: /home/user/workspace/pyrobot/moveit_docker_activate/install/robot_arm_interfaces/share/robot_arm_interfaces/cmake/robot_arm_interfacesConfig.cmake
[4.480s] -- Installing: /home/user/workspace/pyrobot/moveit_docker_activate/install/robot_arm_interfaces/share/robot_arm_interfaces/cmake/robot_arm_interfacesConfig-version.cmake
[4.480s] -- Installing: /home/user/workspace/pyrobot/moveit_docker_activate/install/robot_arm_interfaces/share/robot_arm_interfaces/package.xml
[4.481s] Invoked command in '/home/user/workspace/pyrobot/moveit_docker_activate/build/robot_arm_interfaces' returned '0': CMAKE_PREFIX_PATH=${CMAKE_PREFIX_PATH}:/home/user/workspace/ws_moveit2/install/moveit_configs_utils:/home/user/workspace/ws_moveit2/install/launch_param_builder:/opt/ros/humble /usr/bin/cmake --install /home/user/workspace/pyrobot/moveit_docker_activate/build/robot_arm_interfaces
