[0.052s] Invoking command in '/home/user/workspace/pyrobot/moveit_docker_activate/build/new_config2': CMAKE_PREFIX_PATH=${CMAKE_PREFIX_PATH}:/home/user/workspace/pyrobot/moveit_docker_activate/install/robot_description:/home/user/workspace/pyrobot/moveit_docker_activate/install/pros_car_py:/home/user/workspace/ws_moveit2/install/moveit_configs_utils:/home/user/workspace/ws_moveit2/install/launch_param_builder:/opt/ros/humble /usr/bin/cmake --build /home/user/workspace/pyrobot/moveit_docker_activate/build/new_config2 -- -j16 -l16
[0.080s] Invoked command in '/home/user/workspace/pyrobot/moveit_docker_activate/build/new_config2' returned '0': CMAKE_PREFIX_PATH=${CMAKE_PREFIX_PATH}:/home/user/workspace/pyrobot/moveit_docker_activate/install/robot_description:/home/user/workspace/pyrobot/moveit_docker_activate/install/pros_car_py:/home/user/workspace/ws_moveit2/install/moveit_configs_utils:/home/user/workspace/ws_moveit2/install/launch_param_builder:/opt/ros/humble /usr/bin/cmake --build /home/user/workspace/pyrobot/moveit_docker_activate/build/new_config2 -- -j16 -l16
[0.099s] Invoking command in '/home/user/workspace/pyrobot/moveit_docker_activate/build/new_config2': CMAKE_PREFIX_PATH=${CMAKE_PREFIX_PATH}:/home/user/workspace/pyrobot/moveit_docker_activate/install/robot_description:/home/user/workspace/pyrobot/moveit_docker_activate/install/pros_car_py:/home/user/workspace/ws_moveit2/install/moveit_configs_utils:/home/user/workspace/ws_moveit2/install/launch_param_builder:/opt/ros/humble /usr/bin/cmake --install /home/user/workspace/pyrobot/moveit_docker_activate/build/new_config2
[0.104s] -- Install configuration: ""
[0.104s] -- Up-to-date: /home/user/workspace/pyrobot/moveit_docker_activate/install/new_config2/share/ament_index/resource_index/package_run_dependencies/new_config2
[0.105s] -- Up-to-date: /home/user/workspace/pyrobot/moveit_docker_activate/install/new_config2/share/ament_index/resource_index/parent_prefix_path/new_config2
[0.105s] -- Up-to-date: /home/user/workspace/pyrobot/moveit_docker_activate/install/new_config2/share/new_config2/environment/ament_prefix_path.sh
[0.105s] -- Up-to-date: /home/user/workspace/pyrobot/moveit_docker_activate/install/new_config2/share/new_config2/environment/ament_prefix_path.dsv
[0.105s] -- Up-to-date: /home/user/workspace/pyrobot/moveit_docker_activate/install/new_config2/share/new_config2/environment/path.sh
[0.105s] -- Up-to-date: /home/user/workspace/pyrobot/moveit_docker_activate/install/new_config2/share/new_config2/environment/path.dsv
[0.105s] -- Up-to-date: /home/user/workspace/pyrobot/moveit_docker_activate/install/new_config2/share/new_config2/local_setup.bash
[0.105s] -- Up-to-date: /home/user/workspace/pyrobot/moveit_docker_activate/install/new_config2/share/new_config2/local_setup.sh
[0.105s] -- Up-to-date: /home/user/workspace/pyrobot/moveit_docker_activate/install/new_config2/share/new_config2/local_setup.zsh
[0.105s] -- Up-to-date: /home/user/workspace/pyrobot/moveit_docker_activate/install/new_config2/share/new_config2/local_setup.dsv
[0.106s] -- Up-to-date: /home/user/workspace/pyrobot/moveit_docker_activate/install/new_config2/share/new_config2/package.dsv
[0.106s] -- Up-to-date: /home/user/workspace/pyrobot/moveit_docker_activate/install/new_config2/share/ament_index/resource_index/packages/new_config2
[0.106s] -- Up-to-date: /home/user/workspace/pyrobot/moveit_docker_activate/install/new_config2/share/new_config2/cmake/new_config2Config.cmake
[0.106s] -- Up-to-date: /home/user/workspace/pyrobot/moveit_docker_activate/install/new_config2/share/new_config2/cmake/new_config2Config-version.cmake
[0.106s] -- Up-to-date: /home/user/workspace/pyrobot/moveit_docker_activate/install/new_config2/share/new_config2/package.xml
[0.106s] -- Up-to-date: /home/user/workspace/pyrobot/moveit_docker_activate/install/new_config2/share/new_config2/launch
[0.106s] -- Up-to-date: /home/user/workspace/pyrobot/moveit_docker_activate/install/new_config2/share/new_config2/launch/static_virtual_joint_tfs.launch.py
[0.107s] -- Up-to-date: /home/user/workspace/pyrobot/moveit_docker_activate/install/new_config2/share/new_config2/launch/setup_assistant.launch.py
[0.107s] -- Up-to-date: /home/user/workspace/pyrobot/moveit_docker_activate/install/new_config2/share/new_config2/launch/spawn_controllers.launch.py
[0.107s] -- Up-to-date: /home/user/workspace/pyrobot/moveit_docker_activate/install/new_config2/share/new_config2/launch/demo.launch.py
[0.107s] -- Up-to-date: /home/user/workspace/pyrobot/moveit_docker_activate/install/new_config2/share/new_config2/launch/moveit_rviz.launch.py
[0.107s] -- Up-to-date: /home/user/workspace/pyrobot/moveit_docker_activate/install/new_config2/share/new_config2/launch/warehouse_db.launch.py
[0.107s] -- Up-to-date: /home/user/workspace/pyrobot/moveit_docker_activate/install/new_config2/share/new_config2/launch/rsp.launch.py
[0.107s] -- Up-to-date: /home/user/workspace/pyrobot/moveit_docker_activate/install/new_config2/share/new_config2/launch/move_group.launch.py
[0.107s] -- Up-to-date: /home/user/workspace/pyrobot/moveit_docker_activate/install/new_config2/share/new_config2/config
[0.107s] -- Up-to-date: /home/user/workspace/pyrobot/moveit_docker_activate/install/new_config2/share/new_config2/config/angle_excurate_arm_ver2.urdf.xacro
[0.108s] -- Up-to-date: /home/user/workspace/pyrobot/moveit_docker_activate/install/new_config2/share/new_config2/config/ros2_controllers.yaml
[0.108s] -- Up-to-date: /home/user/workspace/pyrobot/moveit_docker_activate/install/new_config2/share/new_config2/config/moveit.rviz
[0.108s] -- Up-to-date: /home/user/workspace/pyrobot/moveit_docker_activate/install/new_config2/share/new_config2/config/moveit_controllers.yaml
[0.108s] -- Up-to-date: /home/user/workspace/pyrobot/moveit_docker_activate/install/new_config2/share/new_config2/config/kinematics.yaml
[0.108s] -- Up-to-date: /home/user/workspace/pyrobot/moveit_docker_activate/install/new_config2/share/new_config2/config/pilz_cartesian_limits.yaml
[0.108s] -- Up-to-date: /home/user/workspace/pyrobot/moveit_docker_activate/install/new_config2/share/new_config2/config/joint_limits.yaml
[0.108s] -- Up-to-date: /home/user/workspace/pyrobot/moveit_docker_activate/install/new_config2/share/new_config2/config/angle_excurate_arm_ver2.srdf
[0.108s] -- Up-to-date: /home/user/workspace/pyrobot/moveit_docker_activate/install/new_config2/share/new_config2/config/initial_positions.yaml
[0.109s] -- Up-to-date: /home/user/workspace/pyrobot/moveit_docker_activate/install/new_config2/share/new_config2/config/angle_excurate_arm_ver2.ros2_control.xacro
[0.109s] -- Up-to-date: /home/user/workspace/pyrobot/moveit_docker_activate/install/new_config2/share/new_config2/config/ompl_planning.yaml
[0.109s] -- Up-to-date: /home/user/workspace/pyrobot/moveit_docker_activate/install/new_config2/share/new_config2/.setup_assistant
[0.109s] Invoked command in '/home/user/workspace/pyrobot/moveit_docker_activate/build/new_config2' returned '0': CMAKE_PREFIX_PATH=${CMAKE_PREFIX_PATH}:/home/user/workspace/pyrobot/moveit_docker_activate/install/robot_description:/home/user/workspace/pyrobot/moveit_docker_activate/install/pros_car_py:/home/user/workspace/ws_moveit2/install/moveit_configs_utils:/home/user/workspace/ws_moveit2/install/launch_param_builder:/opt/ros/humble /usr/bin/cmake --install /home/user/workspace/pyrobot/moveit_docker_activate/build/new_config2
