[0.626s] Invoking command in '/home/user/workspace/pyrobot/moveit_docker_activate/src/robot_description': PYTHONPATH=/home/user/workspace/pyrobot/moveit_docker_activate/build/robot_description/prefix_override:/usr/lib/python3/dist-packages/colcon_core/task/python/colcon_distutils_commands:/home/user/workspace/pyrobot/moveit_docker_activate/install/robot_description/lib/python3.10/site-packages:${PYTHONPATH} /usr/bin/python3 -W ignore:setup.py install is deprecated setup.py egg_info --egg-base ../../build/robot_description build --build-base /home/user/workspace/pyrobot/moveit_docker_activate/build/robot_description/build install --record /home/user/workspace/pyrobot/moveit_docker_activate/build/robot_description/install.log --single-version-externally-managed install_data
[0.793s] running egg_info
[0.793s] writing ../../build/robot_description/robot_description.egg-info/PKG-INFO
[0.793s] writing dependency_links to ../../build/robot_description/robot_description.egg-info/dependency_links.txt
[0.794s] writing entry points to ../../build/robot_description/robot_description.egg-info/entry_points.txt
[0.794s] writing requirements to ../../build/robot_description/robot_description.egg-info/requires.txt
[0.794s] writing top-level names to ../../build/robot_description/robot_description.egg-info/top_level.txt
[0.795s] reading manifest file '../../build/robot_description/robot_description.egg-info/SOURCES.txt'
[0.796s] writing manifest file '../../build/robot_description/robot_description.egg-info/SOURCES.txt'
[0.796s] running build
[0.796s] running build_py
[0.796s] running install
[0.796s] running install_lib
[0.797s] running install_data
[0.797s] copying urdf/target.urdf -> /home/user/workspace/pyrobot/moveit_docker_activate/install/robot_description/share/robot_description/urdf/
[0.797s] running install_egg_info
[0.798s] removing '/home/user/workspace/pyrobot/moveit_docker_activate/install/robot_description/lib/python3.10/site-packages/robot_description-0.0.0-py3.10.egg-info' (and everything under it)
[0.799s] Copying ../../build/robot_description/robot_description.egg-info to /home/user/workspace/pyrobot/moveit_docker_activate/install/robot_description/lib/python3.10/site-packages/robot_description-0.0.0-py3.10.egg-info
[0.799s] running install_scripts
[0.815s] writing list of installed files to '/home/user/workspace/pyrobot/moveit_docker_activate/build/robot_description/install.log'
[0.830s] Invoked command in '/home/user/workspace/pyrobot/moveit_docker_activate/src/robot_description' returned '0': PYTHONPATH=/home/user/workspace/pyrobot/moveit_docker_activate/build/robot_description/prefix_override:/usr/lib/python3/dist-packages/colcon_core/task/python/colcon_distutils_commands:/home/user/workspace/pyrobot/moveit_docker_activate/install/robot_description/lib/python3.10/site-packages:${PYTHONPATH} /usr/bin/python3 -W ignore:setup.py install is deprecated setup.py egg_info --egg-base ../../build/robot_description build --build-base /home/user/workspace/pyrobot/moveit_docker_activate/build/robot_description/build install --record /home/user/workspace/pyrobot/moveit_docker_activate/build/robot_description/install.log --single-version-externally-managed install_data
