[0.693s] Invoking command in '/home/user/workspace/pyrobot/moveit_docker_activate/src/robot_description_version2': PYTHONPATH=/home/user/workspace/pyrobot/moveit_docker_activate/build/robot_description_version2/prefix_override:/usr/lib/python3/dist-packages/colcon_core/task/python/colcon_distutils_commands:/home/user/workspace/pyrobot/moveit_docker_activate/install/robot_description_version2/lib/python3.10/site-packages:${PYTHONPATH} /usr/bin/python3 -W ignore:setup.py install is deprecated setup.py egg_info --egg-base ../../build/robot_description_version2 build --build-base /home/user/workspace/pyrobot/moveit_docker_activate/build/robot_description_version2/build install --record /home/user/workspace/pyrobot/moveit_docker_activate/build/robot_description_version2/install.log --single-version-externally-managed install_data
[0.835s] running egg_info
[0.835s] writing ../../build/robot_description_version2/robot_description_version2.egg-info/PKG-INFO
[0.835s] writing dependency_links to ../../build/robot_description_version2/robot_description_version2.egg-info/dependency_links.txt
[0.835s] writing entry points to ../../build/robot_description_version2/robot_description_version2.egg-info/entry_points.txt
[0.835s] writing requirements to ../../build/robot_description_version2/robot_description_version2.egg-info/requires.txt
[0.836s] writing top-level names to ../../build/robot_description_version2/robot_description_version2.egg-info/top_level.txt
[0.836s] reading manifest file '../../build/robot_description_version2/robot_description_version2.egg-info/SOURCES.txt'
[0.837s] writing manifest file '../../build/robot_description_version2/robot_description_version2.egg-info/SOURCES.txt'
[0.837s] running build
[0.837s] running build_py
[0.837s] running install
[0.837s] running install_lib
[0.838s] running install_data
[0.838s] running install_egg_info
[0.839s] removing '/home/user/workspace/pyrobot/moveit_docker_activate/install/robot_description_version2/lib/python3.10/site-packages/robot_description_version2-0.0.0-py3.10.egg-info' (and everything under it)
[0.840s] Copying ../../build/robot_description_version2/robot_description_version2.egg-info to /home/user/workspace/pyrobot/moveit_docker_activate/install/robot_description_version2/lib/python3.10/site-packages/robot_description_version2-0.0.0-py3.10.egg-info
[0.840s] running install_scripts
[0.853s] writing list of installed files to '/home/user/workspace/pyrobot/moveit_docker_activate/build/robot_description_version2/install.log'
[0.875s] Invoked command in '/home/user/workspace/pyrobot/moveit_docker_activate/src/robot_description_version2' returned '0': PYTHONPATH=/home/user/workspace/pyrobot/moveit_docker_activate/build/robot_description_version2/prefix_override:/usr/lib/python3/dist-packages/colcon_core/task/python/colcon_distutils_commands:/home/user/workspace/pyrobot/moveit_docker_activate/install/robot_description_version2/lib/python3.10/site-packages:${PYTHONPATH} /usr/bin/python3 -W ignore:setup.py install is deprecated setup.py egg_info --egg-base ../../build/robot_description_version2 build --build-base /home/user/workspace/pyrobot/moveit_docker_activate/build/robot_description_version2/build install --record /home/user/workspace/pyrobot/moveit_docker_activate/build/robot_description_version2/install.log --single-version-externally-managed install_data
