[0.051s] Invoking command in '/home/user/workspace/pyrobot/moveit_ws/build/moveit_robot_generate': CMAKE_PREFIX_PATH=${CMAKE_PREFIX_PATH}:/home/user/workspace/pyrobot/moveit_ws/install/pros_car_py:/home/user/workspace/pyrobot/moveit2_ws/install/generate_parameter_module_example:/home/user/workspace/pyrobot/moveit2_ws/install/moveit_configs_utils:/home/user/workspace/pyrobot/moveit2_ws/install/generate_parameter_library_py:/home/user/workspace/ws_moveit2/install/moveit_configs_utils:/home/user/workspace/ws_moveit2/install/launch_param_builder:/opt/ros/humble /usr/bin/cmake /home/user/workspace/pyrobot/moveit_ws/src/moveit_robot_generate -DCMAKE_INSTALL_PREFIX=/home/user/workspace/pyrobot/moveit_ws/install/moveit_robot_generate
[0.062s] -- Found ament_cmake: 1.3.10 (/opt/ros/humble/share/ament_cmake/cmake)
[0.215s] -- Configuring done
[0.219s] -- Generating done
[0.219s] -- Build files have been written to: /home/user/workspace/pyrobot/moveit_ws/build/moveit_robot_generate
[0.221s] Invoked command in '/home/user/workspace/pyrobot/moveit_ws/build/moveit_robot_generate' returned '0': CMAKE_PREFIX_PATH=${CMAKE_PREFIX_PATH}:/home/user/workspace/pyrobot/moveit_ws/install/pros_car_py:/home/user/workspace/pyrobot/moveit2_ws/install/generate_parameter_module_example:/home/user/workspace/pyrobot/moveit2_ws/install/moveit_configs_utils:/home/user/workspace/pyrobot/moveit2_ws/install/generate_parameter_library_py:/home/user/workspace/ws_moveit2/install/moveit_configs_utils:/home/user/workspace/ws_moveit2/install/launch_param_builder:/opt/ros/humble /usr/bin/cmake /home/user/workspace/pyrobot/moveit_ws/src/moveit_robot_generate -DCMAKE_INSTALL_PREFIX=/home/user/workspace/pyrobot/moveit_ws/install/moveit_robot_generate
[0.222s] Invoking command in '/home/user/workspace/pyrobot/moveit_ws/build/moveit_robot_generate': CMAKE_PREFIX_PATH=${CMAKE_PREFIX_PATH}:/home/user/workspace/pyrobot/moveit_ws/install/pros_car_py:/home/user/workspace/pyrobot/moveit2_ws/install/generate_parameter_module_example:/home/user/workspace/pyrobot/moveit2_ws/install/moveit_configs_utils:/home/user/workspace/pyrobot/moveit2_ws/install/generate_parameter_library_py:/home/user/workspace/ws_moveit2/install/moveit_configs_utils:/home/user/workspace/ws_moveit2/install/launch_param_builder:/opt/ros/humble /usr/bin/cmake --build /home/user/workspace/pyrobot/moveit_ws/build/moveit_robot_generate -- -j16 -l16
[0.245s] Invoked command in '/home/user/workspace/pyrobot/moveit_ws/build/moveit_robot_generate' returned '0': CMAKE_PREFIX_PATH=${CMAKE_PREFIX_PATH}:/home/user/workspace/pyrobot/moveit_ws/install/pros_car_py:/home/user/workspace/pyrobot/moveit2_ws/install/generate_parameter_module_example:/home/user/workspace/pyrobot/moveit2_ws/install/moveit_configs_utils:/home/user/workspace/pyrobot/moveit2_ws/install/generate_parameter_library_py:/home/user/workspace/ws_moveit2/install/moveit_configs_utils:/home/user/workspace/ws_moveit2/install/launch_param_builder:/opt/ros/humble /usr/bin/cmake --build /home/user/workspace/pyrobot/moveit_ws/build/moveit_robot_generate -- -j16 -l16
[0.264s] Invoking command in '/home/user/workspace/pyrobot/moveit_ws/build/moveit_robot_generate': CMAKE_PREFIX_PATH=${CMAKE_PREFIX_PATH}:/home/user/workspace/pyrobot/moveit_ws/install/pros_car_py:/home/user/workspace/pyrobot/moveit2_ws/install/generate_parameter_module_example:/home/user/workspace/pyrobot/moveit2_ws/install/moveit_configs_utils:/home/user/workspace/pyrobot/moveit2_ws/install/generate_parameter_library_py:/home/user/workspace/ws_moveit2/install/moveit_configs_utils:/home/user/workspace/ws_moveit2/install/launch_param_builder:/opt/ros/humble /usr/bin/cmake --install /home/user/workspace/pyrobot/moveit_ws/build/moveit_robot_generate
[0.269s] -- Install configuration: ""
[0.270s] -- Installing: /home/user/workspace/pyrobot/moveit_ws/install/moveit_robot_generate/share/ament_index/resource_index/package_run_dependencies/moveit_robot_generate
[0.270s] -- Installing: /home/user/workspace/pyrobot/moveit_ws/install/moveit_robot_generate/share/ament_index/resource_index/parent_prefix_path/moveit_robot_generate
[0.271s] -- Installing: /home/user/workspace/pyrobot/moveit_ws/install/moveit_robot_generate/share/moveit_robot_generate/environment/ament_prefix_path.sh
[0.271s] -- Installing: /home/user/workspace/pyrobot/moveit_ws/install/moveit_robot_generate/share/moveit_robot_generate/environment/ament_prefix_path.dsv
[0.271s] -- Installing: /home/user/workspace/pyrobot/moveit_ws/install/moveit_robot_generate/share/moveit_robot_generate/environment/path.sh
[0.271s] -- Installing: /home/user/workspace/pyrobot/moveit_ws/install/moveit_robot_generate/share/moveit_robot_generate/environment/path.dsv
[0.271s] -- Installing: /home/user/workspace/pyrobot/moveit_ws/install/moveit_robot_generate/share/moveit_robot_generate/local_setup.bash
[0.271s] -- Installing: /home/user/workspace/pyrobot/moveit_ws/install/moveit_robot_generate/share/moveit_robot_generate/local_setup.sh
[0.271s] -- Installing: /home/user/workspace/pyrobot/moveit_ws/install/moveit_robot_generate/share/moveit_robot_generate/local_setup.zsh
[0.271s] -- Installing: /home/user/workspace/pyrobot/moveit_ws/install/moveit_robot_generate/share/moveit_robot_generate/local_setup.dsv
[0.272s] -- Installing: /home/user/workspace/pyrobot/moveit_ws/install/moveit_robot_generate/share/moveit_robot_generate/package.dsv
[0.272s] -- Installing: /home/user/workspace/pyrobot/moveit_ws/install/moveit_robot_generate/share/ament_index/resource_index/packages/moveit_robot_generate
[0.272s] -- Installing: /home/user/workspace/pyrobot/moveit_ws/install/moveit_robot_generate/share/moveit_robot_generate/cmake/moveit_robot_generateConfig.cmake
[0.272s] -- Installing: /home/user/workspace/pyrobot/moveit_ws/install/moveit_robot_generate/share/moveit_robot_generate/cmake/moveit_robot_generateConfig-version.cmake
[0.272s] -- Installing: /home/user/workspace/pyrobot/moveit_ws/install/moveit_robot_generate/share/moveit_robot_generate/package.xml
[0.272s] -- Installing: /home/user/workspace/pyrobot/moveit_ws/install/moveit_robot_generate/share/moveit_robot_generate/launch
[0.272s] -- Installing: /home/user/workspace/pyrobot/moveit_ws/install/moveit_robot_generate/share/moveit_robot_generate/launch/static_virtual_joint_tfs.launch.py
[0.272s] -- Installing: /home/user/workspace/pyrobot/moveit_ws/install/moveit_robot_generate/share/moveit_robot_generate/launch/setup_assistant.launch.py
[0.273s] -- Installing: /home/user/workspace/pyrobot/moveit_ws/install/moveit_robot_generate/share/moveit_robot_generate/launch/spawn_controllers.launch.py
[0.273s] -- Installing: /home/user/workspace/pyrobot/moveit_ws/install/moveit_robot_generate/share/moveit_robot_generate/launch/demo.launch.py
[0.273s] -- Installing: /home/user/workspace/pyrobot/moveit_ws/install/moveit_robot_generate/share/moveit_robot_generate/launch/moveit_rviz.launch.py
[0.273s] -- Installing: /home/user/workspace/pyrobot/moveit_ws/install/moveit_robot_generate/share/moveit_robot_generate/launch/warehouse_db.launch.py
[0.273s] -- Installing: /home/user/workspace/pyrobot/moveit_ws/install/moveit_robot_generate/share/moveit_robot_generate/launch/rsp.launch.py
[0.273s] -- Installing: /home/user/workspace/pyrobot/moveit_ws/install/moveit_robot_generate/share/moveit_robot_generate/launch/move_group.launch.py
[0.273s] -- Installing: /home/user/workspace/pyrobot/moveit_ws/install/moveit_robot_generate/share/moveit_robot_generate/config
[0.273s] -- Installing: /home/user/workspace/pyrobot/moveit_ws/install/moveit_robot_generate/share/moveit_robot_generate/config/angle_excurate_arm_ver2.urdf.xacro
[0.273s] -- Installing: /home/user/workspace/pyrobot/moveit_ws/install/moveit_robot_generate/share/moveit_robot_generate/config/ros2_controllers.yaml
[0.274s] -- Installing: /home/user/workspace/pyrobot/moveit_ws/install/moveit_robot_generate/share/moveit_robot_generate/config/moveit.rviz
[0.274s] -- Installing: /home/user/workspace/pyrobot/moveit_ws/install/moveit_robot_generate/share/moveit_robot_generate/config/kinematics.yaml
[0.274s] -- Installing: /home/user/workspace/pyrobot/moveit_ws/install/moveit_robot_generate/share/moveit_robot_generate/config/pilz_cartesian_limits.yaml
[0.274s] -- Installing: /home/user/workspace/pyrobot/moveit_ws/install/moveit_robot_generate/share/moveit_robot_generate/config/joint_limits.yaml
[0.274s] -- Installing: /home/user/workspace/pyrobot/moveit_ws/install/moveit_robot_generate/share/moveit_robot_generate/config/angle_excurate_arm_ver2.srdf
[0.274s] -- Installing: /home/user/workspace/pyrobot/moveit_ws/install/moveit_robot_generate/share/moveit_robot_generate/config/initial_positions.yaml
[0.274s] -- Installing: /home/user/workspace/pyrobot/moveit_ws/install/moveit_robot_generate/share/moveit_robot_generate/config/angle_excurate_arm_ver2.ros2_control.xacro
[0.274s] -- Installing: /home/user/workspace/pyrobot/moveit_ws/install/moveit_robot_generate/share/moveit_robot_generate/.setup_assistant
[0.275s] Invoked command in '/home/user/workspace/pyrobot/moveit_ws/build/moveit_robot_generate' returned '0': CMAKE_PREFIX_PATH=${CMAKE_PREFIX_PATH}:/home/user/workspace/pyrobot/moveit_ws/install/pros_car_py:/home/user/workspace/pyrobot/moveit2_ws/install/generate_parameter_module_example:/home/user/workspace/pyrobot/moveit2_ws/install/moveit_configs_utils:/home/user/workspace/pyrobot/moveit2_ws/install/generate_parameter_library_py:/home/user/workspace/ws_moveit2/install/moveit_configs_utils:/home/user/workspace/ws_moveit2/install/launch_param_builder:/opt/ros/humble /usr/bin/cmake --install /home/user/workspace/pyrobot/moveit_ws/build/moveit_robot_generate
