-- Install configuration: ""
-- Up-to-date: /home/user/workspace/pyrobot/moveit_docker_activate/install/new_config/share/ament_index/resource_index/package_run_dependencies/new_config
-- Up-to-date: /home/user/workspace/pyrobot/moveit_docker_activate/install/new_config/share/ament_index/resource_index/parent_prefix_path/new_config
-- Up-to-date: /home/user/workspace/pyrobot/moveit_docker_activate/install/new_config/share/new_config/environment/ament_prefix_path.sh
-- Up-to-date: /home/user/workspace/pyrobot/moveit_docker_activate/install/new_config/share/new_config/environment/ament_prefix_path.dsv
-- Up-to-date: /home/user/workspace/pyrobot/moveit_docker_activate/install/new_config/share/new_config/environment/path.sh
-- Up-to-date: /home/user/workspace/pyrobot/moveit_docker_activate/install/new_config/share/new_config/environment/path.dsv
-- Up-to-date: /home/user/workspace/pyrobot/moveit_docker_activate/install/new_config/share/new_config/local_setup.bash
-- Up-to-date: /home/user/workspace/pyrobot/moveit_docker_activate/install/new_config/share/new_config/local_setup.sh
-- Up-to-date: /home/user/workspace/pyrobot/moveit_docker_activate/install/new_config/share/new_config/local_setup.zsh
-- Up-to-date: /home/user/workspace/pyrobot/moveit_docker_activate/install/new_config/share/new_config/local_setup.dsv
-- Installing: /home/user/workspace/pyrobot/moveit_docker_activate/install/new_config/share/new_config/package.dsv
-- Up-to-date: /home/user/workspace/pyrobot/moveit_docker_activate/install/new_config/share/ament_index/resource_index/packages/new_config
-- Up-to-date: /home/user/workspace/pyrobot/moveit_docker_activate/install/new_config/share/new_config/cmake/new_configConfig.cmake
-- Up-to-date: /home/user/workspace/pyrobot/moveit_docker_activate/install/new_config/share/new_config/cmake/new_configConfig-version.cmake
-- Up-to-date: /home/user/workspace/pyrobot/moveit_docker_activate/install/new_config/share/new_config/package.xml
-- Up-to-date: /home/user/workspace/pyrobot/moveit_docker_activate/install/new_config/share/new_config/launch
-- Up-to-date: /home/user/workspace/pyrobot/moveit_docker_activate/install/new_config/share/new_config/launch/static_virtual_joint_tfs.launch.py
-- Up-to-date: /home/user/workspace/pyrobot/moveit_docker_activate/install/new_config/share/new_config/launch/setup_assistant.launch.py
-- Up-to-date: /home/user/workspace/pyrobot/moveit_docker_activate/install/new_config/share/new_config/launch/spawn_controllers.launch.py
-- Up-to-date: /home/user/workspace/pyrobot/moveit_docker_activate/install/new_config/share/new_config/launch/demo.launch.py
-- Up-to-date: /home/user/workspace/pyrobot/moveit_docker_activate/install/new_config/share/new_config/launch/moveit_rviz.launch.py
-- Up-to-date: /home/user/workspace/pyrobot/moveit_docker_activate/install/new_config/share/new_config/launch/warehouse_db.launch.py
-- Up-to-date: /home/user/workspace/pyrobot/moveit_docker_activate/install/new_config/share/new_config/launch/rsp.launch.py
-- Up-to-date: /home/user/workspace/pyrobot/moveit_docker_activate/install/new_config/share/new_config/launch/move_group.launch.py
-- Up-to-date: /home/user/workspace/pyrobot/moveit_docker_activate/install/new_config/share/new_config/config
-- Up-to-date: /home/user/workspace/pyrobot/moveit_docker_activate/install/new_config/share/new_config/config/ros2_controllers.yaml
-- Up-to-date: /home/user/workspace/pyrobot/moveit_docker_activate/install/new_config/share/new_config/config/moveit.rviz
-- Up-to-date: /home/user/workspace/pyrobot/moveit_docker_activate/install/new_config/share/new_config/config/moveit_controllers.yaml
-- Up-to-date: /home/user/workspace/pyrobot/moveit_docker_activate/install/new_config/share/new_config/config/kinematics.yaml
-- Up-to-date: /home/user/workspace/pyrobot/moveit_docker_activate/install/new_config/share/new_config/config/pilz_cartesian_limits.yaml
-- Up-to-date: /home/user/workspace/pyrobot/moveit_docker_activate/install/new_config/share/new_config/config/joint_limits.yaml
-- Up-to-date: /home/user/workspace/pyrobot/moveit_docker_activate/install/new_config/share/new_config/config/angle_excurate_arm_ver2.srdf
-- Up-to-date: /home/user/workspace/pyrobot/moveit_docker_activate/install/new_config/share/new_config/.setup_assistant
