/home/user/workspace/pyrobot/moveit_docker_activate/install/pros_car_py/lib/python3.10/site-packages/pros_car_py/car_controller.py
/home/user/workspace/pyrobot/moveit_docker_activate/install/pros_car_py/lib/python3.10/site-packages/pros_car_py/arm_controller.py
/home/user/workspace/pyrobot/moveit_docker_activate/install/pros_car_py/lib/python3.10/site-packages/pros_car_py/ros_communicator_config.py
/home/user/workspace/pyrobot/moveit_docker_activate/install/pros_car_py/lib/python3.10/site-packages/pros_car_py/ros_communicator.py
/home/user/workspace/pyrobot/moveit_docker_activate/install/pros_car_py/lib/python3.10/site-packages/pros_car_py/arm_test.py
/home/user/workspace/pyrobot/moveit_docker_activate/install/pros_car_py/lib/python3.10/site-packages/pros_car_py/drake_ik_solver.py
/home/user/workspace/pyrobot/moveit_docker_activate/install/pros_car_py/lib/python3.10/site-packages/pros_car_py/env.py
/home/user/workspace/pyrobot/moveit_docker_activate/install/pros_car_py/lib/python3.10/site-packages/pros_car_py/joint_config.py
/home/user/workspace/pyrobot/moveit_docker_activate/install/pros_car_py/lib/python3.10/site-packages/pros_car_py/arm_writer.py
/home/user/workspace/pyrobot/moveit_docker_activate/install/pros_car_py/lib/python3.10/site-packages/pros_car_py/nav_processing.py
/home/user/workspace/pyrobot/moveit_docker_activate/install/pros_car_py/lib/python3.10/site-packages/pros_car_py/arm_reader.py
/home/user/workspace/pyrobot/moveit_docker_activate/install/pros_car_py/lib/python3.10/site-packages/pros_car_py/main.py
/home/user/workspace/pyrobot/moveit_docker_activate/install/pros_car_py/lib/python3.10/site-packages/pros_car_py/keyboard_controller.py
/home/user/workspace/pyrobot/moveit_docker_activate/install/pros_car_py/lib/python3.10/site-packages/pros_car_py/carC_serial_writer.py
/home/user/workspace/pyrobot/moveit_docker_activate/install/pros_car_py/lib/python3.10/site-packages/pros_car_py/__init__.py
/home/user/workspace/pyrobot/moveit_docker_activate/install/pros_car_py/lib/python3.10/site-packages/pros_car_py/custom_control.py
/home/user/workspace/pyrobot/moveit_docker_activate/install/pros_car_py/lib/python3.10/site-packages/pros_car_py/data_processor.py
/home/user/workspace/pyrobot/moveit_docker_activate/install/pros_car_py/lib/python3.10/site-packages/pros_car_py/carC_serial_reader.py
/home/user/workspace/pyrobot/moveit_docker_activate/install/pros_car_py/lib/python3.10/site-packages/pros_car_py/nav2_utils.py
/home/user/workspace/pyrobot/moveit_docker_activate/install/pros_car_py/lib/python3.10/site-packages/pros_car_py/pybullet_ik_solver.py
/home/user/workspace/pyrobot/moveit_docker_activate/install/pros_car_py/lib/python3.10/site-packages/pros_car_py/car_models.py
/home/user/workspace/pyrobot/moveit_docker_activate/install/pros_car_py/lib/python3.10/site-packages/pros_car_py/__pycache__/car_controller.cpython-310.pyc
/home/user/workspace/pyrobot/moveit_docker_activate/install/pros_car_py/lib/python3.10/site-packages/pros_car_py/__pycache__/arm_controller.cpython-310.pyc
/home/user/workspace/pyrobot/moveit_docker_activate/install/pros_car_py/lib/python3.10/site-packages/pros_car_py/__pycache__/ros_communicator_config.cpython-310.pyc
/home/user/workspace/pyrobot/moveit_docker_activate/install/pros_car_py/lib/python3.10/site-packages/pros_car_py/__pycache__/ros_communicator.cpython-310.pyc
/home/user/workspace/pyrobot/moveit_docker_activate/install/pros_car_py/lib/python3.10/site-packages/pros_car_py/__pycache__/arm_test.cpython-310.pyc
/home/user/workspace/pyrobot/moveit_docker_activate/install/pros_car_py/lib/python3.10/site-packages/pros_car_py/__pycache__/drake_ik_solver.cpython-310.pyc
/home/user/workspace/pyrobot/moveit_docker_activate/install/pros_car_py/lib/python3.10/site-packages/pros_car_py/__pycache__/env.cpython-310.pyc
/home/user/workspace/pyrobot/moveit_docker_activate/install/pros_car_py/lib/python3.10/site-packages/pros_car_py/__pycache__/joint_config.cpython-310.pyc
/home/user/workspace/pyrobot/moveit_docker_activate/install/pros_car_py/lib/python3.10/site-packages/pros_car_py/__pycache__/arm_writer.cpython-310.pyc
/home/user/workspace/pyrobot/moveit_docker_activate/install/pros_car_py/lib/python3.10/site-packages/pros_car_py/__pycache__/nav_processing.cpython-310.pyc
/home/user/workspace/pyrobot/moveit_docker_activate/install/pros_car_py/lib/python3.10/site-packages/pros_car_py/__pycache__/arm_reader.cpython-310.pyc
/home/user/workspace/pyrobot/moveit_docker_activate/install/pros_car_py/lib/python3.10/site-packages/pros_car_py/__pycache__/main.cpython-310.pyc
/home/user/workspace/pyrobot/moveit_docker_activate/install/pros_car_py/lib/python3.10/site-packages/pros_car_py/__pycache__/keyboard_controller.cpython-310.pyc
/home/user/workspace/pyrobot/moveit_docker_activate/install/pros_car_py/lib/python3.10/site-packages/pros_car_py/__pycache__/carC_serial_writer.cpython-310.pyc
/home/user/workspace/pyrobot/moveit_docker_activate/install/pros_car_py/lib/python3.10/site-packages/pros_car_py/__pycache__/__init__.cpython-310.pyc
/home/user/workspace/pyrobot/moveit_docker_activate/install/pros_car_py/lib/python3.10/site-packages/pros_car_py/__pycache__/custom_control.cpython-310.pyc
/home/user/workspace/pyrobot/moveit_docker_activate/install/pros_car_py/lib/python3.10/site-packages/pros_car_py/__pycache__/data_processor.cpython-310.pyc
/home/user/workspace/pyrobot/moveit_docker_activate/install/pros_car_py/lib/python3.10/site-packages/pros_car_py/__pycache__/carC_serial_reader.cpython-310.pyc
/home/user/workspace/pyrobot/moveit_docker_activate/install/pros_car_py/lib/python3.10/site-packages/pros_car_py/__pycache__/nav2_utils.cpython-310.pyc
/home/user/workspace/pyrobot/moveit_docker_activate/install/pros_car_py/lib/python3.10/site-packages/pros_car_py/__pycache__/pybullet_ik_solver.cpython-310.pyc
/home/user/workspace/pyrobot/moveit_docker_activate/install/pros_car_py/lib/python3.10/site-packages/pros_car_py/__pycache__/car_models.cpython-310.pyc
/home/user/workspace/pyrobot/moveit_docker_activate/install/pros_car_py/share/ament_index/resource_index/packages/pros_car_py
/home/user/workspace/pyrobot/moveit_docker_activate/install/pros_car_py/share/pros_car_py/package.xml
/home/user/workspace/pyrobot/moveit_docker_activate/install/pros_car_py/share/pros_car_py/urdf/excurate_arm/target.urdf
/home/user/workspace/pyrobot/moveit_docker_activate/install/pros_car_py/share/pros_car_py/meshes/base_link2_v2_1.stl
/home/user/workspace/pyrobot/moveit_docker_activate/install/pros_car_py/share/pros_car_py/meshes/robot_ver7_grap2_2_v1_1.stl
/home/user/workspace/pyrobot/moveit_docker_activate/install/pros_car_py/share/pros_car_py/meshes/robot_ver7_grap1_2_v1_1.stl
/home/user/workspace/pyrobot/moveit_docker_activate/install/pros_car_py/share/pros_car_py/meshes/link4_v1_1.stl
/home/user/workspace/pyrobot/moveit_docker_activate/install/pros_car_py/share/pros_car_py/meshes/base_link.stl
/home/user/workspace/pyrobot/moveit_docker_activate/install/pros_car_py/share/pros_car_py/meshes/link3_v1_1.stl
/home/user/workspace/pyrobot/moveit_docker_activate/install/pros_car_py/share/pros_car_py/meshes/robot_ver7_link_4_v1_1.stl
/home/user/workspace/pyrobot/moveit_docker_activate/install/pros_car_py/lib/python3.10/site-packages/pros_car_py-0.0.0-py3.10.egg-info/dependency_links.txt
/home/user/workspace/pyrobot/moveit_docker_activate/install/pros_car_py/lib/python3.10/site-packages/pros_car_py-0.0.0-py3.10.egg-info/top_level.txt
/home/user/workspace/pyrobot/moveit_docker_activate/install/pros_car_py/lib/python3.10/site-packages/pros_car_py-0.0.0-py3.10.egg-info/requires.txt
/home/user/workspace/pyrobot/moveit_docker_activate/install/pros_car_py/lib/python3.10/site-packages/pros_car_py-0.0.0-py3.10.egg-info/entry_points.txt
/home/user/workspace/pyrobot/moveit_docker_activate/install/pros_car_py/lib/python3.10/site-packages/pros_car_py-0.0.0-py3.10.egg-info/SOURCES.txt
/home/user/workspace/pyrobot/moveit_docker_activate/install/pros_car_py/lib/python3.10/site-packages/pros_car_py-0.0.0-py3.10.egg-info/PKG-INFO
/home/user/workspace/pyrobot/moveit_docker_activate/install/pros_car_py/lib/python3.10/site-packages/pros_car_py-0.0.0-py3.10.egg-info/zip-safe
/home/user/workspace/pyrobot/moveit_docker_activate/install/pros_car_py/lib/pros_car_py/arm_reader
/home/user/workspace/pyrobot/moveit_docker_activate/install/pros_car_py/lib/pros_car_py/arm_test
/home/user/workspace/pyrobot/moveit_docker_activate/install/pros_car_py/lib/pros_car_py/arm_writer
/home/user/workspace/pyrobot/moveit_docker_activate/install/pros_car_py/lib/pros_car_py/carC_reader
/home/user/workspace/pyrobot/moveit_docker_activate/install/pros_car_py/lib/pros_car_py/carC_writer
/home/user/workspace/pyrobot/moveit_docker_activate/install/pros_car_py/lib/pros_car_py/lidar_trans
/home/user/workspace/pyrobot/moveit_docker_activate/install/pros_car_py/lib/pros_car_py/robot_control
