[0.028s] Invoking command in '/home/user/workspace/pyrobot/moveit_docker_activate/build/robot_arm_interfaces': CMAKE_PREFIX_PATH=${CMAKE_PREFIX_PATH}:/home/user/workspace/pyrobot/moveit_docker_activate/install/robot_description_version2:/home/user/workspace/pyrobot/moveit_docker_activate/install/robot_description:/home/user/workspace/pyrobot/moveit_docker_activate/install/pros_car_py:/home/user/workspace/ws_moveit2/install/moveit_configs_utils:/home/user/workspace/ws_moveit2/install/launch_param_builder:/opt/ros/humble /usr/bin/cmake --build /home/user/workspace/pyrobot/moveit_docker_activate/build/robot_arm_interfaces -- -j16 -l16
[0.220s] [  9%] Built target robot_arm_interfaces__rosidl_generator_c
[0.220s] [ 12%] Built target robot_arm_interfaces__cpp
[0.220s] [ 12%] Built target ament_cmake_python_copy_robot_arm_interfaces
[0.220s] [ 22%] Built target robot_arm_interfaces__rosidl_typesupport_introspection_c
[0.220s] [ 32%] Built target robot_arm_interfaces__rosidl_typesupport_cpp
[0.220s] [ 41%] Built target robot_arm_interfaces__rosidl_typesupport_c
[0.220s] [ 51%] Built target robot_arm_interfaces__rosidl_typesupport_introspection_cpp
[0.220s] [ 61%] Built target robot_arm_interfaces__rosidl_typesupport_fastrtps_c
[0.220s] [ 70%] Built target robot_arm_interfaces__rosidl_typesupport_fastrtps_cpp
[0.220s] [ 70%] Built target robot_arm_interfaces
[0.220s] [ 74%] Built target robot_arm_interfaces__py
[0.220s] [ 80%] Built target robot_arm_interfaces__rosidl_generator_py
[0.220s] [ 87%] Built target robot_arm_interfaces__rosidl_typesupport_fastrtps_c__pyext
[0.220s] [ 93%] Built target robot_arm_interfaces__rosidl_typesupport_introspection_c__pyext
[0.220s] [100%] Built target robot_arm_interfaces__rosidl_typesupport_c__pyext
[0.264s] running egg_info
[0.265s] writing robot_arm_interfaces.egg-info/PKG-INFO
[0.265s] writing dependency_links to robot_arm_interfaces.egg-info/dependency_links.txt
[0.265s] writing top-level names to robot_arm_interfaces.egg-info/top_level.txt
[0.268s] reading manifest file 'robot_arm_interfaces.egg-info/SOURCES.txt'
[0.269s] writing manifest file 'robot_arm_interfaces.egg-info/SOURCES.txt'
[0.287s] [100%] Built target ament_cmake_python_build_robot_arm_interfaces_egg
[0.394s] Invoked command in '/home/user/workspace/pyrobot/moveit_docker_activate/build/robot_arm_interfaces' returned '0': CMAKE_PREFIX_PATH=${CMAKE_PREFIX_PATH}:/home/user/workspace/pyrobot/moveit_docker_activate/install/robot_description_version2:/home/user/workspace/pyrobot/moveit_docker_activate/install/robot_description:/home/user/workspace/pyrobot/moveit_docker_activate/install/pros_car_py:/home/user/workspace/ws_moveit2/install/moveit_configs_utils:/home/user/workspace/ws_moveit2/install/launch_param_builder:/opt/ros/humble /usr/bin/cmake --build /home/user/workspace/pyrobot/moveit_docker_activate/build/robot_arm_interfaces -- -j16 -l16
[0.449s] Invoking command in '/home/user/workspace/pyrobot/moveit_docker_activate/build/robot_arm_interfaces': CMAKE_PREFIX_PATH=${CMAKE_PREFIX_PATH}:/home/user/workspace/pyrobot/moveit_docker_activate/install/robot_description_version2:/home/user/workspace/pyrobot/moveit_docker_activate/install/robot_description:/home/user/workspace/pyrobot/moveit_docker_activate/install/pros_car_py:/home/user/workspace/ws_moveit2/install/moveit_configs_utils:/home/user/workspace/ws_moveit2/install/launch_param_builder:/opt/ros/humble /usr/bin/cmake --install /home/user/workspace/pyrobot/moveit_docker_activate/build/robot_arm_interfaces
[0.454s] -- Install configuration: ""
[0.455s] -- Up-to-date: /home/user/workspace/pyrobot/moveit_docker_activate/install/robot_arm_interfaces/share/ament_index/resource_index/rosidl_interfaces/robot_arm_interfaces
[0.455s] -- Up-to-date: /home/user/workspace/pyrobot/moveit_docker_activate/install/robot_arm_interfaces/include/robot_arm_interfaces/robot_arm_interfaces
[0.455s] -- Up-to-date: /home/user/workspace/pyrobot/moveit_docker_activate/install/robot_arm_interfaces/include/robot_arm_interfaces/robot_arm_interfaces/srv
[0.455s] -- Up-to-date: /home/user/workspace/pyrobot/moveit_docker_activate/install/robot_arm_interfaces/include/robot_arm_interfaces/robot_arm_interfaces/srv/detail
[0.455s] -- Up-to-date: /home/user/workspace/pyrobot/moveit_docker_activate/install/robot_arm_interfaces/include/robot_arm_interfaces/robot_arm_interfaces/srv/detail/solve_ik__type_support.h
[0.455s] -- Up-to-date: /home/user/workspace/pyrobot/moveit_docker_activate/install/robot_arm_interfaces/include/robot_arm_interfaces/robot_arm_interfaces/srv/detail/solve_ik__struct.h
[0.456s] -- Up-to-date: /home/user/workspace/pyrobot/moveit_docker_activate/install/robot_arm_interfaces/include/robot_arm_interfaces/robot_arm_interfaces/srv/detail/solve_ik__functions.h
[0.456s] -- Up-to-date: /home/user/workspace/pyrobot/moveit_docker_activate/install/robot_arm_interfaces/include/robot_arm_interfaces/robot_arm_interfaces/srv/detail/solve_ik__functions.c
[0.456s] -- Up-to-date: /home/user/workspace/pyrobot/moveit_docker_activate/install/robot_arm_interfaces/include/robot_arm_interfaces/robot_arm_interfaces/srv/solve_ik.h
[0.456s] -- Up-to-date: /home/user/workspace/pyrobot/moveit_docker_activate/install/robot_arm_interfaces/include/robot_arm_interfaces/robot_arm_interfaces/msg
[0.456s] -- Up-to-date: /home/user/workspace/pyrobot/moveit_docker_activate/install/robot_arm_interfaces/include/robot_arm_interfaces/robot_arm_interfaces/msg/rosidl_generator_c__visibility_control.h
[0.457s] -- Up-to-date: /home/user/workspace/pyrobot/moveit_docker_activate/install/robot_arm_interfaces/share/robot_arm_interfaces/environment/library_path.sh
[0.457s] -- Up-to-date: /home/user/workspace/pyrobot/moveit_docker_activate/install/robot_arm_interfaces/share/robot_arm_interfaces/environment/library_path.dsv
[0.457s] -- Up-to-date: /home/user/workspace/pyrobot/moveit_docker_activate/install/robot_arm_interfaces/lib/librobot_arm_interfaces__rosidl_generator_c.so
[0.457s] -- Up-to-date: /home/user/workspace/pyrobot/moveit_docker_activate/install/robot_arm_interfaces/include/robot_arm_interfaces/robot_arm_interfaces
[0.457s] -- Up-to-date: /home/user/workspace/pyrobot/moveit_docker_activate/install/robot_arm_interfaces/include/robot_arm_interfaces/robot_arm_interfaces/srv
[0.457s] -- Up-to-date: /home/user/workspace/pyrobot/moveit_docker_activate/install/robot_arm_interfaces/include/robot_arm_interfaces/robot_arm_interfaces/srv/detail
[0.457s] -- Up-to-date: /home/user/workspace/pyrobot/moveit_docker_activate/install/robot_arm_interfaces/include/robot_arm_interfaces/robot_arm_interfaces/srv/detail/solve_ik__rosidl_typesupport_fastrtps_c.h
[0.458s] -- Up-to-date: /home/user/workspace/pyrobot/moveit_docker_activate/install/robot_arm_interfaces/include/robot_arm_interfaces/robot_arm_interfaces/msg
[0.458s] -- Up-to-date: /home/user/workspace/pyrobot/moveit_docker_activate/install/robot_arm_interfaces/include/robot_arm_interfaces/robot_arm_interfaces/msg/rosidl_typesupport_fastrtps_c__visibility_control.h
[0.459s] -- Up-to-date: /home/user/workspace/pyrobot/moveit_docker_activate/install/robot_arm_interfaces/lib/librobot_arm_interfaces__rosidl_typesupport_fastrtps_c.so
[0.459s] -- Up-to-date: /home/user/workspace/pyrobot/moveit_docker_activate/install/robot_arm_interfaces/include/robot_arm_interfaces/robot_arm_interfaces
[0.459s] -- Up-to-date: /home/user/workspace/pyrobot/moveit_docker_activate/install/robot_arm_interfaces/include/robot_arm_interfaces/robot_arm_interfaces/srv
[0.459s] -- Up-to-date: /home/user/workspace/pyrobot/moveit_docker_activate/install/robot_arm_interfaces/include/robot_arm_interfaces/robot_arm_interfaces/srv/detail
[0.460s] -- Up-to-date: /home/user/workspace/pyrobot/moveit_docker_activate/install/robot_arm_interfaces/include/robot_arm_interfaces/robot_arm_interfaces/srv/detail/solve_ik__type_support.c
[0.460s] -- Up-to-date: /home/user/workspace/pyrobot/moveit_docker_activate/install/robot_arm_interfaces/include/robot_arm_interfaces/robot_arm_interfaces/srv/detail/solve_ik__rosidl_typesupport_introspection_c.h
[0.460s] -- Up-to-date: /home/user/workspace/pyrobot/moveit_docker_activate/install/robot_arm_interfaces/include/robot_arm_interfaces/robot_arm_interfaces/msg
[0.461s] -- Up-to-date: /home/user/workspace/pyrobot/moveit_docker_activate/install/robot_arm_interfaces/include/robot_arm_interfaces/robot_arm_interfaces/msg/rosidl_typesupport_introspection_c__visibility_control.h
[0.461s] -- Up-to-date: /home/user/workspace/pyrobot/moveit_docker_activate/install/robot_arm_interfaces/lib/librobot_arm_interfaces__rosidl_typesupport_introspection_c.so
[0.461s] -- Up-to-date: /home/user/workspace/pyrobot/moveit_docker_activate/install/robot_arm_interfaces/lib/librobot_arm_interfaces__rosidl_typesupport_c.so
[0.461s] -- Up-to-date: /home/user/workspace/pyrobot/moveit_docker_activate/install/robot_arm_interfaces/include/robot_arm_interfaces/robot_arm_interfaces
[0.461s] -- Up-to-date: /home/user/workspace/pyrobot/moveit_docker_activate/install/robot_arm_interfaces/include/robot_arm_interfaces/robot_arm_interfaces/srv
[0.461s] -- Up-to-date: /home/user/workspace/pyrobot/moveit_docker_activate/install/robot_arm_interfaces/include/robot_arm_interfaces/robot_arm_interfaces/srv/detail
[0.461s] -- Up-to-date: /home/user/workspace/pyrobot/moveit_docker_activate/install/robot_arm_interfaces/include/robot_arm_interfaces/robot_arm_interfaces/srv/detail/solve_ik__struct.hpp
[0.461s] -- Up-to-date: /home/user/workspace/pyrobot/moveit_docker_activate/install/robot_arm_interfaces/include/robot_arm_interfaces/robot_arm_interfaces/srv/detail/solve_ik__builder.hpp
[0.462s] -- Up-to-date: /home/user/workspace/pyrobot/moveit_docker_activate/install/robot_arm_interfaces/include/robot_arm_interfaces/robot_arm_interfaces/srv/detail/solve_ik__traits.hpp
[0.462s] -- Up-to-date: /home/user/workspace/pyrobot/moveit_docker_activate/install/robot_arm_interfaces/include/robot_arm_interfaces/robot_arm_interfaces/srv/solve_ik.hpp
[0.462s] -- Up-to-date: /home/user/workspace/pyrobot/moveit_docker_activate/install/robot_arm_interfaces/include/robot_arm_interfaces/robot_arm_interfaces
[0.462s] -- Up-to-date: /home/user/workspace/pyrobot/moveit_docker_activate/install/robot_arm_interfaces/include/robot_arm_interfaces/robot_arm_interfaces/srv
[0.462s] -- Up-to-date: /home/user/workspace/pyrobot/moveit_docker_activate/install/robot_arm_interfaces/include/robot_arm_interfaces/robot_arm_interfaces/srv/detail
[0.462s] -- Up-to-date: /home/user/workspace/pyrobot/moveit_docker_activate/install/robot_arm_interfaces/include/robot_arm_interfaces/robot_arm_interfaces/srv/detail/solve_ik__rosidl_typesupport_fastrtps_cpp.hpp
[0.463s] -- Up-to-date: /home/user/workspace/pyrobot/moveit_docker_activate/install/robot_arm_interfaces/include/robot_arm_interfaces/robot_arm_interfaces/srv/detail/dds_fastrtps
[0.463s] -- Up-to-date: /home/user/workspace/pyrobot/moveit_docker_activate/install/robot_arm_interfaces/include/robot_arm_interfaces/robot_arm_interfaces/msg
[0.463s] -- Up-to-date: /home/user/workspace/pyrobot/moveit_docker_activate/install/robot_arm_interfaces/include/robot_arm_interfaces/robot_arm_interfaces/msg/rosidl_typesupport_fastrtps_cpp__visibility_control.h
[0.463s] -- Up-to-date: /home/user/workspace/pyrobot/moveit_docker_activate/install/robot_arm_interfaces/lib/librobot_arm_interfaces__rosidl_typesupport_fastrtps_cpp.so
[0.463s] -- Up-to-date: /home/user/workspace/pyrobot/moveit_docker_activate/install/robot_arm_interfaces/include/robot_arm_interfaces/robot_arm_interfaces
[0.463s] -- Up-to-date: /home/user/workspace/pyrobot/moveit_docker_activate/install/robot_arm_interfaces/include/robot_arm_interfaces/robot_arm_interfaces/srv
[0.463s] -- Up-to-date: /home/user/workspace/pyrobot/moveit_docker_activate/install/robot_arm_interfaces/include/robot_arm_interfaces/robot_arm_interfaces/srv/detail
[0.464s] -- Up-to-date: /home/user/workspace/pyrobot/moveit_docker_activate/install/robot_arm_interfaces/include/robot_arm_interfaces/robot_arm_interfaces/srv/detail/solve_ik__type_support.cpp
[0.464s] -- Up-to-date: /home/user/workspace/pyrobot/moveit_docker_activate/install/robot_arm_interfaces/include/robot_arm_interfaces/robot_arm_interfaces/srv/detail/solve_ik__rosidl_typesupport_introspection_cpp.hpp
[0.464s] -- Up-to-date: /home/user/workspace/pyrobot/moveit_docker_activate/install/robot_arm_interfaces/lib/librobot_arm_interfaces__rosidl_typesupport_introspection_cpp.so
[0.464s] -- Up-to-date: /home/user/workspace/pyrobot/moveit_docker_activate/install/robot_arm_interfaces/lib/librobot_arm_interfaces__rosidl_typesupport_cpp.so
[0.464s] -- Up-to-date: /home/user/workspace/pyrobot/moveit_docker_activate/install/robot_arm_interfaces/share/robot_arm_interfaces/environment/pythonpath.sh
[0.464s] -- Up-to-date: /home/user/workspace/pyrobot/moveit_docker_activate/install/robot_arm_interfaces/share/robot_arm_interfaces/environment/pythonpath.dsv
[0.465s] -- Up-to-date: /home/user/workspace/pyrobot/moveit_docker_activate/install/robot_arm_interfaces/local/lib/python3.10/dist-packages/robot_arm_interfaces-0.0.0-py3.10.egg-info
[0.465s] -- Installing: /home/user/workspace/pyrobot/moveit_docker_activate/install/robot_arm_interfaces/local/lib/python3.10/dist-packages/robot_arm_interfaces-0.0.0-py3.10.egg-info/dependency_links.txt
[0.465s] -- Installing: /home/user/workspace/pyrobot/moveit_docker_activate/install/robot_arm_interfaces/local/lib/python3.10/dist-packages/robot_arm_interfaces-0.0.0-py3.10.egg-info/top_level.txt
[0.465s] -- Installing: /home/user/workspace/pyrobot/moveit_docker_activate/install/robot_arm_interfaces/local/lib/python3.10/dist-packages/robot_arm_interfaces-0.0.0-py3.10.egg-info/SOURCES.txt
[0.465s] -- Installing: /home/user/workspace/pyrobot/moveit_docker_activate/install/robot_arm_interfaces/local/lib/python3.10/dist-packages/robot_arm_interfaces-0.0.0-py3.10.egg-info/PKG-INFO
[0.465s] -- Up-to-date: /home/user/workspace/pyrobot/moveit_docker_activate/install/robot_arm_interfaces/local/lib/python3.10/dist-packages/robot_arm_interfaces
[0.465s] -- Up-to-date: /home/user/workspace/pyrobot/moveit_docker_activate/install/robot_arm_interfaces/local/lib/python3.10/dist-packages/robot_arm_interfaces/srv
[0.465s] -- Up-to-date: /home/user/workspace/pyrobot/moveit_docker_activate/install/robot_arm_interfaces/local/lib/python3.10/dist-packages/robot_arm_interfaces/srv/__init__.py
[0.465s] -- Up-to-date: /home/user/workspace/pyrobot/moveit_docker_activate/install/robot_arm_interfaces/local/lib/python3.10/dist-packages/robot_arm_interfaces/srv/_solve_ik.py
[0.466s] -- Up-to-date: /home/user/workspace/pyrobot/moveit_docker_activate/install/robot_arm_interfaces/local/lib/python3.10/dist-packages/robot_arm_interfaces/srv/_solve_ik_s.c
[0.466s] -- Up-to-date: /home/user/workspace/pyrobot/moveit_docker_activate/install/robot_arm_interfaces/local/lib/python3.10/dist-packages/robot_arm_interfaces/robot_arm_interfaces_s__rosidl_typesupport_fastrtps_c.cpython-310-x86_64-linux-gnu.so
[0.466s] -- Up-to-date: /home/user/workspace/pyrobot/moveit_docker_activate/install/robot_arm_interfaces/local/lib/python3.10/dist-packages/robot_arm_interfaces/_robot_arm_interfaces_s.ep.rosidl_typesupport_c.c
[0.466s] -- Up-to-date: /home/user/workspace/pyrobot/moveit_docker_activate/install/robot_arm_interfaces/local/lib/python3.10/dist-packages/robot_arm_interfaces/_robot_arm_interfaces_s.ep.rosidl_typesupport_fastrtps_c.c
[0.466s] -- Up-to-date: /home/user/workspace/pyrobot/moveit_docker_activate/install/robot_arm_interfaces/local/lib/python3.10/dist-packages/robot_arm_interfaces/librobot_arm_interfaces__rosidl_generator_py.so
[0.466s] -- Up-to-date: /home/user/workspace/pyrobot/moveit_docker_activate/install/robot_arm_interfaces/local/lib/python3.10/dist-packages/robot_arm_interfaces/robot_arm_interfaces_s__rosidl_typesupport_introspection_c.cpython-310-x86_64-linux-gnu.so
[0.466s] -- Up-to-date: /home/user/workspace/pyrobot/moveit_docker_activate/install/robot_arm_interfaces/local/lib/python3.10/dist-packages/robot_arm_interfaces/__init__.py
[0.466s] -- Up-to-date: /home/user/workspace/pyrobot/moveit_docker_activate/install/robot_arm_interfaces/local/lib/python3.10/dist-packages/robot_arm_interfaces/robot_arm_interfaces_s__rosidl_typesupport_c.cpython-310-x86_64-linux-gnu.so
[0.466s] -- Up-to-date: /home/user/workspace/pyrobot/moveit_docker_activate/install/robot_arm_interfaces/local/lib/python3.10/dist-packages/robot_arm_interfaces/_robot_arm_interfaces_s.ep.rosidl_typesupport_introspection_c.c
[0.491s] Listing '/home/user/workspace/pyrobot/moveit_docker_activate/install/robot_arm_interfaces/local/lib/python3.10/dist-packages/robot_arm_interfaces'...
[0.491s] Listing '/home/user/workspace/pyrobot/moveit_docker_activate/install/robot_arm_interfaces/local/lib/python3.10/dist-packages/robot_arm_interfaces/srv'...
[0.494s] -- Up-to-date: /home/user/workspace/pyrobot/moveit_docker_activate/install/robot_arm_interfaces/local/lib/python3.10/dist-packages/robot_arm_interfaces/robot_arm_interfaces_s__rosidl_typesupport_fastrtps_c.cpython-310-x86_64-linux-gnu.so
[0.495s] -- Up-to-date: /home/user/workspace/pyrobot/moveit_docker_activate/install/robot_arm_interfaces/local/lib/python3.10/dist-packages/robot_arm_interfaces/robot_arm_interfaces_s__rosidl_typesupport_introspection_c.cpython-310-x86_64-linux-gnu.so
[0.496s] -- Up-to-date: /home/user/workspace/pyrobot/moveit_docker_activate/install/robot_arm_interfaces/local/lib/python3.10/dist-packages/robot_arm_interfaces/robot_arm_interfaces_s__rosidl_typesupport_c.cpython-310-x86_64-linux-gnu.so
[0.496s] -- Up-to-date: /home/user/workspace/pyrobot/moveit_docker_activate/install/robot_arm_interfaces/lib/librobot_arm_interfaces__rosidl_generator_py.so
[0.496s] -- Up-to-date: /home/user/workspace/pyrobot/moveit_docker_activate/install/robot_arm_interfaces/share/robot_arm_interfaces/srv/SolveIK.idl
[0.496s] -- Up-to-date: /home/user/workspace/pyrobot/moveit_docker_activate/install/robot_arm_interfaces/share/robot_arm_interfaces/srv/SolveIK.srv
[0.496s] -- Up-to-date: /home/user/workspace/pyrobot/moveit_docker_activate/install/robot_arm_interfaces/share/robot_arm_interfaces/srv/SolveIK_Request.msg
[0.496s] -- Up-to-date: /home/user/workspace/pyrobot/moveit_docker_activate/install/robot_arm_interfaces/share/robot_arm_interfaces/srv/SolveIK_Response.msg
[0.497s] -- Up-to-date: /home/user/workspace/pyrobot/moveit_docker_activate/install/robot_arm_interfaces/share/ament_index/resource_index/package_run_dependencies/robot_arm_interfaces
[0.497s] -- Up-to-date: /home/user/workspace/pyrobot/moveit_docker_activate/install/robot_arm_interfaces/share/ament_index/resource_index/parent_prefix_path/robot_arm_interfaces
[0.497s] -- Up-to-date: /home/user/workspace/pyrobot/moveit_docker_activate/install/robot_arm_interfaces/share/robot_arm_interfaces/environment/ament_prefix_path.sh
[0.497s] -- Up-to-date: /home/user/workspace/pyrobot/moveit_docker_activate/install/robot_arm_interfaces/share/robot_arm_interfaces/environment/ament_prefix_path.dsv
[0.497s] -- Up-to-date: /home/user/workspace/pyrobot/moveit_docker_activate/install/robot_arm_interfaces/share/robot_arm_interfaces/environment/path.sh
[0.497s] -- Up-to-date: /home/user/workspace/pyrobot/moveit_docker_activate/install/robot_arm_interfaces/share/robot_arm_interfaces/environment/path.dsv
[0.497s] -- Up-to-date: /home/user/workspace/pyrobot/moveit_docker_activate/install/robot_arm_interfaces/share/robot_arm_interfaces/local_setup.bash
[0.497s] -- Up-to-date: /home/user/workspace/pyrobot/moveit_docker_activate/install/robot_arm_interfaces/share/robot_arm_interfaces/local_setup.sh
[0.497s] -- Up-to-date: /home/user/workspace/pyrobot/moveit_docker_activate/install/robot_arm_interfaces/share/robot_arm_interfaces/local_setup.zsh
[0.497s] -- Up-to-date: /home/user/workspace/pyrobot/moveit_docker_activate/install/robot_arm_interfaces/share/robot_arm_interfaces/local_setup.dsv
[0.497s] -- Installing: /home/user/workspace/pyrobot/moveit_docker_activate/install/robot_arm_interfaces/share/robot_arm_interfaces/package.dsv
[0.497s] -- Up-to-date: /home/user/workspace/pyrobot/moveit_docker_activate/install/robot_arm_interfaces/share/ament_index/resource_index/packages/robot_arm_interfaces
[0.497s] -- Up-to-date: /home/user/workspace/pyrobot/moveit_docker_activate/install/robot_arm_interfaces/share/robot_arm_interfaces/cmake/export_robot_arm_interfaces__rosidl_generator_cExport.cmake
[0.498s] -- Up-to-date: /home/user/workspace/pyrobot/moveit_docker_activate/install/robot_arm_interfaces/share/robot_arm_interfaces/cmake/export_robot_arm_interfaces__rosidl_generator_cExport-noconfig.cmake
[0.498s] -- Up-to-date: /home/user/workspace/pyrobot/moveit_docker_activate/install/robot_arm_interfaces/share/robot_arm_interfaces/cmake/export_robot_arm_interfaces__rosidl_typesupport_fastrtps_cExport.cmake
[0.498s] -- Up-to-date: /home/user/workspace/pyrobot/moveit_docker_activate/install/robot_arm_interfaces/share/robot_arm_interfaces/cmake/export_robot_arm_interfaces__rosidl_typesupport_fastrtps_cExport-noconfig.cmake
[0.498s] -- Up-to-date: /home/user/workspace/pyrobot/moveit_docker_activate/install/robot_arm_interfaces/share/robot_arm_interfaces/cmake/robot_arm_interfaces__rosidl_typesupport_introspection_cExport.cmake
[0.498s] -- Up-to-date: /home/user/workspace/pyrobot/moveit_docker_activate/install/robot_arm_interfaces/share/robot_arm_interfaces/cmake/robot_arm_interfaces__rosidl_typesupport_introspection_cExport-noconfig.cmake
[0.498s] -- Up-to-date: /home/user/workspace/pyrobot/moveit_docker_activate/install/robot_arm_interfaces/share/robot_arm_interfaces/cmake/robot_arm_interfaces__rosidl_typesupport_cExport.cmake
[0.498s] -- Up-to-date: /home/user/workspace/pyrobot/moveit_docker_activate/install/robot_arm_interfaces/share/robot_arm_interfaces/cmake/robot_arm_interfaces__rosidl_typesupport_cExport-noconfig.cmake
[0.499s] -- Up-to-date: /home/user/workspace/pyrobot/moveit_docker_activate/install/robot_arm_interfaces/share/robot_arm_interfaces/cmake/export_robot_arm_interfaces__rosidl_generator_cppExport.cmake
[0.499s] -- Up-to-date: /home/user/workspace/pyrobot/moveit_docker_activate/install/robot_arm_interfaces/share/robot_arm_interfaces/cmake/export_robot_arm_interfaces__rosidl_typesupport_fastrtps_cppExport.cmake
[0.499s] -- Up-to-date: /home/user/workspace/pyrobot/moveit_docker_activate/install/robot_arm_interfaces/share/robot_arm_interfaces/cmake/export_robot_arm_interfaces__rosidl_typesupport_fastrtps_cppExport-noconfig.cmake
[0.499s] -- Up-to-date: /home/user/workspace/pyrobot/moveit_docker_activate/install/robot_arm_interfaces/share/robot_arm_interfaces/cmake/robot_arm_interfaces__rosidl_typesupport_introspection_cppExport.cmake
[0.499s] -- Up-to-date: /home/user/workspace/pyrobot/moveit_docker_activate/install/robot_arm_interfaces/share/robot_arm_interfaces/cmake/robot_arm_interfaces__rosidl_typesupport_introspection_cppExport-noconfig.cmake
[0.499s] -- Up-to-date: /home/user/workspace/pyrobot/moveit_docker_activate/install/robot_arm_interfaces/share/robot_arm_interfaces/cmake/robot_arm_interfaces__rosidl_typesupport_cppExport.cmake
[0.500s] -- Up-to-date: /home/user/workspace/pyrobot/moveit_docker_activate/install/robot_arm_interfaces/share/robot_arm_interfaces/cmake/robot_arm_interfaces__rosidl_typesupport_cppExport-noconfig.cmake
[0.500s] -- Up-to-date: /home/user/workspace/pyrobot/moveit_docker_activate/install/robot_arm_interfaces/share/robot_arm_interfaces/cmake/export_robot_arm_interfaces__rosidl_generator_pyExport.cmake
[0.500s] -- Up-to-date: /home/user/workspace/pyrobot/moveit_docker_activate/install/robot_arm_interfaces/share/robot_arm_interfaces/cmake/export_robot_arm_interfaces__rosidl_generator_pyExport-noconfig.cmake
[0.500s] -- Up-to-date: /home/user/workspace/pyrobot/moveit_docker_activate/install/robot_arm_interfaces/share/robot_arm_interfaces/cmake/rosidl_cmake-extras.cmake
[0.500s] -- Up-to-date: /home/user/workspace/pyrobot/moveit_docker_activate/install/robot_arm_interfaces/share/robot_arm_interfaces/cmake/ament_cmake_export_include_directories-extras.cmake
[0.500s] -- Up-to-date: /home/user/workspace/pyrobot/moveit_docker_activate/install/robot_arm_interfaces/share/robot_arm_interfaces/cmake/ament_cmake_export_libraries-extras.cmake
[0.500s] -- Up-to-date: /home/user/workspace/pyrobot/moveit_docker_activate/install/robot_arm_interfaces/share/robot_arm_interfaces/cmake/ament_cmake_export_targets-extras.cmake
[0.501s] -- Up-to-date: /home/user/workspace/pyrobot/moveit_docker_activate/install/robot_arm_interfaces/share/robot_arm_interfaces/cmake/rosidl_cmake_export_typesupport_targets-extras.cmake
[0.501s] -- Up-to-date: /home/user/workspace/pyrobot/moveit_docker_activate/install/robot_arm_interfaces/share/robot_arm_interfaces/cmake/ament_cmake_export_dependencies-extras.cmake
[0.501s] -- Up-to-date: /home/user/workspace/pyrobot/moveit_docker_activate/install/robot_arm_interfaces/share/robot_arm_interfaces/cmake/rosidl_cmake_export_typesupport_libraries-extras.cmake
[0.501s] -- Up-to-date: /home/user/workspace/pyrobot/moveit_docker_activate/install/robot_arm_interfaces/share/robot_arm_interfaces/cmake/robot_arm_interfacesConfig.cmake
[0.501s] -- Up-to-date: /home/user/workspace/pyrobot/moveit_docker_activate/install/robot_arm_interfaces/share/robot_arm_interfaces/cmake/robot_arm_interfacesConfig-version.cmake
[0.501s] -- Up-to-date: /home/user/workspace/pyrobot/moveit_docker_activate/install/robot_arm_interfaces/share/robot_arm_interfaces/package.xml
[0.504s] Invoked command in '/home/user/workspace/pyrobot/moveit_docker_activate/build/robot_arm_interfaces' returned '0': CMAKE_PREFIX_PATH=${CMAKE_PREFIX_PATH}:/home/user/workspace/pyrobot/moveit_docker_activate/install/robot_description_version2:/home/user/workspace/pyrobot/moveit_docker_activate/install/robot_description:/home/user/workspace/pyrobot/moveit_docker_activate/install/pros_car_py:/home/user/workspace/ws_moveit2/install/moveit_configs_utils:/home/user/workspace/ws_moveit2/install/launch_param_builder:/opt/ros/humble /usr/bin/cmake --install /home/user/workspace/pyrobot/moveit_docker_activate/build/robot_arm_interfaces
