running egg_info
writing ../../build/pros_car_py/pros_car_py.egg-info/PKG-INFO
writing dependency_links to ../../build/pros_car_py/pros_car_py.egg-info/dependency_links.txt
writing entry points to ../../build/pros_car_py/pros_car_py.egg-info/entry_points.txt
writing requirements to ../../build/pros_car_py/pros_car_py.egg-info/requires.txt
writing top-level names to ../../build/pros_car_py/pros_car_py.egg-info/top_level.txt
reading manifest file '../../build/pros_car_py/pros_car_py.egg-info/SOURCES.txt'
adding license file 'LICENSE'
writing manifest file '../../build/pros_car_py/pros_car_py.egg-info/SOURCES.txt'
running build
running build_py
running install
running install_lib
running install_data
running install_egg_info
removing '/home/user/workspace/pyrobot/moveit_docker_activate/install/pros_car_py/lib/python3.10/site-packages/pros_car_py-0.0.0-py3.10.egg-info' (and everything under it)
Copying ../../build/pros_car_py/pros_car_py.egg-info to /home/user/workspace/pyrobot/moveit_docker_activate/install/pros_car_py/lib/python3.10/site-packages/pros_car_py-0.0.0-py3.10.egg-info
running install_scripts
Installing arm_reader script to /home/user/workspace/pyrobot/moveit_docker_activate/install/pros_car_py/lib/pros_car_py
Installing arm_test script to /home/user/workspace/pyrobot/moveit_docker_activate/install/pros_car_py/lib/pros_car_py
Installing arm_writer script to /home/user/workspace/pyrobot/moveit_docker_activate/install/pros_car_py/lib/pros_car_py
Installing carC_reader script to /home/user/workspace/pyrobot/moveit_docker_activate/install/pros_car_py/lib/pros_car_py
Installing carC_writer script to /home/user/workspace/pyrobot/moveit_docker_activate/install/pros_car_py/lib/pros_car_py
Installing lidar_trans script to /home/user/workspace/pyrobot/moveit_docker_activate/install/pros_car_py/lib/pros_car_py
Installing robot_control script to /home/user/workspace/pyrobot/moveit_docker_activate/install/pros_car_py/lib/pros_car_py
writing list of installed files to '/home/user/workspace/pyrobot/moveit_docker_activate/build/pros_car_py/install.log'
