[0.021s] Invoking command in '/home/user/workspace/pyrobot/moveit_ws/build/moveit_robot_generate': /usr/bin/cmake /home/user/workspace/pyrobot/moveit_ws/src/moveit_robot_generate -DCMAKE_INSTALL_PREFIX=/home/user/workspace/pyrobot/moveit_ws/install/moveit_robot_generate
[0.201s] -- The C compiler identification is GNU 11.4.0
[0.434s] -- The CXX compiler identification is GNU 11.4.0
[0.557s] -- Detecting C compiler ABI info
[0.672s] -- Detecting C compiler ABI info - done
[0.676s] -- Check for working C compiler: /usr/bin/cc - skipped
[0.677s] -- Detecting C compile features
[0.677s] -- Detecting C compile features - done
[0.680s] -- Detecting CXX compiler ABI info
[0.778s] -- Detecting CXX compiler ABI info - done
[0.783s] -- Check for working CXX compiler: /usr/bin/c++ - skipped
[0.783s] -- Detecting CXX compile features
[0.783s] -- Detecting CXX compile features - done
[0.812s] -- Found ament_cmake: 1.3.10 (/opt/ros/humble/share/ament_cmake/cmake)
[0.929s] -- Found Python3: /usr/bin/python3 (found version "3.10.12") found components: Interpreter 
[1.076s] Error parsing '/home/user/workspace/pyrobot/moveit_ws/src/moveit_robot_generate/package.xml':
[1.126s] Traceback (most recent call last):
[1.126s]   File "/opt/ros/humble/share/ament_cmake_core/cmake/core/package_xml_2_cmake.py", line 150, in <module>
[1.126s]     main()
[1.126s]   File "/opt/ros/humble/share/ament_cmake_core/cmake/core/package_xml_2_cmake.py", line 53, in main
[1.126s]     raise e
[1.126s]   File "/opt/ros/humble/share/ament_cmake_core/cmake/core/package_xml_2_cmake.py", line 49, in main
[1.126s]     package = parse_package_string(
[1.126s]   File "/usr/lib/python3/dist-packages/catkin_pkg/package.py", line 788, in parse_package_string
[1.126s]     pkg.validate(warnings=warnings)
[1.126s]   File "/usr/lib/python3/dist-packages/catkin_pkg/package.py", line 330, in validate
[1.126s]     raise InvalidPackage('\n'.join(errors), self.filename)
[1.126s] catkin_pkg.package.InvalidPackage: Error(s) in package '/home/user/workspace/pyrobot/moveit_ws/src/moveit_robot_generate/package.xml':
[1.126s] Invalid email "" for person ""
[1.127s] Maintainers must have an email address
[1.127s] Invalid email "" for person ""
[1.137s] -- Configuring incomplete, errors occurred!
[1.137s] See also "/home/user/workspace/pyrobot/moveit_ws/build/moveit_robot_generate/CMakeFiles/CMakeOutput.log".
[1.137s] [31mCMake Error at /opt/ros/humble/share/ament_cmake_core/cmake/core/ament_package_xml.cmake:95 (message):
[1.137s]   execute_process(/usr/bin/python3
[1.137s]   /opt/ros/humble/share/ament_cmake_core/cmake/core/package_xml_2_cmake.py
[1.137s]   /home/user/workspace/pyrobot/moveit_ws/src/moveit_robot_generate/package.xml
[1.137s]   /home/user/workspace/pyrobot/moveit_ws/build/moveit_robot_generate/ament_cmake_core/package.cmake)
[1.137s]   returned error code 1
[1.137s] Call Stack (most recent call first):
[1.137s]   /opt/ros/humble/share/ament_cmake_core/cmake/core/ament_package_xml.cmake:49 (_ament_package_xml)
[1.137s]   /opt/ros/humble/share/ament_cmake_core/cmake/core/ament_package.cmake:63 (ament_package_xml)
[1.137s]   CMakeLists.txt:6 (ament_package)
[1.138s] 
[1.138s] [0m
[1.140s] Invoked command in '/home/user/workspace/pyrobot/moveit_ws/build/moveit_robot_generate' returned '1': /usr/bin/cmake /home/user/workspace/pyrobot/moveit_ws/src/moveit_robot_generate -DCMAKE_INSTALL_PREFIX=/home/user/workspace/pyrobot/moveit_ws/install/moveit_robot_generate
