[0.122s] DEBUG:colcon:Command line arguments: ['/usr/bin/colcon', 'build', '--packages-select', 'moveit_robot_generate']
[0.122s] DEBUG:colcon:Parsed command line arguments: Namespace(log_base=None, log_level=None, verb_name='build', build_base='build', install_base='install', merge_install=False, symlink_install=False, test_result_base=None, continue_on_error=False, executor='parallel', parallel_workers=16, event_handlers=None, ignore_user_meta=False, metas=['./colcon.meta'], base_paths=['.'], packages_ignore=None, packages_ignore_regex=None, paths=None, packages_up_to=None, packages_up_to_regex=None, packages_above=None, packages_above_and_dependencies=None, packages_above_depth=None, packages_select_by_dep=None, packages_skip_by_dep=None, packages_skip_up_to=None, packages_select_build_failed=False, packages_skip_build_finished=False, packages_select_test_failures=False, packages_skip_test_passed=False, packages_select=['moveit_robot_generate'], packages_skip=None, packages_select_regex=None, packages_skip_regex=None, packages_start=None, packages_end=None, allow_overriding=[], cmake_args=None, cmake_target=None, cmake_target_skip_unavailable=False, cmake_clean_cache=False, cmake_clean_first=False, cmake_force_configure=False, ament_cmake_args=None, catkin_cmake_args=None, catkin_skip_building_tests=False, mixin_files=None, mixin=None, verb_parser=<colcon_mixin.mixin.mixin_argument.MixinArgumentDecorator object at 0x7ff18d551780>, verb_extension=<colcon_core.verb.build.BuildVerb object at 0x7ff18d6c5e10>, main=<bound method BuildVerb.main of <colcon_core.verb.build.BuildVerb object at 0x7ff18d6c5e10>>, mixin_verb=('build',))
[-0.482s] Level 1:colcon.colcon_core.package_discovery:discover_packages(colcon_meta) check parameters
[-0.482s] Level 1:colcon.colcon_core.package_discovery:discover_packages(recursive) check parameters
[-0.482s] Level 1:colcon.colcon_core.package_discovery:discover_packages(ignore) check parameters
[-0.482s] Level 1:colcon.colcon_core.package_discovery:discover_packages(path) check parameters
[-0.482s] Level 1:colcon.colcon_core.package_discovery:discover_packages(colcon_meta) discover
[-0.482s] Level 1:colcon.colcon_core.package_discovery:discover_packages(recursive) discover
[-0.482s] INFO:colcon.colcon_core.package_discovery:Crawling recursively for packages in '/home/user/workspace/pyrobot/moveit_ws'
[-0.482s] Level 1:colcon.colcon_core.package_identification:_identify(.) by extensions ['ignore', 'ignore_ament_install']
[-0.482s] Level 1:colcon.colcon_core.package_identification:_identify(.) by extension 'ignore'
[-0.482s] Level 1:colcon.colcon_core.package_identification:_identify(.) by extension 'ignore_ament_install'
[-0.482s] Level 1:colcon.colcon_core.package_identification:_identify(.) by extensions ['colcon_pkg']
[-0.482s] Level 1:colcon.colcon_core.package_identification:_identify(.) by extension 'colcon_pkg'
[-0.482s] Level 1:colcon.colcon_core.package_identification:_identify(.) by extensions ['colcon_meta']
[-0.482s] Level 1:colcon.colcon_core.package_identification:_identify(.) by extension 'colcon_meta'
[-0.482s] Level 1:colcon.colcon_core.package_identification:_identify(.) by extensions ['ros']
[-0.482s] Level 1:colcon.colcon_core.package_identification:_identify(.) by extension 'ros'
[-0.474s] Level 1:colcon.colcon_core.package_identification:_identify(.) by extensions ['cmake', 'python']
[-0.474s] Level 1:colcon.colcon_core.package_identification:_identify(.) by extension 'cmake'
[-0.474s] Level 1:colcon.colcon_core.package_identification:_identify(.) by extension 'python'
[-0.474s] Level 1:colcon.colcon_core.package_identification:_identify(.) by extensions ['python_setup_py']
[-0.474s] Level 1:colcon.colcon_core.package_identification:_identify(.) by extension 'python_setup_py'
[-0.474s] Level 1:colcon.colcon_core.package_identification:_identify(build) by extensions ['ignore', 'ignore_ament_install']
[-0.474s] Level 1:colcon.colcon_core.package_identification:_identify(build) by extension 'ignore'
[-0.474s] Level 1:colcon.colcon_core.package_identification:_identify(build) ignored
[-0.474s] Level 1:colcon.colcon_core.package_identification:_identify(install) by extensions ['ignore', 'ignore_ament_install']
[-0.474s] Level 1:colcon.colcon_core.package_identification:_identify(install) by extension 'ignore'
[-0.474s] Level 1:colcon.colcon_core.package_identification:_identify(install) ignored
[-0.474s] Level 1:colcon.colcon_core.package_identification:_identify(log) by extensions ['ignore', 'ignore_ament_install']
[-0.473s] Level 1:colcon.colcon_core.package_identification:_identify(log) by extension 'ignore'
[-0.473s] Level 1:colcon.colcon_core.package_identification:_identify(log) ignored
[-0.473s] Level 1:colcon.colcon_core.package_identification:_identify(src) by extensions ['ignore', 'ignore_ament_install']
[-0.473s] Level 1:colcon.colcon_core.package_identification:_identify(src) by extension 'ignore'
[-0.473s] Level 1:colcon.colcon_core.package_identification:_identify(src) by extension 'ignore_ament_install'
[-0.473s] Level 1:colcon.colcon_core.package_identification:_identify(src) by extensions ['colcon_pkg']
[-0.473s] Level 1:colcon.colcon_core.package_identification:_identify(src) by extension 'colcon_pkg'
[-0.473s] Level 1:colcon.colcon_core.package_identification:_identify(src) by extensions ['colcon_meta']
[-0.473s] Level 1:colcon.colcon_core.package_identification:_identify(src) by extension 'colcon_meta'
[-0.473s] Level 1:colcon.colcon_core.package_identification:_identify(src) by extensions ['ros']
[-0.473s] Level 1:colcon.colcon_core.package_identification:_identify(src) by extension 'ros'
[-0.473s] Level 1:colcon.colcon_core.package_identification:_identify(src) by extensions ['cmake', 'python']
[-0.473s] Level 1:colcon.colcon_core.package_identification:_identify(src) by extension 'cmake'
[-0.473s] Level 1:colcon.colcon_core.package_identification:_identify(src) by extension 'python'
[-0.473s] Level 1:colcon.colcon_core.package_identification:_identify(src) by extensions ['python_setup_py']
[-0.473s] Level 1:colcon.colcon_core.package_identification:_identify(src) by extension 'python_setup_py'
[-0.473s] Level 1:colcon.colcon_core.package_identification:_identify(src/hello_moveit) by extensions ['ignore', 'ignore_ament_install']
[-0.473s] Level 1:colcon.colcon_core.package_identification:_identify(src/hello_moveit) by extension 'ignore'
[-0.473s] Level 1:colcon.colcon_core.package_identification:_identify(src/hello_moveit) by extension 'ignore_ament_install'
[-0.473s] Level 1:colcon.colcon_core.package_identification:_identify(src/hello_moveit) by extensions ['colcon_pkg']
[-0.473s] Level 1:colcon.colcon_core.package_identification:_identify(src/hello_moveit) by extension 'colcon_pkg'
[-0.473s] Level 1:colcon.colcon_core.package_identification:_identify(src/hello_moveit) by extensions ['colcon_meta']
[-0.473s] Level 1:colcon.colcon_core.package_identification:_identify(src/hello_moveit) by extension 'colcon_meta'
[-0.473s] Level 1:colcon.colcon_core.package_identification:_identify(src/hello_moveit) by extensions ['ros']
[-0.473s] Level 1:colcon.colcon_core.package_identification:_identify(src/hello_moveit) by extension 'ros'
[-0.466s] DEBUG:colcon.colcon_core.package_identification:Package 'src/hello_moveit' with type 'ros.ament_cmake' and name 'hello_moveit'
[-0.466s] Level 1:colcon.colcon_core.package_identification:_identify(src/moveit_robot_generate) by extensions ['ignore', 'ignore_ament_install']
[-0.466s] Level 1:colcon.colcon_core.package_identification:_identify(src/moveit_robot_generate) by extension 'ignore'
[-0.466s] Level 1:colcon.colcon_core.package_identification:_identify(src/moveit_robot_generate) by extension 'ignore_ament_install'
[-0.466s] Level 1:colcon.colcon_core.package_identification:_identify(src/moveit_robot_generate) by extensions ['colcon_pkg']
[-0.466s] Level 1:colcon.colcon_core.package_identification:_identify(src/moveit_robot_generate) by extension 'colcon_pkg'
[-0.466s] Level 1:colcon.colcon_core.package_identification:_identify(src/moveit_robot_generate) by extensions ['colcon_meta']
[-0.466s] Level 1:colcon.colcon_core.package_identification:_identify(src/moveit_robot_generate) by extension 'colcon_meta'
[-0.466s] Level 1:colcon.colcon_core.package_identification:_identify(src/moveit_robot_generate) by extensions ['ros']
[-0.465s] Level 1:colcon.colcon_core.package_identification:_identify(src/moveit_robot_generate) by extension 'ros'
[-0.465s] DEBUG:colcon.colcon_core.package_identification:Package 'src/moveit_robot_generate' with type 'ros.ament_cmake' and name 'moveit_robot_generate'
[-0.465s] Level 1:colcon.colcon_core.package_identification:_identify(src/pros_car_py) by extensions ['ignore', 'ignore_ament_install']
[-0.465s] Level 1:colcon.colcon_core.package_identification:_identify(src/pros_car_py) by extension 'ignore'
[-0.465s] Level 1:colcon.colcon_core.package_identification:_identify(src/pros_car_py) by extension 'ignore_ament_install'
[-0.465s] Level 1:colcon.colcon_core.package_identification:_identify(src/pros_car_py) by extensions ['colcon_pkg']
[-0.465s] Level 1:colcon.colcon_core.package_identification:_identify(src/pros_car_py) by extension 'colcon_pkg'
[-0.465s] Level 1:colcon.colcon_core.package_identification:_identify(src/pros_car_py) by extensions ['colcon_meta']
[-0.465s] Level 1:colcon.colcon_core.package_identification:_identify(src/pros_car_py) by extension 'colcon_meta'
[-0.465s] Level 1:colcon.colcon_core.package_identification:_identify(src/pros_car_py) by extensions ['ros']
[-0.464s] Level 1:colcon.colcon_core.package_identification:_identify(src/pros_car_py) by extension 'ros'
[-0.464s] DEBUG:colcon.colcon_core.package_identification:Package 'src/pros_car_py' with type 'ros.ament_python' and name 'pros_car_py'
[-0.464s] Level 1:colcon.colcon_core.package_discovery:discover_packages(recursive) using defaults
[-0.464s] Level 1:colcon.colcon_core.package_discovery:discover_packages(ignore) discover
[-0.464s] Level 1:colcon.colcon_core.package_discovery:discover_packages(ignore) using defaults
[-0.464s] Level 1:colcon.colcon_core.package_discovery:discover_packages(path) discover
[-0.464s] Level 1:colcon.colcon_core.package_discovery:discover_packages(path) using defaults
[-0.439s] INFO:colcon.colcon_core.package_selection:Skipping not selected package 'hello_moveit' in 'src/hello_moveit'
[-0.439s] INFO:colcon.colcon_core.package_selection:Skipping not selected package 'pros_car_py' in 'src/pros_car_py'
[-0.438s] Level 1:colcon.colcon_core.package_discovery:discover_packages(prefix_path) check parameters
[-0.438s] Level 1:colcon.colcon_core.package_discovery:discover_packages(prefix_path) discover
[-0.436s] WARNING:colcon.colcon_core.prefix_path.colcon:The path '/home/user/workspace/pyrobot/moveit2_ws/install' in the environment variable COLCON_PREFIX_PATH doesn't exist
[-0.435s] WARNING:colcon.colcon_ros.prefix_path.ament:The path '/home/user/workspace/pyrobot/moveit2_ws/install/pilz_industrial_motion_planner_testutils' in the environment variable AMENT_PREFIX_PATH doesn't exist
[-0.435s] WARNING:colcon.colcon_ros.prefix_path.ament:The path '/home/user/workspace/pyrobot/moveit2_ws/install/moveit_ros_control_interface' in the environment variable AMENT_PREFIX_PATH doesn't exist
[-0.435s] WARNING:colcon.colcon_ros.prefix_path.ament:The path '/home/user/workspace/pyrobot/moveit2_ws/install/moveit_plugins' in the environment variable AMENT_PREFIX_PATH doesn't exist
[-0.435s] WARNING:colcon.colcon_ros.prefix_path.ament:The path '/home/user/workspace/pyrobot/moveit2_ws/install/moveit_simple_controller_manager' in the environment variable AMENT_PREFIX_PATH doesn't exist
[-0.435s] WARNING:colcon.colcon_ros.prefix_path.ament:The path '/home/user/workspace/pyrobot/moveit2_ws/install/moveit_ros_planning' in the environment variable AMENT_PREFIX_PATH doesn't exist
[-0.435s] WARNING:colcon.colcon_ros.prefix_path.ament:The path '/home/user/workspace/pyrobot/moveit2_ws/install/moveit_ros_occupancy_map_monitor' in the environment variable AMENT_PREFIX_PATH doesn't exist
[-0.435s] WARNING:colcon.colcon_ros.prefix_path.ament:The path '/home/user/workspace/pyrobot/moveit2_ws/install/moveit_resources_prbt_ikfast_manipulator_plugin' in the environment variable AMENT_PREFIX_PATH doesn't exist
[-0.435s] WARNING:colcon.colcon_ros.prefix_path.ament:The path '/home/user/workspace/pyrobot/moveit2_ws/install/moveit_planners_chomp' in the environment variable AMENT_PREFIX_PATH doesn't exist
[-0.435s] WARNING:colcon.colcon_ros.prefix_path.ament:The path '/home/user/workspace/pyrobot/moveit2_ws/install/moveit_chomp_optimizer_adapter' in the environment variable AMENT_PREFIX_PATH doesn't exist
[-0.435s] WARNING:colcon.colcon_ros.prefix_path.ament:The path '/home/user/workspace/pyrobot/moveit2_ws/install/chomp_motion_planner' in the environment variable AMENT_PREFIX_PATH doesn't exist
[-0.435s] WARNING:colcon.colcon_ros.prefix_path.ament:The path '/home/user/workspace/pyrobot/moveit2_ws/install/moveit_core' in the environment variable AMENT_PREFIX_PATH doesn't exist
[-0.435s] WARNING:colcon.colcon_ros.prefix_path.ament:The path '/home/user/workspace/pyrobot/moveit2_ws/install/generate_parameter_module_example' in the environment variable AMENT_PREFIX_PATH doesn't exist
[-0.435s] WARNING:colcon.colcon_ros.prefix_path.ament:The path '/home/user/workspace/pyrobot/moveit2_ws/install/generate_parameter_library_example' in the environment variable AMENT_PREFIX_PATH doesn't exist
[-0.435s] WARNING:colcon.colcon_ros.prefix_path.ament:The path '/home/user/workspace/pyrobot/moveit2_ws/install/cmake_generate_parameter_module_example' in the environment variable AMENT_PREFIX_PATH doesn't exist
[-0.435s] WARNING:colcon.colcon_ros.prefix_path.ament:The path '/home/user/workspace/pyrobot/moveit2_ws/install/generate_parameter_library' in the environment variable AMENT_PREFIX_PATH doesn't exist
[-0.435s] WARNING:colcon.colcon_ros.prefix_path.ament:The path '/home/user/workspace/pyrobot/moveit2_ws/install/parameter_traits' in the environment variable AMENT_PREFIX_PATH doesn't exist
[-0.435s] WARNING:colcon.colcon_ros.prefix_path.ament:The path '/home/user/workspace/pyrobot/moveit2_ws/install/moveit_resources_prbt_support' in the environment variable AMENT_PREFIX_PATH doesn't exist
[-0.435s] WARNING:colcon.colcon_ros.prefix_path.ament:The path '/home/user/workspace/pyrobot/moveit2_ws/install/moveit_resources' in the environment variable AMENT_PREFIX_PATH doesn't exist
[-0.435s] WARNING:colcon.colcon_ros.prefix_path.ament:The path '/home/user/workspace/pyrobot/moveit2_ws/install/moveit_resources_pr2_description' in the environment variable AMENT_PREFIX_PATH doesn't exist
[-0.435s] WARNING:colcon.colcon_ros.prefix_path.ament:The path '/home/user/workspace/pyrobot/moveit2_ws/install/moveit_resources_panda_moveit_config' in the environment variable AMENT_PREFIX_PATH doesn't exist
[-0.435s] WARNING:colcon.colcon_ros.prefix_path.ament:The path '/home/user/workspace/pyrobot/moveit2_ws/install/moveit_resources_panda_description' in the environment variable AMENT_PREFIX_PATH doesn't exist
[-0.435s] WARNING:colcon.colcon_ros.prefix_path.ament:The path '/home/user/workspace/pyrobot/moveit2_ws/install/moveit_resources_fanuc_moveit_config' in the environment variable AMENT_PREFIX_PATH doesn't exist
[-0.435s] WARNING:colcon.colcon_ros.prefix_path.ament:The path '/home/user/workspace/pyrobot/moveit2_ws/install/moveit_resources_fanuc_description' in the environment variable AMENT_PREFIX_PATH doesn't exist
[-0.435s] WARNING:colcon.colcon_ros.prefix_path.ament:The path '/home/user/workspace/pyrobot/moveit2_ws/install/moveit_msgs' in the environment variable AMENT_PREFIX_PATH doesn't exist
[-0.435s] WARNING:colcon.colcon_ros.prefix_path.ament:The path '/home/user/workspace/pyrobot/moveit2_ws/install/moveit_configs_utils' in the environment variable AMENT_PREFIX_PATH doesn't exist
[-0.435s] WARNING:colcon.colcon_ros.prefix_path.ament:The path '/home/user/workspace/pyrobot/moveit2_ws/install/moveit_common' in the environment variable AMENT_PREFIX_PATH doesn't exist
[-0.434s] WARNING:colcon.colcon_ros.prefix_path.ament:The path '/home/user/workspace/pyrobot/moveit2_ws/install/generate_parameter_library_py' in the environment variable AMENT_PREFIX_PATH doesn't exist
[-0.424s] WARNING:colcon.colcon_ros.prefix_path.catkin:The path '/home/user/workspace/pyrobot/moveit2_ws/install/pilz_industrial_motion_planner_testutils' in the environment variable CMAKE_PREFIX_PATH doesn't exist
[-0.424s] WARNING:colcon.colcon_ros.prefix_path.catkin:The path '/home/user/workspace/pyrobot/moveit2_ws/install/moveit_ros_control_interface' in the environment variable CMAKE_PREFIX_PATH doesn't exist
[-0.424s] WARNING:colcon.colcon_ros.prefix_path.catkin:The path '/home/user/workspace/pyrobot/moveit2_ws/install/moveit_plugins' in the environment variable CMAKE_PREFIX_PATH doesn't exist
[-0.424s] WARNING:colcon.colcon_ros.prefix_path.catkin:The path '/home/user/workspace/pyrobot/moveit2_ws/install/moveit_simple_controller_manager' in the environment variable CMAKE_PREFIX_PATH doesn't exist
[-0.424s] WARNING:colcon.colcon_ros.prefix_path.catkin:The path '/home/user/workspace/pyrobot/moveit2_ws/install/moveit_ros_planning' in the environment variable CMAKE_PREFIX_PATH doesn't exist
[-0.424s] WARNING:colcon.colcon_ros.prefix_path.catkin:The path '/home/user/workspace/pyrobot/moveit2_ws/install/moveit_ros_occupancy_map_monitor' in the environment variable CMAKE_PREFIX_PATH doesn't exist
[-0.424s] WARNING:colcon.colcon_ros.prefix_path.catkin:The path '/home/user/workspace/pyrobot/moveit2_ws/install/moveit_resources_prbt_ikfast_manipulator_plugin' in the environment variable CMAKE_PREFIX_PATH doesn't exist
[-0.424s] WARNING:colcon.colcon_ros.prefix_path.catkin:The path '/home/user/workspace/pyrobot/moveit2_ws/install/moveit_planners_chomp' in the environment variable CMAKE_PREFIX_PATH doesn't exist
[-0.424s] WARNING:colcon.colcon_ros.prefix_path.catkin:The path '/home/user/workspace/pyrobot/moveit2_ws/install/moveit_chomp_optimizer_adapter' in the environment variable CMAKE_PREFIX_PATH doesn't exist
[-0.424s] WARNING:colcon.colcon_ros.prefix_path.catkin:The path '/home/user/workspace/pyrobot/moveit2_ws/install/chomp_motion_planner' in the environment variable CMAKE_PREFIX_PATH doesn't exist
[-0.424s] WARNING:colcon.colcon_ros.prefix_path.catkin:The path '/home/user/workspace/pyrobot/moveit2_ws/install/moveit_core' in the environment variable CMAKE_PREFIX_PATH doesn't exist
[-0.424s] WARNING:colcon.colcon_ros.prefix_path.catkin:The path '/home/user/workspace/pyrobot/moveit2_ws/install/generate_parameter_library_example' in the environment variable CMAKE_PREFIX_PATH doesn't exist
[-0.423s] WARNING:colcon.colcon_ros.prefix_path.catkin:The path '/home/user/workspace/pyrobot/moveit2_ws/install/cmake_generate_parameter_module_example' in the environment variable CMAKE_PREFIX_PATH doesn't exist
[-0.423s] WARNING:colcon.colcon_ros.prefix_path.catkin:The path '/home/user/workspace/pyrobot/moveit2_ws/install/generate_parameter_library' in the environment variable CMAKE_PREFIX_PATH doesn't exist
[-0.423s] WARNING:colcon.colcon_ros.prefix_path.catkin:The path '/home/user/workspace/pyrobot/moveit2_ws/install/parameter_traits' in the environment variable CMAKE_PREFIX_PATH doesn't exist
[-0.423s] WARNING:colcon.colcon_ros.prefix_path.catkin:The path '/home/user/workspace/pyrobot/moveit2_ws/install/moveit_resources_prbt_support' in the environment variable CMAKE_PREFIX_PATH doesn't exist
[-0.423s] WARNING:colcon.colcon_ros.prefix_path.catkin:The path '/home/user/workspace/pyrobot/moveit2_ws/install/moveit_resources' in the environment variable CMAKE_PREFIX_PATH doesn't exist
[-0.423s] WARNING:colcon.colcon_ros.prefix_path.catkin:The path '/home/user/workspace/pyrobot/moveit2_ws/install/moveit_resources_pr2_description' in the environment variable CMAKE_PREFIX_PATH doesn't exist
[-0.423s] WARNING:colcon.colcon_ros.prefix_path.catkin:The path '/home/user/workspace/pyrobot/moveit2_ws/install/moveit_resources_panda_moveit_config' in the environment variable CMAKE_PREFIX_PATH doesn't exist
[-0.423s] WARNING:colcon.colcon_ros.prefix_path.catkin:The path '/home/user/workspace/pyrobot/moveit2_ws/install/moveit_resources_panda_description' in the environment variable CMAKE_PREFIX_PATH doesn't exist
[-0.423s] WARNING:colcon.colcon_ros.prefix_path.catkin:The path '/home/user/workspace/pyrobot/moveit2_ws/install/moveit_resources_fanuc_moveit_config' in the environment variable CMAKE_PREFIX_PATH doesn't exist
[-0.423s] WARNING:colcon.colcon_ros.prefix_path.catkin:The path '/home/user/workspace/pyrobot/moveit2_ws/install/moveit_resources_fanuc_description' in the environment variable CMAKE_PREFIX_PATH doesn't exist
[-0.423s] WARNING:colcon.colcon_ros.prefix_path.catkin:The path '/home/user/workspace/pyrobot/moveit2_ws/install/moveit_msgs' in the environment variable CMAKE_PREFIX_PATH doesn't exist
[-0.423s] WARNING:colcon.colcon_ros.prefix_path.catkin:The path '/home/user/workspace/pyrobot/moveit2_ws/install/moveit_common' in the environment variable CMAKE_PREFIX_PATH doesn't exist
[-0.422s] DEBUG:colcon.colcon_installed_package_information.package_discovery:Found 3 installed packages in /home/user/workspace/pyrobot/moveit_ws/install
[-0.421s] DEBUG:colcon.colcon_installed_package_information.package_discovery:Found 55 installed packages in /home/user/workspace/ws_moveit2/install
[-0.419s] DEBUG:colcon.colcon_installed_package_information.package_discovery:Found 368 installed packages in /opt/ros/humble
[-0.416s] Level 1:colcon.colcon_core.package_discovery:discover_packages(prefix_path) using defaults
[-0.329s] Level 5:colcon.colcon_core.verb:set package 'moveit_robot_generate' build argument 'cmake_args' from command line to 'None'
[-0.329s] Level 5:colcon.colcon_core.verb:set package 'moveit_robot_generate' build argument 'cmake_target' from command line to 'None'
[-0.329s] Level 5:colcon.colcon_core.verb:set package 'moveit_robot_generate' build argument 'cmake_target_skip_unavailable' from command line to 'False'
[-0.329s] Level 5:colcon.colcon_core.verb:set package 'moveit_robot_generate' build argument 'cmake_clean_cache' from command line to 'False'
[-0.329s] Level 5:colcon.colcon_core.verb:set package 'moveit_robot_generate' build argument 'cmake_clean_first' from command line to 'False'
[-0.329s] Level 5:colcon.colcon_core.verb:set package 'moveit_robot_generate' build argument 'cmake_force_configure' from command line to 'False'
[-0.329s] Level 5:colcon.colcon_core.verb:set package 'moveit_robot_generate' build argument 'ament_cmake_args' from command line to 'None'
[-0.329s] Level 5:colcon.colcon_core.verb:set package 'moveit_robot_generate' build argument 'catkin_cmake_args' from command line to 'None'
[-0.329s] Level 5:colcon.colcon_core.verb:set package 'moveit_robot_generate' build argument 'catkin_skip_building_tests' from command line to 'False'
[-0.329s] DEBUG:colcon.colcon_core.verb:Building package 'moveit_robot_generate' with the following arguments: {'ament_cmake_args': None, 'build_base': '/home/user/workspace/pyrobot/moveit_ws/build/moveit_robot_generate', 'catkin_cmake_args': None, 'catkin_skip_building_tests': False, 'cmake_args': None, 'cmake_clean_cache': False, 'cmake_clean_first': False, 'cmake_force_configure': False, 'cmake_target': None, 'cmake_target_skip_unavailable': False, 'install_base': '/home/user/workspace/pyrobot/moveit_ws/install/moveit_robot_generate', 'merge_install': False, 'path': '/home/user/workspace/pyrobot/moveit_ws/src/moveit_robot_generate', 'symlink_install': False, 'test_result_base': None}
[-0.328s] INFO:colcon.colcon_core.executor:Executing jobs using 'parallel' executor
[-0.328s] DEBUG:colcon.colcon_parallel_executor.executor.parallel:run_until_complete
[-0.328s] INFO:colcon.colcon_ros.task.ament_cmake.build:Building ROS package in '/home/user/workspace/pyrobot/moveit_ws/src/moveit_robot_generate' with build type 'ament_cmake'
[-0.327s] INFO:colcon.colcon_cmake.task.cmake.build:Building CMake package in '/home/user/workspace/pyrobot/moveit_ws/src/moveit_robot_generate'
[-0.324s] INFO:colcon.colcon_core.plugin_system:Skipping extension 'colcon_core.shell.bat': Not used on non-Windows systems
[-0.324s] INFO:colcon.colcon_core.shell:Skip shell extension 'powershell' for command environment: Not usable outside of PowerShell
[-0.324s] DEBUG:colcon.colcon_core.shell:Skip shell extension 'dsv' for command environment
[-0.989s] DEBUG:colcon.colcon_core.event_handler.log_command:Invoking command in '/home/user/workspace/pyrobot/moveit_ws/build/moveit_robot_generate': AMENT_PREFIX_PATH=/home/user/workspace/pyrobot/moveit_ws/install/pros_car_py:/home/user/workspace/pyrobot/moveit_ws/install/moveit_robot_generate:/home/user/workspace/pyrobot/moveit_ws/install/hello_moveit:/home/user/workspace/pyrobot/moveit2_ws/install/pilz_industrial_motion_planner_testutils:/home/user/workspace/pyrobot/moveit2_ws/install/moveit_ros_control_interface:/home/user/workspace/pyrobot/moveit2_ws/install/moveit_plugins:/home/user/workspace/pyrobot/moveit2_ws/install/moveit_simple_controller_manager:/home/user/workspace/pyrobot/moveit2_ws/install/moveit_ros_planning:/home/user/workspace/pyrobot/moveit2_ws/install/moveit_ros_occupancy_map_monitor:/home/user/workspace/pyrobot/moveit2_ws/install/moveit_resources_prbt_ikfast_manipulator_plugin:/home/user/workspace/pyrobot/moveit2_ws/install/moveit_planners_chomp:/home/user/workspace/pyrobot/moveit2_ws/install/moveit_chomp_optimizer_adapter:/home/user/workspace/pyrobot/moveit2_ws/install/chomp_motion_planner:/home/user/workspace/pyrobot/moveit2_ws/install/moveit_core:/home/user/workspace/pyrobot/moveit2_ws/install/generate_parameter_module_example:/home/user/workspace/pyrobot/moveit2_ws/install/generate_parameter_library_example:/home/user/workspace/pyrobot/moveit2_ws/install/cmake_generate_parameter_module_example:/home/user/workspace/pyrobot/moveit2_ws/install/generate_parameter_library:/home/user/workspace/pyrobot/moveit2_ws/install/parameter_traits:/home/user/workspace/pyrobot/moveit2_ws/install/moveit_resources_prbt_support:/home/user/workspace/pyrobot/moveit2_ws/install/moveit_resources:/home/user/workspace/pyrobot/moveit2_ws/install/moveit_resources_pr2_description:/home/user/workspace/pyrobot/moveit2_ws/install/moveit_resources_panda_moveit_config:/home/user/workspace/pyrobot/moveit2_ws/install/moveit_resources_panda_description:/home/user/workspace/pyrobot/moveit2_ws/install/moveit_resources_fanuc_moveit_config:/home/user/workspace/pyrobot/moveit2_ws/install/moveit_resources_fanuc_description:/home/user/workspace/pyrobot/moveit2_ws/install/moveit_msgs:/home/user/workspace/pyrobot/moveit2_ws/install/moveit_configs_utils:/home/user/workspace/pyrobot/moveit2_ws/install/moveit_common:/home/user/workspace/pyrobot/moveit2_ws/install/generate_parameter_library_py:/home/user/workspace/ws_moveit2/install/pilz_industrial_motion_planner_testutils:/home/user/workspace/ws_moveit2/install/moveit_runtime:/home/user/workspace/ws_moveit2/install/moveit2_tutorials:/home/user/workspace/ws_moveit2/install/moveit:/home/user/workspace/ws_moveit2/install/moveit_planners:/home/user/workspace/ws_moveit2/install/pilz_industrial_motion_planner:/home/user/workspace/ws_moveit2/install/moveit_visual_tools:/home/user/workspace/ws_moveit2/install/moveit_task_constructor_visualization:/home/user/workspace/ws_moveit2/install/moveit_task_constructor_demo:/home/user/workspace/ws_moveit2/install/moveit_task_constructor_capabilities:/home/user/workspace/ws_moveit2/install/moveit_task_constructor_core:/home/user/workspace/ws_moveit2/install/moveit_ros_control_interface:/home/user/workspace/ws_moveit2/install/moveit_plugins:/home/user/workspace/ws_moveit2/install/moveit_simple_controller_manager:/home/user/workspace/ws_moveit2/install/moveit_setup_assistant:/home/user/workspace/ws_moveit2/install/moveit_setup_srdf_plugins:/home/user/workspace/ws_moveit2/install/moveit_setup_core_plugins:/home/user/workspace/ws_moveit2/install/moveit_setup_controllers:/home/user/workspace/ws_moveit2/install/moveit_setup_app_plugins:/home/user/workspace/ws_moveit2/install/moveit_setup_framework:/home/user/workspace/ws_moveit2/install/moveit_servo:/home/user/workspace/ws_moveit2/install/moveit_ros:/home/user/workspace/ws_moveit2/install/moveit_ros_visualization:/home/user/workspace/ws_moveit2/install/moveit_hybrid_planning:/home/user/workspace/ws_moveit2/install/moveit_ros_planning_interface:/home/user/workspace/ws_moveit2/install/moveit_ros_benchmarks:/home/user/workspace/ws_moveit2/install/moveit_ros_warehouse:/home/user/workspace/ws_moveit2/install/moveit_ros_robot_interaction:/home/user/workspace/ws_moveit2/install/moveit_ros_perception:/home/user/workspace/ws_moveit2/install/moveit_resources_prbt_pg70_support:/home/user/workspace/ws_moveit2/install/moveit_resources_prbt_moveit_config:/home/user/workspace/ws_moveit2/install/moveit_ros_move_group:/home/user/workspace/ws_moveit2/install/moveit_planners_ompl:/home/user/workspace/ws_moveit2/install/moveit_ros_planning:/home/user/workspace/ws_moveit2/install/moveit_ros_occupancy_map_monitor:/home/user/workspace/ws_moveit2/install/moveit_resources_prbt_ikfast_manipulator_plugin:/home/user/workspace/ws_moveit2/install/moveit_planners_chomp:/home/user/workspace/ws_moveit2/install/moveit_kinematics:/home/user/workspace/ws_moveit2/install/moveit_chomp_optimizer_adapter:/home/user/workspace/ws_moveit2/install/chomp_motion_planner:/home/user/workspace/ws_moveit2/install/moveit_core:/home/user/workspace/ws_moveit2/install/moveit_configs_utils:/home/user/workspace/ws_moveit2/install/srdfdom:/home/user/workspace/ws_moveit2/install/rviz_marker_tools:/home/user/workspace/ws_moveit2/install/rosparam_shortcuts:/home/user/workspace/ws_moveit2/install/moveit_task_constructor_msgs:/home/user/workspace/ws_moveit2/install/moveit_resources_prbt_support:/home/user/workspace/ws_moveit2/install/moveit_resources:/home/user/workspace/ws_moveit2/install/moveit_resources_pr2_description:/home/user/workspace/ws_moveit2/install/moveit_resources_panda_moveit_config:/home/user/workspace/ws_moveit2/install/moveit_resources_panda_description:/home/user/workspace/ws_moveit2/install/moveit_resources_fanuc_moveit_config:/home/user/workspace/ws_moveit2/install/moveit_resources_fanuc_description:/home/user/workspace/ws_moveit2/install/moveit_common:/home/user/workspace/ws_moveit2/install/launch_param_builder:/opt/ros/humble CMAKE_PREFIX_PATH=${CMAKE_PREFIX_PATH}:/home/user/workspace/pyrobot/moveit_ws/install/pros_car_py:/home/user/workspace/pyrobot/moveit2_ws/install/generate_parameter_module_example:/home/user/workspace/pyrobot/moveit2_ws/install/moveit_configs_utils:/home/user/workspace/pyrobot/moveit2_ws/install/generate_parameter_library_py:/home/user/workspace/ws_moveit2/install/moveit_configs_utils:/home/user/workspace/ws_moveit2/install/launch_param_builder:/opt/ros/humble /usr/bin/cmake --build /home/user/workspace/pyrobot/moveit_ws/build/moveit_robot_generate -- -j16 -l16
[9.748s] DEBUG:colcon.colcon_core.event_handler.log_command:Invoked command in '/home/user/workspace/pyrobot/moveit_ws/build/moveit_robot_generate' returned '0': AMENT_PREFIX_PATH=/home/user/workspace/pyrobot/moveit_ws/install/pros_car_py:/home/user/workspace/pyrobot/moveit_ws/install/moveit_robot_generate:/home/user/workspace/pyrobot/moveit_ws/install/hello_moveit:/home/user/workspace/pyrobot/moveit2_ws/install/pilz_industrial_motion_planner_testutils:/home/user/workspace/pyrobot/moveit2_ws/install/moveit_ros_control_interface:/home/user/workspace/pyrobot/moveit2_ws/install/moveit_plugins:/home/user/workspace/pyrobot/moveit2_ws/install/moveit_simple_controller_manager:/home/user/workspace/pyrobot/moveit2_ws/install/moveit_ros_planning:/home/user/workspace/pyrobot/moveit2_ws/install/moveit_ros_occupancy_map_monitor:/home/user/workspace/pyrobot/moveit2_ws/install/moveit_resources_prbt_ikfast_manipulator_plugin:/home/user/workspace/pyrobot/moveit2_ws/install/moveit_planners_chomp:/home/user/workspace/pyrobot/moveit2_ws/install/moveit_chomp_optimizer_adapter:/home/user/workspace/pyrobot/moveit2_ws/install/chomp_motion_planner:/home/user/workspace/pyrobot/moveit2_ws/install/moveit_core:/home/user/workspace/pyrobot/moveit2_ws/install/generate_parameter_module_example:/home/user/workspace/pyrobot/moveit2_ws/install/generate_parameter_library_example:/home/user/workspace/pyrobot/moveit2_ws/install/cmake_generate_parameter_module_example:/home/user/workspace/pyrobot/moveit2_ws/install/generate_parameter_library:/home/user/workspace/pyrobot/moveit2_ws/install/parameter_traits:/home/user/workspace/pyrobot/moveit2_ws/install/moveit_resources_prbt_support:/home/user/workspace/pyrobot/moveit2_ws/install/moveit_resources:/home/user/workspace/pyrobot/moveit2_ws/install/moveit_resources_pr2_description:/home/user/workspace/pyrobot/moveit2_ws/install/moveit_resources_panda_moveit_config:/home/user/workspace/pyrobot/moveit2_ws/install/moveit_resources_panda_description:/home/user/workspace/pyrobot/moveit2_ws/install/moveit_resources_fanuc_moveit_config:/home/user/workspace/pyrobot/moveit2_ws/install/moveit_resources_fanuc_description:/home/user/workspace/pyrobot/moveit2_ws/install/moveit_msgs:/home/user/workspace/pyrobot/moveit2_ws/install/moveit_configs_utils:/home/user/workspace/pyrobot/moveit2_ws/install/moveit_common:/home/user/workspace/pyrobot/moveit2_ws/install/generate_parameter_library_py:/home/user/workspace/ws_moveit2/install/pilz_industrial_motion_planner_testutils:/home/user/workspace/ws_moveit2/install/moveit_runtime:/home/user/workspace/ws_moveit2/install/moveit2_tutorials:/home/user/workspace/ws_moveit2/install/moveit:/home/user/workspace/ws_moveit2/install/moveit_planners:/home/user/workspace/ws_moveit2/install/pilz_industrial_motion_planner:/home/user/workspace/ws_moveit2/install/moveit_visual_tools:/home/user/workspace/ws_moveit2/install/moveit_task_constructor_visualization:/home/user/workspace/ws_moveit2/install/moveit_task_constructor_demo:/home/user/workspace/ws_moveit2/install/moveit_task_constructor_capabilities:/home/user/workspace/ws_moveit2/install/moveit_task_constructor_core:/home/user/workspace/ws_moveit2/install/moveit_ros_control_interface:/home/user/workspace/ws_moveit2/install/moveit_plugins:/home/user/workspace/ws_moveit2/install/moveit_simple_controller_manager:/home/user/workspace/ws_moveit2/install/moveit_setup_assistant:/home/user/workspace/ws_moveit2/install/moveit_setup_srdf_plugins:/home/user/workspace/ws_moveit2/install/moveit_setup_core_plugins:/home/user/workspace/ws_moveit2/install/moveit_setup_controllers:/home/user/workspace/ws_moveit2/install/moveit_setup_app_plugins:/home/user/workspace/ws_moveit2/install/moveit_setup_framework:/home/user/workspace/ws_moveit2/install/moveit_servo:/home/user/workspace/ws_moveit2/install/moveit_ros:/home/user/workspace/ws_moveit2/install/moveit_ros_visualization:/home/user/workspace/ws_moveit2/install/moveit_hybrid_planning:/home/user/workspace/ws_moveit2/install/moveit_ros_planning_interface:/home/user/workspace/ws_moveit2/install/moveit_ros_benchmarks:/home/user/workspace/ws_moveit2/install/moveit_ros_warehouse:/home/user/workspace/ws_moveit2/install/moveit_ros_robot_interaction:/home/user/workspace/ws_moveit2/install/moveit_ros_perception:/home/user/workspace/ws_moveit2/install/moveit_resources_prbt_pg70_support:/home/user/workspace/ws_moveit2/install/moveit_resources_prbt_moveit_config:/home/user/workspace/ws_moveit2/install/moveit_ros_move_group:/home/user/workspace/ws_moveit2/install/moveit_planners_ompl:/home/user/workspace/ws_moveit2/install/moveit_ros_planning:/home/user/workspace/ws_moveit2/install/moveit_ros_occupancy_map_monitor:/home/user/workspace/ws_moveit2/install/moveit_resources_prbt_ikfast_manipulator_plugin:/home/user/workspace/ws_moveit2/install/moveit_planners_chomp:/home/user/workspace/ws_moveit2/install/moveit_kinematics:/home/user/workspace/ws_moveit2/install/moveit_chomp_optimizer_adapter:/home/user/workspace/ws_moveit2/install/chomp_motion_planner:/home/user/workspace/ws_moveit2/install/moveit_core:/home/user/workspace/ws_moveit2/install/moveit_configs_utils:/home/user/workspace/ws_moveit2/install/srdfdom:/home/user/workspace/ws_moveit2/install/rviz_marker_tools:/home/user/workspace/ws_moveit2/install/rosparam_shortcuts:/home/user/workspace/ws_moveit2/install/moveit_task_constructor_msgs:/home/user/workspace/ws_moveit2/install/moveit_resources_prbt_support:/home/user/workspace/ws_moveit2/install/moveit_resources:/home/user/workspace/ws_moveit2/install/moveit_resources_pr2_description:/home/user/workspace/ws_moveit2/install/moveit_resources_panda_moveit_config:/home/user/workspace/ws_moveit2/install/moveit_resources_panda_description:/home/user/workspace/ws_moveit2/install/moveit_resources_fanuc_moveit_config:/home/user/workspace/ws_moveit2/install/moveit_resources_fanuc_description:/home/user/workspace/ws_moveit2/install/moveit_common:/home/user/workspace/ws_moveit2/install/launch_param_builder:/opt/ros/humble CMAKE_PREFIX_PATH=${CMAKE_PREFIX_PATH}:/home/user/workspace/pyrobot/moveit_ws/install/pros_car_py:/home/user/workspace/pyrobot/moveit2_ws/install/generate_parameter_module_example:/home/user/workspace/pyrobot/moveit2_ws/install/moveit_configs_utils:/home/user/workspace/pyrobot/moveit2_ws/install/generate_parameter_library_py:/home/user/workspace/ws_moveit2/install/moveit_configs_utils:/home/user/workspace/ws_moveit2/install/launch_param_builder:/opt/ros/humble /usr/bin/cmake --build /home/user/workspace/pyrobot/moveit_ws/build/moveit_robot_generate -- -j16 -l16
[9.775s] DEBUG:colcon.colcon_core.event_handler.log_command:Invoking command in '/home/user/workspace/pyrobot/moveit_ws/build/moveit_robot_generate': AMENT_PREFIX_PATH=/home/user/workspace/pyrobot/moveit_ws/install/pros_car_py:/home/user/workspace/pyrobot/moveit_ws/install/moveit_robot_generate:/home/user/workspace/pyrobot/moveit_ws/install/hello_moveit:/home/user/workspace/pyrobot/moveit2_ws/install/pilz_industrial_motion_planner_testutils:/home/user/workspace/pyrobot/moveit2_ws/install/moveit_ros_control_interface:/home/user/workspace/pyrobot/moveit2_ws/install/moveit_plugins:/home/user/workspace/pyrobot/moveit2_ws/install/moveit_simple_controller_manager:/home/user/workspace/pyrobot/moveit2_ws/install/moveit_ros_planning:/home/user/workspace/pyrobot/moveit2_ws/install/moveit_ros_occupancy_map_monitor:/home/user/workspace/pyrobot/moveit2_ws/install/moveit_resources_prbt_ikfast_manipulator_plugin:/home/user/workspace/pyrobot/moveit2_ws/install/moveit_planners_chomp:/home/user/workspace/pyrobot/moveit2_ws/install/moveit_chomp_optimizer_adapter:/home/user/workspace/pyrobot/moveit2_ws/install/chomp_motion_planner:/home/user/workspace/pyrobot/moveit2_ws/install/moveit_core:/home/user/workspace/pyrobot/moveit2_ws/install/generate_parameter_module_example:/home/user/workspace/pyrobot/moveit2_ws/install/generate_parameter_library_example:/home/user/workspace/pyrobot/moveit2_ws/install/cmake_generate_parameter_module_example:/home/user/workspace/pyrobot/moveit2_ws/install/generate_parameter_library:/home/user/workspace/pyrobot/moveit2_ws/install/parameter_traits:/home/user/workspace/pyrobot/moveit2_ws/install/moveit_resources_prbt_support:/home/user/workspace/pyrobot/moveit2_ws/install/moveit_resources:/home/user/workspace/pyrobot/moveit2_ws/install/moveit_resources_pr2_description:/home/user/workspace/pyrobot/moveit2_ws/install/moveit_resources_panda_moveit_config:/home/user/workspace/pyrobot/moveit2_ws/install/moveit_resources_panda_description:/home/user/workspace/pyrobot/moveit2_ws/install/moveit_resources_fanuc_moveit_config:/home/user/workspace/pyrobot/moveit2_ws/install/moveit_resources_fanuc_description:/home/user/workspace/pyrobot/moveit2_ws/install/moveit_msgs:/home/user/workspace/pyrobot/moveit2_ws/install/moveit_configs_utils:/home/user/workspace/pyrobot/moveit2_ws/install/moveit_common:/home/user/workspace/pyrobot/moveit2_ws/install/generate_parameter_library_py:/home/user/workspace/ws_moveit2/install/pilz_industrial_motion_planner_testutils:/home/user/workspace/ws_moveit2/install/moveit_runtime:/home/user/workspace/ws_moveit2/install/moveit2_tutorials:/home/user/workspace/ws_moveit2/install/moveit:/home/user/workspace/ws_moveit2/install/moveit_planners:/home/user/workspace/ws_moveit2/install/pilz_industrial_motion_planner:/home/user/workspace/ws_moveit2/install/moveit_visual_tools:/home/user/workspace/ws_moveit2/install/moveit_task_constructor_visualization:/home/user/workspace/ws_moveit2/install/moveit_task_constructor_demo:/home/user/workspace/ws_moveit2/install/moveit_task_constructor_capabilities:/home/user/workspace/ws_moveit2/install/moveit_task_constructor_core:/home/user/workspace/ws_moveit2/install/moveit_ros_control_interface:/home/user/workspace/ws_moveit2/install/moveit_plugins:/home/user/workspace/ws_moveit2/install/moveit_simple_controller_manager:/home/user/workspace/ws_moveit2/install/moveit_setup_assistant:/home/user/workspace/ws_moveit2/install/moveit_setup_srdf_plugins:/home/user/workspace/ws_moveit2/install/moveit_setup_core_plugins:/home/user/workspace/ws_moveit2/install/moveit_setup_controllers:/home/user/workspace/ws_moveit2/install/moveit_setup_app_plugins:/home/user/workspace/ws_moveit2/install/moveit_setup_framework:/home/user/workspace/ws_moveit2/install/moveit_servo:/home/user/workspace/ws_moveit2/install/moveit_ros:/home/user/workspace/ws_moveit2/install/moveit_ros_visualization:/home/user/workspace/ws_moveit2/install/moveit_hybrid_planning:/home/user/workspace/ws_moveit2/install/moveit_ros_planning_interface:/home/user/workspace/ws_moveit2/install/moveit_ros_benchmarks:/home/user/workspace/ws_moveit2/install/moveit_ros_warehouse:/home/user/workspace/ws_moveit2/install/moveit_ros_robot_interaction:/home/user/workspace/ws_moveit2/install/moveit_ros_perception:/home/user/workspace/ws_moveit2/install/moveit_resources_prbt_pg70_support:/home/user/workspace/ws_moveit2/install/moveit_resources_prbt_moveit_config:/home/user/workspace/ws_moveit2/install/moveit_ros_move_group:/home/user/workspace/ws_moveit2/install/moveit_planners_ompl:/home/user/workspace/ws_moveit2/install/moveit_ros_planning:/home/user/workspace/ws_moveit2/install/moveit_ros_occupancy_map_monitor:/home/user/workspace/ws_moveit2/install/moveit_resources_prbt_ikfast_manipulator_plugin:/home/user/workspace/ws_moveit2/install/moveit_planners_chomp:/home/user/workspace/ws_moveit2/install/moveit_kinematics:/home/user/workspace/ws_moveit2/install/moveit_chomp_optimizer_adapter:/home/user/workspace/ws_moveit2/install/chomp_motion_planner:/home/user/workspace/ws_moveit2/install/moveit_core:/home/user/workspace/ws_moveit2/install/moveit_configs_utils:/home/user/workspace/ws_moveit2/install/srdfdom:/home/user/workspace/ws_moveit2/install/rviz_marker_tools:/home/user/workspace/ws_moveit2/install/rosparam_shortcuts:/home/user/workspace/ws_moveit2/install/moveit_task_constructor_msgs:/home/user/workspace/ws_moveit2/install/moveit_resources_prbt_support:/home/user/workspace/ws_moveit2/install/moveit_resources:/home/user/workspace/ws_moveit2/install/moveit_resources_pr2_description:/home/user/workspace/ws_moveit2/install/moveit_resources_panda_moveit_config:/home/user/workspace/ws_moveit2/install/moveit_resources_panda_description:/home/user/workspace/ws_moveit2/install/moveit_resources_fanuc_moveit_config:/home/user/workspace/ws_moveit2/install/moveit_resources_fanuc_description:/home/user/workspace/ws_moveit2/install/moveit_common:/home/user/workspace/ws_moveit2/install/launch_param_builder:/opt/ros/humble CMAKE_PREFIX_PATH=${CMAKE_PREFIX_PATH}:/home/user/workspace/pyrobot/moveit_ws/install/pros_car_py:/home/user/workspace/pyrobot/moveit2_ws/install/generate_parameter_module_example:/home/user/workspace/pyrobot/moveit2_ws/install/moveit_configs_utils:/home/user/workspace/pyrobot/moveit2_ws/install/generate_parameter_library_py:/home/user/workspace/ws_moveit2/install/moveit_configs_utils:/home/user/workspace/ws_moveit2/install/launch_param_builder:/opt/ros/humble /usr/bin/cmake --install /home/user/workspace/pyrobot/moveit_ws/build/moveit_robot_generate
[9.783s] Level 1:colcon.colcon_core.environment:create_environment_scripts_only(moveit_robot_generate)
[9.783s] DEBUG:colcon.colcon_core.event_handler.log_command:Invoked command in '/home/user/workspace/pyrobot/moveit_ws/build/moveit_robot_generate' returned '0': AMENT_PREFIX_PATH=/home/user/workspace/pyrobot/moveit_ws/install/pros_car_py:/home/user/workspace/pyrobot/moveit_ws/install/moveit_robot_generate:/home/user/workspace/pyrobot/moveit_ws/install/hello_moveit:/home/user/workspace/pyrobot/moveit2_ws/install/pilz_industrial_motion_planner_testutils:/home/user/workspace/pyrobot/moveit2_ws/install/moveit_ros_control_interface:/home/user/workspace/pyrobot/moveit2_ws/install/moveit_plugins:/home/user/workspace/pyrobot/moveit2_ws/install/moveit_simple_controller_manager:/home/user/workspace/pyrobot/moveit2_ws/install/moveit_ros_planning:/home/user/workspace/pyrobot/moveit2_ws/install/moveit_ros_occupancy_map_monitor:/home/user/workspace/pyrobot/moveit2_ws/install/moveit_resources_prbt_ikfast_manipulator_plugin:/home/user/workspace/pyrobot/moveit2_ws/install/moveit_planners_chomp:/home/user/workspace/pyrobot/moveit2_ws/install/moveit_chomp_optimizer_adapter:/home/user/workspace/pyrobot/moveit2_ws/install/chomp_motion_planner:/home/user/workspace/pyrobot/moveit2_ws/install/moveit_core:/home/user/workspace/pyrobot/moveit2_ws/install/generate_parameter_module_example:/home/user/workspace/pyrobot/moveit2_ws/install/generate_parameter_library_example:/home/user/workspace/pyrobot/moveit2_ws/install/cmake_generate_parameter_module_example:/home/user/workspace/pyrobot/moveit2_ws/install/generate_parameter_library:/home/user/workspace/pyrobot/moveit2_ws/install/parameter_traits:/home/user/workspace/pyrobot/moveit2_ws/install/moveit_resources_prbt_support:/home/user/workspace/pyrobot/moveit2_ws/install/moveit_resources:/home/user/workspace/pyrobot/moveit2_ws/install/moveit_resources_pr2_description:/home/user/workspace/pyrobot/moveit2_ws/install/moveit_resources_panda_moveit_config:/home/user/workspace/pyrobot/moveit2_ws/install/moveit_resources_panda_description:/home/user/workspace/pyrobot/moveit2_ws/install/moveit_resources_fanuc_moveit_config:/home/user/workspace/pyrobot/moveit2_ws/install/moveit_resources_fanuc_description:/home/user/workspace/pyrobot/moveit2_ws/install/moveit_msgs:/home/user/workspace/pyrobot/moveit2_ws/install/moveit_configs_utils:/home/user/workspace/pyrobot/moveit2_ws/install/moveit_common:/home/user/workspace/pyrobot/moveit2_ws/install/generate_parameter_library_py:/home/user/workspace/ws_moveit2/install/pilz_industrial_motion_planner_testutils:/home/user/workspace/ws_moveit2/install/moveit_runtime:/home/user/workspace/ws_moveit2/install/moveit2_tutorials:/home/user/workspace/ws_moveit2/install/moveit:/home/user/workspace/ws_moveit2/install/moveit_planners:/home/user/workspace/ws_moveit2/install/pilz_industrial_motion_planner:/home/user/workspace/ws_moveit2/install/moveit_visual_tools:/home/user/workspace/ws_moveit2/install/moveit_task_constructor_visualization:/home/user/workspace/ws_moveit2/install/moveit_task_constructor_demo:/home/user/workspace/ws_moveit2/install/moveit_task_constructor_capabilities:/home/user/workspace/ws_moveit2/install/moveit_task_constructor_core:/home/user/workspace/ws_moveit2/install/moveit_ros_control_interface:/home/user/workspace/ws_moveit2/install/moveit_plugins:/home/user/workspace/ws_moveit2/install/moveit_simple_controller_manager:/home/user/workspace/ws_moveit2/install/moveit_setup_assistant:/home/user/workspace/ws_moveit2/install/moveit_setup_srdf_plugins:/home/user/workspace/ws_moveit2/install/moveit_setup_core_plugins:/home/user/workspace/ws_moveit2/install/moveit_setup_controllers:/home/user/workspace/ws_moveit2/install/moveit_setup_app_plugins:/home/user/workspace/ws_moveit2/install/moveit_setup_framework:/home/user/workspace/ws_moveit2/install/moveit_servo:/home/user/workspace/ws_moveit2/install/moveit_ros:/home/user/workspace/ws_moveit2/install/moveit_ros_visualization:/home/user/workspace/ws_moveit2/install/moveit_hybrid_planning:/home/user/workspace/ws_moveit2/install/moveit_ros_planning_interface:/home/user/workspace/ws_moveit2/install/moveit_ros_benchmarks:/home/user/workspace/ws_moveit2/install/moveit_ros_warehouse:/home/user/workspace/ws_moveit2/install/moveit_ros_robot_interaction:/home/user/workspace/ws_moveit2/install/moveit_ros_perception:/home/user/workspace/ws_moveit2/install/moveit_resources_prbt_pg70_support:/home/user/workspace/ws_moveit2/install/moveit_resources_prbt_moveit_config:/home/user/workspace/ws_moveit2/install/moveit_ros_move_group:/home/user/workspace/ws_moveit2/install/moveit_planners_ompl:/home/user/workspace/ws_moveit2/install/moveit_ros_planning:/home/user/workspace/ws_moveit2/install/moveit_ros_occupancy_map_monitor:/home/user/workspace/ws_moveit2/install/moveit_resources_prbt_ikfast_manipulator_plugin:/home/user/workspace/ws_moveit2/install/moveit_planners_chomp:/home/user/workspace/ws_moveit2/install/moveit_kinematics:/home/user/workspace/ws_moveit2/install/moveit_chomp_optimizer_adapter:/home/user/workspace/ws_moveit2/install/chomp_motion_planner:/home/user/workspace/ws_moveit2/install/moveit_core:/home/user/workspace/ws_moveit2/install/moveit_configs_utils:/home/user/workspace/ws_moveit2/install/srdfdom:/home/user/workspace/ws_moveit2/install/rviz_marker_tools:/home/user/workspace/ws_moveit2/install/rosparam_shortcuts:/home/user/workspace/ws_moveit2/install/moveit_task_constructor_msgs:/home/user/workspace/ws_moveit2/install/moveit_resources_prbt_support:/home/user/workspace/ws_moveit2/install/moveit_resources:/home/user/workspace/ws_moveit2/install/moveit_resources_pr2_description:/home/user/workspace/ws_moveit2/install/moveit_resources_panda_moveit_config:/home/user/workspace/ws_moveit2/install/moveit_resources_panda_description:/home/user/workspace/ws_moveit2/install/moveit_resources_fanuc_moveit_config:/home/user/workspace/ws_moveit2/install/moveit_resources_fanuc_description:/home/user/workspace/ws_moveit2/install/moveit_common:/home/user/workspace/ws_moveit2/install/launch_param_builder:/opt/ros/humble CMAKE_PREFIX_PATH=${CMAKE_PREFIX_PATH}:/home/user/workspace/pyrobot/moveit_ws/install/pros_car_py:/home/user/workspace/pyrobot/moveit2_ws/install/generate_parameter_module_example:/home/user/workspace/pyrobot/moveit2_ws/install/moveit_configs_utils:/home/user/workspace/pyrobot/moveit2_ws/install/generate_parameter_library_py:/home/user/workspace/ws_moveit2/install/moveit_configs_utils:/home/user/workspace/ws_moveit2/install/launch_param_builder:/opt/ros/humble /usr/bin/cmake --install /home/user/workspace/pyrobot/moveit_ws/build/moveit_robot_generate
[9.788s] Level 1:colcon.colcon_core.environment:checking '/home/user/workspace/pyrobot/moveit_ws/install/moveit_robot_generate' for CMake module files
[9.788s] Level 1:colcon.colcon_core.environment:checking '/home/user/workspace/pyrobot/moveit_ws/install/moveit_robot_generate' for CMake config files
[9.789s] Level 1:colcon.colcon_core.shell:create_environment_hook('moveit_robot_generate', 'cmake_prefix_path')
[9.789s] INFO:colcon.colcon_core.shell:Creating environment hook '/home/user/workspace/pyrobot/moveit_ws/install/moveit_robot_generate/share/moveit_robot_generate/hook/cmake_prefix_path.ps1'
[9.790s] INFO:colcon.colcon_core.shell:Creating environment descriptor '/home/user/workspace/pyrobot/moveit_ws/install/moveit_robot_generate/share/moveit_robot_generate/hook/cmake_prefix_path.dsv'
[9.790s] INFO:colcon.colcon_core.shell:Creating environment hook '/home/user/workspace/pyrobot/moveit_ws/install/moveit_robot_generate/share/moveit_robot_generate/hook/cmake_prefix_path.sh'
[9.791s] Level 1:colcon.colcon_core.environment:checking '/home/user/workspace/pyrobot/moveit_ws/install/moveit_robot_generate/lib'
[9.791s] Level 1:colcon.colcon_core.environment:checking '/home/user/workspace/pyrobot/moveit_ws/install/moveit_robot_generate/bin'
[9.791s] Level 1:colcon.colcon_core.environment:checking '/home/user/workspace/pyrobot/moveit_ws/install/moveit_robot_generate/lib/pkgconfig/moveit_robot_generate.pc'
[9.791s] Level 1:colcon.colcon_core.environment:checking '/home/user/workspace/pyrobot/moveit_ws/install/moveit_robot_generate/lib/python3.10/site-packages'
[9.791s] Level 1:colcon.colcon_core.environment:checking '/home/user/workspace/pyrobot/moveit_ws/install/moveit_robot_generate/bin'
[9.791s] INFO:colcon.colcon_core.shell:Creating package script '/home/user/workspace/pyrobot/moveit_ws/install/moveit_robot_generate/share/moveit_robot_generate/package.ps1'
[9.792s] INFO:colcon.colcon_core.shell:Creating package descriptor '/home/user/workspace/pyrobot/moveit_ws/install/moveit_robot_generate/share/moveit_robot_generate/package.dsv'
[9.792s] INFO:colcon.colcon_core.shell:Creating package script '/home/user/workspace/pyrobot/moveit_ws/install/moveit_robot_generate/share/moveit_robot_generate/package.sh'
[9.793s] INFO:colcon.colcon_core.shell:Creating package script '/home/user/workspace/pyrobot/moveit_ws/install/moveit_robot_generate/share/moveit_robot_generate/package.bash'
[9.793s] INFO:colcon.colcon_core.shell:Creating package script '/home/user/workspace/pyrobot/moveit_ws/install/moveit_robot_generate/share/moveit_robot_generate/package.zsh'
[9.794s] Level 1:colcon.colcon_core.environment:create_file_with_runtime_dependencies(/home/user/workspace/pyrobot/moveit_ws/install/moveit_robot_generate/share/colcon-core/packages/moveit_robot_generate)
[9.815s] Level 1:colcon.colcon_core.environment:create_environment_scripts_only(moveit_robot_generate)
[9.815s] Level 1:colcon.colcon_core.environment:checking '/home/user/workspace/pyrobot/moveit_ws/install/moveit_robot_generate' for CMake module files
[9.816s] Level 1:colcon.colcon_core.environment:checking '/home/user/workspace/pyrobot/moveit_ws/install/moveit_robot_generate' for CMake config files
[9.816s] Level 1:colcon.colcon_core.shell:create_environment_hook('moveit_robot_generate', 'cmake_prefix_path')
[9.816s] INFO:colcon.colcon_core.shell:Creating environment hook '/home/user/workspace/pyrobot/moveit_ws/install/moveit_robot_generate/share/moveit_robot_generate/hook/cmake_prefix_path.ps1'
[9.816s] INFO:colcon.colcon_core.shell:Creating environment descriptor '/home/user/workspace/pyrobot/moveit_ws/install/moveit_robot_generate/share/moveit_robot_generate/hook/cmake_prefix_path.dsv'
[9.816s] INFO:colcon.colcon_core.shell:Creating environment hook '/home/user/workspace/pyrobot/moveit_ws/install/moveit_robot_generate/share/moveit_robot_generate/hook/cmake_prefix_path.sh'
[9.817s] Level 1:colcon.colcon_core.environment:checking '/home/user/workspace/pyrobot/moveit_ws/install/moveit_robot_generate/lib'
[9.817s] Level 1:colcon.colcon_core.environment:checking '/home/user/workspace/pyrobot/moveit_ws/install/moveit_robot_generate/bin'
[9.817s] Level 1:colcon.colcon_core.environment:checking '/home/user/workspace/pyrobot/moveit_ws/install/moveit_robot_generate/lib/pkgconfig/moveit_robot_generate.pc'
[9.817s] Level 1:colcon.colcon_core.environment:checking '/home/user/workspace/pyrobot/moveit_ws/install/moveit_robot_generate/lib/python3.10/site-packages'
[9.817s] Level 1:colcon.colcon_core.environment:checking '/home/user/workspace/pyrobot/moveit_ws/install/moveit_robot_generate/bin'
[9.817s] INFO:colcon.colcon_core.shell:Creating package script '/home/user/workspace/pyrobot/moveit_ws/install/moveit_robot_generate/share/moveit_robot_generate/package.ps1'
[9.818s] INFO:colcon.colcon_core.shell:Creating package descriptor '/home/user/workspace/pyrobot/moveit_ws/install/moveit_robot_generate/share/moveit_robot_generate/package.dsv'
[9.818s] INFO:colcon.colcon_core.shell:Creating package script '/home/user/workspace/pyrobot/moveit_ws/install/moveit_robot_generate/share/moveit_robot_generate/package.sh'
[9.818s] INFO:colcon.colcon_core.shell:Creating package script '/home/user/workspace/pyrobot/moveit_ws/install/moveit_robot_generate/share/moveit_robot_generate/package.bash'
[9.818s] INFO:colcon.colcon_core.shell:Creating package script '/home/user/workspace/pyrobot/moveit_ws/install/moveit_robot_generate/share/moveit_robot_generate/package.zsh'
[9.818s] Level 1:colcon.colcon_core.environment:create_file_with_runtime_dependencies(/home/user/workspace/pyrobot/moveit_ws/install/moveit_robot_generate/share/colcon-core/packages/moveit_robot_generate)
[9.818s] DEBUG:colcon.colcon_parallel_executor.executor.parallel:closing loop
[9.819s] DEBUG:colcon.colcon_parallel_executor.executor.parallel:loop closed
[9.819s] DEBUG:colcon.colcon_parallel_executor.executor.parallel:run_until_complete finished with '0'
[9.819s] DEBUG:colcon.colcon_core.event_reactor:joining thread
[9.846s] INFO:colcon.colcon_core.plugin_system:Skipping extension 'colcon_notification.desktop_notification.notify_send': Could not find 'notify-send'
[9.846s] INFO:colcon.colcon_core.plugin_system:Skipping extension 'colcon_notification.desktop_notification.terminal_notifier': Not used on non-Darwin systems
[9.846s] INFO:colcon.colcon_core.plugin_system:Skipping extension 'colcon_notification.desktop_notification.win32': Not used on non-Windows systems
[9.846s] INFO:colcon.colcon_notification.desktop_notification:Sending desktop notification using 'notify2'
[9.847s] DEBUG:colcon.colcon_notification.desktop_notification.notify2:Failed to initialize notify2: org.freedesktop.DBus.Error.FileNotFound: Failed to connect to socket /run/user/1000/bus: No such file or directory
[9.847s] DEBUG:colcon.colcon_core.event_reactor:joined thread
[9.847s] INFO:colcon.colcon_core.shell:Creating prefix script '/home/user/workspace/pyrobot/moveit_ws/install/local_setup.ps1'
[9.848s] INFO:colcon.colcon_core.shell:Creating prefix util module '/home/user/workspace/pyrobot/moveit_ws/install/_local_setup_util_ps1.py'
[9.849s] INFO:colcon.colcon_core.shell:Creating prefix chain script '/home/user/workspace/pyrobot/moveit_ws/install/setup.ps1'
[9.851s] INFO:colcon.colcon_core.shell:Creating prefix script '/home/user/workspace/pyrobot/moveit_ws/install/local_setup.sh'
[9.852s] INFO:colcon.colcon_core.shell:Creating prefix util module '/home/user/workspace/pyrobot/moveit_ws/install/_local_setup_util_sh.py'
[9.853s] INFO:colcon.colcon_core.shell:Creating prefix chain script '/home/user/workspace/pyrobot/moveit_ws/install/setup.sh'
[9.855s] INFO:colcon.colcon_core.shell:Creating prefix script '/home/user/workspace/pyrobot/moveit_ws/install/local_setup.bash'
[9.856s] INFO:colcon.colcon_core.shell:Creating prefix chain script '/home/user/workspace/pyrobot/moveit_ws/install/setup.bash'
[9.857s] INFO:colcon.colcon_core.shell:Creating prefix script '/home/user/workspace/pyrobot/moveit_ws/install/local_setup.zsh'
[9.858s] INFO:colcon.colcon_core.shell:Creating prefix chain script '/home/user/workspace/pyrobot/moveit_ws/install/setup.zsh'
