[0.217s] DEBUG:colcon:Command line arguments: ['/usr/bin/colcon', 'build']
[0.217s] DEBUG:colcon:Parsed command line arguments: Namespace(log_base=None, log_level=None, verb_name='build', build_base='build', install_base='install', merge_install=False, symlink_install=False, test_result_base=None, continue_on_error=False, executor='parallel', parallel_workers=16, event_handlers=None, ignore_user_meta=False, metas=['./colcon.meta'], base_paths=['.'], packages_ignore=None, packages_ignore_regex=None, paths=None, packages_up_to=None, packages_up_to_regex=None, packages_above=None, packages_above_and_dependencies=None, packages_above_depth=None, packages_select_by_dep=None, packages_skip_by_dep=None, packages_skip_up_to=None, packages_select_build_failed=False, packages_skip_build_finished=False, packages_select_test_failures=False, packages_skip_test_passed=False, packages_select=None, packages_skip=None, packages_select_regex=None, packages_skip_regex=None, packages_start=None, packages_end=None, allow_overriding=[], cmake_args=None, cmake_target=None, cmake_target_skip_unavailable=False, cmake_clean_cache=False, cmake_clean_first=False, cmake_force_configure=False, ament_cmake_args=None, catkin_cmake_args=None, catkin_skip_building_tests=False, mixin_files=None, mixin=None, verb_parser=<colcon_mixin.mixin.mixin_argument.MixinArgumentDecorator object at 0x7f7c13fed750>, verb_extension=<colcon_core.verb.build.BuildVerb object at 0x7f7c1415dde0>, main=<bound method BuildVerb.main of <colcon_core.verb.build.BuildVerb object at 0x7f7c1415dde0>>, mixin_verb=('build',))
[0.520s] Level 1:colcon.colcon_core.package_discovery:discover_packages(colcon_meta) check parameters
[0.520s] Level 1:colcon.colcon_core.package_discovery:discover_packages(recursive) check parameters
[0.520s] Level 1:colcon.colcon_core.package_discovery:discover_packages(ignore) check parameters
[0.520s] Level 1:colcon.colcon_core.package_discovery:discover_packages(path) check parameters
[0.520s] Level 1:colcon.colcon_core.package_discovery:discover_packages(colcon_meta) discover
[0.520s] Level 1:colcon.colcon_core.package_discovery:discover_packages(recursive) discover
[0.520s] INFO:colcon.colcon_core.package_discovery:Crawling recursively for packages in '/home/user/workspace/pyrobot/moveit_ws'
[0.521s] Level 1:colcon.colcon_core.package_identification:_identify(.) by extensions ['ignore', 'ignore_ament_install']
[0.521s] Level 1:colcon.colcon_core.package_identification:_identify(.) by extension 'ignore'
[0.521s] Level 1:colcon.colcon_core.package_identification:_identify(.) by extension 'ignore_ament_install'
[0.521s] Level 1:colcon.colcon_core.package_identification:_identify(.) by extensions ['colcon_pkg']
[0.521s] Level 1:colcon.colcon_core.package_identification:_identify(.) by extension 'colcon_pkg'
[0.521s] Level 1:colcon.colcon_core.package_identification:_identify(.) by extensions ['colcon_meta']
[0.521s] Level 1:colcon.colcon_core.package_identification:_identify(.) by extension 'colcon_meta'
[0.521s] Level 1:colcon.colcon_core.package_identification:_identify(.) by extensions ['ros']
[0.521s] Level 1:colcon.colcon_core.package_identification:_identify(.) by extension 'ros'
[0.534s] Level 1:colcon.colcon_core.package_identification:_identify(.) by extensions ['cmake', 'python']
[0.534s] Level 1:colcon.colcon_core.package_identification:_identify(.) by extension 'cmake'
[0.534s] Level 1:colcon.colcon_core.package_identification:_identify(.) by extension 'python'
[0.534s] Level 1:colcon.colcon_core.package_identification:_identify(.) by extensions ['python_setup_py']
[0.534s] Level 1:colcon.colcon_core.package_identification:_identify(.) by extension 'python_setup_py'
[0.534s] Level 1:colcon.colcon_core.package_identification:_identify(build) by extensions ['ignore', 'ignore_ament_install']
[0.535s] Level 1:colcon.colcon_core.package_identification:_identify(build) by extension 'ignore'
[0.535s] Level 1:colcon.colcon_core.package_identification:_identify(build) ignored
[0.535s] Level 1:colcon.colcon_core.package_identification:_identify(install) by extensions ['ignore', 'ignore_ament_install']
[0.535s] Level 1:colcon.colcon_core.package_identification:_identify(install) by extension 'ignore'
[0.535s] Level 1:colcon.colcon_core.package_identification:_identify(install) ignored
[0.535s] Level 1:colcon.colcon_core.package_identification:_identify(log) by extensions ['ignore', 'ignore_ament_install']
[0.535s] Level 1:colcon.colcon_core.package_identification:_identify(log) by extension 'ignore'
[0.535s] Level 1:colcon.colcon_core.package_identification:_identify(log) ignored
[0.535s] Level 1:colcon.colcon_core.package_identification:_identify(src) by extensions ['ignore', 'ignore_ament_install']
[0.535s] Level 1:colcon.colcon_core.package_identification:_identify(src) by extension 'ignore'
[0.535s] Level 1:colcon.colcon_core.package_identification:_identify(src) by extension 'ignore_ament_install'
[0.535s] Level 1:colcon.colcon_core.package_identification:_identify(src) by extensions ['colcon_pkg']
[0.535s] Level 1:colcon.colcon_core.package_identification:_identify(src) by extension 'colcon_pkg'
[0.535s] Level 1:colcon.colcon_core.package_identification:_identify(src) by extensions ['colcon_meta']
[0.535s] Level 1:colcon.colcon_core.package_identification:_identify(src) by extension 'colcon_meta'
[0.535s] Level 1:colcon.colcon_core.package_identification:_identify(src) by extensions ['ros']
[0.535s] Level 1:colcon.colcon_core.package_identification:_identify(src) by extension 'ros'
[0.536s] Level 1:colcon.colcon_core.package_identification:_identify(src) by extensions ['cmake', 'python']
[0.536s] Level 1:colcon.colcon_core.package_identification:_identify(src) by extension 'cmake'
[0.536s] Level 1:colcon.colcon_core.package_identification:_identify(src) by extension 'python'
[0.536s] Level 1:colcon.colcon_core.package_identification:_identify(src) by extensions ['python_setup_py']
[0.536s] Level 1:colcon.colcon_core.package_identification:_identify(src) by extension 'python_setup_py'
[0.536s] Level 1:colcon.colcon_core.package_identification:_identify(src/hello_moveit) by extensions ['ignore', 'ignore_ament_install']
[0.536s] Level 1:colcon.colcon_core.package_identification:_identify(src/hello_moveit) by extension 'ignore'
[0.536s] Level 1:colcon.colcon_core.package_identification:_identify(src/hello_moveit) by extension 'ignore_ament_install'
[0.536s] Level 1:colcon.colcon_core.package_identification:_identify(src/hello_moveit) by extensions ['colcon_pkg']
[0.536s] Level 1:colcon.colcon_core.package_identification:_identify(src/hello_moveit) by extension 'colcon_pkg'
[0.536s] Level 1:colcon.colcon_core.package_identification:_identify(src/hello_moveit) by extensions ['colcon_meta']
[0.536s] Level 1:colcon.colcon_core.package_identification:_identify(src/hello_moveit) by extension 'colcon_meta'
[0.536s] Level 1:colcon.colcon_core.package_identification:_identify(src/hello_moveit) by extensions ['ros']
[0.536s] Level 1:colcon.colcon_core.package_identification:_identify(src/hello_moveit) by extension 'ros'
[0.546s] DEBUG:colcon.colcon_core.package_identification:Package 'src/hello_moveit' with type 'ros.ament_cmake' and name 'hello_moveit'
[0.546s] Level 1:colcon.colcon_core.package_identification:_identify(src/moveit_robot_generate) by extensions ['ignore', 'ignore_ament_install']
[0.547s] Level 1:colcon.colcon_core.package_identification:_identify(src/moveit_robot_generate) by extension 'ignore'
[0.547s] Level 1:colcon.colcon_core.package_identification:_identify(src/moveit_robot_generate) by extension 'ignore_ament_install'
[0.547s] Level 1:colcon.colcon_core.package_identification:_identify(src/moveit_robot_generate) by extensions ['colcon_pkg']
[0.547s] Level 1:colcon.colcon_core.package_identification:_identify(src/moveit_robot_generate) by extension 'colcon_pkg'
[0.547s] Level 1:colcon.colcon_core.package_identification:_identify(src/moveit_robot_generate) by extensions ['colcon_meta']
[0.547s] Level 1:colcon.colcon_core.package_identification:_identify(src/moveit_robot_generate) by extension 'colcon_meta'
[0.547s] Level 1:colcon.colcon_core.package_identification:_identify(src/moveit_robot_generate) by extensions ['ros']
[0.547s] Level 1:colcon.colcon_core.package_identification:_identify(src/moveit_robot_generate) by extension 'ros'
[0.548s] DEBUG:colcon.colcon_core.package_identification:Found ROS schema reference in package manifest in 'src/moveit_robot_generate'
[0.548s] WARNING:colcon.colcon_core.package_identification:Failed to parse ROS package manifest in 'src/moveit_robot_generate': Error(s) in package 'src/moveit_robot_generate/package.xml':
Invalid email "" for person ""
Maintainers must have an email address
Invalid email "" for person ""
[0.548s] Level 1:colcon.colcon_core.package_identification:_identify(src/moveit_robot_generate) by extensions ['cmake', 'python']
[0.548s] Level 1:colcon.colcon_core.package_identification:_identify(src/moveit_robot_generate) by extension 'cmake'
[0.549s] Level 1:colcon.colcon_core.package_identification:_identify(src/moveit_robot_generate) by extension 'python'
[0.549s] DEBUG:colcon.colcon_core.package_identification:Package 'src/moveit_robot_generate' with type 'cmake' and name 'moveit_robot_generate'
[0.549s] Level 1:colcon.colcon_core.package_identification:_identify(src/pros_car_py) by extensions ['ignore', 'ignore_ament_install']
[0.549s] Level 1:colcon.colcon_core.package_identification:_identify(src/pros_car_py) by extension 'ignore'
[0.549s] Level 1:colcon.colcon_core.package_identification:_identify(src/pros_car_py) by extension 'ignore_ament_install'
[0.549s] Level 1:colcon.colcon_core.package_identification:_identify(src/pros_car_py) by extensions ['colcon_pkg']
[0.549s] Level 1:colcon.colcon_core.package_identification:_identify(src/pros_car_py) by extension 'colcon_pkg'
[0.549s] Level 1:colcon.colcon_core.package_identification:_identify(src/pros_car_py) by extensions ['colcon_meta']
[0.549s] Level 1:colcon.colcon_core.package_identification:_identify(src/pros_car_py) by extension 'colcon_meta'
[0.549s] Level 1:colcon.colcon_core.package_identification:_identify(src/pros_car_py) by extensions ['ros']
[0.549s] Level 1:colcon.colcon_core.package_identification:_identify(src/pros_car_py) by extension 'ros'
[0.549s] DEBUG:colcon.colcon_core.package_identification:Package 'src/pros_car_py' with type 'ros.ament_python' and name 'pros_car_py'
[0.550s] Level 1:colcon.colcon_core.package_discovery:discover_packages(recursive) using defaults
[0.550s] Level 1:colcon.colcon_core.package_discovery:discover_packages(ignore) discover
[0.550s] Level 1:colcon.colcon_core.package_discovery:discover_packages(ignore) using defaults
[0.550s] Level 1:colcon.colcon_core.package_discovery:discover_packages(path) discover
[0.550s] Level 1:colcon.colcon_core.package_discovery:discover_packages(path) using defaults
[0.573s] Level 1:colcon.colcon_core.package_discovery:discover_packages(prefix_path) check parameters
[0.573s] Level 1:colcon.colcon_core.package_discovery:discover_packages(prefix_path) discover
[0.576s] WARNING:colcon.colcon_core.prefix_path.colcon:The path '/home/user/workspace/pyrobot/moveit2_ws/install' in the environment variable COLCON_PREFIX_PATH doesn't exist
[0.577s] WARNING:colcon.colcon_ros.prefix_path.ament:The path '/home/user/workspace/pyrobot/moveit2_ws/install/pilz_industrial_motion_planner_testutils' in the environment variable AMENT_PREFIX_PATH doesn't exist
[0.577s] WARNING:colcon.colcon_ros.prefix_path.ament:The path '/home/user/workspace/pyrobot/moveit2_ws/install/moveit_ros_control_interface' in the environment variable AMENT_PREFIX_PATH doesn't exist
[0.577s] WARNING:colcon.colcon_ros.prefix_path.ament:The path '/home/user/workspace/pyrobot/moveit2_ws/install/moveit_plugins' in the environment variable AMENT_PREFIX_PATH doesn't exist
[0.577s] WARNING:colcon.colcon_ros.prefix_path.ament:The path '/home/user/workspace/pyrobot/moveit2_ws/install/moveit_simple_controller_manager' in the environment variable AMENT_PREFIX_PATH doesn't exist
[0.577s] WARNING:colcon.colcon_ros.prefix_path.ament:The path '/home/user/workspace/pyrobot/moveit2_ws/install/moveit_ros_planning' in the environment variable AMENT_PREFIX_PATH doesn't exist
[0.577s] WARNING:colcon.colcon_ros.prefix_path.ament:The path '/home/user/workspace/pyrobot/moveit2_ws/install/moveit_ros_occupancy_map_monitor' in the environment variable AMENT_PREFIX_PATH doesn't exist
[0.577s] WARNING:colcon.colcon_ros.prefix_path.ament:The path '/home/user/workspace/pyrobot/moveit2_ws/install/moveit_resources_prbt_ikfast_manipulator_plugin' in the environment variable AMENT_PREFIX_PATH doesn't exist
[0.577s] WARNING:colcon.colcon_ros.prefix_path.ament:The path '/home/user/workspace/pyrobot/moveit2_ws/install/moveit_planners_chomp' in the environment variable AMENT_PREFIX_PATH doesn't exist
[0.577s] WARNING:colcon.colcon_ros.prefix_path.ament:The path '/home/user/workspace/pyrobot/moveit2_ws/install/moveit_chomp_optimizer_adapter' in the environment variable AMENT_PREFIX_PATH doesn't exist
[0.577s] WARNING:colcon.colcon_ros.prefix_path.ament:The path '/home/user/workspace/pyrobot/moveit2_ws/install/chomp_motion_planner' in the environment variable AMENT_PREFIX_PATH doesn't exist
[0.577s] WARNING:colcon.colcon_ros.prefix_path.ament:The path '/home/user/workspace/pyrobot/moveit2_ws/install/moveit_core' in the environment variable AMENT_PREFIX_PATH doesn't exist
[0.577s] WARNING:colcon.colcon_ros.prefix_path.ament:The path '/home/user/workspace/pyrobot/moveit2_ws/install/generate_parameter_module_example' in the environment variable AMENT_PREFIX_PATH doesn't exist
[0.577s] WARNING:colcon.colcon_ros.prefix_path.ament:The path '/home/user/workspace/pyrobot/moveit2_ws/install/generate_parameter_library_example' in the environment variable AMENT_PREFIX_PATH doesn't exist
[0.577s] WARNING:colcon.colcon_ros.prefix_path.ament:The path '/home/user/workspace/pyrobot/moveit2_ws/install/cmake_generate_parameter_module_example' in the environment variable AMENT_PREFIX_PATH doesn't exist
[0.577s] WARNING:colcon.colcon_ros.prefix_path.ament:The path '/home/user/workspace/pyrobot/moveit2_ws/install/generate_parameter_library' in the environment variable AMENT_PREFIX_PATH doesn't exist
[0.577s] WARNING:colcon.colcon_ros.prefix_path.ament:The path '/home/user/workspace/pyrobot/moveit2_ws/install/parameter_traits' in the environment variable AMENT_PREFIX_PATH doesn't exist
[0.577s] WARNING:colcon.colcon_ros.prefix_path.ament:The path '/home/user/workspace/pyrobot/moveit2_ws/install/moveit_resources_prbt_support' in the environment variable AMENT_PREFIX_PATH doesn't exist
[0.578s] WARNING:colcon.colcon_ros.prefix_path.ament:The path '/home/user/workspace/pyrobot/moveit2_ws/install/moveit_resources' in the environment variable AMENT_PREFIX_PATH doesn't exist
[0.578s] WARNING:colcon.colcon_ros.prefix_path.ament:The path '/home/user/workspace/pyrobot/moveit2_ws/install/moveit_resources_pr2_description' in the environment variable AMENT_PREFIX_PATH doesn't exist
[0.578s] WARNING:colcon.colcon_ros.prefix_path.ament:The path '/home/user/workspace/pyrobot/moveit2_ws/install/moveit_resources_panda_moveit_config' in the environment variable AMENT_PREFIX_PATH doesn't exist
[0.578s] WARNING:colcon.colcon_ros.prefix_path.ament:The path '/home/user/workspace/pyrobot/moveit2_ws/install/moveit_resources_panda_description' in the environment variable AMENT_PREFIX_PATH doesn't exist
[0.578s] WARNING:colcon.colcon_ros.prefix_path.ament:The path '/home/user/workspace/pyrobot/moveit2_ws/install/moveit_resources_fanuc_moveit_config' in the environment variable AMENT_PREFIX_PATH doesn't exist
[0.578s] WARNING:colcon.colcon_ros.prefix_path.ament:The path '/home/user/workspace/pyrobot/moveit2_ws/install/moveit_resources_fanuc_description' in the environment variable AMENT_PREFIX_PATH doesn't exist
[0.578s] WARNING:colcon.colcon_ros.prefix_path.ament:The path '/home/user/workspace/pyrobot/moveit2_ws/install/moveit_msgs' in the environment variable AMENT_PREFIX_PATH doesn't exist
[0.578s] WARNING:colcon.colcon_ros.prefix_path.ament:The path '/home/user/workspace/pyrobot/moveit2_ws/install/moveit_configs_utils' in the environment variable AMENT_PREFIX_PATH doesn't exist
[0.578s] WARNING:colcon.colcon_ros.prefix_path.ament:The path '/home/user/workspace/pyrobot/moveit2_ws/install/moveit_common' in the environment variable AMENT_PREFIX_PATH doesn't exist
[0.578s] WARNING:colcon.colcon_ros.prefix_path.ament:The path '/home/user/workspace/pyrobot/moveit2_ws/install/generate_parameter_library_py' in the environment variable AMENT_PREFIX_PATH doesn't exist
[0.591s] WARNING:colcon.colcon_ros.prefix_path.catkin:The path '/home/user/workspace/pyrobot/moveit2_ws/install/pilz_industrial_motion_planner_testutils' in the environment variable CMAKE_PREFIX_PATH doesn't exist
[0.591s] WARNING:colcon.colcon_ros.prefix_path.catkin:The path '/home/user/workspace/pyrobot/moveit2_ws/install/moveit_ros_control_interface' in the environment variable CMAKE_PREFIX_PATH doesn't exist
[0.591s] WARNING:colcon.colcon_ros.prefix_path.catkin:The path '/home/user/workspace/pyrobot/moveit2_ws/install/moveit_plugins' in the environment variable CMAKE_PREFIX_PATH doesn't exist
[0.591s] WARNING:colcon.colcon_ros.prefix_path.catkin:The path '/home/user/workspace/pyrobot/moveit2_ws/install/moveit_simple_controller_manager' in the environment variable CMAKE_PREFIX_PATH doesn't exist
[0.591s] WARNING:colcon.colcon_ros.prefix_path.catkin:The path '/home/user/workspace/pyrobot/moveit2_ws/install/moveit_ros_planning' in the environment variable CMAKE_PREFIX_PATH doesn't exist
[0.591s] WARNING:colcon.colcon_ros.prefix_path.catkin:The path '/home/user/workspace/pyrobot/moveit2_ws/install/moveit_ros_occupancy_map_monitor' in the environment variable CMAKE_PREFIX_PATH doesn't exist
[0.591s] WARNING:colcon.colcon_ros.prefix_path.catkin:The path '/home/user/workspace/pyrobot/moveit2_ws/install/moveit_resources_prbt_ikfast_manipulator_plugin' in the environment variable CMAKE_PREFIX_PATH doesn't exist
[0.591s] WARNING:colcon.colcon_ros.prefix_path.catkin:The path '/home/user/workspace/pyrobot/moveit2_ws/install/moveit_planners_chomp' in the environment variable CMAKE_PREFIX_PATH doesn't exist
[0.591s] WARNING:colcon.colcon_ros.prefix_path.catkin:The path '/home/user/workspace/pyrobot/moveit2_ws/install/moveit_chomp_optimizer_adapter' in the environment variable CMAKE_PREFIX_PATH doesn't exist
[0.591s] WARNING:colcon.colcon_ros.prefix_path.catkin:The path '/home/user/workspace/pyrobot/moveit2_ws/install/chomp_motion_planner' in the environment variable CMAKE_PREFIX_PATH doesn't exist
[0.591s] WARNING:colcon.colcon_ros.prefix_path.catkin:The path '/home/user/workspace/pyrobot/moveit2_ws/install/moveit_core' in the environment variable CMAKE_PREFIX_PATH doesn't exist
[0.591s] WARNING:colcon.colcon_ros.prefix_path.catkin:The path '/home/user/workspace/pyrobot/moveit2_ws/install/generate_parameter_library_example' in the environment variable CMAKE_PREFIX_PATH doesn't exist
[0.591s] WARNING:colcon.colcon_ros.prefix_path.catkin:The path '/home/user/workspace/pyrobot/moveit2_ws/install/cmake_generate_parameter_module_example' in the environment variable CMAKE_PREFIX_PATH doesn't exist
[0.591s] WARNING:colcon.colcon_ros.prefix_path.catkin:The path '/home/user/workspace/pyrobot/moveit2_ws/install/generate_parameter_library' in the environment variable CMAKE_PREFIX_PATH doesn't exist
[0.592s] WARNING:colcon.colcon_ros.prefix_path.catkin:The path '/home/user/workspace/pyrobot/moveit2_ws/install/parameter_traits' in the environment variable CMAKE_PREFIX_PATH doesn't exist
[0.592s] WARNING:colcon.colcon_ros.prefix_path.catkin:The path '/home/user/workspace/pyrobot/moveit2_ws/install/moveit_resources_prbt_support' in the environment variable CMAKE_PREFIX_PATH doesn't exist
[0.592s] WARNING:colcon.colcon_ros.prefix_path.catkin:The path '/home/user/workspace/pyrobot/moveit2_ws/install/moveit_resources' in the environment variable CMAKE_PREFIX_PATH doesn't exist
[0.592s] WARNING:colcon.colcon_ros.prefix_path.catkin:The path '/home/user/workspace/pyrobot/moveit2_ws/install/moveit_resources_pr2_description' in the environment variable CMAKE_PREFIX_PATH doesn't exist
[0.592s] WARNING:colcon.colcon_ros.prefix_path.catkin:The path '/home/user/workspace/pyrobot/moveit2_ws/install/moveit_resources_panda_moveit_config' in the environment variable CMAKE_PREFIX_PATH doesn't exist
[0.592s] WARNING:colcon.colcon_ros.prefix_path.catkin:The path '/home/user/workspace/pyrobot/moveit2_ws/install/moveit_resources_panda_description' in the environment variable CMAKE_PREFIX_PATH doesn't exist
[0.592s] WARNING:colcon.colcon_ros.prefix_path.catkin:The path '/home/user/workspace/pyrobot/moveit2_ws/install/moveit_resources_fanuc_moveit_config' in the environment variable CMAKE_PREFIX_PATH doesn't exist
[0.592s] WARNING:colcon.colcon_ros.prefix_path.catkin:The path '/home/user/workspace/pyrobot/moveit2_ws/install/moveit_resources_fanuc_description' in the environment variable CMAKE_PREFIX_PATH doesn't exist
[0.592s] WARNING:colcon.colcon_ros.prefix_path.catkin:The path '/home/user/workspace/pyrobot/moveit2_ws/install/moveit_msgs' in the environment variable CMAKE_PREFIX_PATH doesn't exist
[0.592s] WARNING:colcon.colcon_ros.prefix_path.catkin:The path '/home/user/workspace/pyrobot/moveit2_ws/install/moveit_common' in the environment variable CMAKE_PREFIX_PATH doesn't exist
[0.593s] DEBUG:colcon.colcon_installed_package_information.package_discovery:Found 2 installed packages in /home/user/workspace/pyrobot/moveit_ws/install
[0.594s] DEBUG:colcon.colcon_installed_package_information.package_discovery:Found 55 installed packages in /home/user/workspace/ws_moveit2/install
[0.596s] DEBUG:colcon.colcon_installed_package_information.package_discovery:Found 368 installed packages in /opt/ros/humble
[0.599s] Level 1:colcon.colcon_core.package_discovery:discover_packages(prefix_path) using defaults
[0.687s] Level 5:colcon.colcon_core.verb:set package 'hello_moveit' build argument 'cmake_args' from command line to 'None'
[0.687s] Level 5:colcon.colcon_core.verb:set package 'hello_moveit' build argument 'cmake_target' from command line to 'None'
[0.687s] Level 5:colcon.colcon_core.verb:set package 'hello_moveit' build argument 'cmake_target_skip_unavailable' from command line to 'False'
[0.687s] Level 5:colcon.colcon_core.verb:set package 'hello_moveit' build argument 'cmake_clean_cache' from command line to 'False'
[0.687s] Level 5:colcon.colcon_core.verb:set package 'hello_moveit' build argument 'cmake_clean_first' from command line to 'False'
[0.687s] Level 5:colcon.colcon_core.verb:set package 'hello_moveit' build argument 'cmake_force_configure' from command line to 'False'
[0.687s] Level 5:colcon.colcon_core.verb:set package 'hello_moveit' build argument 'ament_cmake_args' from command line to 'None'
[0.687s] Level 5:colcon.colcon_core.verb:set package 'hello_moveit' build argument 'catkin_cmake_args' from command line to 'None'
[0.687s] Level 5:colcon.colcon_core.verb:set package 'hello_moveit' build argument 'catkin_skip_building_tests' from command line to 'False'
[0.687s] DEBUG:colcon.colcon_core.verb:Building package 'hello_moveit' with the following arguments: {'ament_cmake_args': None, 'build_base': '/home/user/workspace/pyrobot/moveit_ws/build/hello_moveit', 'catkin_cmake_args': None, 'catkin_skip_building_tests': False, 'cmake_args': None, 'cmake_clean_cache': False, 'cmake_clean_first': False, 'cmake_force_configure': False, 'cmake_target': None, 'cmake_target_skip_unavailable': False, 'install_base': '/home/user/workspace/pyrobot/moveit_ws/install/hello_moveit', 'merge_install': False, 'path': '/home/user/workspace/pyrobot/moveit_ws/src/hello_moveit', 'symlink_install': False, 'test_result_base': None}
[0.688s] Level 5:colcon.colcon_core.verb:set package 'moveit_robot_generate' build argument 'cmake_args' from command line to 'None'
[0.688s] Level 5:colcon.colcon_core.verb:set package 'moveit_robot_generate' build argument 'cmake_target' from command line to 'None'
[0.688s] Level 5:colcon.colcon_core.verb:set package 'moveit_robot_generate' build argument 'cmake_target_skip_unavailable' from command line to 'False'
[0.688s] Level 5:colcon.colcon_core.verb:set package 'moveit_robot_generate' build argument 'cmake_clean_cache' from command line to 'False'
[0.688s] Level 5:colcon.colcon_core.verb:set package 'moveit_robot_generate' build argument 'cmake_clean_first' from command line to 'False'
[0.688s] Level 5:colcon.colcon_core.verb:set package 'moveit_robot_generate' build argument 'cmake_force_configure' from command line to 'False'
[0.688s] Level 5:colcon.colcon_core.verb:set package 'moveit_robot_generate' build argument 'ament_cmake_args' from command line to 'None'
[0.688s] Level 5:colcon.colcon_core.verb:set package 'moveit_robot_generate' build argument 'catkin_cmake_args' from command line to 'None'
[0.688s] Level 5:colcon.colcon_core.verb:set package 'moveit_robot_generate' build argument 'catkin_skip_building_tests' from command line to 'False'
[0.688s] DEBUG:colcon.colcon_core.verb:Building package 'moveit_robot_generate' with the following arguments: {'ament_cmake_args': None, 'build_base': '/home/user/workspace/pyrobot/moveit_ws/build/moveit_robot_generate', 'catkin_cmake_args': None, 'catkin_skip_building_tests': False, 'cmake_args': None, 'cmake_clean_cache': False, 'cmake_clean_first': False, 'cmake_force_configure': False, 'cmake_target': None, 'cmake_target_skip_unavailable': False, 'install_base': '/home/user/workspace/pyrobot/moveit_ws/install/moveit_robot_generate', 'merge_install': False, 'path': '/home/user/workspace/pyrobot/moveit_ws/src/moveit_robot_generate', 'symlink_install': False, 'test_result_base': None}
[0.688s] Level 5:colcon.colcon_core.verb:set package 'pros_car_py' build argument 'cmake_args' from command line to 'None'
[0.688s] Level 5:colcon.colcon_core.verb:set package 'pros_car_py' build argument 'cmake_target' from command line to 'None'
[0.688s] Level 5:colcon.colcon_core.verb:set package 'pros_car_py' build argument 'cmake_target_skip_unavailable' from command line to 'False'
[0.688s] Level 5:colcon.colcon_core.verb:set package 'pros_car_py' build argument 'cmake_clean_cache' from command line to 'False'
[0.688s] Level 5:colcon.colcon_core.verb:set package 'pros_car_py' build argument 'cmake_clean_first' from command line to 'False'
[0.688s] Level 5:colcon.colcon_core.verb:set package 'pros_car_py' build argument 'cmake_force_configure' from command line to 'False'
[0.688s] Level 5:colcon.colcon_core.verb:set package 'pros_car_py' build argument 'ament_cmake_args' from command line to 'None'
[0.688s] Level 5:colcon.colcon_core.verb:set package 'pros_car_py' build argument 'catkin_cmake_args' from command line to 'None'
[0.688s] Level 5:colcon.colcon_core.verb:set package 'pros_car_py' build argument 'catkin_skip_building_tests' from command line to 'False'
[0.688s] DEBUG:colcon.colcon_core.verb:Building package 'pros_car_py' with the following arguments: {'ament_cmake_args': None, 'build_base': '/home/user/workspace/pyrobot/moveit_ws/build/pros_car_py', 'catkin_cmake_args': None, 'catkin_skip_building_tests': False, 'cmake_args': None, 'cmake_clean_cache': False, 'cmake_clean_first': False, 'cmake_force_configure': False, 'cmake_target': None, 'cmake_target_skip_unavailable': False, 'install_base': '/home/user/workspace/pyrobot/moveit_ws/install/pros_car_py', 'merge_install': False, 'path': '/home/user/workspace/pyrobot/moveit_ws/src/pros_car_py', 'symlink_install': False, 'test_result_base': None}
[0.688s] INFO:colcon.colcon_core.executor:Executing jobs using 'parallel' executor
[0.689s] DEBUG:colcon.colcon_parallel_executor.executor.parallel:run_until_complete
[0.689s] INFO:colcon.colcon_ros.task.ament_cmake.build:Building ROS package in '/home/user/workspace/pyrobot/moveit_ws/src/hello_moveit' with build type 'ament_cmake'
[0.689s] INFO:colcon.colcon_cmake.task.cmake.build:Building CMake package in '/home/user/workspace/pyrobot/moveit_ws/src/hello_moveit'
[0.694s] INFO:colcon.colcon_core.plugin_system:Skipping extension 'colcon_core.shell.bat': Not used on non-Windows systems
[0.694s] INFO:colcon.colcon_core.shell:Skip shell extension 'powershell' for command environment: Not usable outside of PowerShell
[0.694s] DEBUG:colcon.colcon_core.shell:Skip shell extension 'dsv' for command environment
[0.699s] INFO:colcon.colcon_cmake.task.cmake.build:Building CMake package in '/home/user/workspace/pyrobot/moveit_ws/src/moveit_robot_generate'
[0.699s] INFO:colcon.colcon_core.shell:Skip shell extension 'powershell' for command environment: Not usable outside of PowerShell
[0.699s] DEBUG:colcon.colcon_core.shell:Skip shell extension 'dsv' for command environment
[0.704s] INFO:colcon.colcon_ros.task.ament_python.build:Building ROS package in '/home/user/workspace/pyrobot/moveit_ws/src/pros_car_py' with build type 'ament_python'
[0.704s] Level 1:colcon.colcon_core.shell:create_environment_hook('pros_car_py', 'ament_prefix_path')
[0.704s] INFO:colcon.colcon_core.shell:Creating environment hook '/home/user/workspace/pyrobot/moveit_ws/install/pros_car_py/share/pros_car_py/hook/ament_prefix_path.ps1'
[0.705s] INFO:colcon.colcon_core.shell:Creating environment descriptor '/home/user/workspace/pyrobot/moveit_ws/install/pros_car_py/share/pros_car_py/hook/ament_prefix_path.dsv'
[0.706s] INFO:colcon.colcon_core.shell:Creating environment hook '/home/user/workspace/pyrobot/moveit_ws/install/pros_car_py/share/pros_car_py/hook/ament_prefix_path.sh'
[0.707s] INFO:colcon.colcon_core.shell:Skip shell extension 'powershell' for command environment: Not usable outside of PowerShell
[0.707s] DEBUG:colcon.colcon_core.shell:Skip shell extension 'dsv' for command environment
[0.715s] DEBUG:colcon.colcon_core.event_handler.log_command:Invoking command in '/home/user/workspace/pyrobot/moveit_ws/build/hello_moveit': CMAKE_PREFIX_PATH=${CMAKE_PREFIX_PATH}:/home/user/workspace/pyrobot/moveit_ws/install/pros_car_py:/home/user/workspace/pyrobot/moveit2_ws/install/generate_parameter_module_example:/home/user/workspace/pyrobot/moveit2_ws/install/moveit_configs_utils:/home/user/workspace/pyrobot/moveit2_ws/install/generate_parameter_library_py:/home/user/workspace/ws_moveit2/install/moveit_configs_utils:/home/user/workspace/ws_moveit2/install/launch_param_builder:/opt/ros/humble /usr/bin/cmake --build /home/user/workspace/pyrobot/moveit_ws/build/hello_moveit -- -j16 -l16
[0.720s] DEBUG:colcon.colcon_core.event_handler.log_command:Invoking command in '/home/user/workspace/pyrobot/moveit_ws/build/moveit_robot_generate': /usr/bin/cmake /home/user/workspace/pyrobot/moveit_ws/src/moveit_robot_generate -DCMAKE_INSTALL_PREFIX=/home/user/workspace/pyrobot/moveit_ws/install/moveit_robot_generate
[0.924s] INFO:colcon.colcon_core.task.python.build:Building Python package in '/home/user/workspace/pyrobot/moveit_ws/src/pros_car_py'
[0.924s] INFO:colcon.colcon_core.shell:Skip shell extension 'powershell' for command environment: Not usable outside of PowerShell
[0.924s] DEBUG:colcon.colcon_core.shell:Skip shell extension 'dsv' for command environment
[0.929s] DEBUG:colcon.colcon_core.event_handler.log_command:Invoked command in '/home/user/workspace/pyrobot/moveit_ws/build/hello_moveit' returned '0': CMAKE_PREFIX_PATH=${CMAKE_PREFIX_PATH}:/home/user/workspace/pyrobot/moveit_ws/install/pros_car_py:/home/user/workspace/pyrobot/moveit2_ws/install/generate_parameter_module_example:/home/user/workspace/pyrobot/moveit2_ws/install/moveit_configs_utils:/home/user/workspace/pyrobot/moveit2_ws/install/generate_parameter_library_py:/home/user/workspace/ws_moveit2/install/moveit_configs_utils:/home/user/workspace/ws_moveit2/install/launch_param_builder:/opt/ros/humble /usr/bin/cmake --build /home/user/workspace/pyrobot/moveit_ws/build/hello_moveit -- -j16 -l16
[0.960s] DEBUG:colcon.colcon_core.event_handler.log_command:Invoking command in '/home/user/workspace/pyrobot/moveit_ws/build/hello_moveit': CMAKE_PREFIX_PATH=${CMAKE_PREFIX_PATH}:/home/user/workspace/pyrobot/moveit_ws/install/pros_car_py:/home/user/workspace/pyrobot/moveit2_ws/install/generate_parameter_module_example:/home/user/workspace/pyrobot/moveit2_ws/install/moveit_configs_utils:/home/user/workspace/pyrobot/moveit2_ws/install/generate_parameter_library_py:/home/user/workspace/ws_moveit2/install/moveit_configs_utils:/home/user/workspace/ws_moveit2/install/launch_param_builder:/opt/ros/humble /usr/bin/cmake --install /home/user/workspace/pyrobot/moveit_ws/build/hello_moveit
[0.978s] Level 1:colcon.colcon_core.environment:create_environment_scripts_only(hello_moveit)
[0.979s] DEBUG:colcon.colcon_core.event_handler.log_command:Invoked command in '/home/user/workspace/pyrobot/moveit_ws/build/hello_moveit' returned '0': CMAKE_PREFIX_PATH=${CMAKE_PREFIX_PATH}:/home/user/workspace/pyrobot/moveit_ws/install/pros_car_py:/home/user/workspace/pyrobot/moveit2_ws/install/generate_parameter_module_example:/home/user/workspace/pyrobot/moveit2_ws/install/moveit_configs_utils:/home/user/workspace/pyrobot/moveit2_ws/install/generate_parameter_library_py:/home/user/workspace/ws_moveit2/install/moveit_configs_utils:/home/user/workspace/ws_moveit2/install/launch_param_builder:/opt/ros/humble /usr/bin/cmake --install /home/user/workspace/pyrobot/moveit_ws/build/hello_moveit
[0.984s] Level 1:colcon.colcon_core.environment:checking '/home/user/workspace/pyrobot/moveit_ws/install/hello_moveit' for CMake module files
[0.985s] Level 1:colcon.colcon_core.environment:checking '/home/user/workspace/pyrobot/moveit_ws/install/hello_moveit' for CMake config files
[0.986s] Level 1:colcon.colcon_core.shell:create_environment_hook('hello_moveit', 'cmake_prefix_path')
[0.987s] INFO:colcon.colcon_core.shell:Creating environment hook '/home/user/workspace/pyrobot/moveit_ws/install/hello_moveit/share/hello_moveit/hook/cmake_prefix_path.ps1'
[0.987s] INFO:colcon.colcon_core.shell:Creating environment descriptor '/home/user/workspace/pyrobot/moveit_ws/install/hello_moveit/share/hello_moveit/hook/cmake_prefix_path.dsv'
[0.987s] INFO:colcon.colcon_core.shell:Creating environment hook '/home/user/workspace/pyrobot/moveit_ws/install/hello_moveit/share/hello_moveit/hook/cmake_prefix_path.sh'
[0.988s] Level 1:colcon.colcon_core.environment:checking '/home/user/workspace/pyrobot/moveit_ws/install/hello_moveit/lib'
[0.988s] Level 1:colcon.colcon_core.environment:checking '/home/user/workspace/pyrobot/moveit_ws/install/hello_moveit/bin'
[0.988s] Level 1:colcon.colcon_core.environment:checking '/home/user/workspace/pyrobot/moveit_ws/install/hello_moveit/lib/pkgconfig/hello_moveit.pc'
[0.988s] Level 1:colcon.colcon_core.environment:checking '/home/user/workspace/pyrobot/moveit_ws/install/hello_moveit/lib/python3.10/site-packages'
[0.988s] Level 1:colcon.colcon_core.environment:checking '/home/user/workspace/pyrobot/moveit_ws/install/hello_moveit/bin'
[0.988s] INFO:colcon.colcon_core.shell:Creating package script '/home/user/workspace/pyrobot/moveit_ws/install/hello_moveit/share/hello_moveit/package.ps1'
[0.989s] INFO:colcon.colcon_core.shell:Creating package descriptor '/home/user/workspace/pyrobot/moveit_ws/install/hello_moveit/share/hello_moveit/package.dsv'
[0.990s] INFO:colcon.colcon_core.shell:Creating package script '/home/user/workspace/pyrobot/moveit_ws/install/hello_moveit/share/hello_moveit/package.sh'
[0.991s] INFO:colcon.colcon_core.shell:Creating package script '/home/user/workspace/pyrobot/moveit_ws/install/hello_moveit/share/hello_moveit/package.bash'
[0.991s] INFO:colcon.colcon_core.shell:Creating package script '/home/user/workspace/pyrobot/moveit_ws/install/hello_moveit/share/hello_moveit/package.zsh'
[0.992s] Level 1:colcon.colcon_core.environment:create_file_with_runtime_dependencies(/home/user/workspace/pyrobot/moveit_ws/install/hello_moveit/share/colcon-core/packages/hello_moveit)
[1.015s] Level 1:colcon.colcon_core.environment:create_environment_scripts_only(hello_moveit)
[1.016s] Level 1:colcon.colcon_core.environment:checking '/home/user/workspace/pyrobot/moveit_ws/install/hello_moveit' for CMake module files
[1.016s] Level 1:colcon.colcon_core.environment:checking '/home/user/workspace/pyrobot/moveit_ws/install/hello_moveit' for CMake config files
[1.016s] Level 1:colcon.colcon_core.shell:create_environment_hook('hello_moveit', 'cmake_prefix_path')
[1.016s] INFO:colcon.colcon_core.shell:Creating environment hook '/home/user/workspace/pyrobot/moveit_ws/install/hello_moveit/share/hello_moveit/hook/cmake_prefix_path.ps1'
[1.017s] INFO:colcon.colcon_core.shell:Creating environment descriptor '/home/user/workspace/pyrobot/moveit_ws/install/hello_moveit/share/hello_moveit/hook/cmake_prefix_path.dsv'
[1.017s] INFO:colcon.colcon_core.shell:Creating environment hook '/home/user/workspace/pyrobot/moveit_ws/install/hello_moveit/share/hello_moveit/hook/cmake_prefix_path.sh'
[1.017s] Level 1:colcon.colcon_core.environment:checking '/home/user/workspace/pyrobot/moveit_ws/install/hello_moveit/lib'
[1.017s] Level 1:colcon.colcon_core.environment:checking '/home/user/workspace/pyrobot/moveit_ws/install/hello_moveit/bin'
[1.017s] Level 1:colcon.colcon_core.environment:checking '/home/user/workspace/pyrobot/moveit_ws/install/hello_moveit/lib/pkgconfig/hello_moveit.pc'
[1.017s] Level 1:colcon.colcon_core.environment:checking '/home/user/workspace/pyrobot/moveit_ws/install/hello_moveit/lib/python3.10/site-packages'
[1.018s] Level 1:colcon.colcon_core.environment:checking '/home/user/workspace/pyrobot/moveit_ws/install/hello_moveit/bin'
[1.018s] INFO:colcon.colcon_core.shell:Creating package script '/home/user/workspace/pyrobot/moveit_ws/install/hello_moveit/share/hello_moveit/package.ps1'
[1.018s] INFO:colcon.colcon_core.shell:Creating package descriptor '/home/user/workspace/pyrobot/moveit_ws/install/hello_moveit/share/hello_moveit/package.dsv'
[1.018s] INFO:colcon.colcon_core.shell:Creating package script '/home/user/workspace/pyrobot/moveit_ws/install/hello_moveit/share/hello_moveit/package.sh'
[1.018s] INFO:colcon.colcon_core.shell:Creating package script '/home/user/workspace/pyrobot/moveit_ws/install/hello_moveit/share/hello_moveit/package.bash'
[1.019s] INFO:colcon.colcon_core.shell:Creating package script '/home/user/workspace/pyrobot/moveit_ws/install/hello_moveit/share/hello_moveit/package.zsh'
[1.019s] Level 1:colcon.colcon_core.environment:create_file_with_runtime_dependencies(/home/user/workspace/pyrobot/moveit_ws/install/hello_moveit/share/colcon-core/packages/hello_moveit)
[1.335s] DEBUG:colcon.colcon_core.event_handler.log_command:Invoking command in '/home/user/workspace/pyrobot/moveit_ws/src/pros_car_py': PYTHONPATH=/home/user/workspace/pyrobot/moveit_ws/build/pros_car_py/prefix_override:/usr/lib/python3/dist-packages/colcon_core/task/python/colcon_distutils_commands:/home/user/workspace/pyrobot/moveit_ws/install/pros_car_py/lib/python3.10/site-packages:${PYTHONPATH} /usr/bin/python3 -W ignore:setup.py install is deprecated setup.py egg_info --egg-base ../../build/pros_car_py build --build-base /home/user/workspace/pyrobot/moveit_ws/build/pros_car_py/build install --record /home/user/workspace/pyrobot/moveit_ws/build/pros_car_py/install.log --single-version-externally-managed install_data
[1.539s] Level 1:colcon.colcon_core.environment:checking '/home/user/workspace/pyrobot/moveit_ws/install/pros_car_py' for CMake module files
[1.539s] DEBUG:colcon.colcon_core.event_handler.log_command:Invoked command in '/home/user/workspace/pyrobot/moveit_ws/src/pros_car_py' returned '0': PYTHONPATH=/home/user/workspace/pyrobot/moveit_ws/build/pros_car_py/prefix_override:/usr/lib/python3/dist-packages/colcon_core/task/python/colcon_distutils_commands:/home/user/workspace/pyrobot/moveit_ws/install/pros_car_py/lib/python3.10/site-packages:${PYTHONPATH} /usr/bin/python3 -W ignore:setup.py install is deprecated setup.py egg_info --egg-base ../../build/pros_car_py build --build-base /home/user/workspace/pyrobot/moveit_ws/build/pros_car_py/build install --record /home/user/workspace/pyrobot/moveit_ws/build/pros_car_py/install.log --single-version-externally-managed install_data
[1.540s] Level 1:colcon.colcon_core.environment:checking '/home/user/workspace/pyrobot/moveit_ws/install/pros_car_py' for CMake config files
[1.542s] Level 1:colcon.colcon_core.environment:checking '/home/user/workspace/pyrobot/moveit_ws/install/pros_car_py/lib'
[1.542s] Level 1:colcon.colcon_core.environment:checking '/home/user/workspace/pyrobot/moveit_ws/install/pros_car_py/bin'
[1.542s] Level 1:colcon.colcon_core.environment:checking '/home/user/workspace/pyrobot/moveit_ws/install/pros_car_py/lib/pkgconfig/pros_car_py.pc'
[1.542s] Level 1:colcon.colcon_core.environment:checking '/home/user/workspace/pyrobot/moveit_ws/install/pros_car_py/lib/python3.10/site-packages'
[1.542s] Level 1:colcon.colcon_core.shell:create_environment_hook('pros_car_py', 'pythonpath')
[1.542s] INFO:colcon.colcon_core.shell:Creating environment hook '/home/user/workspace/pyrobot/moveit_ws/install/pros_car_py/share/pros_car_py/hook/pythonpath.ps1'
[1.543s] INFO:colcon.colcon_core.shell:Creating environment descriptor '/home/user/workspace/pyrobot/moveit_ws/install/pros_car_py/share/pros_car_py/hook/pythonpath.dsv'
[1.543s] INFO:colcon.colcon_core.shell:Creating environment hook '/home/user/workspace/pyrobot/moveit_ws/install/pros_car_py/share/pros_car_py/hook/pythonpath.sh'
[1.544s] Level 1:colcon.colcon_core.environment:checking '/home/user/workspace/pyrobot/moveit_ws/install/pros_car_py/bin'
[1.544s] Level 1:colcon.colcon_core.environment:create_environment_scripts_only(pros_car_py)
[1.544s] INFO:colcon.colcon_core.shell:Creating package script '/home/user/workspace/pyrobot/moveit_ws/install/pros_car_py/share/pros_car_py/package.ps1'
[1.544s] INFO:colcon.colcon_core.shell:Creating package descriptor '/home/user/workspace/pyrobot/moveit_ws/install/pros_car_py/share/pros_car_py/package.dsv'
[1.544s] INFO:colcon.colcon_core.shell:Creating package script '/home/user/workspace/pyrobot/moveit_ws/install/pros_car_py/share/pros_car_py/package.sh'
[1.545s] INFO:colcon.colcon_core.shell:Creating package script '/home/user/workspace/pyrobot/moveit_ws/install/pros_car_py/share/pros_car_py/package.bash'
[1.545s] INFO:colcon.colcon_core.shell:Creating package script '/home/user/workspace/pyrobot/moveit_ws/install/pros_car_py/share/pros_car_py/package.zsh'
[1.545s] Level 1:colcon.colcon_core.environment:create_file_with_runtime_dependencies(/home/user/workspace/pyrobot/moveit_ws/install/pros_car_py/share/colcon-core/packages/pros_car_py)
[1.839s] DEBUG:colcon.colcon_core.event_handler.log_command:Invoked command in '/home/user/workspace/pyrobot/moveit_ws/build/moveit_robot_generate' returned '1': /usr/bin/cmake /home/user/workspace/pyrobot/moveit_ws/src/moveit_robot_generate -DCMAKE_INSTALL_PREFIX=/home/user/workspace/pyrobot/moveit_ws/install/moveit_robot_generate
[1.850s] DEBUG:colcon.colcon_parallel_executor.executor.parallel:closing loop
[1.850s] DEBUG:colcon.colcon_parallel_executor.executor.parallel:loop closed
[1.850s] DEBUG:colcon.colcon_parallel_executor.executor.parallel:run_until_complete finished with '1'
[1.850s] DEBUG:colcon.colcon_core.event_reactor:joining thread
[1.880s] INFO:colcon.colcon_core.plugin_system:Skipping extension 'colcon_notification.desktop_notification.notify_send': Could not find 'notify-send'
[1.880s] INFO:colcon.colcon_core.plugin_system:Skipping extension 'colcon_notification.desktop_notification.terminal_notifier': Not used on non-Darwin systems
[1.880s] INFO:colcon.colcon_core.plugin_system:Skipping extension 'colcon_notification.desktop_notification.win32': Not used on non-Windows systems
[1.880s] INFO:colcon.colcon_notification.desktop_notification:Sending desktop notification using 'notify2'
[1.880s] DEBUG:colcon.colcon_notification.desktop_notification.notify2:Failed to initialize notify2: org.freedesktop.DBus.Error.FileNotFound: Failed to connect to socket /run/user/1000/bus: No such file or directory
[1.880s] DEBUG:colcon.colcon_core.event_reactor:joined thread
[1.881s] INFO:colcon.colcon_core.shell:Creating prefix script '/home/user/workspace/pyrobot/moveit_ws/install/local_setup.ps1'
[1.881s] INFO:colcon.colcon_core.shell:Creating prefix util module '/home/user/workspace/pyrobot/moveit_ws/install/_local_setup_util_ps1.py'
[1.883s] INFO:colcon.colcon_core.shell:Creating prefix chain script '/home/user/workspace/pyrobot/moveit_ws/install/setup.ps1'
[1.884s] INFO:colcon.colcon_core.shell:Creating prefix script '/home/user/workspace/pyrobot/moveit_ws/install/local_setup.sh'
[1.885s] INFO:colcon.colcon_core.shell:Creating prefix util module '/home/user/workspace/pyrobot/moveit_ws/install/_local_setup_util_sh.py'
[1.885s] INFO:colcon.colcon_core.shell:Creating prefix chain script '/home/user/workspace/pyrobot/moveit_ws/install/setup.sh'
[1.887s] INFO:colcon.colcon_core.shell:Creating prefix script '/home/user/workspace/pyrobot/moveit_ws/install/local_setup.bash'
[1.888s] INFO:colcon.colcon_core.shell:Creating prefix chain script '/home/user/workspace/pyrobot/moveit_ws/install/setup.bash'
[1.889s] INFO:colcon.colcon_core.shell:Creating prefix script '/home/user/workspace/pyrobot/moveit_ws/install/local_setup.zsh'
[1.890s] INFO:colcon.colcon_core.shell:Creating prefix chain script '/home/user/workspace/pyrobot/moveit_ws/install/setup.zsh'
