[0.205s] DEBUG:colcon:Command line arguments: ['/usr/bin/colcon', 'build']
[0.205s] DEBUG:colcon:Parsed command line arguments: Namespace(log_base=None, log_level=None, verb_name='build', build_base='build', install_base='install', merge_install=False, symlink_install=False, test_result_base=None, continue_on_error=False, executor='parallel', parallel_workers=16, event_handlers=None, ignore_user_meta=False, metas=['./colcon.meta'], base_paths=['.'], packages_ignore=None, packages_ignore_regex=None, paths=None, packages_up_to=None, packages_up_to_regex=None, packages_above=None, packages_above_and_dependencies=None, packages_above_depth=None, packages_select_by_dep=None, packages_skip_by_dep=None, packages_skip_up_to=None, packages_select_build_failed=False, packages_skip_build_finished=False, packages_select_test_failures=False, packages_skip_test_passed=False, packages_select=None, packages_skip=None, packages_select_regex=None, packages_skip_regex=None, packages_start=None, packages_end=None, allow_overriding=[], cmake_args=None, cmake_target=None, cmake_target_skip_unavailable=False, cmake_clean_cache=False, cmake_clean_first=False, cmake_force_configure=False, ament_cmake_args=None, catkin_cmake_args=None, catkin_skip_building_tests=False, mixin_files=None, mixin=None, verb_parser=<colcon_mixin.mixin.mixin_argument.MixinArgumentDecorator object at 0x7f0db948d750>, verb_extension=<colcon_core.verb.build.BuildVerb object at 0x7f0db95fdde0>, main=<bound method BuildVerb.main of <colcon_core.verb.build.BuildVerb object at 0x7f0db95fdde0>>, mixin_verb=('build',))
[0.481s] Level 1:colcon.colcon_core.package_discovery:discover_packages(colcon_meta) check parameters
[0.481s] Level 1:colcon.colcon_core.package_discovery:discover_packages(recursive) check parameters
[0.481s] Level 1:colcon.colcon_core.package_discovery:discover_packages(ignore) check parameters
[0.481s] Level 1:colcon.colcon_core.package_discovery:discover_packages(path) check parameters
[0.481s] Level 1:colcon.colcon_core.package_discovery:discover_packages(colcon_meta) discover
[0.481s] Level 1:colcon.colcon_core.package_discovery:discover_packages(recursive) discover
[0.481s] INFO:colcon.colcon_core.package_discovery:Crawling recursively for packages in '/home/user/workspace/pyrobot/moveit_ws'
[0.481s] Level 1:colcon.colcon_core.package_identification:_identify(.) by extensions ['ignore', 'ignore_ament_install']
[0.481s] Level 1:colcon.colcon_core.package_identification:_identify(.) by extension 'ignore'
[0.481s] Level 1:colcon.colcon_core.package_identification:_identify(.) by extension 'ignore_ament_install'
[0.481s] Level 1:colcon.colcon_core.package_identification:_identify(.) by extensions ['colcon_pkg']
[0.481s] Level 1:colcon.colcon_core.package_identification:_identify(.) by extension 'colcon_pkg'
[0.481s] Level 1:colcon.colcon_core.package_identification:_identify(.) by extensions ['colcon_meta']
[0.481s] Level 1:colcon.colcon_core.package_identification:_identify(.) by extension 'colcon_meta'
[0.481s] Level 1:colcon.colcon_core.package_identification:_identify(.) by extensions ['ros']
[0.481s] Level 1:colcon.colcon_core.package_identification:_identify(.) by extension 'ros'
[0.492s] Level 1:colcon.colcon_core.package_identification:_identify(.) by extensions ['cmake', 'python']
[0.492s] Level 1:colcon.colcon_core.package_identification:_identify(.) by extension 'cmake'
[0.492s] Level 1:colcon.colcon_core.package_identification:_identify(.) by extension 'python'
[0.492s] Level 1:colcon.colcon_core.package_identification:_identify(.) by extensions ['python_setup_py']
[0.492s] Level 1:colcon.colcon_core.package_identification:_identify(.) by extension 'python_setup_py'
[0.492s] Level 1:colcon.colcon_core.package_identification:_identify(build) by extensions ['ignore', 'ignore_ament_install']
[0.492s] Level 1:colcon.colcon_core.package_identification:_identify(build) by extension 'ignore'
[0.492s] Level 1:colcon.colcon_core.package_identification:_identify(build) ignored
[0.492s] Level 1:colcon.colcon_core.package_identification:_identify(install) by extensions ['ignore', 'ignore_ament_install']
[0.492s] Level 1:colcon.colcon_core.package_identification:_identify(install) by extension 'ignore'
[0.492s] Level 1:colcon.colcon_core.package_identification:_identify(install) ignored
[0.492s] Level 1:colcon.colcon_core.package_identification:_identify(log) by extensions ['ignore', 'ignore_ament_install']
[0.492s] Level 1:colcon.colcon_core.package_identification:_identify(log) by extension 'ignore'
[0.492s] Level 1:colcon.colcon_core.package_identification:_identify(log) ignored
[0.492s] Level 1:colcon.colcon_core.package_identification:_identify(src) by extensions ['ignore', 'ignore_ament_install']
[0.493s] Level 1:colcon.colcon_core.package_identification:_identify(src) by extension 'ignore'
[0.493s] Level 1:colcon.colcon_core.package_identification:_identify(src) by extension 'ignore_ament_install'
[0.493s] Level 1:colcon.colcon_core.package_identification:_identify(src) by extensions ['colcon_pkg']
[0.493s] Level 1:colcon.colcon_core.package_identification:_identify(src) by extension 'colcon_pkg'
[0.493s] Level 1:colcon.colcon_core.package_identification:_identify(src) by extensions ['colcon_meta']
[0.493s] Level 1:colcon.colcon_core.package_identification:_identify(src) by extension 'colcon_meta'
[0.493s] Level 1:colcon.colcon_core.package_identification:_identify(src) by extensions ['ros']
[0.493s] Level 1:colcon.colcon_core.package_identification:_identify(src) by extension 'ros'
[0.493s] Level 1:colcon.colcon_core.package_identification:_identify(src) by extensions ['cmake', 'python']
[0.493s] Level 1:colcon.colcon_core.package_identification:_identify(src) by extension 'cmake'
[0.493s] Level 1:colcon.colcon_core.package_identification:_identify(src) by extension 'python'
[0.493s] Level 1:colcon.colcon_core.package_identification:_identify(src) by extensions ['python_setup_py']
[0.493s] Level 1:colcon.colcon_core.package_identification:_identify(src) by extension 'python_setup_py'
[0.493s] Level 1:colcon.colcon_core.package_identification:_identify(src/hello_moveit) by extensions ['ignore', 'ignore_ament_install']
[0.493s] Level 1:colcon.colcon_core.package_identification:_identify(src/hello_moveit) by extension 'ignore'
[0.493s] Level 1:colcon.colcon_core.package_identification:_identify(src/hello_moveit) by extension 'ignore_ament_install'
[0.493s] Level 1:colcon.colcon_core.package_identification:_identify(src/hello_moveit) by extensions ['colcon_pkg']
[0.493s] Level 1:colcon.colcon_core.package_identification:_identify(src/hello_moveit) by extension 'colcon_pkg'
[0.493s] Level 1:colcon.colcon_core.package_identification:_identify(src/hello_moveit) by extensions ['colcon_meta']
[0.493s] Level 1:colcon.colcon_core.package_identification:_identify(src/hello_moveit) by extension 'colcon_meta'
[0.493s] Level 1:colcon.colcon_core.package_identification:_identify(src/hello_moveit) by extensions ['ros']
[0.493s] Level 1:colcon.colcon_core.package_identification:_identify(src/hello_moveit) by extension 'ros'
[0.502s] DEBUG:colcon.colcon_core.package_identification:Package 'src/hello_moveit' with type 'ros.ament_cmake' and name 'hello_moveit'
[0.502s] Level 1:colcon.colcon_core.package_identification:_identify(src/moveit_robot_generate) by extensions ['ignore', 'ignore_ament_install']
[0.502s] Level 1:colcon.colcon_core.package_identification:_identify(src/moveit_robot_generate) by extension 'ignore'
[0.502s] Level 1:colcon.colcon_core.package_identification:_identify(src/moveit_robot_generate) by extension 'ignore_ament_install'
[0.502s] Level 1:colcon.colcon_core.package_identification:_identify(src/moveit_robot_generate) by extensions ['colcon_pkg']
[0.502s] Level 1:colcon.colcon_core.package_identification:_identify(src/moveit_robot_generate) by extension 'colcon_pkg'
[0.502s] Level 1:colcon.colcon_core.package_identification:_identify(src/moveit_robot_generate) by extensions ['colcon_meta']
[0.502s] Level 1:colcon.colcon_core.package_identification:_identify(src/moveit_robot_generate) by extension 'colcon_meta'
[0.502s] Level 1:colcon.colcon_core.package_identification:_identify(src/moveit_robot_generate) by extensions ['ros']
[0.502s] Level 1:colcon.colcon_core.package_identification:_identify(src/moveit_robot_generate) by extension 'ros'
[0.503s] DEBUG:colcon.colcon_core.package_identification:Package 'src/moveit_robot_generate' with type 'ros.ament_cmake' and name 'moveit_robot_generate'
[0.503s] Level 1:colcon.colcon_core.package_identification:_identify(src/pros_car_py) by extensions ['ignore', 'ignore_ament_install']
[0.503s] Level 1:colcon.colcon_core.package_identification:_identify(src/pros_car_py) by extension 'ignore'
[0.503s] Level 1:colcon.colcon_core.package_identification:_identify(src/pros_car_py) by extension 'ignore_ament_install'
[0.503s] Level 1:colcon.colcon_core.package_identification:_identify(src/pros_car_py) by extensions ['colcon_pkg']
[0.503s] Level 1:colcon.colcon_core.package_identification:_identify(src/pros_car_py) by extension 'colcon_pkg'
[0.503s] Level 1:colcon.colcon_core.package_identification:_identify(src/pros_car_py) by extensions ['colcon_meta']
[0.503s] Level 1:colcon.colcon_core.package_identification:_identify(src/pros_car_py) by extension 'colcon_meta'
[0.503s] Level 1:colcon.colcon_core.package_identification:_identify(src/pros_car_py) by extensions ['ros']
[0.503s] Level 1:colcon.colcon_core.package_identification:_identify(src/pros_car_py) by extension 'ros'
[0.503s] DEBUG:colcon.colcon_core.package_identification:Package 'src/pros_car_py' with type 'ros.ament_python' and name 'pros_car_py'
[0.503s] Level 1:colcon.colcon_core.package_discovery:discover_packages(recursive) using defaults
[0.503s] Level 1:colcon.colcon_core.package_discovery:discover_packages(ignore) discover
[0.503s] Level 1:colcon.colcon_core.package_discovery:discover_packages(ignore) using defaults
[0.503s] Level 1:colcon.colcon_core.package_discovery:discover_packages(path) discover
[0.503s] Level 1:colcon.colcon_core.package_discovery:discover_packages(path) using defaults
[0.525s] Level 1:colcon.colcon_core.package_discovery:discover_packages(prefix_path) check parameters
[0.525s] Level 1:colcon.colcon_core.package_discovery:discover_packages(prefix_path) discover
[0.526s] WARNING:colcon.colcon_core.prefix_path.colcon:The path '/home/user/workspace/pyrobot/moveit2_ws/install' in the environment variable COLCON_PREFIX_PATH doesn't exist
[0.526s] WARNING:colcon.colcon_ros.prefix_path.ament:The path '/home/user/workspace/pyrobot/moveit2_ws/install/pilz_industrial_motion_planner_testutils' in the environment variable AMENT_PREFIX_PATH doesn't exist
[0.526s] WARNING:colcon.colcon_ros.prefix_path.ament:The path '/home/user/workspace/pyrobot/moveit2_ws/install/moveit_ros_control_interface' in the environment variable AMENT_PREFIX_PATH doesn't exist
[0.526s] WARNING:colcon.colcon_ros.prefix_path.ament:The path '/home/user/workspace/pyrobot/moveit2_ws/install/moveit_plugins' in the environment variable AMENT_PREFIX_PATH doesn't exist
[0.527s] WARNING:colcon.colcon_ros.prefix_path.ament:The path '/home/user/workspace/pyrobot/moveit2_ws/install/moveit_simple_controller_manager' in the environment variable AMENT_PREFIX_PATH doesn't exist
[0.527s] WARNING:colcon.colcon_ros.prefix_path.ament:The path '/home/user/workspace/pyrobot/moveit2_ws/install/moveit_ros_planning' in the environment variable AMENT_PREFIX_PATH doesn't exist
[0.527s] WARNING:colcon.colcon_ros.prefix_path.ament:The path '/home/user/workspace/pyrobot/moveit2_ws/install/moveit_ros_occupancy_map_monitor' in the environment variable AMENT_PREFIX_PATH doesn't exist
[0.527s] WARNING:colcon.colcon_ros.prefix_path.ament:The path '/home/user/workspace/pyrobot/moveit2_ws/install/moveit_resources_prbt_ikfast_manipulator_plugin' in the environment variable AMENT_PREFIX_PATH doesn't exist
[0.527s] WARNING:colcon.colcon_ros.prefix_path.ament:The path '/home/user/workspace/pyrobot/moveit2_ws/install/moveit_planners_chomp' in the environment variable AMENT_PREFIX_PATH doesn't exist
[0.527s] WARNING:colcon.colcon_ros.prefix_path.ament:The path '/home/user/workspace/pyrobot/moveit2_ws/install/moveit_chomp_optimizer_adapter' in the environment variable AMENT_PREFIX_PATH doesn't exist
[0.527s] WARNING:colcon.colcon_ros.prefix_path.ament:The path '/home/user/workspace/pyrobot/moveit2_ws/install/chomp_motion_planner' in the environment variable AMENT_PREFIX_PATH doesn't exist
[0.527s] WARNING:colcon.colcon_ros.prefix_path.ament:The path '/home/user/workspace/pyrobot/moveit2_ws/install/moveit_core' in the environment variable AMENT_PREFIX_PATH doesn't exist
[0.527s] WARNING:colcon.colcon_ros.prefix_path.ament:The path '/home/user/workspace/pyrobot/moveit2_ws/install/generate_parameter_module_example' in the environment variable AMENT_PREFIX_PATH doesn't exist
[0.527s] WARNING:colcon.colcon_ros.prefix_path.ament:The path '/home/user/workspace/pyrobot/moveit2_ws/install/generate_parameter_library_example' in the environment variable AMENT_PREFIX_PATH doesn't exist
[0.527s] WARNING:colcon.colcon_ros.prefix_path.ament:The path '/home/user/workspace/pyrobot/moveit2_ws/install/cmake_generate_parameter_module_example' in the environment variable AMENT_PREFIX_PATH doesn't exist
[0.528s] WARNING:colcon.colcon_ros.prefix_path.ament:The path '/home/user/workspace/pyrobot/moveit2_ws/install/generate_parameter_library' in the environment variable AMENT_PREFIX_PATH doesn't exist
[0.528s] WARNING:colcon.colcon_ros.prefix_path.ament:The path '/home/user/workspace/pyrobot/moveit2_ws/install/parameter_traits' in the environment variable AMENT_PREFIX_PATH doesn't exist
[0.528s] WARNING:colcon.colcon_ros.prefix_path.ament:The path '/home/user/workspace/pyrobot/moveit2_ws/install/moveit_resources_prbt_support' in the environment variable AMENT_PREFIX_PATH doesn't exist
[0.528s] WARNING:colcon.colcon_ros.prefix_path.ament:The path '/home/user/workspace/pyrobot/moveit2_ws/install/moveit_resources' in the environment variable AMENT_PREFIX_PATH doesn't exist
[0.528s] WARNING:colcon.colcon_ros.prefix_path.ament:The path '/home/user/workspace/pyrobot/moveit2_ws/install/moveit_resources_pr2_description' in the environment variable AMENT_PREFIX_PATH doesn't exist
[0.528s] WARNING:colcon.colcon_ros.prefix_path.ament:The path '/home/user/workspace/pyrobot/moveit2_ws/install/moveit_resources_panda_moveit_config' in the environment variable AMENT_PREFIX_PATH doesn't exist
[0.528s] WARNING:colcon.colcon_ros.prefix_path.ament:The path '/home/user/workspace/pyrobot/moveit2_ws/install/moveit_resources_panda_description' in the environment variable AMENT_PREFIX_PATH doesn't exist
[0.528s] WARNING:colcon.colcon_ros.prefix_path.ament:The path '/home/user/workspace/pyrobot/moveit2_ws/install/moveit_resources_fanuc_moveit_config' in the environment variable AMENT_PREFIX_PATH doesn't exist
[0.528s] WARNING:colcon.colcon_ros.prefix_path.ament:The path '/home/user/workspace/pyrobot/moveit2_ws/install/moveit_resources_fanuc_description' in the environment variable AMENT_PREFIX_PATH doesn't exist
[0.529s] WARNING:colcon.colcon_ros.prefix_path.ament:The path '/home/user/workspace/pyrobot/moveit2_ws/install/moveit_msgs' in the environment variable AMENT_PREFIX_PATH doesn't exist
[0.529s] WARNING:colcon.colcon_ros.prefix_path.ament:The path '/home/user/workspace/pyrobot/moveit2_ws/install/moveit_configs_utils' in the environment variable AMENT_PREFIX_PATH doesn't exist
[0.529s] WARNING:colcon.colcon_ros.prefix_path.ament:The path '/home/user/workspace/pyrobot/moveit2_ws/install/moveit_common' in the environment variable AMENT_PREFIX_PATH doesn't exist
[0.529s] WARNING:colcon.colcon_ros.prefix_path.ament:The path '/home/user/workspace/pyrobot/moveit2_ws/install/generate_parameter_library_py' in the environment variable AMENT_PREFIX_PATH doesn't exist
[0.539s] WARNING:colcon.colcon_ros.prefix_path.catkin:The path '/home/user/workspace/pyrobot/moveit2_ws/install/pilz_industrial_motion_planner_testutils' in the environment variable CMAKE_PREFIX_PATH doesn't exist
[0.539s] WARNING:colcon.colcon_ros.prefix_path.catkin:The path '/home/user/workspace/pyrobot/moveit2_ws/install/moveit_ros_control_interface' in the environment variable CMAKE_PREFIX_PATH doesn't exist
[0.539s] WARNING:colcon.colcon_ros.prefix_path.catkin:The path '/home/user/workspace/pyrobot/moveit2_ws/install/moveit_plugins' in the environment variable CMAKE_PREFIX_PATH doesn't exist
[0.539s] WARNING:colcon.colcon_ros.prefix_path.catkin:The path '/home/user/workspace/pyrobot/moveit2_ws/install/moveit_simple_controller_manager' in the environment variable CMAKE_PREFIX_PATH doesn't exist
[0.539s] WARNING:colcon.colcon_ros.prefix_path.catkin:The path '/home/user/workspace/pyrobot/moveit2_ws/install/moveit_ros_planning' in the environment variable CMAKE_PREFIX_PATH doesn't exist
[0.539s] WARNING:colcon.colcon_ros.prefix_path.catkin:The path '/home/user/workspace/pyrobot/moveit2_ws/install/moveit_ros_occupancy_map_monitor' in the environment variable CMAKE_PREFIX_PATH doesn't exist
[0.539s] WARNING:colcon.colcon_ros.prefix_path.catkin:The path '/home/user/workspace/pyrobot/moveit2_ws/install/moveit_resources_prbt_ikfast_manipulator_plugin' in the environment variable CMAKE_PREFIX_PATH doesn't exist
[0.539s] WARNING:colcon.colcon_ros.prefix_path.catkin:The path '/home/user/workspace/pyrobot/moveit2_ws/install/moveit_planners_chomp' in the environment variable CMAKE_PREFIX_PATH doesn't exist
[0.539s] WARNING:colcon.colcon_ros.prefix_path.catkin:The path '/home/user/workspace/pyrobot/moveit2_ws/install/moveit_chomp_optimizer_adapter' in the environment variable CMAKE_PREFIX_PATH doesn't exist
[0.539s] WARNING:colcon.colcon_ros.prefix_path.catkin:The path '/home/user/workspace/pyrobot/moveit2_ws/install/chomp_motion_planner' in the environment variable CMAKE_PREFIX_PATH doesn't exist
[0.539s] WARNING:colcon.colcon_ros.prefix_path.catkin:The path '/home/user/workspace/pyrobot/moveit2_ws/install/moveit_core' in the environment variable CMAKE_PREFIX_PATH doesn't exist
[0.540s] WARNING:colcon.colcon_ros.prefix_path.catkin:The path '/home/user/workspace/pyrobot/moveit2_ws/install/generate_parameter_library_example' in the environment variable CMAKE_PREFIX_PATH doesn't exist
[0.540s] WARNING:colcon.colcon_ros.prefix_path.catkin:The path '/home/user/workspace/pyrobot/moveit2_ws/install/cmake_generate_parameter_module_example' in the environment variable CMAKE_PREFIX_PATH doesn't exist
[0.540s] WARNING:colcon.colcon_ros.prefix_path.catkin:The path '/home/user/workspace/pyrobot/moveit2_ws/install/generate_parameter_library' in the environment variable CMAKE_PREFIX_PATH doesn't exist
[0.540s] WARNING:colcon.colcon_ros.prefix_path.catkin:The path '/home/user/workspace/pyrobot/moveit2_ws/install/parameter_traits' in the environment variable CMAKE_PREFIX_PATH doesn't exist
[0.540s] WARNING:colcon.colcon_ros.prefix_path.catkin:The path '/home/user/workspace/pyrobot/moveit2_ws/install/moveit_resources_prbt_support' in the environment variable CMAKE_PREFIX_PATH doesn't exist
[0.540s] WARNING:colcon.colcon_ros.prefix_path.catkin:The path '/home/user/workspace/pyrobot/moveit2_ws/install/moveit_resources' in the environment variable CMAKE_PREFIX_PATH doesn't exist
[0.540s] WARNING:colcon.colcon_ros.prefix_path.catkin:The path '/home/user/workspace/pyrobot/moveit2_ws/install/moveit_resources_pr2_description' in the environment variable CMAKE_PREFIX_PATH doesn't exist
[0.540s] WARNING:colcon.colcon_ros.prefix_path.catkin:The path '/home/user/workspace/pyrobot/moveit2_ws/install/moveit_resources_panda_moveit_config' in the environment variable CMAKE_PREFIX_PATH doesn't exist
[0.540s] WARNING:colcon.colcon_ros.prefix_path.catkin:The path '/home/user/workspace/pyrobot/moveit2_ws/install/moveit_resources_panda_description' in the environment variable CMAKE_PREFIX_PATH doesn't exist
[0.540s] WARNING:colcon.colcon_ros.prefix_path.catkin:The path '/home/user/workspace/pyrobot/moveit2_ws/install/moveit_resources_fanuc_moveit_config' in the environment variable CMAKE_PREFIX_PATH doesn't exist
[0.540s] WARNING:colcon.colcon_ros.prefix_path.catkin:The path '/home/user/workspace/pyrobot/moveit2_ws/install/moveit_resources_fanuc_description' in the environment variable CMAKE_PREFIX_PATH doesn't exist
[0.540s] WARNING:colcon.colcon_ros.prefix_path.catkin:The path '/home/user/workspace/pyrobot/moveit2_ws/install/moveit_msgs' in the environment variable CMAKE_PREFIX_PATH doesn't exist
[0.540s] WARNING:colcon.colcon_ros.prefix_path.catkin:The path '/home/user/workspace/pyrobot/moveit2_ws/install/moveit_common' in the environment variable CMAKE_PREFIX_PATH doesn't exist
[0.541s] DEBUG:colcon.colcon_installed_package_information.package_discovery:Found 3 installed packages in /home/user/workspace/pyrobot/moveit_ws/install
[0.542s] DEBUG:colcon.colcon_installed_package_information.package_discovery:Found 55 installed packages in /home/user/workspace/ws_moveit2/install
[0.544s] DEBUG:colcon.colcon_installed_package_information.package_discovery:Found 368 installed packages in /opt/ros/humble
[0.546s] Level 1:colcon.colcon_core.package_discovery:discover_packages(prefix_path) using defaults
[0.636s] Level 5:colcon.colcon_core.verb:set package 'hello_moveit' build argument 'cmake_args' from command line to 'None'
[0.636s] Level 5:colcon.colcon_core.verb:set package 'hello_moveit' build argument 'cmake_target' from command line to 'None'
[0.636s] Level 5:colcon.colcon_core.verb:set package 'hello_moveit' build argument 'cmake_target_skip_unavailable' from command line to 'False'
[0.636s] Level 5:colcon.colcon_core.verb:set package 'hello_moveit' build argument 'cmake_clean_cache' from command line to 'False'
[0.636s] Level 5:colcon.colcon_core.verb:set package 'hello_moveit' build argument 'cmake_clean_first' from command line to 'False'
[0.636s] Level 5:colcon.colcon_core.verb:set package 'hello_moveit' build argument 'cmake_force_configure' from command line to 'False'
[0.636s] Level 5:colcon.colcon_core.verb:set package 'hello_moveit' build argument 'ament_cmake_args' from command line to 'None'
[0.636s] Level 5:colcon.colcon_core.verb:set package 'hello_moveit' build argument 'catkin_cmake_args' from command line to 'None'
[0.636s] Level 5:colcon.colcon_core.verb:set package 'hello_moveit' build argument 'catkin_skip_building_tests' from command line to 'False'
[0.636s] DEBUG:colcon.colcon_core.verb:Building package 'hello_moveit' with the following arguments: {'ament_cmake_args': None, 'build_base': '/home/user/workspace/pyrobot/moveit_ws/build/hello_moveit', 'catkin_cmake_args': None, 'catkin_skip_building_tests': False, 'cmake_args': None, 'cmake_clean_cache': False, 'cmake_clean_first': False, 'cmake_force_configure': False, 'cmake_target': None, 'cmake_target_skip_unavailable': False, 'install_base': '/home/user/workspace/pyrobot/moveit_ws/install/hello_moveit', 'merge_install': False, 'path': '/home/user/workspace/pyrobot/moveit_ws/src/hello_moveit', 'symlink_install': False, 'test_result_base': None}
[0.636s] Level 5:colcon.colcon_core.verb:set package 'pros_car_py' build argument 'cmake_args' from command line to 'None'
[0.636s] Level 5:colcon.colcon_core.verb:set package 'pros_car_py' build argument 'cmake_target' from command line to 'None'
[0.636s] Level 5:colcon.colcon_core.verb:set package 'pros_car_py' build argument 'cmake_target_skip_unavailable' from command line to 'False'
[0.636s] Level 5:colcon.colcon_core.verb:set package 'pros_car_py' build argument 'cmake_clean_cache' from command line to 'False'
[0.636s] Level 5:colcon.colcon_core.verb:set package 'pros_car_py' build argument 'cmake_clean_first' from command line to 'False'
[0.636s] Level 5:colcon.colcon_core.verb:set package 'pros_car_py' build argument 'cmake_force_configure' from command line to 'False'
[0.636s] Level 5:colcon.colcon_core.verb:set package 'pros_car_py' build argument 'ament_cmake_args' from command line to 'None'
[0.636s] Level 5:colcon.colcon_core.verb:set package 'pros_car_py' build argument 'catkin_cmake_args' from command line to 'None'
[0.636s] Level 5:colcon.colcon_core.verb:set package 'pros_car_py' build argument 'catkin_skip_building_tests' from command line to 'False'
[0.636s] DEBUG:colcon.colcon_core.verb:Building package 'pros_car_py' with the following arguments: {'ament_cmake_args': None, 'build_base': '/home/user/workspace/pyrobot/moveit_ws/build/pros_car_py', 'catkin_cmake_args': None, 'catkin_skip_building_tests': False, 'cmake_args': None, 'cmake_clean_cache': False, 'cmake_clean_first': False, 'cmake_force_configure': False, 'cmake_target': None, 'cmake_target_skip_unavailable': False, 'install_base': '/home/user/workspace/pyrobot/moveit_ws/install/pros_car_py', 'merge_install': False, 'path': '/home/user/workspace/pyrobot/moveit_ws/src/pros_car_py', 'symlink_install': False, 'test_result_base': None}
[0.636s] Level 5:colcon.colcon_core.verb:set package 'moveit_robot_generate' build argument 'cmake_args' from command line to 'None'
[0.636s] Level 5:colcon.colcon_core.verb:set package 'moveit_robot_generate' build argument 'cmake_target' from command line to 'None'
[0.636s] Level 5:colcon.colcon_core.verb:set package 'moveit_robot_generate' build argument 'cmake_target_skip_unavailable' from command line to 'False'
[0.636s] Level 5:colcon.colcon_core.verb:set package 'moveit_robot_generate' build argument 'cmake_clean_cache' from command line to 'False'
[0.636s] Level 5:colcon.colcon_core.verb:set package 'moveit_robot_generate' build argument 'cmake_clean_first' from command line to 'False'
[0.636s] Level 5:colcon.colcon_core.verb:set package 'moveit_robot_generate' build argument 'cmake_force_configure' from command line to 'False'
[0.636s] Level 5:colcon.colcon_core.verb:set package 'moveit_robot_generate' build argument 'ament_cmake_args' from command line to 'None'
[0.636s] Level 5:colcon.colcon_core.verb:set package 'moveit_robot_generate' build argument 'catkin_cmake_args' from command line to 'None'
[0.636s] Level 5:colcon.colcon_core.verb:set package 'moveit_robot_generate' build argument 'catkin_skip_building_tests' from command line to 'False'
[0.636s] DEBUG:colcon.colcon_core.verb:Building package 'moveit_robot_generate' with the following arguments: {'ament_cmake_args': None, 'build_base': '/home/user/workspace/pyrobot/moveit_ws/build/moveit_robot_generate', 'catkin_cmake_args': None, 'catkin_skip_building_tests': False, 'cmake_args': None, 'cmake_clean_cache': False, 'cmake_clean_first': False, 'cmake_force_configure': False, 'cmake_target': None, 'cmake_target_skip_unavailable': False, 'install_base': '/home/user/workspace/pyrobot/moveit_ws/install/moveit_robot_generate', 'merge_install': False, 'path': '/home/user/workspace/pyrobot/moveit_ws/src/moveit_robot_generate', 'symlink_install': False, 'test_result_base': None}
[0.637s] INFO:colcon.colcon_core.executor:Executing jobs using 'parallel' executor
[0.637s] DEBUG:colcon.colcon_parallel_executor.executor.parallel:run_until_complete
[0.637s] INFO:colcon.colcon_ros.task.ament_python.build:Building ROS package in '/home/user/workspace/pyrobot/moveit_ws/src/pros_car_py' with build type 'ament_python'
[0.638s] Level 1:colcon.colcon_core.shell:create_environment_hook('pros_car_py', 'ament_prefix_path')
[0.642s] INFO:colcon.colcon_core.plugin_system:Skipping extension 'colcon_core.shell.bat': Not used on non-Windows systems
[0.642s] INFO:colcon.colcon_core.shell:Creating environment hook '/home/user/workspace/pyrobot/moveit_ws/install/pros_car_py/share/pros_car_py/hook/ament_prefix_path.ps1'
[0.643s] INFO:colcon.colcon_core.shell:Creating environment descriptor '/home/user/workspace/pyrobot/moveit_ws/install/pros_car_py/share/pros_car_py/hook/ament_prefix_path.dsv'
[0.644s] INFO:colcon.colcon_core.shell:Creating environment hook '/home/user/workspace/pyrobot/moveit_ws/install/pros_car_py/share/pros_car_py/hook/ament_prefix_path.sh'
[0.644s] INFO:colcon.colcon_core.shell:Skip shell extension 'powershell' for command environment: Not usable outside of PowerShell
[0.644s] DEBUG:colcon.colcon_core.shell:Skip shell extension 'dsv' for command environment
[0.649s] INFO:colcon.colcon_ros.task.ament_cmake.build:Building ROS package in '/home/user/workspace/pyrobot/moveit_ws/src/hello_moveit' with build type 'ament_cmake'
[0.649s] INFO:colcon.colcon_cmake.task.cmake.build:Building CMake package in '/home/user/workspace/pyrobot/moveit_ws/src/hello_moveit'
[0.649s] INFO:colcon.colcon_core.shell:Skip shell extension 'powershell' for command environment: Not usable outside of PowerShell
[0.649s] DEBUG:colcon.colcon_core.shell:Skip shell extension 'dsv' for command environment
[0.833s] INFO:colcon.colcon_core.task.python.build:Building Python package in '/home/user/workspace/pyrobot/moveit_ws/src/pros_car_py'
[0.834s] INFO:colcon.colcon_core.shell:Skip shell extension 'powershell' for command environment: Not usable outside of PowerShell
[0.834s] DEBUG:colcon.colcon_core.shell:Skip shell extension 'dsv' for command environment
[0.841s] DEBUG:colcon.colcon_core.event_handler.log_command:Invoking command in '/home/user/workspace/pyrobot/moveit_ws/build/hello_moveit': CMAKE_PREFIX_PATH=${CMAKE_PREFIX_PATH}:/home/user/workspace/pyrobot/moveit_ws/install/pros_car_py:/home/user/workspace/pyrobot/moveit2_ws/install/generate_parameter_module_example:/home/user/workspace/pyrobot/moveit2_ws/install/moveit_configs_utils:/home/user/workspace/pyrobot/moveit2_ws/install/generate_parameter_library_py:/home/user/workspace/ws_moveit2/install/moveit_configs_utils:/home/user/workspace/ws_moveit2/install/launch_param_builder:/opt/ros/humble /usr/bin/cmake --build /home/user/workspace/pyrobot/moveit_ws/build/hello_moveit -- -j16 -l16
[1.254s] DEBUG:colcon.colcon_core.event_handler.log_command:Invoking command in '/home/user/workspace/pyrobot/moveit_ws/src/pros_car_py': PYTHONPATH=/home/user/workspace/pyrobot/moveit_ws/build/pros_car_py/prefix_override:/usr/lib/python3/dist-packages/colcon_core/task/python/colcon_distutils_commands:/home/user/workspace/pyrobot/moveit_ws/install/pros_car_py/lib/python3.10/site-packages:${PYTHONPATH} /usr/bin/python3 -W ignore:setup.py install is deprecated setup.py egg_info --egg-base ../../build/pros_car_py build --build-base /home/user/workspace/pyrobot/moveit_ws/build/pros_car_py/build install --record /home/user/workspace/pyrobot/moveit_ws/build/pros_car_py/install.log --single-version-externally-managed install_data
[1.394s] DEBUG:colcon.colcon_core.event_handler.log_command:Invoked command in '/home/user/workspace/pyrobot/moveit_ws/build/hello_moveit' returned '0': CMAKE_PREFIX_PATH=${CMAKE_PREFIX_PATH}:/home/user/workspace/pyrobot/moveit_ws/install/pros_car_py:/home/user/workspace/pyrobot/moveit2_ws/install/generate_parameter_module_example:/home/user/workspace/pyrobot/moveit2_ws/install/moveit_configs_utils:/home/user/workspace/pyrobot/moveit2_ws/install/generate_parameter_library_py:/home/user/workspace/ws_moveit2/install/moveit_configs_utils:/home/user/workspace/ws_moveit2/install/launch_param_builder:/opt/ros/humble /usr/bin/cmake --build /home/user/workspace/pyrobot/moveit_ws/build/hello_moveit -- -j16 -l16
[1.424s] DEBUG:colcon.colcon_core.event_handler.log_command:Invoking command in '/home/user/workspace/pyrobot/moveit_ws/build/hello_moveit': CMAKE_PREFIX_PATH=${CMAKE_PREFIX_PATH}:/home/user/workspace/pyrobot/moveit_ws/install/pros_car_py:/home/user/workspace/pyrobot/moveit2_ws/install/generate_parameter_module_example:/home/user/workspace/pyrobot/moveit2_ws/install/moveit_configs_utils:/home/user/workspace/pyrobot/moveit2_ws/install/generate_parameter_library_py:/home/user/workspace/ws_moveit2/install/moveit_configs_utils:/home/user/workspace/ws_moveit2/install/launch_param_builder:/opt/ros/humble /usr/bin/cmake --install /home/user/workspace/pyrobot/moveit_ws/build/hello_moveit
[1.440s] Level 1:colcon.colcon_core.environment:create_environment_scripts_only(hello_moveit)
[1.440s] DEBUG:colcon.colcon_core.event_handler.log_command:Invoked command in '/home/user/workspace/pyrobot/moveit_ws/build/hello_moveit' returned '0': CMAKE_PREFIX_PATH=${CMAKE_PREFIX_PATH}:/home/user/workspace/pyrobot/moveit_ws/install/pros_car_py:/home/user/workspace/pyrobot/moveit2_ws/install/generate_parameter_module_example:/home/user/workspace/pyrobot/moveit2_ws/install/moveit_configs_utils:/home/user/workspace/pyrobot/moveit2_ws/install/generate_parameter_library_py:/home/user/workspace/ws_moveit2/install/moveit_configs_utils:/home/user/workspace/ws_moveit2/install/launch_param_builder:/opt/ros/humble /usr/bin/cmake --install /home/user/workspace/pyrobot/moveit_ws/build/hello_moveit
[1.446s] Level 1:colcon.colcon_core.environment:checking '/home/user/workspace/pyrobot/moveit_ws/install/hello_moveit' for CMake module files
[1.446s] Level 1:colcon.colcon_core.environment:checking '/home/user/workspace/pyrobot/moveit_ws/install/hello_moveit' for CMake config files
[1.447s] Level 1:colcon.colcon_core.shell:create_environment_hook('hello_moveit', 'cmake_prefix_path')
[1.447s] INFO:colcon.colcon_core.shell:Creating environment hook '/home/user/workspace/pyrobot/moveit_ws/install/hello_moveit/share/hello_moveit/hook/cmake_prefix_path.ps1'
[1.447s] INFO:colcon.colcon_core.shell:Creating environment descriptor '/home/user/workspace/pyrobot/moveit_ws/install/hello_moveit/share/hello_moveit/hook/cmake_prefix_path.dsv'
[1.447s] INFO:colcon.colcon_core.shell:Creating environment hook '/home/user/workspace/pyrobot/moveit_ws/install/hello_moveit/share/hello_moveit/hook/cmake_prefix_path.sh'
[1.448s] Level 1:colcon.colcon_core.environment:checking '/home/user/workspace/pyrobot/moveit_ws/install/hello_moveit/lib'
[1.448s] Level 1:colcon.colcon_core.environment:checking '/home/user/workspace/pyrobot/moveit_ws/install/hello_moveit/bin'
[1.448s] Level 1:colcon.colcon_core.environment:checking '/home/user/workspace/pyrobot/moveit_ws/install/hello_moveit/lib/pkgconfig/hello_moveit.pc'
[1.448s] Level 1:colcon.colcon_core.environment:checking '/home/user/workspace/pyrobot/moveit_ws/install/hello_moveit/lib/python3.10/site-packages'
[1.448s] Level 1:colcon.colcon_core.environment:checking '/home/user/workspace/pyrobot/moveit_ws/install/hello_moveit/bin'
[1.448s] INFO:colcon.colcon_core.shell:Creating package script '/home/user/workspace/pyrobot/moveit_ws/install/hello_moveit/share/hello_moveit/package.ps1'
[1.449s] INFO:colcon.colcon_core.shell:Creating package descriptor '/home/user/workspace/pyrobot/moveit_ws/install/hello_moveit/share/hello_moveit/package.dsv'
[1.450s] INFO:colcon.colcon_core.shell:Creating package script '/home/user/workspace/pyrobot/moveit_ws/install/hello_moveit/share/hello_moveit/package.sh'
[1.450s] INFO:colcon.colcon_core.shell:Creating package script '/home/user/workspace/pyrobot/moveit_ws/install/hello_moveit/share/hello_moveit/package.bash'
[1.451s] INFO:colcon.colcon_core.shell:Creating package script '/home/user/workspace/pyrobot/moveit_ws/install/hello_moveit/share/hello_moveit/package.zsh'
[1.452s] Level 1:colcon.colcon_core.environment:create_file_with_runtime_dependencies(/home/user/workspace/pyrobot/moveit_ws/install/hello_moveit/share/colcon-core/packages/hello_moveit)
[1.460s] Level 1:colcon.colcon_core.environment:checking '/home/user/workspace/pyrobot/moveit_ws/install/pros_car_py' for CMake module files
[1.460s] DEBUG:colcon.colcon_core.event_handler.log_command:Invoked command in '/home/user/workspace/pyrobot/moveit_ws/src/pros_car_py' returned '0': PYTHONPATH=/home/user/workspace/pyrobot/moveit_ws/build/pros_car_py/prefix_override:/usr/lib/python3/dist-packages/colcon_core/task/python/colcon_distutils_commands:/home/user/workspace/pyrobot/moveit_ws/install/pros_car_py/lib/python3.10/site-packages:${PYTHONPATH} /usr/bin/python3 -W ignore:setup.py install is deprecated setup.py egg_info --egg-base ../../build/pros_car_py build --build-base /home/user/workspace/pyrobot/moveit_ws/build/pros_car_py/build install --record /home/user/workspace/pyrobot/moveit_ws/build/pros_car_py/install.log --single-version-externally-managed install_data
[1.461s] Level 1:colcon.colcon_core.environment:checking '/home/user/workspace/pyrobot/moveit_ws/install/pros_car_py' for CMake config files
[1.461s] Level 1:colcon.colcon_core.environment:checking '/home/user/workspace/pyrobot/moveit_ws/install/pros_car_py/lib'
[1.461s] Level 1:colcon.colcon_core.environment:checking '/home/user/workspace/pyrobot/moveit_ws/install/pros_car_py/bin'
[1.461s] Level 1:colcon.colcon_core.environment:checking '/home/user/workspace/pyrobot/moveit_ws/install/pros_car_py/lib/pkgconfig/pros_car_py.pc'
[1.461s] Level 1:colcon.colcon_core.environment:checking '/home/user/workspace/pyrobot/moveit_ws/install/pros_car_py/lib/python3.10/site-packages'
[1.461s] Level 1:colcon.colcon_core.shell:create_environment_hook('pros_car_py', 'pythonpath')
[1.462s] INFO:colcon.colcon_core.shell:Creating environment hook '/home/user/workspace/pyrobot/moveit_ws/install/pros_car_py/share/pros_car_py/hook/pythonpath.ps1'
[1.462s] INFO:colcon.colcon_core.shell:Creating environment descriptor '/home/user/workspace/pyrobot/moveit_ws/install/pros_car_py/share/pros_car_py/hook/pythonpath.dsv'
[1.462s] INFO:colcon.colcon_core.shell:Creating environment hook '/home/user/workspace/pyrobot/moveit_ws/install/pros_car_py/share/pros_car_py/hook/pythonpath.sh'
[1.462s] Level 1:colcon.colcon_core.environment:checking '/home/user/workspace/pyrobot/moveit_ws/install/pros_car_py/bin'
[1.462s] Level 1:colcon.colcon_core.environment:create_environment_scripts_only(pros_car_py)
[1.463s] INFO:colcon.colcon_core.shell:Creating package script '/home/user/workspace/pyrobot/moveit_ws/install/pros_car_py/share/pros_car_py/package.ps1'
[1.463s] INFO:colcon.colcon_core.shell:Creating package descriptor '/home/user/workspace/pyrobot/moveit_ws/install/pros_car_py/share/pros_car_py/package.dsv'
[1.463s] INFO:colcon.colcon_core.shell:Creating package script '/home/user/workspace/pyrobot/moveit_ws/install/pros_car_py/share/pros_car_py/package.sh'
[1.463s] INFO:colcon.colcon_core.shell:Creating package script '/home/user/workspace/pyrobot/moveit_ws/install/pros_car_py/share/pros_car_py/package.bash'
[1.464s] INFO:colcon.colcon_core.shell:Creating package script '/home/user/workspace/pyrobot/moveit_ws/install/pros_car_py/share/pros_car_py/package.zsh'
[1.464s] Level 1:colcon.colcon_core.environment:create_file_with_runtime_dependencies(/home/user/workspace/pyrobot/moveit_ws/install/pros_car_py/share/colcon-core/packages/pros_car_py)
[1.464s] INFO:colcon.colcon_ros.task.ament_cmake.build:Building ROS package in '/home/user/workspace/pyrobot/moveit_ws/src/moveit_robot_generate' with build type 'ament_cmake'
[1.464s] INFO:colcon.colcon_cmake.task.cmake.build:Building CMake package in '/home/user/workspace/pyrobot/moveit_ws/src/moveit_robot_generate'
[1.465s] INFO:colcon.colcon_core.shell:Skip shell extension 'powershell' for command environment: Not usable outside of PowerShell
[1.465s] DEBUG:colcon.colcon_core.shell:Skip shell extension 'dsv' for command environment
[1.477s] Level 1:colcon.colcon_core.environment:create_environment_scripts_only(hello_moveit)
[1.477s] Level 1:colcon.colcon_core.environment:checking '/home/user/workspace/pyrobot/moveit_ws/install/hello_moveit' for CMake module files
[1.477s] Level 1:colcon.colcon_core.environment:checking '/home/user/workspace/pyrobot/moveit_ws/install/hello_moveit' for CMake config files
[1.478s] Level 1:colcon.colcon_core.shell:create_environment_hook('hello_moveit', 'cmake_prefix_path')
[1.478s] INFO:colcon.colcon_core.shell:Creating environment hook '/home/user/workspace/pyrobot/moveit_ws/install/hello_moveit/share/hello_moveit/hook/cmake_prefix_path.ps1'
[1.478s] INFO:colcon.colcon_core.shell:Creating environment descriptor '/home/user/workspace/pyrobot/moveit_ws/install/hello_moveit/share/hello_moveit/hook/cmake_prefix_path.dsv'
[1.478s] INFO:colcon.colcon_core.shell:Creating environment hook '/home/user/workspace/pyrobot/moveit_ws/install/hello_moveit/share/hello_moveit/hook/cmake_prefix_path.sh'
[1.479s] Level 1:colcon.colcon_core.environment:checking '/home/user/workspace/pyrobot/moveit_ws/install/hello_moveit/lib'
[1.479s] Level 1:colcon.colcon_core.environment:checking '/home/user/workspace/pyrobot/moveit_ws/install/hello_moveit/bin'
[1.479s] Level 1:colcon.colcon_core.environment:checking '/home/user/workspace/pyrobot/moveit_ws/install/hello_moveit/lib/pkgconfig/hello_moveit.pc'
[1.479s] Level 1:colcon.colcon_core.environment:checking '/home/user/workspace/pyrobot/moveit_ws/install/hello_moveit/lib/python3.10/site-packages'
[1.479s] Level 1:colcon.colcon_core.environment:checking '/home/user/workspace/pyrobot/moveit_ws/install/hello_moveit/bin'
[1.479s] INFO:colcon.colcon_core.shell:Creating package script '/home/user/workspace/pyrobot/moveit_ws/install/hello_moveit/share/hello_moveit/package.ps1'
[1.479s] INFO:colcon.colcon_core.shell:Creating package descriptor '/home/user/workspace/pyrobot/moveit_ws/install/hello_moveit/share/hello_moveit/package.dsv'
[1.480s] INFO:colcon.colcon_core.shell:Creating package script '/home/user/workspace/pyrobot/moveit_ws/install/hello_moveit/share/hello_moveit/package.sh'
[1.480s] INFO:colcon.colcon_core.shell:Creating package script '/home/user/workspace/pyrobot/moveit_ws/install/hello_moveit/share/hello_moveit/package.bash'
[1.480s] INFO:colcon.colcon_core.shell:Creating package script '/home/user/workspace/pyrobot/moveit_ws/install/hello_moveit/share/hello_moveit/package.zsh'
[1.480s] Level 1:colcon.colcon_core.environment:create_file_with_runtime_dependencies(/home/user/workspace/pyrobot/moveit_ws/install/hello_moveit/share/colcon-core/packages/hello_moveit)
[1.511s] DEBUG:colcon.colcon_core.event_handler.log_command:Invoking command in '/home/user/workspace/pyrobot/moveit_ws/build/moveit_robot_generate': AMENT_PREFIX_PATH=/home/user/workspace/pyrobot/moveit_ws/install/pros_car_py:/home/user/workspace/pyrobot/moveit_ws/install/moveit_robot_generate:/home/user/workspace/pyrobot/moveit_ws/install/hello_moveit:/home/user/workspace/pyrobot/moveit2_ws/install/pilz_industrial_motion_planner_testutils:/home/user/workspace/pyrobot/moveit2_ws/install/moveit_ros_control_interface:/home/user/workspace/pyrobot/moveit2_ws/install/moveit_plugins:/home/user/workspace/pyrobot/moveit2_ws/install/moveit_simple_controller_manager:/home/user/workspace/pyrobot/moveit2_ws/install/moveit_ros_planning:/home/user/workspace/pyrobot/moveit2_ws/install/moveit_ros_occupancy_map_monitor:/home/user/workspace/pyrobot/moveit2_ws/install/moveit_resources_prbt_ikfast_manipulator_plugin:/home/user/workspace/pyrobot/moveit2_ws/install/moveit_planners_chomp:/home/user/workspace/pyrobot/moveit2_ws/install/moveit_chomp_optimizer_adapter:/home/user/workspace/pyrobot/moveit2_ws/install/chomp_motion_planner:/home/user/workspace/pyrobot/moveit2_ws/install/moveit_core:/home/user/workspace/pyrobot/moveit2_ws/install/generate_parameter_module_example:/home/user/workspace/pyrobot/moveit2_ws/install/generate_parameter_library_example:/home/user/workspace/pyrobot/moveit2_ws/install/cmake_generate_parameter_module_example:/home/user/workspace/pyrobot/moveit2_ws/install/generate_parameter_library:/home/user/workspace/pyrobot/moveit2_ws/install/parameter_traits:/home/user/workspace/pyrobot/moveit2_ws/install/moveit_resources_prbt_support:/home/user/workspace/pyrobot/moveit2_ws/install/moveit_resources:/home/user/workspace/pyrobot/moveit2_ws/install/moveit_resources_pr2_description:/home/user/workspace/pyrobot/moveit2_ws/install/moveit_resources_panda_moveit_config:/home/user/workspace/pyrobot/moveit2_ws/install/moveit_resources_panda_description:/home/user/workspace/pyrobot/moveit2_ws/install/moveit_resources_fanuc_moveit_config:/home/user/workspace/pyrobot/moveit2_ws/install/moveit_resources_fanuc_description:/home/user/workspace/pyrobot/moveit2_ws/install/moveit_msgs:/home/user/workspace/pyrobot/moveit2_ws/install/moveit_configs_utils:/home/user/workspace/pyrobot/moveit2_ws/install/moveit_common:/home/user/workspace/pyrobot/moveit2_ws/install/generate_parameter_library_py:/home/user/workspace/ws_moveit2/install/pilz_industrial_motion_planner_testutils:/home/user/workspace/ws_moveit2/install/moveit_runtime:/home/user/workspace/ws_moveit2/install/moveit2_tutorials:/home/user/workspace/ws_moveit2/install/moveit:/home/user/workspace/ws_moveit2/install/moveit_planners:/home/user/workspace/ws_moveit2/install/pilz_industrial_motion_planner:/home/user/workspace/ws_moveit2/install/moveit_visual_tools:/home/user/workspace/ws_moveit2/install/moveit_task_constructor_visualization:/home/user/workspace/ws_moveit2/install/moveit_task_constructor_demo:/home/user/workspace/ws_moveit2/install/moveit_task_constructor_capabilities:/home/user/workspace/ws_moveit2/install/moveit_task_constructor_core:/home/user/workspace/ws_moveit2/install/moveit_ros_control_interface:/home/user/workspace/ws_moveit2/install/moveit_plugins:/home/user/workspace/ws_moveit2/install/moveit_simple_controller_manager:/home/user/workspace/ws_moveit2/install/moveit_setup_assistant:/home/user/workspace/ws_moveit2/install/moveit_setup_srdf_plugins:/home/user/workspace/ws_moveit2/install/moveit_setup_core_plugins:/home/user/workspace/ws_moveit2/install/moveit_setup_controllers:/home/user/workspace/ws_moveit2/install/moveit_setup_app_plugins:/home/user/workspace/ws_moveit2/install/moveit_setup_framework:/home/user/workspace/ws_moveit2/install/moveit_servo:/home/user/workspace/ws_moveit2/install/moveit_ros:/home/user/workspace/ws_moveit2/install/moveit_ros_visualization:/home/user/workspace/ws_moveit2/install/moveit_hybrid_planning:/home/user/workspace/ws_moveit2/install/moveit_ros_planning_interface:/home/user/workspace/ws_moveit2/install/moveit_ros_benchmarks:/home/user/workspace/ws_moveit2/install/moveit_ros_warehouse:/home/user/workspace/ws_moveit2/install/moveit_ros_robot_interaction:/home/user/workspace/ws_moveit2/install/moveit_ros_perception:/home/user/workspace/ws_moveit2/install/moveit_resources_prbt_pg70_support:/home/user/workspace/ws_moveit2/install/moveit_resources_prbt_moveit_config:/home/user/workspace/ws_moveit2/install/moveit_ros_move_group:/home/user/workspace/ws_moveit2/install/moveit_planners_ompl:/home/user/workspace/ws_moveit2/install/moveit_ros_planning:/home/user/workspace/ws_moveit2/install/moveit_ros_occupancy_map_monitor:/home/user/workspace/ws_moveit2/install/moveit_resources_prbt_ikfast_manipulator_plugin:/home/user/workspace/ws_moveit2/install/moveit_planners_chomp:/home/user/workspace/ws_moveit2/install/moveit_kinematics:/home/user/workspace/ws_moveit2/install/moveit_chomp_optimizer_adapter:/home/user/workspace/ws_moveit2/install/chomp_motion_planner:/home/user/workspace/ws_moveit2/install/moveit_core:/home/user/workspace/ws_moveit2/install/moveit_configs_utils:/home/user/workspace/ws_moveit2/install/srdfdom:/home/user/workspace/ws_moveit2/install/rviz_marker_tools:/home/user/workspace/ws_moveit2/install/rosparam_shortcuts:/home/user/workspace/ws_moveit2/install/moveit_task_constructor_msgs:/home/user/workspace/ws_moveit2/install/moveit_resources_prbt_support:/home/user/workspace/ws_moveit2/install/moveit_resources:/home/user/workspace/ws_moveit2/install/moveit_resources_pr2_description:/home/user/workspace/ws_moveit2/install/moveit_resources_panda_moveit_config:/home/user/workspace/ws_moveit2/install/moveit_resources_panda_description:/home/user/workspace/ws_moveit2/install/moveit_resources_fanuc_moveit_config:/home/user/workspace/ws_moveit2/install/moveit_resources_fanuc_description:/home/user/workspace/ws_moveit2/install/moveit_common:/home/user/workspace/ws_moveit2/install/launch_param_builder:/opt/ros/humble CMAKE_PREFIX_PATH=${CMAKE_PREFIX_PATH}:/home/user/workspace/pyrobot/moveit_ws/install/pros_car_py:/home/user/workspace/pyrobot/moveit2_ws/install/generate_parameter_module_example:/home/user/workspace/pyrobot/moveit2_ws/install/moveit_configs_utils:/home/user/workspace/pyrobot/moveit2_ws/install/generate_parameter_library_py:/home/user/workspace/ws_moveit2/install/moveit_configs_utils:/home/user/workspace/ws_moveit2/install/launch_param_builder:/opt/ros/humble /usr/bin/cmake --build /home/user/workspace/pyrobot/moveit_ws/build/moveit_robot_generate -- -j16 -l16
[2.418s] DEBUG:colcon.colcon_core.event_handler.log_command:Invoked command in '/home/user/workspace/pyrobot/moveit_ws/build/moveit_robot_generate' returned '2': AMENT_PREFIX_PATH=/home/user/workspace/pyrobot/moveit_ws/install/pros_car_py:/home/user/workspace/pyrobot/moveit_ws/install/moveit_robot_generate:/home/user/workspace/pyrobot/moveit_ws/install/hello_moveit:/home/user/workspace/pyrobot/moveit2_ws/install/pilz_industrial_motion_planner_testutils:/home/user/workspace/pyrobot/moveit2_ws/install/moveit_ros_control_interface:/home/user/workspace/pyrobot/moveit2_ws/install/moveit_plugins:/home/user/workspace/pyrobot/moveit2_ws/install/moveit_simple_controller_manager:/home/user/workspace/pyrobot/moveit2_ws/install/moveit_ros_planning:/home/user/workspace/pyrobot/moveit2_ws/install/moveit_ros_occupancy_map_monitor:/home/user/workspace/pyrobot/moveit2_ws/install/moveit_resources_prbt_ikfast_manipulator_plugin:/home/user/workspace/pyrobot/moveit2_ws/install/moveit_planners_chomp:/home/user/workspace/pyrobot/moveit2_ws/install/moveit_chomp_optimizer_adapter:/home/user/workspace/pyrobot/moveit2_ws/install/chomp_motion_planner:/home/user/workspace/pyrobot/moveit2_ws/install/moveit_core:/home/user/workspace/pyrobot/moveit2_ws/install/generate_parameter_module_example:/home/user/workspace/pyrobot/moveit2_ws/install/generate_parameter_library_example:/home/user/workspace/pyrobot/moveit2_ws/install/cmake_generate_parameter_module_example:/home/user/workspace/pyrobot/moveit2_ws/install/generate_parameter_library:/home/user/workspace/pyrobot/moveit2_ws/install/parameter_traits:/home/user/workspace/pyrobot/moveit2_ws/install/moveit_resources_prbt_support:/home/user/workspace/pyrobot/moveit2_ws/install/moveit_resources:/home/user/workspace/pyrobot/moveit2_ws/install/moveit_resources_pr2_description:/home/user/workspace/pyrobot/moveit2_ws/install/moveit_resources_panda_moveit_config:/home/user/workspace/pyrobot/moveit2_ws/install/moveit_resources_panda_description:/home/user/workspace/pyrobot/moveit2_ws/install/moveit_resources_fanuc_moveit_config:/home/user/workspace/pyrobot/moveit2_ws/install/moveit_resources_fanuc_description:/home/user/workspace/pyrobot/moveit2_ws/install/moveit_msgs:/home/user/workspace/pyrobot/moveit2_ws/install/moveit_configs_utils:/home/user/workspace/pyrobot/moveit2_ws/install/moveit_common:/home/user/workspace/pyrobot/moveit2_ws/install/generate_parameter_library_py:/home/user/workspace/ws_moveit2/install/pilz_industrial_motion_planner_testutils:/home/user/workspace/ws_moveit2/install/moveit_runtime:/home/user/workspace/ws_moveit2/install/moveit2_tutorials:/home/user/workspace/ws_moveit2/install/moveit:/home/user/workspace/ws_moveit2/install/moveit_planners:/home/user/workspace/ws_moveit2/install/pilz_industrial_motion_planner:/home/user/workspace/ws_moveit2/install/moveit_visual_tools:/home/user/workspace/ws_moveit2/install/moveit_task_constructor_visualization:/home/user/workspace/ws_moveit2/install/moveit_task_constructor_demo:/home/user/workspace/ws_moveit2/install/moveit_task_constructor_capabilities:/home/user/workspace/ws_moveit2/install/moveit_task_constructor_core:/home/user/workspace/ws_moveit2/install/moveit_ros_control_interface:/home/user/workspace/ws_moveit2/install/moveit_plugins:/home/user/workspace/ws_moveit2/install/moveit_simple_controller_manager:/home/user/workspace/ws_moveit2/install/moveit_setup_assistant:/home/user/workspace/ws_moveit2/install/moveit_setup_srdf_plugins:/home/user/workspace/ws_moveit2/install/moveit_setup_core_plugins:/home/user/workspace/ws_moveit2/install/moveit_setup_controllers:/home/user/workspace/ws_moveit2/install/moveit_setup_app_plugins:/home/user/workspace/ws_moveit2/install/moveit_setup_framework:/home/user/workspace/ws_moveit2/install/moveit_servo:/home/user/workspace/ws_moveit2/install/moveit_ros:/home/user/workspace/ws_moveit2/install/moveit_ros_visualization:/home/user/workspace/ws_moveit2/install/moveit_hybrid_planning:/home/user/workspace/ws_moveit2/install/moveit_ros_planning_interface:/home/user/workspace/ws_moveit2/install/moveit_ros_benchmarks:/home/user/workspace/ws_moveit2/install/moveit_ros_warehouse:/home/user/workspace/ws_moveit2/install/moveit_ros_robot_interaction:/home/user/workspace/ws_moveit2/install/moveit_ros_perception:/home/user/workspace/ws_moveit2/install/moveit_resources_prbt_pg70_support:/home/user/workspace/ws_moveit2/install/moveit_resources_prbt_moveit_config:/home/user/workspace/ws_moveit2/install/moveit_ros_move_group:/home/user/workspace/ws_moveit2/install/moveit_planners_ompl:/home/user/workspace/ws_moveit2/install/moveit_ros_planning:/home/user/workspace/ws_moveit2/install/moveit_ros_occupancy_map_monitor:/home/user/workspace/ws_moveit2/install/moveit_resources_prbt_ikfast_manipulator_plugin:/home/user/workspace/ws_moveit2/install/moveit_planners_chomp:/home/user/workspace/ws_moveit2/install/moveit_kinematics:/home/user/workspace/ws_moveit2/install/moveit_chomp_optimizer_adapter:/home/user/workspace/ws_moveit2/install/chomp_motion_planner:/home/user/workspace/ws_moveit2/install/moveit_core:/home/user/workspace/ws_moveit2/install/moveit_configs_utils:/home/user/workspace/ws_moveit2/install/srdfdom:/home/user/workspace/ws_moveit2/install/rviz_marker_tools:/home/user/workspace/ws_moveit2/install/rosparam_shortcuts:/home/user/workspace/ws_moveit2/install/moveit_task_constructor_msgs:/home/user/workspace/ws_moveit2/install/moveit_resources_prbt_support:/home/user/workspace/ws_moveit2/install/moveit_resources:/home/user/workspace/ws_moveit2/install/moveit_resources_pr2_description:/home/user/workspace/ws_moveit2/install/moveit_resources_panda_moveit_config:/home/user/workspace/ws_moveit2/install/moveit_resources_panda_description:/home/user/workspace/ws_moveit2/install/moveit_resources_fanuc_moveit_config:/home/user/workspace/ws_moveit2/install/moveit_resources_fanuc_description:/home/user/workspace/ws_moveit2/install/moveit_common:/home/user/workspace/ws_moveit2/install/launch_param_builder:/opt/ros/humble CMAKE_PREFIX_PATH=${CMAKE_PREFIX_PATH}:/home/user/workspace/pyrobot/moveit_ws/install/pros_car_py:/home/user/workspace/pyrobot/moveit2_ws/install/generate_parameter_module_example:/home/user/workspace/pyrobot/moveit2_ws/install/moveit_configs_utils:/home/user/workspace/pyrobot/moveit2_ws/install/generate_parameter_library_py:/home/user/workspace/ws_moveit2/install/moveit_configs_utils:/home/user/workspace/ws_moveit2/install/launch_param_builder:/opt/ros/humble /usr/bin/cmake --build /home/user/workspace/pyrobot/moveit_ws/build/moveit_robot_generate -- -j16 -l16
[2.435s] Level 1:colcon.colcon_core.environment:create_environment_scripts_only(moveit_robot_generate)
[2.435s] Level 1:colcon.colcon_core.environment:checking '/home/user/workspace/pyrobot/moveit_ws/install/moveit_robot_generate' for CMake module files
[2.436s] Level 1:colcon.colcon_core.environment:checking '/home/user/workspace/pyrobot/moveit_ws/install/moveit_robot_generate' for CMake config files
[2.436s] Level 1:colcon.colcon_core.shell:create_environment_hook('moveit_robot_generate', 'cmake_prefix_path')
[2.436s] INFO:colcon.colcon_core.shell:Creating environment hook '/home/user/workspace/pyrobot/moveit_ws/install/moveit_robot_generate/share/moveit_robot_generate/hook/cmake_prefix_path.ps1'
[2.436s] INFO:colcon.colcon_core.shell:Creating environment descriptor '/home/user/workspace/pyrobot/moveit_ws/install/moveit_robot_generate/share/moveit_robot_generate/hook/cmake_prefix_path.dsv'
[2.436s] INFO:colcon.colcon_core.shell:Creating environment hook '/home/user/workspace/pyrobot/moveit_ws/install/moveit_robot_generate/share/moveit_robot_generate/hook/cmake_prefix_path.sh'
[2.437s] Level 1:colcon.colcon_core.environment:checking '/home/user/workspace/pyrobot/moveit_ws/install/moveit_robot_generate/bin'
[2.437s] Level 1:colcon.colcon_core.environment:checking '/home/user/workspace/pyrobot/moveit_ws/install/moveit_robot_generate/lib/pkgconfig/moveit_robot_generate.pc'
[2.437s] Level 1:colcon.colcon_core.environment:checking '/home/user/workspace/pyrobot/moveit_ws/install/moveit_robot_generate/lib/python3.10/site-packages'
[2.437s] Level 1:colcon.colcon_core.environment:checking '/home/user/workspace/pyrobot/moveit_ws/install/moveit_robot_generate/bin'
[2.437s] INFO:colcon.colcon_core.shell:Creating package script '/home/user/workspace/pyrobot/moveit_ws/install/moveit_robot_generate/share/moveit_robot_generate/package.ps1'
[2.437s] INFO:colcon.colcon_core.shell:Creating package descriptor '/home/user/workspace/pyrobot/moveit_ws/install/moveit_robot_generate/share/moveit_robot_generate/package.dsv'
[2.438s] INFO:colcon.colcon_core.shell:Creating package script '/home/user/workspace/pyrobot/moveit_ws/install/moveit_robot_generate/share/moveit_robot_generate/package.sh'
[2.438s] INFO:colcon.colcon_core.shell:Creating package script '/home/user/workspace/pyrobot/moveit_ws/install/moveit_robot_generate/share/moveit_robot_generate/package.bash'
[2.438s] INFO:colcon.colcon_core.shell:Creating package script '/home/user/workspace/pyrobot/moveit_ws/install/moveit_robot_generate/share/moveit_robot_generate/package.zsh'
[2.438s] Level 1:colcon.colcon_core.environment:create_file_with_runtime_dependencies(/home/user/workspace/pyrobot/moveit_ws/install/moveit_robot_generate/share/colcon-core/packages/moveit_robot_generate)
[2.449s] DEBUG:colcon.colcon_parallel_executor.executor.parallel:closing loop
[2.449s] DEBUG:colcon.colcon_parallel_executor.executor.parallel:loop closed
[2.449s] DEBUG:colcon.colcon_parallel_executor.executor.parallel:run_until_complete finished with '2'
[2.449s] DEBUG:colcon.colcon_core.event_reactor:joining thread
[2.476s] INFO:colcon.colcon_core.plugin_system:Skipping extension 'colcon_notification.desktop_notification.notify_send': Could not find 'notify-send'
[2.476s] INFO:colcon.colcon_core.plugin_system:Skipping extension 'colcon_notification.desktop_notification.terminal_notifier': Not used on non-Darwin systems
[2.476s] INFO:colcon.colcon_core.plugin_system:Skipping extension 'colcon_notification.desktop_notification.win32': Not used on non-Windows systems
[2.476s] INFO:colcon.colcon_notification.desktop_notification:Sending desktop notification using 'notify2'
[2.476s] DEBUG:colcon.colcon_notification.desktop_notification.notify2:Failed to initialize notify2: org.freedesktop.DBus.Error.FileNotFound: Failed to connect to socket /run/user/1000/bus: No such file or directory
[2.476s] DEBUG:colcon.colcon_core.event_reactor:joined thread
[2.477s] INFO:colcon.colcon_core.shell:Creating prefix script '/home/user/workspace/pyrobot/moveit_ws/install/local_setup.ps1'
[2.478s] INFO:colcon.colcon_core.shell:Creating prefix util module '/home/user/workspace/pyrobot/moveit_ws/install/_local_setup_util_ps1.py'
[2.479s] INFO:colcon.colcon_core.shell:Creating prefix chain script '/home/user/workspace/pyrobot/moveit_ws/install/setup.ps1'
[2.481s] INFO:colcon.colcon_core.shell:Creating prefix script '/home/user/workspace/pyrobot/moveit_ws/install/local_setup.sh'
[2.481s] INFO:colcon.colcon_core.shell:Creating prefix util module '/home/user/workspace/pyrobot/moveit_ws/install/_local_setup_util_sh.py'
[2.481s] INFO:colcon.colcon_core.shell:Creating prefix chain script '/home/user/workspace/pyrobot/moveit_ws/install/setup.sh'
[2.483s] INFO:colcon.colcon_core.shell:Creating prefix script '/home/user/workspace/pyrobot/moveit_ws/install/local_setup.bash'
[2.484s] INFO:colcon.colcon_core.shell:Creating prefix chain script '/home/user/workspace/pyrobot/moveit_ws/install/setup.bash'
[2.485s] INFO:colcon.colcon_core.shell:Creating prefix script '/home/user/workspace/pyrobot/moveit_ws/install/local_setup.zsh'
[2.486s] INFO:colcon.colcon_core.shell:Creating prefix chain script '/home/user/workspace/pyrobot/moveit_ws/install/setup.zsh'
