[100%] Built target ik_solver
-- Install configuration: ""
-- Up-to-date: /home/user/workspace/pyrobot/moveit_docker_activate/install/moveit2_robot_arm_control/lib/moveit2_robot_arm_control/ik_solver
-- Up-to-date: /home/user/workspace/pyrobot/moveit_docker_activate/install/moveit2_robot_arm_control/share/moveit2_robot_arm_control/launch
-- Up-to-date: /home/user/workspace/pyrobot/moveit_docker_activate/install/moveit2_robot_arm_control/share/moveit2_robot_arm_control/launch/ik_solver.launch.py
-- Up-to-date: /home/user/workspace/pyrobot/moveit_docker_activate/install/moveit2_robot_arm_control/share/ament_index/resource_index/package_run_dependencies/moveit2_robot_arm_control
-- Up-to-date: /home/user/workspace/pyrobot/moveit_docker_activate/install/moveit2_robot_arm_control/share/ament_index/resource_index/parent_prefix_path/moveit2_robot_arm_control
-- Up-to-date: /home/user/workspace/pyrobot/moveit_docker_activate/install/moveit2_robot_arm_control/share/moveit2_robot_arm_control/environment/ament_prefix_path.sh
-- Up-to-date: /home/user/workspace/pyrobot/moveit_docker_activate/install/moveit2_robot_arm_control/share/moveit2_robot_arm_control/environment/ament_prefix_path.dsv
-- Up-to-date: /home/user/workspace/pyrobot/moveit_docker_activate/install/moveit2_robot_arm_control/share/moveit2_robot_arm_control/environment/path.sh
-- Up-to-date: /home/user/workspace/pyrobot/moveit_docker_activate/install/moveit2_robot_arm_control/share/moveit2_robot_arm_control/environment/path.dsv
-- Up-to-date: /home/user/workspace/pyrobot/moveit_docker_activate/install/moveit2_robot_arm_control/share/moveit2_robot_arm_control/local_setup.bash
-- Up-to-date: /home/user/workspace/pyrobot/moveit_docker_activate/install/moveit2_robot_arm_control/share/moveit2_robot_arm_control/local_setup.sh
-- Up-to-date: /home/user/workspace/pyrobot/moveit_docker_activate/install/moveit2_robot_arm_control/share/moveit2_robot_arm_control/local_setup.zsh
-- Up-to-date: /home/user/workspace/pyrobot/moveit_docker_activate/install/moveit2_robot_arm_control/share/moveit2_robot_arm_control/local_setup.dsv
-- Installing: /home/user/workspace/pyrobot/moveit_docker_activate/install/moveit2_robot_arm_control/share/moveit2_robot_arm_control/package.dsv
-- Up-to-date: /home/user/workspace/pyrobot/moveit_docker_activate/install/moveit2_robot_arm_control/share/ament_index/resource_index/packages/moveit2_robot_arm_control
-- Up-to-date: /home/user/workspace/pyrobot/moveit_docker_activate/install/moveit2_robot_arm_control/share/moveit2_robot_arm_control/cmake/moveit2_robot_arm_controlConfig.cmake
-- Up-to-date: /home/user/workspace/pyrobot/moveit_docker_activate/install/moveit2_robot_arm_control/share/moveit2_robot_arm_control/cmake/moveit2_robot_arm_controlConfig-version.cmake
-- Up-to-date: /home/user/workspace/pyrobot/moveit_docker_activate/install/moveit2_robot_arm_control/share/moveit2_robot_arm_control/package.xml
