[0.154s] DEBUG:colcon:Command line arguments: ['/usr/bin/colcon', 'build']
[0.154s] DEBUG:colcon:Parsed command line arguments: Namespace(log_base=None, log_level=None, verb_name='build', build_base='build', install_base='install', merge_install=False, symlink_install=False, test_result_base=None, continue_on_error=False, executor='parallel', parallel_workers=16, event_handlers=None, ignore_user_meta=False, metas=['./colcon.meta'], base_paths=['.'], packages_ignore=None, packages_ignore_regex=None, paths=None, packages_up_to=None, packages_up_to_regex=None, packages_above=None, packages_above_and_dependencies=None, packages_above_depth=None, packages_select_by_dep=None, packages_skip_by_dep=None, packages_skip_up_to=None, packages_select_build_failed=False, packages_skip_build_finished=False, packages_select_test_failures=False, packages_skip_test_passed=False, packages_select=None, packages_skip=None, packages_select_regex=None, packages_skip_regex=None, packages_start=None, packages_end=None, allow_overriding=[], cmake_args=None, cmake_target=None, cmake_target_skip_unavailable=False, cmake_clean_cache=False, cmake_clean_first=False, cmake_force_configure=False, ament_cmake_args=None, catkin_cmake_args=None, catkin_skip_building_tests=False, mixin_files=None, mixin=None, verb_parser=<colcon_mixin.mixin.mixin_argument.MixinArgumentDecorator object at 0x7fc97c2dc760>, verb_extension=<colcon_core.verb.build.BuildVerb object at 0x7fc97c29ff10>, main=<bound method BuildVerb.main of <colcon_core.verb.build.BuildVerb object at 0x7fc97c29ff10>>, mixin_verb=('build',))
[0.442s] Level 1:colcon.colcon_core.package_discovery:discover_packages(colcon_meta) check parameters
[0.442s] Level 1:colcon.colcon_core.package_discovery:discover_packages(recursive) check parameters
[0.442s] Level 1:colcon.colcon_core.package_discovery:discover_packages(ignore) check parameters
[0.442s] Level 1:colcon.colcon_core.package_discovery:discover_packages(path) check parameters
[0.442s] Level 1:colcon.colcon_core.package_discovery:discover_packages(colcon_meta) discover
[0.442s] Level 1:colcon.colcon_core.package_discovery:discover_packages(recursive) discover
[0.442s] INFO:colcon.colcon_core.package_discovery:Crawling recursively for packages in '/home/user/workspace/pyrobot/moveit_docker_activate'
[0.442s] Level 1:colcon.colcon_core.package_identification:_identify(.) by extensions ['ignore', 'ignore_ament_install']
[0.442s] Level 1:colcon.colcon_core.package_identification:_identify(.) by extension 'ignore'
[0.442s] Level 1:colcon.colcon_core.package_identification:_identify(.) by extension 'ignore_ament_install'
[0.442s] Level 1:colcon.colcon_core.package_identification:_identify(.) by extensions ['colcon_pkg']
[0.442s] Level 1:colcon.colcon_core.package_identification:_identify(.) by extension 'colcon_pkg'
[0.442s] Level 1:colcon.colcon_core.package_identification:_identify(.) by extensions ['colcon_meta']
[0.442s] Level 1:colcon.colcon_core.package_identification:_identify(.) by extension 'colcon_meta'
[0.442s] Level 1:colcon.colcon_core.package_identification:_identify(.) by extensions ['ros']
[0.442s] Level 1:colcon.colcon_core.package_identification:_identify(.) by extension 'ros'
[0.453s] Level 1:colcon.colcon_core.package_identification:_identify(.) by extensions ['cmake', 'python']
[0.453s] Level 1:colcon.colcon_core.package_identification:_identify(.) by extension 'cmake'
[0.453s] Level 1:colcon.colcon_core.package_identification:_identify(.) by extension 'python'
[0.453s] Level 1:colcon.colcon_core.package_identification:_identify(.) by extensions ['python_setup_py']
[0.453s] Level 1:colcon.colcon_core.package_identification:_identify(.) by extension 'python_setup_py'
[0.453s] Level 1:colcon.colcon_core.package_identification:_identify(build) by extensions ['ignore', 'ignore_ament_install']
[0.453s] Level 1:colcon.colcon_core.package_identification:_identify(build) by extension 'ignore'
[0.453s] Level 1:colcon.colcon_core.package_identification:_identify(build) ignored
[0.454s] Level 1:colcon.colcon_core.package_identification:_identify(install) by extensions ['ignore', 'ignore_ament_install']
[0.454s] Level 1:colcon.colcon_core.package_identification:_identify(install) by extension 'ignore'
[0.454s] Level 1:colcon.colcon_core.package_identification:_identify(install) ignored
[0.454s] Level 1:colcon.colcon_core.package_identification:_identify(log) by extensions ['ignore', 'ignore_ament_install']
[0.454s] Level 1:colcon.colcon_core.package_identification:_identify(log) by extension 'ignore'
[0.454s] Level 1:colcon.colcon_core.package_identification:_identify(log) ignored
[0.454s] Level 1:colcon.colcon_core.package_identification:_identify(src) by extensions ['ignore', 'ignore_ament_install']
[0.454s] Level 1:colcon.colcon_core.package_identification:_identify(src) by extension 'ignore'
[0.454s] Level 1:colcon.colcon_core.package_identification:_identify(src) by extension 'ignore_ament_install'
[0.454s] Level 1:colcon.colcon_core.package_identification:_identify(src) by extensions ['colcon_pkg']
[0.454s] Level 1:colcon.colcon_core.package_identification:_identify(src) by extension 'colcon_pkg'
[0.454s] Level 1:colcon.colcon_core.package_identification:_identify(src) by extensions ['colcon_meta']
[0.454s] Level 1:colcon.colcon_core.package_identification:_identify(src) by extension 'colcon_meta'
[0.454s] Level 1:colcon.colcon_core.package_identification:_identify(src) by extensions ['ros']
[0.454s] Level 1:colcon.colcon_core.package_identification:_identify(src) by extension 'ros'
[0.454s] Level 1:colcon.colcon_core.package_identification:_identify(src) by extensions ['cmake', 'python']
[0.454s] Level 1:colcon.colcon_core.package_identification:_identify(src) by extension 'cmake'
[0.454s] Level 1:colcon.colcon_core.package_identification:_identify(src) by extension 'python'
[0.454s] Level 1:colcon.colcon_core.package_identification:_identify(src) by extensions ['python_setup_py']
[0.454s] Level 1:colcon.colcon_core.package_identification:_identify(src) by extension 'python_setup_py'
[0.454s] Level 1:colcon.colcon_core.package_identification:_identify(src/new_config) by extensions ['ignore', 'ignore_ament_install']
[0.454s] Level 1:colcon.colcon_core.package_identification:_identify(src/new_config) by extension 'ignore'
[0.454s] Level 1:colcon.colcon_core.package_identification:_identify(src/new_config) by extension 'ignore_ament_install'
[0.454s] Level 1:colcon.colcon_core.package_identification:_identify(src/new_config) by extensions ['colcon_pkg']
[0.454s] Level 1:colcon.colcon_core.package_identification:_identify(src/new_config) by extension 'colcon_pkg'
[0.454s] Level 1:colcon.colcon_core.package_identification:_identify(src/new_config) by extensions ['colcon_meta']
[0.454s] Level 1:colcon.colcon_core.package_identification:_identify(src/new_config) by extension 'colcon_meta'
[0.454s] Level 1:colcon.colcon_core.package_identification:_identify(src/new_config) by extensions ['ros']
[0.454s] Level 1:colcon.colcon_core.package_identification:_identify(src/new_config) by extension 'ros'
[0.463s] DEBUG:colcon.colcon_core.package_identification:Package 'src/new_config' with type 'ros.ament_cmake' and name 'new_config'
[0.463s] Level 1:colcon.colcon_core.package_identification:_identify(src/pros_car_py) by extensions ['ignore', 'ignore_ament_install']
[0.463s] Level 1:colcon.colcon_core.package_identification:_identify(src/pros_car_py) by extension 'ignore'
[0.463s] Level 1:colcon.colcon_core.package_identification:_identify(src/pros_car_py) by extension 'ignore_ament_install'
[0.463s] Level 1:colcon.colcon_core.package_identification:_identify(src/pros_car_py) by extensions ['colcon_pkg']
[0.463s] Level 1:colcon.colcon_core.package_identification:_identify(src/pros_car_py) by extension 'colcon_pkg'
[0.463s] Level 1:colcon.colcon_core.package_identification:_identify(src/pros_car_py) by extensions ['colcon_meta']
[0.463s] Level 1:colcon.colcon_core.package_identification:_identify(src/pros_car_py) by extension 'colcon_meta'
[0.463s] Level 1:colcon.colcon_core.package_identification:_identify(src/pros_car_py) by extensions ['ros']
[0.463s] Level 1:colcon.colcon_core.package_identification:_identify(src/pros_car_py) by extension 'ros'
[0.463s] DEBUG:colcon.colcon_core.package_identification:Package 'src/pros_car_py' with type 'ros.ament_python' and name 'pros_car_py'
[0.463s] Level 1:colcon.colcon_core.package_identification:_identify(src/robot_description) by extensions ['ignore', 'ignore_ament_install']
[0.463s] Level 1:colcon.colcon_core.package_identification:_identify(src/robot_description) by extension 'ignore'
[0.463s] Level 1:colcon.colcon_core.package_identification:_identify(src/robot_description) by extension 'ignore_ament_install'
[0.463s] Level 1:colcon.colcon_core.package_identification:_identify(src/robot_description) by extensions ['colcon_pkg']
[0.463s] Level 1:colcon.colcon_core.package_identification:_identify(src/robot_description) by extension 'colcon_pkg'
[0.463s] Level 1:colcon.colcon_core.package_identification:_identify(src/robot_description) by extensions ['colcon_meta']
[0.463s] Level 1:colcon.colcon_core.package_identification:_identify(src/robot_description) by extension 'colcon_meta'
[0.463s] Level 1:colcon.colcon_core.package_identification:_identify(src/robot_description) by extensions ['ros']
[0.463s] Level 1:colcon.colcon_core.package_identification:_identify(src/robot_description) by extension 'ros'
[0.464s] DEBUG:colcon.colcon_core.package_identification:Package 'src/robot_description' with type 'ros.ament_python' and name 'robot_description'
[0.464s] Level 1:colcon.colcon_core.package_discovery:discover_packages(recursive) using defaults
[0.464s] Level 1:colcon.colcon_core.package_discovery:discover_packages(ignore) discover
[0.464s] Level 1:colcon.colcon_core.package_discovery:discover_packages(ignore) using defaults
[0.464s] Level 1:colcon.colcon_core.package_discovery:discover_packages(path) discover
[0.464s] Level 1:colcon.colcon_core.package_discovery:discover_packages(path) using defaults
[0.487s] Level 1:colcon.colcon_core.package_discovery:discover_packages(prefix_path) check parameters
[0.487s] Level 1:colcon.colcon_core.package_discovery:discover_packages(prefix_path) discover
[0.499s] DEBUG:colcon.colcon_installed_package_information.package_discovery:Found 1 installed packages in /home/user/workspace/pyrobot/moveit_docker_activate/install
[0.500s] DEBUG:colcon.colcon_installed_package_information.package_discovery:Found 55 installed packages in /home/user/workspace/ws_moveit2/install
[0.502s] DEBUG:colcon.colcon_installed_package_information.package_discovery:Found 368 installed packages in /opt/ros/humble
[0.505s] Level 1:colcon.colcon_core.package_discovery:discover_packages(prefix_path) using defaults
[0.598s] Level 5:colcon.colcon_core.verb:set package 'pros_car_py' build argument 'cmake_args' from command line to 'None'
[0.598s] Level 5:colcon.colcon_core.verb:set package 'pros_car_py' build argument 'cmake_target' from command line to 'None'
[0.598s] Level 5:colcon.colcon_core.verb:set package 'pros_car_py' build argument 'cmake_target_skip_unavailable' from command line to 'False'
[0.598s] Level 5:colcon.colcon_core.verb:set package 'pros_car_py' build argument 'cmake_clean_cache' from command line to 'False'
[0.598s] Level 5:colcon.colcon_core.verb:set package 'pros_car_py' build argument 'cmake_clean_first' from command line to 'False'
[0.598s] Level 5:colcon.colcon_core.verb:set package 'pros_car_py' build argument 'cmake_force_configure' from command line to 'False'
[0.598s] Level 5:colcon.colcon_core.verb:set package 'pros_car_py' build argument 'ament_cmake_args' from command line to 'None'
[0.598s] Level 5:colcon.colcon_core.verb:set package 'pros_car_py' build argument 'catkin_cmake_args' from command line to 'None'
[0.598s] Level 5:colcon.colcon_core.verb:set package 'pros_car_py' build argument 'catkin_skip_building_tests' from command line to 'False'
[0.598s] DEBUG:colcon.colcon_core.verb:Building package 'pros_car_py' with the following arguments: {'ament_cmake_args': None, 'build_base': '/home/user/workspace/pyrobot/moveit_docker_activate/build/pros_car_py', 'catkin_cmake_args': None, 'catkin_skip_building_tests': False, 'cmake_args': None, 'cmake_clean_cache': False, 'cmake_clean_first': False, 'cmake_force_configure': False, 'cmake_target': None, 'cmake_target_skip_unavailable': False, 'install_base': '/home/user/workspace/pyrobot/moveit_docker_activate/install/pros_car_py', 'merge_install': False, 'path': '/home/user/workspace/pyrobot/moveit_docker_activate/src/pros_car_py', 'symlink_install': False, 'test_result_base': None}
[0.599s] Level 5:colcon.colcon_core.verb:set package 'robot_description' build argument 'cmake_args' from command line to 'None'
[0.599s] Level 5:colcon.colcon_core.verb:set package 'robot_description' build argument 'cmake_target' from command line to 'None'
[0.599s] Level 5:colcon.colcon_core.verb:set package 'robot_description' build argument 'cmake_target_skip_unavailable' from command line to 'False'
[0.599s] Level 5:colcon.colcon_core.verb:set package 'robot_description' build argument 'cmake_clean_cache' from command line to 'False'
[0.599s] Level 5:colcon.colcon_core.verb:set package 'robot_description' build argument 'cmake_clean_first' from command line to 'False'
[0.599s] Level 5:colcon.colcon_core.verb:set package 'robot_description' build argument 'cmake_force_configure' from command line to 'False'
[0.599s] Level 5:colcon.colcon_core.verb:set package 'robot_description' build argument 'ament_cmake_args' from command line to 'None'
[0.599s] Level 5:colcon.colcon_core.verb:set package 'robot_description' build argument 'catkin_cmake_args' from command line to 'None'
[0.599s] Level 5:colcon.colcon_core.verb:set package 'robot_description' build argument 'catkin_skip_building_tests' from command line to 'False'
[0.599s] DEBUG:colcon.colcon_core.verb:Building package 'robot_description' with the following arguments: {'ament_cmake_args': None, 'build_base': '/home/user/workspace/pyrobot/moveit_docker_activate/build/robot_description', 'catkin_cmake_args': None, 'catkin_skip_building_tests': False, 'cmake_args': None, 'cmake_clean_cache': False, 'cmake_clean_first': False, 'cmake_force_configure': False, 'cmake_target': None, 'cmake_target_skip_unavailable': False, 'install_base': '/home/user/workspace/pyrobot/moveit_docker_activate/install/robot_description', 'merge_install': False, 'path': '/home/user/workspace/pyrobot/moveit_docker_activate/src/robot_description', 'symlink_install': False, 'test_result_base': None}
[0.599s] Level 5:colcon.colcon_core.verb:set package 'new_config' build argument 'cmake_args' from command line to 'None'
[0.599s] Level 5:colcon.colcon_core.verb:set package 'new_config' build argument 'cmake_target' from command line to 'None'
[0.599s] Level 5:colcon.colcon_core.verb:set package 'new_config' build argument 'cmake_target_skip_unavailable' from command line to 'False'
[0.599s] Level 5:colcon.colcon_core.verb:set package 'new_config' build argument 'cmake_clean_cache' from command line to 'False'
[0.599s] Level 5:colcon.colcon_core.verb:set package 'new_config' build argument 'cmake_clean_first' from command line to 'False'
[0.599s] Level 5:colcon.colcon_core.verb:set package 'new_config' build argument 'cmake_force_configure' from command line to 'False'
[0.599s] Level 5:colcon.colcon_core.verb:set package 'new_config' build argument 'ament_cmake_args' from command line to 'None'
[0.599s] Level 5:colcon.colcon_core.verb:set package 'new_config' build argument 'catkin_cmake_args' from command line to 'None'
[0.599s] Level 5:colcon.colcon_core.verb:set package 'new_config' build argument 'catkin_skip_building_tests' from command line to 'False'
[0.599s] DEBUG:colcon.colcon_core.verb:Building package 'new_config' with the following arguments: {'ament_cmake_args': None, 'build_base': '/home/user/workspace/pyrobot/moveit_docker_activate/build/new_config', 'catkin_cmake_args': None, 'catkin_skip_building_tests': False, 'cmake_args': None, 'cmake_clean_cache': False, 'cmake_clean_first': False, 'cmake_force_configure': False, 'cmake_target': None, 'cmake_target_skip_unavailable': False, 'install_base': '/home/user/workspace/pyrobot/moveit_docker_activate/install/new_config', 'merge_install': False, 'path': '/home/user/workspace/pyrobot/moveit_docker_activate/src/new_config', 'symlink_install': False, 'test_result_base': None}
[0.599s] INFO:colcon.colcon_core.executor:Executing jobs using 'parallel' executor
[0.600s] DEBUG:colcon.colcon_parallel_executor.executor.parallel:run_until_complete
[0.600s] INFO:colcon.colcon_ros.task.ament_python.build:Building ROS package in '/home/user/workspace/pyrobot/moveit_docker_activate/src/pros_car_py' with build type 'ament_python'
[0.600s] Level 1:colcon.colcon_core.shell:create_environment_hook('pros_car_py', 'ament_prefix_path')
[0.604s] INFO:colcon.colcon_core.plugin_system:Skipping extension 'colcon_core.shell.bat': Not used on non-Windows systems
[0.604s] INFO:colcon.colcon_core.shell:Creating environment hook '/home/user/workspace/pyrobot/moveit_docker_activate/install/pros_car_py/share/pros_car_py/hook/ament_prefix_path.ps1'
[0.605s] INFO:colcon.colcon_core.shell:Creating environment descriptor '/home/user/workspace/pyrobot/moveit_docker_activate/install/pros_car_py/share/pros_car_py/hook/ament_prefix_path.dsv'
[0.605s] INFO:colcon.colcon_core.shell:Creating environment hook '/home/user/workspace/pyrobot/moveit_docker_activate/install/pros_car_py/share/pros_car_py/hook/ament_prefix_path.sh'
[0.606s] INFO:colcon.colcon_core.shell:Skip shell extension 'powershell' for command environment: Not usable outside of PowerShell
[0.606s] DEBUG:colcon.colcon_core.shell:Skip shell extension 'dsv' for command environment
[0.610s] INFO:colcon.colcon_ros.task.ament_python.build:Building ROS package in '/home/user/workspace/pyrobot/moveit_docker_activate/src/robot_description' with build type 'ament_python'
[0.610s] Level 1:colcon.colcon_core.shell:create_environment_hook('robot_description', 'ament_prefix_path')
[0.610s] INFO:colcon.colcon_core.shell:Creating environment hook '/home/user/workspace/pyrobot/moveit_docker_activate/install/robot_description/share/robot_description/hook/ament_prefix_path.ps1'
[0.611s] INFO:colcon.colcon_core.shell:Creating environment descriptor '/home/user/workspace/pyrobot/moveit_docker_activate/install/robot_description/share/robot_description/hook/ament_prefix_path.dsv'
[0.611s] INFO:colcon.colcon_core.shell:Creating environment hook '/home/user/workspace/pyrobot/moveit_docker_activate/install/robot_description/share/robot_description/hook/ament_prefix_path.sh'
[0.613s] INFO:colcon.colcon_core.shell:Skip shell extension 'powershell' for command environment: Not usable outside of PowerShell
[0.613s] DEBUG:colcon.colcon_core.shell:Skip shell extension 'dsv' for command environment
[0.791s] INFO:colcon.colcon_core.task.python.build:Building Python package in '/home/user/workspace/pyrobot/moveit_docker_activate/src/pros_car_py'
[0.791s] INFO:colcon.colcon_core.shell:Skip shell extension 'powershell' for command environment: Not usable outside of PowerShell
[0.791s] DEBUG:colcon.colcon_core.shell:Skip shell extension 'dsv' for command environment
[0.957s] INFO:colcon.colcon_core.task.python.build:Building Python package in '/home/user/workspace/pyrobot/moveit_docker_activate/src/robot_description'
[0.958s] INFO:colcon.colcon_core.shell:Skip shell extension 'powershell' for command environment: Not usable outside of PowerShell
[0.958s] DEBUG:colcon.colcon_core.shell:Skip shell extension 'dsv' for command environment
[1.357s] DEBUG:colcon.colcon_core.event_handler.log_command:Invoking command in '/home/user/workspace/pyrobot/moveit_docker_activate/src/pros_car_py': PYTHONPATH=/home/user/workspace/pyrobot/moveit_docker_activate/build/pros_car_py/prefix_override:/usr/lib/python3/dist-packages/colcon_core/task/python/colcon_distutils_commands:/home/user/workspace/pyrobot/moveit_docker_activate/install/pros_car_py/lib/python3.10/site-packages:${PYTHONPATH} /usr/bin/python3 -W ignore:setup.py install is deprecated setup.py egg_info --egg-base ../../build/pros_car_py build --build-base /home/user/workspace/pyrobot/moveit_docker_activate/build/pros_car_py/build install --record /home/user/workspace/pyrobot/moveit_docker_activate/build/pros_car_py/install.log --single-version-externally-managed install_data
[1.359s] DEBUG:colcon.colcon_core.event_handler.log_command:Invoking command in '/home/user/workspace/pyrobot/moveit_docker_activate/src/robot_description': PYTHONPATH=/home/user/workspace/pyrobot/moveit_docker_activate/build/robot_description/prefix_override:/usr/lib/python3/dist-packages/colcon_core/task/python/colcon_distutils_commands:/home/user/workspace/pyrobot/moveit_docker_activate/install/robot_description/lib/python3.10/site-packages:${PYTHONPATH} /usr/bin/python3 -W ignore:setup.py install is deprecated setup.py egg_info --egg-base ../../build/robot_description build --build-base /home/user/workspace/pyrobot/moveit_docker_activate/build/robot_description/build install --record /home/user/workspace/pyrobot/moveit_docker_activate/build/robot_description/install.log --single-version-externally-managed install_data
[1.586s] DEBUG:colcon.colcon_core.event_handler.log_command:Invoked command in '/home/user/workspace/pyrobot/moveit_docker_activate/src/robot_description' returned '0': PYTHONPATH=/home/user/workspace/pyrobot/moveit_docker_activate/build/robot_description/prefix_override:/usr/lib/python3/dist-packages/colcon_core/task/python/colcon_distutils_commands:/home/user/workspace/pyrobot/moveit_docker_activate/install/robot_description/lib/python3.10/site-packages:${PYTHONPATH} /usr/bin/python3 -W ignore:setup.py install is deprecated setup.py egg_info --egg-base ../../build/robot_description build --build-base /home/user/workspace/pyrobot/moveit_docker_activate/build/robot_description/build install --record /home/user/workspace/pyrobot/moveit_docker_activate/build/robot_description/install.log --single-version-externally-managed install_data
[1.591s] Level 1:colcon.colcon_core.environment:checking '/home/user/workspace/pyrobot/moveit_docker_activate/install/robot_description' for CMake module files
[1.591s] Level 1:colcon.colcon_core.environment:checking '/home/user/workspace/pyrobot/moveit_docker_activate/install/robot_description' for CMake config files
[1.592s] Level 1:colcon.colcon_core.environment:checking '/home/user/workspace/pyrobot/moveit_docker_activate/install/robot_description/lib'
[1.592s] Level 1:colcon.colcon_core.environment:checking '/home/user/workspace/pyrobot/moveit_docker_activate/install/robot_description/bin'
[1.592s] Level 1:colcon.colcon_core.environment:checking '/home/user/workspace/pyrobot/moveit_docker_activate/install/robot_description/lib/pkgconfig/robot_description.pc'
[1.592s] Level 1:colcon.colcon_core.environment:checking '/home/user/workspace/pyrobot/moveit_docker_activate/install/robot_description/lib/python3.10/site-packages'
[1.592s] Level 1:colcon.colcon_core.shell:create_environment_hook('robot_description', 'pythonpath')
[1.592s] INFO:colcon.colcon_core.shell:Creating environment hook '/home/user/workspace/pyrobot/moveit_docker_activate/install/robot_description/share/robot_description/hook/pythonpath.ps1'
[1.593s] INFO:colcon.colcon_core.shell:Creating environment descriptor '/home/user/workspace/pyrobot/moveit_docker_activate/install/robot_description/share/robot_description/hook/pythonpath.dsv'
[1.593s] INFO:colcon.colcon_core.shell:Creating environment hook '/home/user/workspace/pyrobot/moveit_docker_activate/install/robot_description/share/robot_description/hook/pythonpath.sh'
[1.593s] Level 1:colcon.colcon_core.environment:checking '/home/user/workspace/pyrobot/moveit_docker_activate/install/robot_description/bin'
[1.593s] Level 1:colcon.colcon_core.environment:create_environment_scripts_only(robot_description)
[1.594s] INFO:colcon.colcon_core.shell:Creating package script '/home/user/workspace/pyrobot/moveit_docker_activate/install/robot_description/share/robot_description/package.ps1'
[1.594s] INFO:colcon.colcon_core.shell:Creating package descriptor '/home/user/workspace/pyrobot/moveit_docker_activate/install/robot_description/share/robot_description/package.dsv'
[1.595s] INFO:colcon.colcon_core.shell:Creating package script '/home/user/workspace/pyrobot/moveit_docker_activate/install/robot_description/share/robot_description/package.sh'
[1.596s] INFO:colcon.colcon_core.shell:Creating package script '/home/user/workspace/pyrobot/moveit_docker_activate/install/robot_description/share/robot_description/package.bash'
[1.597s] INFO:colcon.colcon_core.shell:Creating package script '/home/user/workspace/pyrobot/moveit_docker_activate/install/robot_description/share/robot_description/package.zsh'
[1.597s] Level 1:colcon.colcon_core.environment:create_file_with_runtime_dependencies(/home/user/workspace/pyrobot/moveit_docker_activate/install/robot_description/share/colcon-core/packages/robot_description)
[1.600s] Level 1:colcon.colcon_core.environment:checking '/home/user/workspace/pyrobot/moveit_docker_activate/install/pros_car_py' for CMake module files
[1.600s] DEBUG:colcon.colcon_core.event_handler.log_command:Invoked command in '/home/user/workspace/pyrobot/moveit_docker_activate/src/pros_car_py' returned '0': PYTHONPATH=/home/user/workspace/pyrobot/moveit_docker_activate/build/pros_car_py/prefix_override:/usr/lib/python3/dist-packages/colcon_core/task/python/colcon_distutils_commands:/home/user/workspace/pyrobot/moveit_docker_activate/install/pros_car_py/lib/python3.10/site-packages:${PYTHONPATH} /usr/bin/python3 -W ignore:setup.py install is deprecated setup.py egg_info --egg-base ../../build/pros_car_py build --build-base /home/user/workspace/pyrobot/moveit_docker_activate/build/pros_car_py/build install --record /home/user/workspace/pyrobot/moveit_docker_activate/build/pros_car_py/install.log --single-version-externally-managed install_data
[1.601s] Level 1:colcon.colcon_core.environment:checking '/home/user/workspace/pyrobot/moveit_docker_activate/install/pros_car_py' for CMake config files
[1.603s] Level 1:colcon.colcon_core.environment:checking '/home/user/workspace/pyrobot/moveit_docker_activate/install/pros_car_py/lib'
[1.603s] Level 1:colcon.colcon_core.environment:checking '/home/user/workspace/pyrobot/moveit_docker_activate/install/pros_car_py/bin'
[1.603s] Level 1:colcon.colcon_core.environment:checking '/home/user/workspace/pyrobot/moveit_docker_activate/install/pros_car_py/lib/pkgconfig/pros_car_py.pc'
[1.603s] Level 1:colcon.colcon_core.environment:checking '/home/user/workspace/pyrobot/moveit_docker_activate/install/pros_car_py/lib/python3.10/site-packages'
[1.603s] Level 1:colcon.colcon_core.shell:create_environment_hook('pros_car_py', 'pythonpath')
[1.603s] INFO:colcon.colcon_core.shell:Creating environment hook '/home/user/workspace/pyrobot/moveit_docker_activate/install/pros_car_py/share/pros_car_py/hook/pythonpath.ps1'
[1.604s] INFO:colcon.colcon_core.shell:Creating environment descriptor '/home/user/workspace/pyrobot/moveit_docker_activate/install/pros_car_py/share/pros_car_py/hook/pythonpath.dsv'
[1.604s] INFO:colcon.colcon_core.shell:Creating environment hook '/home/user/workspace/pyrobot/moveit_docker_activate/install/pros_car_py/share/pros_car_py/hook/pythonpath.sh'
[1.604s] Level 1:colcon.colcon_core.environment:checking '/home/user/workspace/pyrobot/moveit_docker_activate/install/pros_car_py/bin'
[1.604s] Level 1:colcon.colcon_core.environment:create_environment_scripts_only(pros_car_py)
[1.605s] INFO:colcon.colcon_core.shell:Creating package script '/home/user/workspace/pyrobot/moveit_docker_activate/install/pros_car_py/share/pros_car_py/package.ps1'
[1.605s] INFO:colcon.colcon_core.shell:Creating package descriptor '/home/user/workspace/pyrobot/moveit_docker_activate/install/pros_car_py/share/pros_car_py/package.dsv'
[1.605s] INFO:colcon.colcon_core.shell:Creating package script '/home/user/workspace/pyrobot/moveit_docker_activate/install/pros_car_py/share/pros_car_py/package.sh'
[1.605s] INFO:colcon.colcon_core.shell:Creating package script '/home/user/workspace/pyrobot/moveit_docker_activate/install/pros_car_py/share/pros_car_py/package.bash'
[1.606s] INFO:colcon.colcon_core.shell:Creating package script '/home/user/workspace/pyrobot/moveit_docker_activate/install/pros_car_py/share/pros_car_py/package.zsh'
[1.606s] Level 1:colcon.colcon_core.environment:create_file_with_runtime_dependencies(/home/user/workspace/pyrobot/moveit_docker_activate/install/pros_car_py/share/colcon-core/packages/pros_car_py)
[1.606s] INFO:colcon.colcon_ros.task.ament_cmake.build:Building ROS package in '/home/user/workspace/pyrobot/moveit_docker_activate/src/new_config' with build type 'ament_cmake'
[1.606s] INFO:colcon.colcon_cmake.task.cmake.build:Building CMake package in '/home/user/workspace/pyrobot/moveit_docker_activate/src/new_config'
[1.606s] INFO:colcon.colcon_core.shell:Skip shell extension 'powershell' for command environment: Not usable outside of PowerShell
[1.606s] DEBUG:colcon.colcon_core.shell:Skip shell extension 'dsv' for command environment
[1.666s] DEBUG:colcon.colcon_core.event_handler.log_command:Invoking command in '/home/user/workspace/pyrobot/moveit_docker_activate/build/new_config': CMAKE_PREFIX_PATH=${CMAKE_PREFIX_PATH}:/home/user/workspace/pyrobot/moveit_docker_activate/install/pros_car_py:/home/user/workspace/ws_moveit2/install/moveit_configs_utils:/home/user/workspace/ws_moveit2/install/launch_param_builder:/opt/ros/humble /usr/bin/cmake /home/user/workspace/pyrobot/moveit_docker_activate/src/new_config -DCMAKE_INSTALL_PREFIX=/home/user/workspace/pyrobot/moveit_docker_activate/install/new_config
[2.661s] DEBUG:colcon.colcon_core.event_handler.log_command:Invoked command in '/home/user/workspace/pyrobot/moveit_docker_activate/build/new_config' returned '0': CMAKE_PREFIX_PATH=${CMAKE_PREFIX_PATH}:/home/user/workspace/pyrobot/moveit_docker_activate/install/pros_car_py:/home/user/workspace/ws_moveit2/install/moveit_configs_utils:/home/user/workspace/ws_moveit2/install/launch_param_builder:/opt/ros/humble /usr/bin/cmake /home/user/workspace/pyrobot/moveit_docker_activate/src/new_config -DCMAKE_INSTALL_PREFIX=/home/user/workspace/pyrobot/moveit_docker_activate/install/new_config
[2.663s] DEBUG:colcon.colcon_core.event_handler.log_command:Invoking command in '/home/user/workspace/pyrobot/moveit_docker_activate/build/new_config': CMAKE_PREFIX_PATH=${CMAKE_PREFIX_PATH}:/home/user/workspace/pyrobot/moveit_docker_activate/install/pros_car_py:/home/user/workspace/ws_moveit2/install/moveit_configs_utils:/home/user/workspace/ws_moveit2/install/launch_param_builder:/opt/ros/humble /usr/bin/cmake --build /home/user/workspace/pyrobot/moveit_docker_activate/build/new_config -- -j16 -l16
[2.687s] DEBUG:colcon.colcon_core.event_handler.log_command:Invoked command in '/home/user/workspace/pyrobot/moveit_docker_activate/build/new_config' returned '0': CMAKE_PREFIX_PATH=${CMAKE_PREFIX_PATH}:/home/user/workspace/pyrobot/moveit_docker_activate/install/pros_car_py:/home/user/workspace/ws_moveit2/install/moveit_configs_utils:/home/user/workspace/ws_moveit2/install/launch_param_builder:/opt/ros/humble /usr/bin/cmake --build /home/user/workspace/pyrobot/moveit_docker_activate/build/new_config -- -j16 -l16
[2.711s] DEBUG:colcon.colcon_core.event_handler.log_command:Invoking command in '/home/user/workspace/pyrobot/moveit_docker_activate/build/new_config': CMAKE_PREFIX_PATH=${CMAKE_PREFIX_PATH}:/home/user/workspace/pyrobot/moveit_docker_activate/install/pros_car_py:/home/user/workspace/ws_moveit2/install/moveit_configs_utils:/home/user/workspace/ws_moveit2/install/launch_param_builder:/opt/ros/humble /usr/bin/cmake --install /home/user/workspace/pyrobot/moveit_docker_activate/build/new_config
[2.723s] Level 1:colcon.colcon_core.environment:create_environment_scripts_only(new_config)
[2.723s] Level 1:colcon.colcon_core.environment:checking '/home/user/workspace/pyrobot/moveit_docker_activate/install/new_config' for CMake module files
[2.724s] DEBUG:colcon.colcon_core.event_handler.log_command:Invoked command in '/home/user/workspace/pyrobot/moveit_docker_activate/build/new_config' returned '0': CMAKE_PREFIX_PATH=${CMAKE_PREFIX_PATH}:/home/user/workspace/pyrobot/moveit_docker_activate/install/pros_car_py:/home/user/workspace/ws_moveit2/install/moveit_configs_utils:/home/user/workspace/ws_moveit2/install/launch_param_builder:/opt/ros/humble /usr/bin/cmake --install /home/user/workspace/pyrobot/moveit_docker_activate/build/new_config
[2.724s] Level 1:colcon.colcon_core.environment:checking '/home/user/workspace/pyrobot/moveit_docker_activate/install/new_config' for CMake config files
[2.724s] Level 1:colcon.colcon_core.shell:create_environment_hook('new_config', 'cmake_prefix_path')
[2.724s] INFO:colcon.colcon_core.shell:Creating environment hook '/home/user/workspace/pyrobot/moveit_docker_activate/install/new_config/share/new_config/hook/cmake_prefix_path.ps1'
[2.725s] INFO:colcon.colcon_core.shell:Creating environment descriptor '/home/user/workspace/pyrobot/moveit_docker_activate/install/new_config/share/new_config/hook/cmake_prefix_path.dsv'
[2.725s] INFO:colcon.colcon_core.shell:Creating environment hook '/home/user/workspace/pyrobot/moveit_docker_activate/install/new_config/share/new_config/hook/cmake_prefix_path.sh'
[2.725s] Level 1:colcon.colcon_core.environment:checking '/home/user/workspace/pyrobot/moveit_docker_activate/install/new_config/bin'
[2.725s] Level 1:colcon.colcon_core.environment:checking '/home/user/workspace/pyrobot/moveit_docker_activate/install/new_config/lib/pkgconfig/new_config.pc'
[2.726s] Level 1:colcon.colcon_core.environment:checking '/home/user/workspace/pyrobot/moveit_docker_activate/install/new_config/lib/python3.10/site-packages'
[2.726s] Level 1:colcon.colcon_core.environment:checking '/home/user/workspace/pyrobot/moveit_docker_activate/install/new_config/bin'
[2.726s] INFO:colcon.colcon_core.shell:Creating package script '/home/user/workspace/pyrobot/moveit_docker_activate/install/new_config/share/new_config/package.ps1'
[2.726s] INFO:colcon.colcon_core.shell:Creating package descriptor '/home/user/workspace/pyrobot/moveit_docker_activate/install/new_config/share/new_config/package.dsv'
[2.726s] INFO:colcon.colcon_core.shell:Creating package script '/home/user/workspace/pyrobot/moveit_docker_activate/install/new_config/share/new_config/package.sh'
[2.727s] INFO:colcon.colcon_core.shell:Creating package script '/home/user/workspace/pyrobot/moveit_docker_activate/install/new_config/share/new_config/package.bash'
[2.727s] INFO:colcon.colcon_core.shell:Creating package script '/home/user/workspace/pyrobot/moveit_docker_activate/install/new_config/share/new_config/package.zsh'
[2.727s] Level 1:colcon.colcon_core.environment:create_file_with_runtime_dependencies(/home/user/workspace/pyrobot/moveit_docker_activate/install/new_config/share/colcon-core/packages/new_config)
[2.745s] Level 1:colcon.colcon_core.environment:create_environment_scripts_only(new_config)
[2.746s] Level 1:colcon.colcon_core.environment:checking '/home/user/workspace/pyrobot/moveit_docker_activate/install/new_config' for CMake module files
[2.746s] Level 1:colcon.colcon_core.environment:checking '/home/user/workspace/pyrobot/moveit_docker_activate/install/new_config' for CMake config files
[2.746s] Level 1:colcon.colcon_core.shell:create_environment_hook('new_config', 'cmake_prefix_path')
[2.746s] INFO:colcon.colcon_core.shell:Creating environment hook '/home/user/workspace/pyrobot/moveit_docker_activate/install/new_config/share/new_config/hook/cmake_prefix_path.ps1'
[2.746s] INFO:colcon.colcon_core.shell:Creating environment descriptor '/home/user/workspace/pyrobot/moveit_docker_activate/install/new_config/share/new_config/hook/cmake_prefix_path.dsv'
[2.747s] INFO:colcon.colcon_core.shell:Creating environment hook '/home/user/workspace/pyrobot/moveit_docker_activate/install/new_config/share/new_config/hook/cmake_prefix_path.sh'
[2.747s] Level 1:colcon.colcon_core.environment:checking '/home/user/workspace/pyrobot/moveit_docker_activate/install/new_config/bin'
[2.747s] Level 1:colcon.colcon_core.environment:checking '/home/user/workspace/pyrobot/moveit_docker_activate/install/new_config/lib/pkgconfig/new_config.pc'
[2.747s] Level 1:colcon.colcon_core.environment:checking '/home/user/workspace/pyrobot/moveit_docker_activate/install/new_config/lib/python3.10/site-packages'
[2.747s] Level 1:colcon.colcon_core.environment:checking '/home/user/workspace/pyrobot/moveit_docker_activate/install/new_config/bin'
[2.747s] INFO:colcon.colcon_core.shell:Creating package script '/home/user/workspace/pyrobot/moveit_docker_activate/install/new_config/share/new_config/package.ps1'
[2.748s] INFO:colcon.colcon_core.shell:Creating package descriptor '/home/user/workspace/pyrobot/moveit_docker_activate/install/new_config/share/new_config/package.dsv'
[2.748s] INFO:colcon.colcon_core.shell:Creating package script '/home/user/workspace/pyrobot/moveit_docker_activate/install/new_config/share/new_config/package.sh'
[2.748s] INFO:colcon.colcon_core.shell:Creating package script '/home/user/workspace/pyrobot/moveit_docker_activate/install/new_config/share/new_config/package.bash'
[2.748s] INFO:colcon.colcon_core.shell:Creating package script '/home/user/workspace/pyrobot/moveit_docker_activate/install/new_config/share/new_config/package.zsh'
[2.749s] Level 1:colcon.colcon_core.environment:create_file_with_runtime_dependencies(/home/user/workspace/pyrobot/moveit_docker_activate/install/new_config/share/colcon-core/packages/new_config)
[2.749s] DEBUG:colcon.colcon_parallel_executor.executor.parallel:closing loop
[2.749s] DEBUG:colcon.colcon_parallel_executor.executor.parallel:loop closed
[2.749s] DEBUG:colcon.colcon_parallel_executor.executor.parallel:run_until_complete finished with '0'
[2.749s] DEBUG:colcon.colcon_core.event_reactor:joining thread
[2.777s] INFO:colcon.colcon_core.plugin_system:Skipping extension 'colcon_notification.desktop_notification.notify_send': Could not find 'notify-send'
[2.777s] INFO:colcon.colcon_core.plugin_system:Skipping extension 'colcon_notification.desktop_notification.terminal_notifier': Not used on non-Darwin systems
[2.777s] INFO:colcon.colcon_core.plugin_system:Skipping extension 'colcon_notification.desktop_notification.win32': Not used on non-Windows systems
[2.777s] INFO:colcon.colcon_notification.desktop_notification:Sending desktop notification using 'notify2'
[2.778s] DEBUG:colcon.colcon_notification.desktop_notification.notify2:Failed to initialize notify2: org.freedesktop.DBus.Error.FileNotFound: Failed to connect to socket /run/user/1000/bus: No such file or directory
[2.778s] DEBUG:colcon.colcon_core.event_reactor:joined thread
[2.778s] INFO:colcon.colcon_core.shell:Creating prefix script '/home/user/workspace/pyrobot/moveit_docker_activate/install/local_setup.ps1'
[2.779s] INFO:colcon.colcon_core.shell:Creating prefix util module '/home/user/workspace/pyrobot/moveit_docker_activate/install/_local_setup_util_ps1.py'
[2.780s] INFO:colcon.colcon_core.shell:Creating prefix chain script '/home/user/workspace/pyrobot/moveit_docker_activate/install/setup.ps1'
[2.782s] INFO:colcon.colcon_core.shell:Creating prefix script '/home/user/workspace/pyrobot/moveit_docker_activate/install/local_setup.sh'
[2.782s] INFO:colcon.colcon_core.shell:Creating prefix util module '/home/user/workspace/pyrobot/moveit_docker_activate/install/_local_setup_util_sh.py'
[2.783s] INFO:colcon.colcon_core.shell:Creating prefix chain script '/home/user/workspace/pyrobot/moveit_docker_activate/install/setup.sh'
[2.785s] INFO:colcon.colcon_core.shell:Creating prefix script '/home/user/workspace/pyrobot/moveit_docker_activate/install/local_setup.bash'
[2.785s] INFO:colcon.colcon_core.shell:Creating prefix chain script '/home/user/workspace/pyrobot/moveit_docker_activate/install/setup.bash'
[2.787s] INFO:colcon.colcon_core.shell:Creating prefix script '/home/user/workspace/pyrobot/moveit_docker_activate/install/local_setup.zsh'
[2.787s] INFO:colcon.colcon_core.shell:Creating prefix chain script '/home/user/workspace/pyrobot/moveit_docker_activate/install/setup.zsh'
