[ 50%] [32mBuilding CXX object CMakeFiles/ik_solver.dir/src/ik_solver.cpp.o[0m
[100%] [32m[1mLinking CXX executable ik_solver[0m
[100%] Built target ik_solver
-- Install configuration: ""
-- Installing: /home/user/workspace/pyrobot/moveit_docker_activate/install/moveit2_robot_arm_control/lib/moveit2_robot_arm_control/ik_solver
-- Set runtime path of "/home/user/workspace/pyrobot/moveit_docker_activate/install/moveit2_robot_arm_control/lib/moveit2_robot_arm_control/ik_solver" to ""
-- Installing: /home/user/workspace/pyrobot/moveit_docker_activate/install/moveit2_robot_arm_control/share/moveit2_robot_arm_control/launch
-- Installing: /home/user/workspace/pyrobot/moveit_docker_activate/install/moveit2_robot_arm_control/share/moveit2_robot_arm_control/launch/ik_solver.launch.py
-- Installing: /home/user/workspace/pyrobot/moveit_docker_activate/install/moveit2_robot_arm_control/share/ament_index/resource_index/package_run_dependencies/moveit2_robot_arm_control
-- Installing: /home/user/workspace/pyrobot/moveit_docker_activate/install/moveit2_robot_arm_control/share/ament_index/resource_index/parent_prefix_path/moveit2_robot_arm_control
-- Installing: /home/user/workspace/pyrobot/moveit_docker_activate/install/moveit2_robot_arm_control/share/moveit2_robot_arm_control/environment/ament_prefix_path.sh
-- Installing: /home/user/workspace/pyrobot/moveit_docker_activate/install/moveit2_robot_arm_control/share/moveit2_robot_arm_control/environment/ament_prefix_path.dsv
-- Installing: /home/user/workspace/pyrobot/moveit_docker_activate/install/moveit2_robot_arm_control/share/moveit2_robot_arm_control/environment/path.sh
-- Installing: /home/user/workspace/pyrobot/moveit_docker_activate/install/moveit2_robot_arm_control/share/moveit2_robot_arm_control/environment/path.dsv
-- Installing: /home/user/workspace/pyrobot/moveit_docker_activate/install/moveit2_robot_arm_control/share/moveit2_robot_arm_control/local_setup.bash
-- Installing: /home/user/workspace/pyrobot/moveit_docker_activate/install/moveit2_robot_arm_control/share/moveit2_robot_arm_control/local_setup.sh
-- Installing: /home/user/workspace/pyrobot/moveit_docker_activate/install/moveit2_robot_arm_control/share/moveit2_robot_arm_control/local_setup.zsh
-- Installing: /home/user/workspace/pyrobot/moveit_docker_activate/install/moveit2_robot_arm_control/share/moveit2_robot_arm_control/local_setup.dsv
-- Installing: /home/user/workspace/pyrobot/moveit_docker_activate/install/moveit2_robot_arm_control/share/moveit2_robot_arm_control/package.dsv
-- Installing: /home/user/workspace/pyrobot/moveit_docker_activate/install/moveit2_robot_arm_control/share/ament_index/resource_index/packages/moveit2_robot_arm_control
-- Installing: /home/user/workspace/pyrobot/moveit_docker_activate/install/moveit2_robot_arm_control/share/moveit2_robot_arm_control/cmake/moveit2_robot_arm_controlConfig.cmake
-- Installing: /home/user/workspace/pyrobot/moveit_docker_activate/install/moveit2_robot_arm_control/share/moveit2_robot_arm_control/cmake/moveit2_robot_arm_controlConfig-version.cmake
-- Installing: /home/user/workspace/pyrobot/moveit_docker_activate/install/moveit2_robot_arm_control/share/moveit2_robot_arm_control/package.xml
