[0.192s] Invoking command in '/home/user/workspace/pyrobot/moveit_ws/build/hello_moveit': CMAKE_PREFIX_PATH=${CMAKE_PREFIX_PATH}:/home/user/workspace/pyrobot/moveit_ws/install/pros_car_py:/home/user/workspace/pyrobot/moveit2_ws/install/generate_parameter_module_example:/home/user/workspace/pyrobot/moveit2_ws/install/moveit_configs_utils:/home/user/workspace/pyrobot/moveit2_ws/install/generate_parameter_library_py:/home/user/workspace/ws_moveit2/install/moveit_configs_utils:/home/user/workspace/ws_moveit2/install/launch_param_builder:/opt/ros/humble /usr/bin/cmake --build /home/user/workspace/pyrobot/moveit_ws/build/hello_moveit -- -j16 -l16
[0.289s] [ 50%] [32m[1mLinking CXX executable hello_moveit[0m
[0.737s] [100%] Built target hello_moveit
[0.745s] Invoked command in '/home/user/workspace/pyrobot/moveit_ws/build/hello_moveit' returned '0': CMAKE_PREFIX_PATH=${CMAKE_PREFIX_PATH}:/home/user/workspace/pyrobot/moveit_ws/install/pros_car_py:/home/user/workspace/pyrobot/moveit2_ws/install/generate_parameter_module_example:/home/user/workspace/pyrobot/moveit2_ws/install/moveit_configs_utils:/home/user/workspace/pyrobot/moveit2_ws/install/generate_parameter_library_py:/home/user/workspace/ws_moveit2/install/moveit_configs_utils:/home/user/workspace/ws_moveit2/install/launch_param_builder:/opt/ros/humble /usr/bin/cmake --build /home/user/workspace/pyrobot/moveit_ws/build/hello_moveit -- -j16 -l16
[0.775s] Invoking command in '/home/user/workspace/pyrobot/moveit_ws/build/hello_moveit': CMAKE_PREFIX_PATH=${CMAKE_PREFIX_PATH}:/home/user/workspace/pyrobot/moveit_ws/install/pros_car_py:/home/user/workspace/pyrobot/moveit2_ws/install/generate_parameter_module_example:/home/user/workspace/pyrobot/moveit2_ws/install/moveit_configs_utils:/home/user/workspace/pyrobot/moveit2_ws/install/generate_parameter_library_py:/home/user/workspace/ws_moveit2/install/moveit_configs_utils:/home/user/workspace/ws_moveit2/install/launch_param_builder:/opt/ros/humble /usr/bin/cmake --install /home/user/workspace/pyrobot/moveit_ws/build/hello_moveit
[0.780s] -- Install configuration: ""
[0.781s] -- Execute custom install script
[0.781s] -- Up-to-date symlink: /home/user/workspace/pyrobot/moveit_ws/install/hello_moveit/lib/hello_moveit/hello_moveit
[0.781s] -- Up-to-date symlink: /home/user/workspace/pyrobot/moveit_ws/install/hello_moveit/share/ament_index/resource_index/package_run_dependencies/hello_moveit
[0.782s] -- Up-to-date symlink: /home/user/workspace/pyrobot/moveit_ws/install/hello_moveit/share/ament_index/resource_index/parent_prefix_path/hello_moveit
[0.782s] -- Up-to-date symlink: /home/user/workspace/pyrobot/moveit_ws/install/hello_moveit/share/hello_moveit/environment/ament_prefix_path.sh
[0.782s] -- Up-to-date symlink: /home/user/workspace/pyrobot/moveit_ws/install/hello_moveit/share/hello_moveit/environment/ament_prefix_path.dsv
[0.782s] -- Up-to-date symlink: /home/user/workspace/pyrobot/moveit_ws/install/hello_moveit/share/hello_moveit/environment/path.sh
[0.782s] -- Up-to-date symlink: /home/user/workspace/pyrobot/moveit_ws/install/hello_moveit/share/hello_moveit/environment/path.dsv
[0.782s] -- Up-to-date symlink: /home/user/workspace/pyrobot/moveit_ws/install/hello_moveit/share/hello_moveit/local_setup.bash
[0.782s] -- Up-to-date symlink: /home/user/workspace/pyrobot/moveit_ws/install/hello_moveit/share/hello_moveit/local_setup.sh
[0.783s] -- Up-to-date symlink: /home/user/workspace/pyrobot/moveit_ws/install/hello_moveit/share/hello_moveit/local_setup.zsh
[0.783s] -- Up-to-date symlink: /home/user/workspace/pyrobot/moveit_ws/install/hello_moveit/share/hello_moveit/local_setup.dsv
[0.783s] -- Symlinking: /home/user/workspace/pyrobot/moveit_ws/install/hello_moveit/share/hello_moveit/package.dsv
[0.790s] -- Up-to-date symlink: /home/user/workspace/pyrobot/moveit_ws/install/hello_moveit/share/ament_index/resource_index/packages/hello_moveit
[0.790s] -- Up-to-date symlink: /home/user/workspace/pyrobot/moveit_ws/install/hello_moveit/share/hello_moveit/cmake/hello_moveitConfig.cmake
[0.790s] -- Up-to-date symlink: /home/user/workspace/pyrobot/moveit_ws/install/hello_moveit/share/hello_moveit/cmake/hello_moveitConfig-version.cmake
[0.790s] -- Up-to-date symlink: /home/user/workspace/pyrobot/moveit_ws/install/hello_moveit/share/hello_moveit/package.xml
[0.791s] Invoked command in '/home/user/workspace/pyrobot/moveit_ws/build/hello_moveit' returned '0': CMAKE_PREFIX_PATH=${CMAKE_PREFIX_PATH}:/home/user/workspace/pyrobot/moveit_ws/install/pros_car_py:/home/user/workspace/pyrobot/moveit2_ws/install/generate_parameter_module_example:/home/user/workspace/pyrobot/moveit2_ws/install/moveit_configs_utils:/home/user/workspace/pyrobot/moveit2_ws/install/generate_parameter_library_py:/home/user/workspace/ws_moveit2/install/moveit_configs_utils:/home/user/workspace/ws_moveit2/install/launch_param_builder:/opt/ros/humble /usr/bin/cmake --install /home/user/workspace/pyrobot/moveit_ws/build/hello_moveit
