[0.181s] DEBUG:colcon:Command line arguments: ['/usr/bin/colcon', 'build']
[0.181s] DEBUG:colcon:Parsed command line arguments: Namespace(log_base=None, log_level=None, verb_name='build', build_base='build', install_base='install', merge_install=False, symlink_install=False, test_result_base=None, continue_on_error=False, executor='parallel', parallel_workers=16, event_handlers=None, ignore_user_meta=False, metas=['./colcon.meta'], base_paths=['.'], packages_ignore=None, packages_ignore_regex=None, paths=None, packages_up_to=None, packages_up_to_regex=None, packages_above=None, packages_above_and_dependencies=None, packages_above_depth=None, packages_select_by_dep=None, packages_skip_by_dep=None, packages_skip_up_to=None, packages_select_build_failed=False, packages_skip_build_finished=False, packages_select_test_failures=False, packages_skip_test_passed=False, packages_select=None, packages_skip=None, packages_select_regex=None, packages_skip_regex=None, packages_start=None, packages_end=None, allow_overriding=[], cmake_args=None, cmake_target=None, cmake_target_skip_unavailable=False, cmake_clean_cache=False, cmake_clean_first=False, cmake_force_configure=False, ament_cmake_args=None, catkin_cmake_args=None, catkin_skip_building_tests=False, mixin_files=None, mixin=None, verb_parser=<colcon_mixin.mixin.mixin_argument.MixinArgumentDecorator object at 0x7fa7843c09d0>, verb_extension=<colcon_core.verb.build.BuildVerb object at 0x7fa784545000>, main=<bound method BuildVerb.main of <colcon_core.verb.build.BuildVerb object at 0x7fa784545000>>, mixin_verb=('build',))
[0.479s] Level 1:colcon.colcon_core.package_discovery:discover_packages(colcon_meta) check parameters
[0.479s] Level 1:colcon.colcon_core.package_discovery:discover_packages(recursive) check parameters
[0.479s] Level 1:colcon.colcon_core.package_discovery:discover_packages(ignore) check parameters
[0.479s] Level 1:colcon.colcon_core.package_discovery:discover_packages(path) check parameters
[0.479s] Level 1:colcon.colcon_core.package_discovery:discover_packages(colcon_meta) discover
[0.479s] Level 1:colcon.colcon_core.package_discovery:discover_packages(recursive) discover
[0.479s] INFO:colcon.colcon_core.package_discovery:Crawling recursively for packages in '/home/user/workspace/pyrobot/moveit_docker_activate'
[0.480s] Level 1:colcon.colcon_core.package_identification:_identify(.) by extensions ['ignore', 'ignore_ament_install']
[0.480s] Level 1:colcon.colcon_core.package_identification:_identify(.) by extension 'ignore'
[0.480s] Level 1:colcon.colcon_core.package_identification:_identify(.) by extension 'ignore_ament_install'
[0.480s] Level 1:colcon.colcon_core.package_identification:_identify(.) by extensions ['colcon_pkg']
[0.480s] Level 1:colcon.colcon_core.package_identification:_identify(.) by extension 'colcon_pkg'
[0.480s] Level 1:colcon.colcon_core.package_identification:_identify(.) by extensions ['colcon_meta']
[0.480s] Level 1:colcon.colcon_core.package_identification:_identify(.) by extension 'colcon_meta'
[0.480s] Level 1:colcon.colcon_core.package_identification:_identify(.) by extensions ['ros']
[0.480s] Level 1:colcon.colcon_core.package_identification:_identify(.) by extension 'ros'
[0.490s] Level 1:colcon.colcon_core.package_identification:_identify(.) by extensions ['cmake', 'python']
[0.490s] Level 1:colcon.colcon_core.package_identification:_identify(.) by extension 'cmake'
[0.490s] Level 1:colcon.colcon_core.package_identification:_identify(.) by extension 'python'
[0.490s] Level 1:colcon.colcon_core.package_identification:_identify(.) by extensions ['python_setup_py']
[0.490s] Level 1:colcon.colcon_core.package_identification:_identify(.) by extension 'python_setup_py'
[0.490s] Level 1:colcon.colcon_core.package_identification:_identify(build) by extensions ['ignore', 'ignore_ament_install']
[0.490s] Level 1:colcon.colcon_core.package_identification:_identify(build) by extension 'ignore'
[0.490s] Level 1:colcon.colcon_core.package_identification:_identify(build) ignored
[0.490s] Level 1:colcon.colcon_core.package_identification:_identify(install) by extensions ['ignore', 'ignore_ament_install']
[0.490s] Level 1:colcon.colcon_core.package_identification:_identify(install) by extension 'ignore'
[0.490s] Level 1:colcon.colcon_core.package_identification:_identify(install) ignored
[0.491s] Level 1:colcon.colcon_core.package_identification:_identify(log) by extensions ['ignore', 'ignore_ament_install']
[0.491s] Level 1:colcon.colcon_core.package_identification:_identify(log) by extension 'ignore'
[0.491s] Level 1:colcon.colcon_core.package_identification:_identify(log) ignored
[0.491s] Level 1:colcon.colcon_core.package_identification:_identify(src) by extensions ['ignore', 'ignore_ament_install']
[0.491s] Level 1:colcon.colcon_core.package_identification:_identify(src) by extension 'ignore'
[0.491s] Level 1:colcon.colcon_core.package_identification:_identify(src) by extension 'ignore_ament_install'
[0.491s] Level 1:colcon.colcon_core.package_identification:_identify(src) by extensions ['colcon_pkg']
[0.491s] Level 1:colcon.colcon_core.package_identification:_identify(src) by extension 'colcon_pkg'
[0.491s] Level 1:colcon.colcon_core.package_identification:_identify(src) by extensions ['colcon_meta']
[0.491s] Level 1:colcon.colcon_core.package_identification:_identify(src) by extension 'colcon_meta'
[0.491s] Level 1:colcon.colcon_core.package_identification:_identify(src) by extensions ['ros']
[0.491s] Level 1:colcon.colcon_core.package_identification:_identify(src) by extension 'ros'
[0.491s] Level 1:colcon.colcon_core.package_identification:_identify(src) by extensions ['cmake', 'python']
[0.491s] Level 1:colcon.colcon_core.package_identification:_identify(src) by extension 'cmake'
[0.491s] Level 1:colcon.colcon_core.package_identification:_identify(src) by extension 'python'
[0.491s] Level 1:colcon.colcon_core.package_identification:_identify(src) by extensions ['python_setup_py']
[0.491s] Level 1:colcon.colcon_core.package_identification:_identify(src) by extension 'python_setup_py'
[0.491s] Level 1:colcon.colcon_core.package_identification:_identify(src/moveit2_robot_arm_control) by extensions ['ignore', 'ignore_ament_install']
[0.491s] Level 1:colcon.colcon_core.package_identification:_identify(src/moveit2_robot_arm_control) by extension 'ignore'
[0.491s] Level 1:colcon.colcon_core.package_identification:_identify(src/moveit2_robot_arm_control) by extension 'ignore_ament_install'
[0.491s] Level 1:colcon.colcon_core.package_identification:_identify(src/moveit2_robot_arm_control) by extensions ['colcon_pkg']
[0.491s] Level 1:colcon.colcon_core.package_identification:_identify(src/moveit2_robot_arm_control) by extension 'colcon_pkg'
[0.491s] Level 1:colcon.colcon_core.package_identification:_identify(src/moveit2_robot_arm_control) by extensions ['colcon_meta']
[0.491s] Level 1:colcon.colcon_core.package_identification:_identify(src/moveit2_robot_arm_control) by extension 'colcon_meta'
[0.491s] Level 1:colcon.colcon_core.package_identification:_identify(src/moveit2_robot_arm_control) by extensions ['ros']
[0.491s] Level 1:colcon.colcon_core.package_identification:_identify(src/moveit2_robot_arm_control) by extension 'ros'
[0.501s] DEBUG:colcon.colcon_core.package_identification:Package 'src/moveit2_robot_arm_control' with type 'ros.ament_cmake' and name 'moveit2_robot_arm_control'
[0.501s] Level 1:colcon.colcon_core.package_identification:_identify(src/new_config) by extensions ['ignore', 'ignore_ament_install']
[0.501s] Level 1:colcon.colcon_core.package_identification:_identify(src/new_config) by extension 'ignore'
[0.501s] Level 1:colcon.colcon_core.package_identification:_identify(src/new_config) by extension 'ignore_ament_install'
[0.501s] Level 1:colcon.colcon_core.package_identification:_identify(src/new_config) by extensions ['colcon_pkg']
[0.501s] Level 1:colcon.colcon_core.package_identification:_identify(src/new_config) by extension 'colcon_pkg'
[0.501s] Level 1:colcon.colcon_core.package_identification:_identify(src/new_config) by extensions ['colcon_meta']
[0.501s] Level 1:colcon.colcon_core.package_identification:_identify(src/new_config) by extension 'colcon_meta'
[0.501s] Level 1:colcon.colcon_core.package_identification:_identify(src/new_config) by extensions ['ros']
[0.501s] Level 1:colcon.colcon_core.package_identification:_identify(src/new_config) by extension 'ros'
[0.502s] DEBUG:colcon.colcon_core.package_identification:Package 'src/new_config' with type 'ros.ament_cmake' and name 'new_config'
[0.502s] Level 1:colcon.colcon_core.package_identification:_identify(src/new_config2) by extensions ['ignore', 'ignore_ament_install']
[0.502s] Level 1:colcon.colcon_core.package_identification:_identify(src/new_config2) by extension 'ignore'
[0.502s] Level 1:colcon.colcon_core.package_identification:_identify(src/new_config2) by extension 'ignore_ament_install'
[0.502s] Level 1:colcon.colcon_core.package_identification:_identify(src/new_config2) by extensions ['colcon_pkg']
[0.502s] Level 1:colcon.colcon_core.package_identification:_identify(src/new_config2) by extension 'colcon_pkg'
[0.502s] Level 1:colcon.colcon_core.package_identification:_identify(src/new_config2) by extensions ['colcon_meta']
[0.502s] Level 1:colcon.colcon_core.package_identification:_identify(src/new_config2) by extension 'colcon_meta'
[0.502s] Level 1:colcon.colcon_core.package_identification:_identify(src/new_config2) by extensions ['ros']
[0.502s] Level 1:colcon.colcon_core.package_identification:_identify(src/new_config2) by extension 'ros'
[0.503s] DEBUG:colcon.colcon_core.package_identification:Package 'src/new_config2' with type 'ros.ament_cmake' and name 'new_config2'
[0.503s] Level 1:colcon.colcon_core.package_identification:_identify(src/robot_arm_interfaces) by extensions ['ignore', 'ignore_ament_install']
[0.503s] Level 1:colcon.colcon_core.package_identification:_identify(src/robot_arm_interfaces) by extension 'ignore'
[0.503s] Level 1:colcon.colcon_core.package_identification:_identify(src/robot_arm_interfaces) by extension 'ignore_ament_install'
[0.503s] Level 1:colcon.colcon_core.package_identification:_identify(src/robot_arm_interfaces) by extensions ['colcon_pkg']
[0.503s] Level 1:colcon.colcon_core.package_identification:_identify(src/robot_arm_interfaces) by extension 'colcon_pkg'
[0.503s] Level 1:colcon.colcon_core.package_identification:_identify(src/robot_arm_interfaces) by extensions ['colcon_meta']
[0.503s] Level 1:colcon.colcon_core.package_identification:_identify(src/robot_arm_interfaces) by extension 'colcon_meta'
[0.503s] Level 1:colcon.colcon_core.package_identification:_identify(src/robot_arm_interfaces) by extensions ['ros']
[0.503s] Level 1:colcon.colcon_core.package_identification:_identify(src/robot_arm_interfaces) by extension 'ros'
[0.503s] DEBUG:colcon.colcon_core.package_identification:Package 'src/robot_arm_interfaces' with type 'ros.ament_cmake' and name 'robot_arm_interfaces'
[0.503s] Level 1:colcon.colcon_core.package_identification:_identify(src/robot_description) by extensions ['ignore', 'ignore_ament_install']
[0.503s] Level 1:colcon.colcon_core.package_identification:_identify(src/robot_description) by extension 'ignore'
[0.503s] Level 1:colcon.colcon_core.package_identification:_identify(src/robot_description) by extension 'ignore_ament_install'
[0.503s] Level 1:colcon.colcon_core.package_identification:_identify(src/robot_description) by extensions ['colcon_pkg']
[0.503s] Level 1:colcon.colcon_core.package_identification:_identify(src/robot_description) by extension 'colcon_pkg'
[0.503s] Level 1:colcon.colcon_core.package_identification:_identify(src/robot_description) by extensions ['colcon_meta']
[0.503s] Level 1:colcon.colcon_core.package_identification:_identify(src/robot_description) by extension 'colcon_meta'
[0.503s] Level 1:colcon.colcon_core.package_identification:_identify(src/robot_description) by extensions ['ros']
[0.503s] Level 1:colcon.colcon_core.package_identification:_identify(src/robot_description) by extension 'ros'
[0.504s] DEBUG:colcon.colcon_core.package_identification:Package 'src/robot_description' with type 'ros.ament_python' and name 'robot_description'
[0.504s] Level 1:colcon.colcon_core.package_discovery:discover_packages(recursive) using defaults
[0.504s] Level 1:colcon.colcon_core.package_discovery:discover_packages(ignore) discover
[0.504s] Level 1:colcon.colcon_core.package_discovery:discover_packages(ignore) using defaults
[0.504s] Level 1:colcon.colcon_core.package_discovery:discover_packages(path) discover
[0.504s] Level 1:colcon.colcon_core.package_discovery:discover_packages(path) using defaults
[0.552s] Level 1:colcon.colcon_core.package_discovery:discover_packages(prefix_path) check parameters
[0.552s] Level 1:colcon.colcon_core.package_discovery:discover_packages(prefix_path) discover
[0.566s] DEBUG:colcon.colcon_installed_package_information.package_discovery:Found 7 installed packages in /home/user/workspace/pyrobot/moveit_docker_activate/install
[0.568s] DEBUG:colcon.colcon_installed_package_information.package_discovery:Found 55 installed packages in /home/user/workspace/ws_moveit2/install
[0.570s] DEBUG:colcon.colcon_installed_package_information.package_discovery:Found 368 installed packages in /opt/ros/humble
[0.573s] Level 1:colcon.colcon_core.package_discovery:discover_packages(prefix_path) using defaults
[0.668s] WARNING:colcon.colcon_core.package_selection:Some selected packages are already built in one or more underlay workspaces:
	'robot_description' is in: /home/user/workspace/pyrobot/moveit_docker_activate/install/robot_description
If a package in a merged underlay workspace is overridden and it installs headers, then all packages in the overlay must sort their include directories by workspace order. Failure to do so may result in build failures or undefined behavior at run time.
If the overridden package is used by another package in any underlay, then the overriding package in the overlay must be API and ABI compatible or undefined behavior at run time may occur.

If you understand the risks and want to override a package anyways, add the following to the command line:
	--allow-overriding robot_description

This may be promoted to an error in a future release of colcon-override-check.
[0.668s] Level 5:colcon.colcon_core.verb:set package 'new_config' build argument 'cmake_args' from command line to 'None'
[0.668s] Level 5:colcon.colcon_core.verb:set package 'new_config' build argument 'cmake_target' from command line to 'None'
[0.668s] Level 5:colcon.colcon_core.verb:set package 'new_config' build argument 'cmake_target_skip_unavailable' from command line to 'False'
[0.668s] Level 5:colcon.colcon_core.verb:set package 'new_config' build argument 'cmake_clean_cache' from command line to 'False'
[0.668s] Level 5:colcon.colcon_core.verb:set package 'new_config' build argument 'cmake_clean_first' from command line to 'False'
[0.668s] Level 5:colcon.colcon_core.verb:set package 'new_config' build argument 'cmake_force_configure' from command line to 'False'
[0.668s] Level 5:colcon.colcon_core.verb:set package 'new_config' build argument 'ament_cmake_args' from command line to 'None'
[0.668s] Level 5:colcon.colcon_core.verb:set package 'new_config' build argument 'catkin_cmake_args' from command line to 'None'
[0.668s] Level 5:colcon.colcon_core.verb:set package 'new_config' build argument 'catkin_skip_building_tests' from command line to 'False'
[0.668s] DEBUG:colcon.colcon_core.verb:Building package 'new_config' with the following arguments: {'ament_cmake_args': None, 'build_base': '/home/user/workspace/pyrobot/moveit_docker_activate/build/new_config', 'catkin_cmake_args': None, 'catkin_skip_building_tests': False, 'cmake_args': None, 'cmake_clean_cache': False, 'cmake_clean_first': False, 'cmake_force_configure': False, 'cmake_target': None, 'cmake_target_skip_unavailable': False, 'install_base': '/home/user/workspace/pyrobot/moveit_docker_activate/install/new_config', 'merge_install': False, 'path': '/home/user/workspace/pyrobot/moveit_docker_activate/src/new_config', 'symlink_install': False, 'test_result_base': None}
[0.669s] Level 5:colcon.colcon_core.verb:set package 'robot_arm_interfaces' build argument 'cmake_args' from command line to 'None'
[0.669s] Level 5:colcon.colcon_core.verb:set package 'robot_arm_interfaces' build argument 'cmake_target' from command line to 'None'
[0.669s] Level 5:colcon.colcon_core.verb:set package 'robot_arm_interfaces' build argument 'cmake_target_skip_unavailable' from command line to 'False'
[0.669s] Level 5:colcon.colcon_core.verb:set package 'robot_arm_interfaces' build argument 'cmake_clean_cache' from command line to 'False'
[0.669s] Level 5:colcon.colcon_core.verb:set package 'robot_arm_interfaces' build argument 'cmake_clean_first' from command line to 'False'
[0.669s] Level 5:colcon.colcon_core.verb:set package 'robot_arm_interfaces' build argument 'cmake_force_configure' from command line to 'False'
[0.669s] Level 5:colcon.colcon_core.verb:set package 'robot_arm_interfaces' build argument 'ament_cmake_args' from command line to 'None'
[0.669s] Level 5:colcon.colcon_core.verb:set package 'robot_arm_interfaces' build argument 'catkin_cmake_args' from command line to 'None'
[0.669s] Level 5:colcon.colcon_core.verb:set package 'robot_arm_interfaces' build argument 'catkin_skip_building_tests' from command line to 'False'
[0.669s] DEBUG:colcon.colcon_core.verb:Building package 'robot_arm_interfaces' with the following arguments: {'ament_cmake_args': None, 'build_base': '/home/user/workspace/pyrobot/moveit_docker_activate/build/robot_arm_interfaces', 'catkin_cmake_args': None, 'catkin_skip_building_tests': False, 'cmake_args': None, 'cmake_clean_cache': False, 'cmake_clean_first': False, 'cmake_force_configure': False, 'cmake_target': None, 'cmake_target_skip_unavailable': False, 'install_base': '/home/user/workspace/pyrobot/moveit_docker_activate/install/robot_arm_interfaces', 'merge_install': False, 'path': '/home/user/workspace/pyrobot/moveit_docker_activate/src/robot_arm_interfaces', 'symlink_install': False, 'test_result_base': None}
[0.669s] Level 5:colcon.colcon_core.verb:set package 'robot_description' build argument 'cmake_args' from command line to 'None'
[0.669s] Level 5:colcon.colcon_core.verb:set package 'robot_description' build argument 'cmake_target' from command line to 'None'
[0.669s] Level 5:colcon.colcon_core.verb:set package 'robot_description' build argument 'cmake_target_skip_unavailable' from command line to 'False'
[0.669s] Level 5:colcon.colcon_core.verb:set package 'robot_description' build argument 'cmake_clean_cache' from command line to 'False'
[0.669s] Level 5:colcon.colcon_core.verb:set package 'robot_description' build argument 'cmake_clean_first' from command line to 'False'
[0.669s] Level 5:colcon.colcon_core.verb:set package 'robot_description' build argument 'cmake_force_configure' from command line to 'False'
[0.669s] Level 5:colcon.colcon_core.verb:set package 'robot_description' build argument 'ament_cmake_args' from command line to 'None'
[0.669s] Level 5:colcon.colcon_core.verb:set package 'robot_description' build argument 'catkin_cmake_args' from command line to 'None'
[0.669s] Level 5:colcon.colcon_core.verb:set package 'robot_description' build argument 'catkin_skip_building_tests' from command line to 'False'
[0.669s] DEBUG:colcon.colcon_core.verb:Building package 'robot_description' with the following arguments: {'ament_cmake_args': None, 'build_base': '/home/user/workspace/pyrobot/moveit_docker_activate/build/robot_description', 'catkin_cmake_args': None, 'catkin_skip_building_tests': False, 'cmake_args': None, 'cmake_clean_cache': False, 'cmake_clean_first': False, 'cmake_force_configure': False, 'cmake_target': None, 'cmake_target_skip_unavailable': False, 'install_base': '/home/user/workspace/pyrobot/moveit_docker_activate/install/robot_description', 'merge_install': False, 'path': '/home/user/workspace/pyrobot/moveit_docker_activate/src/robot_description', 'symlink_install': False, 'test_result_base': None}
[0.669s] Level 5:colcon.colcon_core.verb:set package 'moveit2_robot_arm_control' build argument 'cmake_args' from command line to 'None'
[0.669s] Level 5:colcon.colcon_core.verb:set package 'moveit2_robot_arm_control' build argument 'cmake_target' from command line to 'None'
[0.669s] Level 5:colcon.colcon_core.verb:set package 'moveit2_robot_arm_control' build argument 'cmake_target_skip_unavailable' from command line to 'False'
[0.669s] Level 5:colcon.colcon_core.verb:set package 'moveit2_robot_arm_control' build argument 'cmake_clean_cache' from command line to 'False'
[0.669s] Level 5:colcon.colcon_core.verb:set package 'moveit2_robot_arm_control' build argument 'cmake_clean_first' from command line to 'False'
[0.669s] Level 5:colcon.colcon_core.verb:set package 'moveit2_robot_arm_control' build argument 'cmake_force_configure' from command line to 'False'
[0.669s] Level 5:colcon.colcon_core.verb:set package 'moveit2_robot_arm_control' build argument 'ament_cmake_args' from command line to 'None'
[0.669s] Level 5:colcon.colcon_core.verb:set package 'moveit2_robot_arm_control' build argument 'catkin_cmake_args' from command line to 'None'
[0.669s] Level 5:colcon.colcon_core.verb:set package 'moveit2_robot_arm_control' build argument 'catkin_skip_building_tests' from command line to 'False'
[0.670s] DEBUG:colcon.colcon_core.verb:Building package 'moveit2_robot_arm_control' with the following arguments: {'ament_cmake_args': None, 'build_base': '/home/user/workspace/pyrobot/moveit_docker_activate/build/moveit2_robot_arm_control', 'catkin_cmake_args': None, 'catkin_skip_building_tests': False, 'cmake_args': None, 'cmake_clean_cache': False, 'cmake_clean_first': False, 'cmake_force_configure': False, 'cmake_target': None, 'cmake_target_skip_unavailable': False, 'install_base': '/home/user/workspace/pyrobot/moveit_docker_activate/install/moveit2_robot_arm_control', 'merge_install': False, 'path': '/home/user/workspace/pyrobot/moveit_docker_activate/src/moveit2_robot_arm_control', 'symlink_install': False, 'test_result_base': None}
[0.670s] Level 5:colcon.colcon_core.verb:set package 'new_config2' build argument 'cmake_args' from command line to 'None'
[0.670s] Level 5:colcon.colcon_core.verb:set package 'new_config2' build argument 'cmake_target' from command line to 'None'
[0.670s] Level 5:colcon.colcon_core.verb:set package 'new_config2' build argument 'cmake_target_skip_unavailable' from command line to 'False'
[0.670s] Level 5:colcon.colcon_core.verb:set package 'new_config2' build argument 'cmake_clean_cache' from command line to 'False'
[0.670s] Level 5:colcon.colcon_core.verb:set package 'new_config2' build argument 'cmake_clean_first' from command line to 'False'
[0.670s] Level 5:colcon.colcon_core.verb:set package 'new_config2' build argument 'cmake_force_configure' from command line to 'False'
[0.670s] Level 5:colcon.colcon_core.verb:set package 'new_config2' build argument 'ament_cmake_args' from command line to 'None'
[0.670s] Level 5:colcon.colcon_core.verb:set package 'new_config2' build argument 'catkin_cmake_args' from command line to 'None'
[0.670s] Level 5:colcon.colcon_core.verb:set package 'new_config2' build argument 'catkin_skip_building_tests' from command line to 'False'
[0.670s] DEBUG:colcon.colcon_core.verb:Building package 'new_config2' with the following arguments: {'ament_cmake_args': None, 'build_base': '/home/user/workspace/pyrobot/moveit_docker_activate/build/new_config2', 'catkin_cmake_args': None, 'catkin_skip_building_tests': False, 'cmake_args': None, 'cmake_clean_cache': False, 'cmake_clean_first': False, 'cmake_force_configure': False, 'cmake_target': None, 'cmake_target_skip_unavailable': False, 'install_base': '/home/user/workspace/pyrobot/moveit_docker_activate/install/new_config2', 'merge_install': False, 'path': '/home/user/workspace/pyrobot/moveit_docker_activate/src/new_config2', 'symlink_install': False, 'test_result_base': None}
[0.670s] INFO:colcon.colcon_core.executor:Executing jobs using 'parallel' executor
[0.671s] DEBUG:colcon.colcon_parallel_executor.executor.parallel:run_until_complete
[0.671s] INFO:colcon.colcon_ros.task.ament_cmake.build:Building ROS package in '/home/user/workspace/pyrobot/moveit_docker_activate/src/robot_arm_interfaces' with build type 'ament_cmake'
[0.671s] INFO:colcon.colcon_cmake.task.cmake.build:Building CMake package in '/home/user/workspace/pyrobot/moveit_docker_activate/src/robot_arm_interfaces'
[0.675s] INFO:colcon.colcon_core.plugin_system:Skipping extension 'colcon_core.shell.bat': Not used on non-Windows systems
[0.675s] INFO:colcon.colcon_core.shell:Skip shell extension 'powershell' for command environment: Not usable outside of PowerShell
[0.675s] DEBUG:colcon.colcon_core.shell:Skip shell extension 'dsv' for command environment
[0.680s] INFO:colcon.colcon_ros.task.ament_python.build:Building ROS package in '/home/user/workspace/pyrobot/moveit_docker_activate/src/robot_description' with build type 'ament_python'
[0.680s] Level 1:colcon.colcon_core.shell:create_environment_hook('robot_description', 'ament_prefix_path')
[0.681s] INFO:colcon.colcon_core.shell:Creating environment hook '/home/user/workspace/pyrobot/moveit_docker_activate/install/robot_description/share/robot_description/hook/ament_prefix_path.ps1'
[0.681s] INFO:colcon.colcon_core.shell:Creating environment descriptor '/home/user/workspace/pyrobot/moveit_docker_activate/install/robot_description/share/robot_description/hook/ament_prefix_path.dsv'
[0.682s] INFO:colcon.colcon_core.shell:Creating environment hook '/home/user/workspace/pyrobot/moveit_docker_activate/install/robot_description/share/robot_description/hook/ament_prefix_path.sh'
[0.683s] INFO:colcon.colcon_core.shell:Skip shell extension 'powershell' for command environment: Not usable outside of PowerShell
[0.683s] DEBUG:colcon.colcon_core.shell:Skip shell extension 'dsv' for command environment
[0.687s] INFO:colcon.colcon_ros.task.ament_cmake.build:Building ROS package in '/home/user/workspace/pyrobot/moveit_docker_activate/src/new_config' with build type 'ament_cmake'
[0.687s] INFO:colcon.colcon_cmake.task.cmake.build:Building CMake package in '/home/user/workspace/pyrobot/moveit_docker_activate/src/new_config'
[0.687s] INFO:colcon.colcon_core.shell:Skip shell extension 'powershell' for command environment: Not usable outside of PowerShell
[0.687s] DEBUG:colcon.colcon_core.shell:Skip shell extension 'dsv' for command environment
[0.698s] DEBUG:colcon.colcon_core.event_handler.log_command:Invoking command in '/home/user/workspace/pyrobot/moveit_docker_activate/build/robot_arm_interfaces': CMAKE_PREFIX_PATH=${CMAKE_PREFIX_PATH}:/home/user/workspace/pyrobot/moveit_docker_activate/install/robot_description:/home/user/workspace/pyrobot/moveit_docker_activate/install/pros_car_py:/home/user/workspace/ws_moveit2/install/moveit_configs_utils:/home/user/workspace/ws_moveit2/install/launch_param_builder:/opt/ros/humble /usr/bin/cmake --build /home/user/workspace/pyrobot/moveit_docker_activate/build/robot_arm_interfaces -- -j16 -l16
[0.884s] INFO:colcon.colcon_core.task.python.build:Building Python package in '/home/user/workspace/pyrobot/moveit_docker_activate/src/robot_description'
[0.885s] INFO:colcon.colcon_core.shell:Skip shell extension 'powershell' for command environment: Not usable outside of PowerShell
[0.885s] DEBUG:colcon.colcon_core.shell:Skip shell extension 'dsv' for command environment
[0.898s] DEBUG:colcon.colcon_core.event_handler.log_command:Invoking command in '/home/user/workspace/pyrobot/moveit_docker_activate/build/new_config': CMAKE_PREFIX_PATH=${CMAKE_PREFIX_PATH}:/home/user/workspace/pyrobot/moveit_docker_activate/install/robot_description:/home/user/workspace/pyrobot/moveit_docker_activate/install/pros_car_py:/home/user/workspace/ws_moveit2/install/moveit_configs_utils:/home/user/workspace/ws_moveit2/install/launch_param_builder:/opt/ros/humble /usr/bin/cmake --build /home/user/workspace/pyrobot/moveit_docker_activate/build/new_config -- -j16 -l16
[0.925s] DEBUG:colcon.colcon_core.event_handler.log_command:Invoked command in '/home/user/workspace/pyrobot/moveit_docker_activate/build/new_config' returned '0': CMAKE_PREFIX_PATH=${CMAKE_PREFIX_PATH}:/home/user/workspace/pyrobot/moveit_docker_activate/install/robot_description:/home/user/workspace/pyrobot/moveit_docker_activate/install/pros_car_py:/home/user/workspace/ws_moveit2/install/moveit_configs_utils:/home/user/workspace/ws_moveit2/install/launch_param_builder:/opt/ros/humble /usr/bin/cmake --build /home/user/workspace/pyrobot/moveit_docker_activate/build/new_config -- -j16 -l16
[0.952s] DEBUG:colcon.colcon_core.event_handler.log_command:Invoking command in '/home/user/workspace/pyrobot/moveit_docker_activate/build/new_config': CMAKE_PREFIX_PATH=${CMAKE_PREFIX_PATH}:/home/user/workspace/pyrobot/moveit_docker_activate/install/robot_description:/home/user/workspace/pyrobot/moveit_docker_activate/install/pros_car_py:/home/user/workspace/ws_moveit2/install/moveit_configs_utils:/home/user/workspace/ws_moveit2/install/launch_param_builder:/opt/ros/humble /usr/bin/cmake --install /home/user/workspace/pyrobot/moveit_docker_activate/build/new_config
[0.961s] Level 1:colcon.colcon_core.environment:create_environment_scripts_only(new_config)
[0.961s] DEBUG:colcon.colcon_core.event_handler.log_command:Invoked command in '/home/user/workspace/pyrobot/moveit_docker_activate/build/new_config' returned '0': CMAKE_PREFIX_PATH=${CMAKE_PREFIX_PATH}:/home/user/workspace/pyrobot/moveit_docker_activate/install/robot_description:/home/user/workspace/pyrobot/moveit_docker_activate/install/pros_car_py:/home/user/workspace/ws_moveit2/install/moveit_configs_utils:/home/user/workspace/ws_moveit2/install/launch_param_builder:/opt/ros/humble /usr/bin/cmake --install /home/user/workspace/pyrobot/moveit_docker_activate/build/new_config
[0.967s] Level 1:colcon.colcon_core.environment:checking '/home/user/workspace/pyrobot/moveit_docker_activate/install/new_config' for CMake module files
[0.967s] Level 1:colcon.colcon_core.environment:checking '/home/user/workspace/pyrobot/moveit_docker_activate/install/new_config' for CMake config files
[0.967s] Level 1:colcon.colcon_core.shell:create_environment_hook('new_config', 'cmake_prefix_path')
[0.967s] INFO:colcon.colcon_core.shell:Creating environment hook '/home/user/workspace/pyrobot/moveit_docker_activate/install/new_config/share/new_config/hook/cmake_prefix_path.ps1'
[0.968s] INFO:colcon.colcon_core.shell:Creating environment descriptor '/home/user/workspace/pyrobot/moveit_docker_activate/install/new_config/share/new_config/hook/cmake_prefix_path.dsv'
[0.968s] INFO:colcon.colcon_core.shell:Creating environment hook '/home/user/workspace/pyrobot/moveit_docker_activate/install/new_config/share/new_config/hook/cmake_prefix_path.sh'
[0.968s] Level 1:colcon.colcon_core.environment:checking '/home/user/workspace/pyrobot/moveit_docker_activate/install/new_config/bin'
[0.968s] Level 1:colcon.colcon_core.environment:checking '/home/user/workspace/pyrobot/moveit_docker_activate/install/new_config/lib/pkgconfig/new_config.pc'
[0.969s] Level 1:colcon.colcon_core.environment:checking '/home/user/workspace/pyrobot/moveit_docker_activate/install/new_config/lib/python3.10/site-packages'
[0.969s] Level 1:colcon.colcon_core.environment:checking '/home/user/workspace/pyrobot/moveit_docker_activate/install/new_config/bin'
[0.969s] INFO:colcon.colcon_core.shell:Creating package script '/home/user/workspace/pyrobot/moveit_docker_activate/install/new_config/share/new_config/package.ps1'
[0.970s] INFO:colcon.colcon_core.shell:Creating package descriptor '/home/user/workspace/pyrobot/moveit_docker_activate/install/new_config/share/new_config/package.dsv'
[0.970s] INFO:colcon.colcon_core.shell:Creating package script '/home/user/workspace/pyrobot/moveit_docker_activate/install/new_config/share/new_config/package.sh'
[0.971s] INFO:colcon.colcon_core.shell:Creating package script '/home/user/workspace/pyrobot/moveit_docker_activate/install/new_config/share/new_config/package.bash'
[0.972s] INFO:colcon.colcon_core.shell:Creating package script '/home/user/workspace/pyrobot/moveit_docker_activate/install/new_config/share/new_config/package.zsh'
[0.972s] Level 1:colcon.colcon_core.environment:create_file_with_runtime_dependencies(/home/user/workspace/pyrobot/moveit_docker_activate/install/new_config/share/colcon-core/packages/new_config)
[0.981s] DEBUG:colcon.colcon_core.event_handler.log_command:Invoked command in '/home/user/workspace/pyrobot/moveit_docker_activate/build/robot_arm_interfaces' returned '0': CMAKE_PREFIX_PATH=${CMAKE_PREFIX_PATH}:/home/user/workspace/pyrobot/moveit_docker_activate/install/robot_description:/home/user/workspace/pyrobot/moveit_docker_activate/install/pros_car_py:/home/user/workspace/ws_moveit2/install/moveit_configs_utils:/home/user/workspace/ws_moveit2/install/launch_param_builder:/opt/ros/humble /usr/bin/cmake --build /home/user/workspace/pyrobot/moveit_docker_activate/build/robot_arm_interfaces -- -j16 -l16
[0.991s] Level 1:colcon.colcon_core.environment:create_environment_scripts_only(new_config)
[0.991s] Level 1:colcon.colcon_core.environment:checking '/home/user/workspace/pyrobot/moveit_docker_activate/install/new_config' for CMake module files
[0.991s] Level 1:colcon.colcon_core.environment:checking '/home/user/workspace/pyrobot/moveit_docker_activate/install/new_config' for CMake config files
[0.991s] Level 1:colcon.colcon_core.shell:create_environment_hook('new_config', 'cmake_prefix_path')
[0.991s] INFO:colcon.colcon_core.shell:Creating environment hook '/home/user/workspace/pyrobot/moveit_docker_activate/install/new_config/share/new_config/hook/cmake_prefix_path.ps1'
[0.992s] INFO:colcon.colcon_core.shell:Creating environment descriptor '/home/user/workspace/pyrobot/moveit_docker_activate/install/new_config/share/new_config/hook/cmake_prefix_path.dsv'
[0.992s] INFO:colcon.colcon_core.shell:Creating environment hook '/home/user/workspace/pyrobot/moveit_docker_activate/install/new_config/share/new_config/hook/cmake_prefix_path.sh'
[0.993s] Level 1:colcon.colcon_core.environment:checking '/home/user/workspace/pyrobot/moveit_docker_activate/install/new_config/bin'
[0.993s] Level 1:colcon.colcon_core.environment:checking '/home/user/workspace/pyrobot/moveit_docker_activate/install/new_config/lib/pkgconfig/new_config.pc'
[0.993s] Level 1:colcon.colcon_core.environment:checking '/home/user/workspace/pyrobot/moveit_docker_activate/install/new_config/lib/python3.10/site-packages'
[0.993s] Level 1:colcon.colcon_core.environment:checking '/home/user/workspace/pyrobot/moveit_docker_activate/install/new_config/bin'
[0.993s] INFO:colcon.colcon_core.shell:Creating package script '/home/user/workspace/pyrobot/moveit_docker_activate/install/new_config/share/new_config/package.ps1'
[0.994s] INFO:colcon.colcon_core.shell:Creating package descriptor '/home/user/workspace/pyrobot/moveit_docker_activate/install/new_config/share/new_config/package.dsv'
[0.994s] INFO:colcon.colcon_core.shell:Creating package script '/home/user/workspace/pyrobot/moveit_docker_activate/install/new_config/share/new_config/package.sh'
[0.995s] INFO:colcon.colcon_core.shell:Creating package script '/home/user/workspace/pyrobot/moveit_docker_activate/install/new_config/share/new_config/package.bash'
[0.995s] INFO:colcon.colcon_core.shell:Creating package script '/home/user/workspace/pyrobot/moveit_docker_activate/install/new_config/share/new_config/package.zsh'
[0.995s] Level 1:colcon.colcon_core.environment:create_file_with_runtime_dependencies(/home/user/workspace/pyrobot/moveit_docker_activate/install/new_config/share/colcon-core/packages/new_config)
[1.035s] DEBUG:colcon.colcon_core.event_handler.log_command:Invoking command in '/home/user/workspace/pyrobot/moveit_docker_activate/build/robot_arm_interfaces': CMAKE_PREFIX_PATH=${CMAKE_PREFIX_PATH}:/home/user/workspace/pyrobot/moveit_docker_activate/install/robot_description:/home/user/workspace/pyrobot/moveit_docker_activate/install/pros_car_py:/home/user/workspace/ws_moveit2/install/moveit_configs_utils:/home/user/workspace/ws_moveit2/install/launch_param_builder:/opt/ros/humble /usr/bin/cmake --install /home/user/workspace/pyrobot/moveit_docker_activate/build/robot_arm_interfaces
[1.082s] Level 1:colcon.colcon_core.environment:create_environment_scripts_only(robot_arm_interfaces)
[1.082s] DEBUG:colcon.colcon_core.event_handler.log_command:Invoked command in '/home/user/workspace/pyrobot/moveit_docker_activate/build/robot_arm_interfaces' returned '0': CMAKE_PREFIX_PATH=${CMAKE_PREFIX_PATH}:/home/user/workspace/pyrobot/moveit_docker_activate/install/robot_description:/home/user/workspace/pyrobot/moveit_docker_activate/install/pros_car_py:/home/user/workspace/ws_moveit2/install/moveit_configs_utils:/home/user/workspace/ws_moveit2/install/launch_param_builder:/opt/ros/humble /usr/bin/cmake --install /home/user/workspace/pyrobot/moveit_docker_activate/build/robot_arm_interfaces
[1.082s] Level 1:colcon.colcon_core.environment:checking '/home/user/workspace/pyrobot/moveit_docker_activate/install/robot_arm_interfaces' for CMake module files
[1.083s] Level 1:colcon.colcon_core.environment:checking '/home/user/workspace/pyrobot/moveit_docker_activate/install/robot_arm_interfaces' for CMake config files
[1.083s] Level 1:colcon.colcon_core.shell:create_environment_hook('robot_arm_interfaces', 'cmake_prefix_path')
[1.083s] INFO:colcon.colcon_core.shell:Creating environment hook '/home/user/workspace/pyrobot/moveit_docker_activate/install/robot_arm_interfaces/share/robot_arm_interfaces/hook/cmake_prefix_path.ps1'
[1.084s] INFO:colcon.colcon_core.shell:Creating environment descriptor '/home/user/workspace/pyrobot/moveit_docker_activate/install/robot_arm_interfaces/share/robot_arm_interfaces/hook/cmake_prefix_path.dsv'
[1.084s] INFO:colcon.colcon_core.shell:Creating environment hook '/home/user/workspace/pyrobot/moveit_docker_activate/install/robot_arm_interfaces/share/robot_arm_interfaces/hook/cmake_prefix_path.sh'
[1.084s] Level 1:colcon.colcon_core.environment:checking '/home/user/workspace/pyrobot/moveit_docker_activate/install/robot_arm_interfaces/lib'
[1.084s] Level 1:colcon.colcon_core.shell:create_environment_hook('robot_arm_interfaces', 'ld_library_path_lib')
[1.084s] INFO:colcon.colcon_core.shell:Creating environment hook '/home/user/workspace/pyrobot/moveit_docker_activate/install/robot_arm_interfaces/share/robot_arm_interfaces/hook/ld_library_path_lib.ps1'
[1.085s] INFO:colcon.colcon_core.shell:Creating environment descriptor '/home/user/workspace/pyrobot/moveit_docker_activate/install/robot_arm_interfaces/share/robot_arm_interfaces/hook/ld_library_path_lib.dsv'
[1.085s] INFO:colcon.colcon_core.shell:Creating environment hook '/home/user/workspace/pyrobot/moveit_docker_activate/install/robot_arm_interfaces/share/robot_arm_interfaces/hook/ld_library_path_lib.sh'
[1.085s] Level 1:colcon.colcon_core.environment:checking '/home/user/workspace/pyrobot/moveit_docker_activate/install/robot_arm_interfaces/bin'
[1.085s] Level 1:colcon.colcon_core.environment:checking '/home/user/workspace/pyrobot/moveit_docker_activate/install/robot_arm_interfaces/lib/pkgconfig/robot_arm_interfaces.pc'
[1.085s] Level 1:colcon.colcon_core.environment:checking '/home/user/workspace/pyrobot/moveit_docker_activate/install/robot_arm_interfaces/lib/python3.10/site-packages'
[1.085s] Level 1:colcon.colcon_core.environment:checking '/home/user/workspace/pyrobot/moveit_docker_activate/install/robot_arm_interfaces/bin'
[1.086s] INFO:colcon.colcon_core.shell:Creating package script '/home/user/workspace/pyrobot/moveit_docker_activate/install/robot_arm_interfaces/share/robot_arm_interfaces/package.ps1'
[1.086s] INFO:colcon.colcon_core.shell:Creating package descriptor '/home/user/workspace/pyrobot/moveit_docker_activate/install/robot_arm_interfaces/share/robot_arm_interfaces/package.dsv'
[1.086s] INFO:colcon.colcon_core.shell:Creating package script '/home/user/workspace/pyrobot/moveit_docker_activate/install/robot_arm_interfaces/share/robot_arm_interfaces/package.sh'
[1.086s] INFO:colcon.colcon_core.shell:Creating package script '/home/user/workspace/pyrobot/moveit_docker_activate/install/robot_arm_interfaces/share/robot_arm_interfaces/package.bash'
[1.087s] INFO:colcon.colcon_core.shell:Creating package script '/home/user/workspace/pyrobot/moveit_docker_activate/install/robot_arm_interfaces/share/robot_arm_interfaces/package.zsh'
[1.087s] Level 1:colcon.colcon_core.environment:create_file_with_runtime_dependencies(/home/user/workspace/pyrobot/moveit_docker_activate/install/robot_arm_interfaces/share/colcon-core/packages/robot_arm_interfaces)
[1.141s] Level 1:colcon.colcon_core.environment:create_environment_scripts_only(robot_arm_interfaces)
[1.141s] Level 1:colcon.colcon_core.environment:checking '/home/user/workspace/pyrobot/moveit_docker_activate/install/robot_arm_interfaces' for CMake module files
[1.141s] Level 1:colcon.colcon_core.environment:checking '/home/user/workspace/pyrobot/moveit_docker_activate/install/robot_arm_interfaces' for CMake config files
[1.141s] Level 1:colcon.colcon_core.shell:create_environment_hook('robot_arm_interfaces', 'cmake_prefix_path')
[1.142s] INFO:colcon.colcon_core.shell:Creating environment hook '/home/user/workspace/pyrobot/moveit_docker_activate/install/robot_arm_interfaces/share/robot_arm_interfaces/hook/cmake_prefix_path.ps1'
[1.142s] INFO:colcon.colcon_core.shell:Creating environment descriptor '/home/user/workspace/pyrobot/moveit_docker_activate/install/robot_arm_interfaces/share/robot_arm_interfaces/hook/cmake_prefix_path.dsv'
[1.142s] INFO:colcon.colcon_core.shell:Creating environment hook '/home/user/workspace/pyrobot/moveit_docker_activate/install/robot_arm_interfaces/share/robot_arm_interfaces/hook/cmake_prefix_path.sh'
[1.142s] Level 1:colcon.colcon_core.environment:checking '/home/user/workspace/pyrobot/moveit_docker_activate/install/robot_arm_interfaces/lib'
[1.142s] Level 1:colcon.colcon_core.shell:create_environment_hook('robot_arm_interfaces', 'ld_library_path_lib')
[1.143s] INFO:colcon.colcon_core.shell:Creating environment hook '/home/user/workspace/pyrobot/moveit_docker_activate/install/robot_arm_interfaces/share/robot_arm_interfaces/hook/ld_library_path_lib.ps1'
[1.143s] INFO:colcon.colcon_core.shell:Creating environment descriptor '/home/user/workspace/pyrobot/moveit_docker_activate/install/robot_arm_interfaces/share/robot_arm_interfaces/hook/ld_library_path_lib.dsv'
[1.143s] INFO:colcon.colcon_core.shell:Creating environment hook '/home/user/workspace/pyrobot/moveit_docker_activate/install/robot_arm_interfaces/share/robot_arm_interfaces/hook/ld_library_path_lib.sh'
[1.143s] Level 1:colcon.colcon_core.environment:checking '/home/user/workspace/pyrobot/moveit_docker_activate/install/robot_arm_interfaces/bin'
[1.143s] Level 1:colcon.colcon_core.environment:checking '/home/user/workspace/pyrobot/moveit_docker_activate/install/robot_arm_interfaces/lib/pkgconfig/robot_arm_interfaces.pc'
[1.143s] Level 1:colcon.colcon_core.environment:checking '/home/user/workspace/pyrobot/moveit_docker_activate/install/robot_arm_interfaces/lib/python3.10/site-packages'
[1.143s] Level 1:colcon.colcon_core.environment:checking '/home/user/workspace/pyrobot/moveit_docker_activate/install/robot_arm_interfaces/bin'
[1.144s] INFO:colcon.colcon_core.shell:Creating package script '/home/user/workspace/pyrobot/moveit_docker_activate/install/robot_arm_interfaces/share/robot_arm_interfaces/package.ps1'
[1.144s] INFO:colcon.colcon_core.shell:Creating package descriptor '/home/user/workspace/pyrobot/moveit_docker_activate/install/robot_arm_interfaces/share/robot_arm_interfaces/package.dsv'
[1.144s] INFO:colcon.colcon_core.shell:Creating package script '/home/user/workspace/pyrobot/moveit_docker_activate/install/robot_arm_interfaces/share/robot_arm_interfaces/package.sh'
[1.145s] INFO:colcon.colcon_core.shell:Creating package script '/home/user/workspace/pyrobot/moveit_docker_activate/install/robot_arm_interfaces/share/robot_arm_interfaces/package.bash'
[1.145s] INFO:colcon.colcon_core.shell:Creating package script '/home/user/workspace/pyrobot/moveit_docker_activate/install/robot_arm_interfaces/share/robot_arm_interfaces/package.zsh'
[1.145s] Level 1:colcon.colcon_core.environment:create_file_with_runtime_dependencies(/home/user/workspace/pyrobot/moveit_docker_activate/install/robot_arm_interfaces/share/colcon-core/packages/robot_arm_interfaces)
[1.145s] INFO:colcon.colcon_ros.task.ament_cmake.build:Building ROS package in '/home/user/workspace/pyrobot/moveit_docker_activate/src/moveit2_robot_arm_control' with build type 'ament_cmake'
[1.146s] INFO:colcon.colcon_cmake.task.cmake.build:Building CMake package in '/home/user/workspace/pyrobot/moveit_docker_activate/src/moveit2_robot_arm_control'
[1.146s] INFO:colcon.colcon_core.shell:Skip shell extension 'powershell' for command environment: Not usable outside of PowerShell
[1.146s] DEBUG:colcon.colcon_core.shell:Skip shell extension 'dsv' for command environment
[1.202s] DEBUG:colcon.colcon_core.event_handler.log_command:Invoking command in '/home/user/workspace/pyrobot/moveit_docker_activate/build/moveit2_robot_arm_control': AMENT_PREFIX_PATH=/home/user/workspace/pyrobot/moveit_docker_activate/install/robot_arm_interfaces:${AMENT_PREFIX_PATH} CMAKE_PREFIX_PATH=/home/user/workspace/pyrobot/moveit_docker_activate/install/robot_arm_interfaces:/home/user/workspace/pyrobot/moveit_docker_activate/install/new_config:/home/user/workspace/ws_moveit2/install/pilz_industrial_motion_planner_testutils:/home/user/workspace/ws_moveit2/install/moveit_runtime:/home/user/workspace/ws_moveit2/install/moveit2_tutorials:/home/user/workspace/ws_moveit2/install/moveit:/home/user/workspace/ws_moveit2/install/moveit_planners:/home/user/workspace/ws_moveit2/install/pilz_industrial_motion_planner:/home/user/workspace/ws_moveit2/install/moveit_visual_tools:/home/user/workspace/ws_moveit2/install/moveit_task_constructor_visualization:/home/user/workspace/ws_moveit2/install/moveit_task_constructor_demo:/home/user/workspace/ws_moveit2/install/moveit_task_constructor_capabilities:/home/user/workspace/ws_moveit2/install/moveit_task_constructor_core:/home/user/workspace/ws_moveit2/install/moveit_ros_control_interface:/home/user/workspace/ws_moveit2/install/moveit_plugins:/home/user/workspace/ws_moveit2/install/moveit_simple_controller_manager:/home/user/workspace/ws_moveit2/install/moveit_setup_assistant:/home/user/workspace/ws_moveit2/install/moveit_setup_srdf_plugins:/home/user/workspace/ws_moveit2/install/moveit_setup_core_plugins:/home/user/workspace/ws_moveit2/install/moveit_setup_controllers:/home/user/workspace/ws_moveit2/install/moveit_setup_app_plugins:/home/user/workspace/ws_moveit2/install/moveit_setup_framework:/home/user/workspace/ws_moveit2/install/moveit_servo:/home/user/workspace/ws_moveit2/install/moveit_ros:/home/user/workspace/ws_moveit2/install/moveit_ros_visualization:/home/user/workspace/ws_moveit2/install/moveit_hybrid_planning:/home/user/workspace/ws_moveit2/install/moveit_ros_planning_interface:/home/user/workspace/ws_moveit2/install/moveit_ros_benchmarks:/home/user/workspace/ws_moveit2/install/moveit_ros_warehouse:/home/user/workspace/ws_moveit2/install/moveit_ros_robot_interaction:/home/user/workspace/ws_moveit2/install/moveit_ros_perception:/home/user/workspace/ws_moveit2/install/moveit_resources_prbt_pg70_support:/home/user/workspace/ws_moveit2/install/moveit_resources_prbt_moveit_config:/home/user/workspace/ws_moveit2/install/moveit_ros_move_group:/home/user/workspace/ws_moveit2/install/moveit_planners_ompl:/home/user/workspace/ws_moveit2/install/moveit_ros_planning:/home/user/workspace/ws_moveit2/install/moveit_ros_occupancy_map_monitor:/home/user/workspace/ws_moveit2/install/moveit_resources_prbt_ikfast_manipulator_plugin:/home/user/workspace/ws_moveit2/install/moveit_planners_chomp:/home/user/workspace/ws_moveit2/install/moveit_kinematics:/home/user/workspace/ws_moveit2/install/moveit_chomp_optimizer_adapter:/home/user/workspace/ws_moveit2/install/chomp_motion_planner:/home/user/workspace/ws_moveit2/install/moveit_core:/home/user/workspace/ws_moveit2/install/srdfdom:/home/user/workspace/ws_moveit2/install/rviz_marker_tools:/home/user/workspace/ws_moveit2/install/rosparam_shortcuts:/home/user/workspace/ws_moveit2/install/moveit_task_constructor_msgs:/home/user/workspace/ws_moveit2/install/moveit_resources_prbt_support:/home/user/workspace/ws_moveit2/install/moveit_resources:/home/user/workspace/ws_moveit2/install/moveit_resources_pr2_description:/home/user/workspace/ws_moveit2/install/moveit_resources_panda_moveit_config:/home/user/workspace/ws_moveit2/install/moveit_resources_panda_description:/home/user/workspace/ws_moveit2/install/moveit_resources_fanuc_moveit_config:/home/user/workspace/ws_moveit2/install/moveit_resources_fanuc_description:/home/user/workspace/ws_moveit2/install/moveit_common:/home/user/workspace/pyrobot/moveit_docker_activate/install/robot_description:/home/user/workspace/pyrobot/moveit_docker_activate/install/pros_car_py:/home/user/workspace/ws_moveit2/install/moveit_configs_utils:/home/user/workspace/ws_moveit2/install/launch_param_builder:/opt/ros/humble LD_LIBRARY_PATH=/home/user/workspace/pyrobot/moveit_docker_activate/install/robot_arm_interfaces/lib:${LD_LIBRARY_PATH} PYTHONPATH=/home/user/workspace/pyrobot/moveit_docker_activate/install/robot_arm_interfaces/local/lib/python3.10/dist-packages:${PYTHONPATH} /usr/bin/cmake --build /home/user/workspace/pyrobot/moveit_docker_activate/build/moveit2_robot_arm_control -- -j16 -l16
[1.307s] DEBUG:colcon.colcon_core.event_handler.log_command:Invoking command in '/home/user/workspace/pyrobot/moveit_docker_activate/src/robot_description': PYTHONPATH=/home/user/workspace/pyrobot/moveit_docker_activate/build/robot_description/prefix_override:/usr/lib/python3/dist-packages/colcon_core/task/python/colcon_distutils_commands:/home/user/workspace/pyrobot/moveit_docker_activate/install/robot_description/lib/python3.10/site-packages:${PYTHONPATH} /usr/bin/python3 -W ignore:setup.py install is deprecated setup.py egg_info --egg-base ../../build/robot_description build --build-base /home/user/workspace/pyrobot/moveit_docker_activate/build/robot_description/build install --record /home/user/workspace/pyrobot/moveit_docker_activate/build/robot_description/install.log --single-version-externally-managed install_data
[1.511s] Level 1:colcon.colcon_core.environment:checking '/home/user/workspace/pyrobot/moveit_docker_activate/install/robot_description' for CMake module files
[1.511s] DEBUG:colcon.colcon_core.event_handler.log_command:Invoked command in '/home/user/workspace/pyrobot/moveit_docker_activate/src/robot_description' returned '0': PYTHONPATH=/home/user/workspace/pyrobot/moveit_docker_activate/build/robot_description/prefix_override:/usr/lib/python3/dist-packages/colcon_core/task/python/colcon_distutils_commands:/home/user/workspace/pyrobot/moveit_docker_activate/install/robot_description/lib/python3.10/site-packages:${PYTHONPATH} /usr/bin/python3 -W ignore:setup.py install is deprecated setup.py egg_info --egg-base ../../build/robot_description build --build-base /home/user/workspace/pyrobot/moveit_docker_activate/build/robot_description/build install --record /home/user/workspace/pyrobot/moveit_docker_activate/build/robot_description/install.log --single-version-externally-managed install_data
[1.512s] Level 1:colcon.colcon_core.environment:checking '/home/user/workspace/pyrobot/moveit_docker_activate/install/robot_description' for CMake config files
[1.512s] Level 1:colcon.colcon_core.environment:checking '/home/user/workspace/pyrobot/moveit_docker_activate/install/robot_description/lib'
[1.512s] Level 1:colcon.colcon_core.environment:checking '/home/user/workspace/pyrobot/moveit_docker_activate/install/robot_description/bin'
[1.512s] Level 1:colcon.colcon_core.environment:checking '/home/user/workspace/pyrobot/moveit_docker_activate/install/robot_description/lib/pkgconfig/robot_description.pc'
[1.512s] Level 1:colcon.colcon_core.environment:checking '/home/user/workspace/pyrobot/moveit_docker_activate/install/robot_description/lib/python3.10/site-packages'
[1.512s] Level 1:colcon.colcon_core.shell:create_environment_hook('robot_description', 'pythonpath')
[1.512s] INFO:colcon.colcon_core.shell:Creating environment hook '/home/user/workspace/pyrobot/moveit_docker_activate/install/robot_description/share/robot_description/hook/pythonpath.ps1'
[1.513s] INFO:colcon.colcon_core.shell:Creating environment descriptor '/home/user/workspace/pyrobot/moveit_docker_activate/install/robot_description/share/robot_description/hook/pythonpath.dsv'
[1.513s] INFO:colcon.colcon_core.shell:Creating environment hook '/home/user/workspace/pyrobot/moveit_docker_activate/install/robot_description/share/robot_description/hook/pythonpath.sh'
[1.513s] Level 1:colcon.colcon_core.environment:checking '/home/user/workspace/pyrobot/moveit_docker_activate/install/robot_description/bin'
[1.513s] Level 1:colcon.colcon_core.environment:create_environment_scripts_only(robot_description)
[1.513s] INFO:colcon.colcon_core.shell:Creating package script '/home/user/workspace/pyrobot/moveit_docker_activate/install/robot_description/share/robot_description/package.ps1'
[1.514s] INFO:colcon.colcon_core.shell:Creating package descriptor '/home/user/workspace/pyrobot/moveit_docker_activate/install/robot_description/share/robot_description/package.dsv'
[1.514s] INFO:colcon.colcon_core.shell:Creating package script '/home/user/workspace/pyrobot/moveit_docker_activate/install/robot_description/share/robot_description/package.sh'
[1.514s] INFO:colcon.colcon_core.shell:Creating package script '/home/user/workspace/pyrobot/moveit_docker_activate/install/robot_description/share/robot_description/package.bash'
[1.514s] INFO:colcon.colcon_core.shell:Creating package script '/home/user/workspace/pyrobot/moveit_docker_activate/install/robot_description/share/robot_description/package.zsh'
[1.514s] Level 1:colcon.colcon_core.environment:create_file_with_runtime_dependencies(/home/user/workspace/pyrobot/moveit_docker_activate/install/robot_description/share/colcon-core/packages/robot_description)
[1.515s] INFO:colcon.colcon_ros.task.ament_cmake.build:Building ROS package in '/home/user/workspace/pyrobot/moveit_docker_activate/src/new_config2' with build type 'ament_cmake'
[1.515s] INFO:colcon.colcon_cmake.task.cmake.build:Building CMake package in '/home/user/workspace/pyrobot/moveit_docker_activate/src/new_config2'
[1.515s] INFO:colcon.colcon_core.shell:Skip shell extension 'powershell' for command environment: Not usable outside of PowerShell
[1.515s] DEBUG:colcon.colcon_core.shell:Skip shell extension 'dsv' for command environment
[1.568s] DEBUG:colcon.colcon_core.event_handler.log_command:Invoking command in '/home/user/workspace/pyrobot/moveit_docker_activate/build/new_config2': CMAKE_PREFIX_PATH=${CMAKE_PREFIX_PATH}:/home/user/workspace/pyrobot/moveit_docker_activate/install/robot_description:/home/user/workspace/pyrobot/moveit_docker_activate/install/pros_car_py:/home/user/workspace/ws_moveit2/install/moveit_configs_utils:/home/user/workspace/ws_moveit2/install/launch_param_builder:/opt/ros/humble /usr/bin/cmake --build /home/user/workspace/pyrobot/moveit_docker_activate/build/new_config2 -- -j16 -l16
[1.596s] DEBUG:colcon.colcon_core.event_handler.log_command:Invoked command in '/home/user/workspace/pyrobot/moveit_docker_activate/build/new_config2' returned '0': CMAKE_PREFIX_PATH=${CMAKE_PREFIX_PATH}:/home/user/workspace/pyrobot/moveit_docker_activate/install/robot_description:/home/user/workspace/pyrobot/moveit_docker_activate/install/pros_car_py:/home/user/workspace/ws_moveit2/install/moveit_configs_utils:/home/user/workspace/ws_moveit2/install/launch_param_builder:/opt/ros/humble /usr/bin/cmake --build /home/user/workspace/pyrobot/moveit_docker_activate/build/new_config2 -- -j16 -l16
[1.615s] DEBUG:colcon.colcon_core.event_handler.log_command:Invoking command in '/home/user/workspace/pyrobot/moveit_docker_activate/build/new_config2': CMAKE_PREFIX_PATH=${CMAKE_PREFIX_PATH}:/home/user/workspace/pyrobot/moveit_docker_activate/install/robot_description:/home/user/workspace/pyrobot/moveit_docker_activate/install/pros_car_py:/home/user/workspace/ws_moveit2/install/moveit_configs_utils:/home/user/workspace/ws_moveit2/install/launch_param_builder:/opt/ros/humble /usr/bin/cmake --install /home/user/workspace/pyrobot/moveit_docker_activate/build/new_config2
[1.625s] Level 1:colcon.colcon_core.environment:create_environment_scripts_only(new_config2)
[1.625s] DEBUG:colcon.colcon_core.event_handler.log_command:Invoked command in '/home/user/workspace/pyrobot/moveit_docker_activate/build/new_config2' returned '0': CMAKE_PREFIX_PATH=${CMAKE_PREFIX_PATH}:/home/user/workspace/pyrobot/moveit_docker_activate/install/robot_description:/home/user/workspace/pyrobot/moveit_docker_activate/install/pros_car_py:/home/user/workspace/ws_moveit2/install/moveit_configs_utils:/home/user/workspace/ws_moveit2/install/launch_param_builder:/opt/ros/humble /usr/bin/cmake --install /home/user/workspace/pyrobot/moveit_docker_activate/build/new_config2
[1.625s] Level 1:colcon.colcon_core.environment:checking '/home/user/workspace/pyrobot/moveit_docker_activate/install/new_config2' for CMake module files
[1.626s] Level 1:colcon.colcon_core.environment:checking '/home/user/workspace/pyrobot/moveit_docker_activate/install/new_config2' for CMake config files
[1.626s] Level 1:colcon.colcon_core.shell:create_environment_hook('new_config2', 'cmake_prefix_path')
[1.626s] INFO:colcon.colcon_core.shell:Creating environment hook '/home/user/workspace/pyrobot/moveit_docker_activate/install/new_config2/share/new_config2/hook/cmake_prefix_path.ps1'
[1.626s] INFO:colcon.colcon_core.shell:Creating environment descriptor '/home/user/workspace/pyrobot/moveit_docker_activate/install/new_config2/share/new_config2/hook/cmake_prefix_path.dsv'
[1.627s] INFO:colcon.colcon_core.shell:Creating environment hook '/home/user/workspace/pyrobot/moveit_docker_activate/install/new_config2/share/new_config2/hook/cmake_prefix_path.sh'
[1.627s] Level 1:colcon.colcon_core.environment:checking '/home/user/workspace/pyrobot/moveit_docker_activate/install/new_config2/bin'
[1.627s] Level 1:colcon.colcon_core.environment:checking '/home/user/workspace/pyrobot/moveit_docker_activate/install/new_config2/lib/pkgconfig/new_config2.pc'
[1.627s] Level 1:colcon.colcon_core.environment:checking '/home/user/workspace/pyrobot/moveit_docker_activate/install/new_config2/lib/python3.10/site-packages'
[1.627s] Level 1:colcon.colcon_core.environment:checking '/home/user/workspace/pyrobot/moveit_docker_activate/install/new_config2/bin'
[1.627s] INFO:colcon.colcon_core.shell:Creating package script '/home/user/workspace/pyrobot/moveit_docker_activate/install/new_config2/share/new_config2/package.ps1'
[1.628s] INFO:colcon.colcon_core.shell:Creating package descriptor '/home/user/workspace/pyrobot/moveit_docker_activate/install/new_config2/share/new_config2/package.dsv'
[1.628s] INFO:colcon.colcon_core.shell:Creating package script '/home/user/workspace/pyrobot/moveit_docker_activate/install/new_config2/share/new_config2/package.sh'
[1.628s] INFO:colcon.colcon_core.shell:Creating package script '/home/user/workspace/pyrobot/moveit_docker_activate/install/new_config2/share/new_config2/package.bash'
[1.628s] INFO:colcon.colcon_core.shell:Creating package script '/home/user/workspace/pyrobot/moveit_docker_activate/install/new_config2/share/new_config2/package.zsh'
[1.628s] Level 1:colcon.colcon_core.environment:create_file_with_runtime_dependencies(/home/user/workspace/pyrobot/moveit_docker_activate/install/new_config2/share/colcon-core/packages/new_config2)
[1.647s] Level 1:colcon.colcon_core.environment:create_environment_scripts_only(new_config2)
[1.647s] Level 1:colcon.colcon_core.environment:checking '/home/user/workspace/pyrobot/moveit_docker_activate/install/new_config2' for CMake module files
[1.647s] Level 1:colcon.colcon_core.environment:checking '/home/user/workspace/pyrobot/moveit_docker_activate/install/new_config2' for CMake config files
[1.647s] Level 1:colcon.colcon_core.shell:create_environment_hook('new_config2', 'cmake_prefix_path')
[1.648s] INFO:colcon.colcon_core.shell:Creating environment hook '/home/user/workspace/pyrobot/moveit_docker_activate/install/new_config2/share/new_config2/hook/cmake_prefix_path.ps1'
[1.648s] INFO:colcon.colcon_core.shell:Creating environment descriptor '/home/user/workspace/pyrobot/moveit_docker_activate/install/new_config2/share/new_config2/hook/cmake_prefix_path.dsv'
[1.648s] INFO:colcon.colcon_core.shell:Creating environment hook '/home/user/workspace/pyrobot/moveit_docker_activate/install/new_config2/share/new_config2/hook/cmake_prefix_path.sh'
[1.648s] Level 1:colcon.colcon_core.environment:checking '/home/user/workspace/pyrobot/moveit_docker_activate/install/new_config2/bin'
[1.648s] Level 1:colcon.colcon_core.environment:checking '/home/user/workspace/pyrobot/moveit_docker_activate/install/new_config2/lib/pkgconfig/new_config2.pc'
[1.649s] Level 1:colcon.colcon_core.environment:checking '/home/user/workspace/pyrobot/moveit_docker_activate/install/new_config2/lib/python3.10/site-packages'
[1.649s] Level 1:colcon.colcon_core.environment:checking '/home/user/workspace/pyrobot/moveit_docker_activate/install/new_config2/bin'
[1.649s] INFO:colcon.colcon_core.shell:Creating package script '/home/user/workspace/pyrobot/moveit_docker_activate/install/new_config2/share/new_config2/package.ps1'
[1.649s] INFO:colcon.colcon_core.shell:Creating package descriptor '/home/user/workspace/pyrobot/moveit_docker_activate/install/new_config2/share/new_config2/package.dsv'
[1.649s] INFO:colcon.colcon_core.shell:Creating package script '/home/user/workspace/pyrobot/moveit_docker_activate/install/new_config2/share/new_config2/package.sh'
[1.650s] INFO:colcon.colcon_core.shell:Creating package script '/home/user/workspace/pyrobot/moveit_docker_activate/install/new_config2/share/new_config2/package.bash'
[1.650s] INFO:colcon.colcon_core.shell:Creating package script '/home/user/workspace/pyrobot/moveit_docker_activate/install/new_config2/share/new_config2/package.zsh'
[1.650s] Level 1:colcon.colcon_core.environment:create_file_with_runtime_dependencies(/home/user/workspace/pyrobot/moveit_docker_activate/install/new_config2/share/colcon-core/packages/new_config2)
[8.195s] DEBUG:colcon.colcon_core.event_handler.log_command:Invoked command in '/home/user/workspace/pyrobot/moveit_docker_activate/build/moveit2_robot_arm_control' returned '0': AMENT_PREFIX_PATH=/home/user/workspace/pyrobot/moveit_docker_activate/install/robot_arm_interfaces:${AMENT_PREFIX_PATH} CMAKE_PREFIX_PATH=/home/user/workspace/pyrobot/moveit_docker_activate/install/robot_arm_interfaces:/home/user/workspace/pyrobot/moveit_docker_activate/install/new_config:/home/user/workspace/ws_moveit2/install/pilz_industrial_motion_planner_testutils:/home/user/workspace/ws_moveit2/install/moveit_runtime:/home/user/workspace/ws_moveit2/install/moveit2_tutorials:/home/user/workspace/ws_moveit2/install/moveit:/home/user/workspace/ws_moveit2/install/moveit_planners:/home/user/workspace/ws_moveit2/install/pilz_industrial_motion_planner:/home/user/workspace/ws_moveit2/install/moveit_visual_tools:/home/user/workspace/ws_moveit2/install/moveit_task_constructor_visualization:/home/user/workspace/ws_moveit2/install/moveit_task_constructor_demo:/home/user/workspace/ws_moveit2/install/moveit_task_constructor_capabilities:/home/user/workspace/ws_moveit2/install/moveit_task_constructor_core:/home/user/workspace/ws_moveit2/install/moveit_ros_control_interface:/home/user/workspace/ws_moveit2/install/moveit_plugins:/home/user/workspace/ws_moveit2/install/moveit_simple_controller_manager:/home/user/workspace/ws_moveit2/install/moveit_setup_assistant:/home/user/workspace/ws_moveit2/install/moveit_setup_srdf_plugins:/home/user/workspace/ws_moveit2/install/moveit_setup_core_plugins:/home/user/workspace/ws_moveit2/install/moveit_setup_controllers:/home/user/workspace/ws_moveit2/install/moveit_setup_app_plugins:/home/user/workspace/ws_moveit2/install/moveit_setup_framework:/home/user/workspace/ws_moveit2/install/moveit_servo:/home/user/workspace/ws_moveit2/install/moveit_ros:/home/user/workspace/ws_moveit2/install/moveit_ros_visualization:/home/user/workspace/ws_moveit2/install/moveit_hybrid_planning:/home/user/workspace/ws_moveit2/install/moveit_ros_planning_interface:/home/user/workspace/ws_moveit2/install/moveit_ros_benchmarks:/home/user/workspace/ws_moveit2/install/moveit_ros_warehouse:/home/user/workspace/ws_moveit2/install/moveit_ros_robot_interaction:/home/user/workspace/ws_moveit2/install/moveit_ros_perception:/home/user/workspace/ws_moveit2/install/moveit_resources_prbt_pg70_support:/home/user/workspace/ws_moveit2/install/moveit_resources_prbt_moveit_config:/home/user/workspace/ws_moveit2/install/moveit_ros_move_group:/home/user/workspace/ws_moveit2/install/moveit_planners_ompl:/home/user/workspace/ws_moveit2/install/moveit_ros_planning:/home/user/workspace/ws_moveit2/install/moveit_ros_occupancy_map_monitor:/home/user/workspace/ws_moveit2/install/moveit_resources_prbt_ikfast_manipulator_plugin:/home/user/workspace/ws_moveit2/install/moveit_planners_chomp:/home/user/workspace/ws_moveit2/install/moveit_kinematics:/home/user/workspace/ws_moveit2/install/moveit_chomp_optimizer_adapter:/home/user/workspace/ws_moveit2/install/chomp_motion_planner:/home/user/workspace/ws_moveit2/install/moveit_core:/home/user/workspace/ws_moveit2/install/srdfdom:/home/user/workspace/ws_moveit2/install/rviz_marker_tools:/home/user/workspace/ws_moveit2/install/rosparam_shortcuts:/home/user/workspace/ws_moveit2/install/moveit_task_constructor_msgs:/home/user/workspace/ws_moveit2/install/moveit_resources_prbt_support:/home/user/workspace/ws_moveit2/install/moveit_resources:/home/user/workspace/ws_moveit2/install/moveit_resources_pr2_description:/home/user/workspace/ws_moveit2/install/moveit_resources_panda_moveit_config:/home/user/workspace/ws_moveit2/install/moveit_resources_panda_description:/home/user/workspace/ws_moveit2/install/moveit_resources_fanuc_moveit_config:/home/user/workspace/ws_moveit2/install/moveit_resources_fanuc_description:/home/user/workspace/ws_moveit2/install/moveit_common:/home/user/workspace/pyrobot/moveit_docker_activate/install/robot_description:/home/user/workspace/pyrobot/moveit_docker_activate/install/pros_car_py:/home/user/workspace/ws_moveit2/install/moveit_configs_utils:/home/user/workspace/ws_moveit2/install/launch_param_builder:/opt/ros/humble LD_LIBRARY_PATH=/home/user/workspace/pyrobot/moveit_docker_activate/install/robot_arm_interfaces/lib:${LD_LIBRARY_PATH} PYTHONPATH=/home/user/workspace/pyrobot/moveit_docker_activate/install/robot_arm_interfaces/local/lib/python3.10/dist-packages:${PYTHONPATH} /usr/bin/cmake --build /home/user/workspace/pyrobot/moveit_docker_activate/build/moveit2_robot_arm_control -- -j16 -l16
[8.216s] DEBUG:colcon.colcon_core.event_handler.log_command:Invoking command in '/home/user/workspace/pyrobot/moveit_docker_activate/build/moveit2_robot_arm_control': AMENT_PREFIX_PATH=/home/user/workspace/pyrobot/moveit_docker_activate/install/robot_arm_interfaces:${AMENT_PREFIX_PATH} CMAKE_PREFIX_PATH=/home/user/workspace/pyrobot/moveit_docker_activate/install/robot_arm_interfaces:/home/user/workspace/pyrobot/moveit_docker_activate/install/new_config:/home/user/workspace/ws_moveit2/install/pilz_industrial_motion_planner_testutils:/home/user/workspace/ws_moveit2/install/moveit_runtime:/home/user/workspace/ws_moveit2/install/moveit2_tutorials:/home/user/workspace/ws_moveit2/install/moveit:/home/user/workspace/ws_moveit2/install/moveit_planners:/home/user/workspace/ws_moveit2/install/pilz_industrial_motion_planner:/home/user/workspace/ws_moveit2/install/moveit_visual_tools:/home/user/workspace/ws_moveit2/install/moveit_task_constructor_visualization:/home/user/workspace/ws_moveit2/install/moveit_task_constructor_demo:/home/user/workspace/ws_moveit2/install/moveit_task_constructor_capabilities:/home/user/workspace/ws_moveit2/install/moveit_task_constructor_core:/home/user/workspace/ws_moveit2/install/moveit_ros_control_interface:/home/user/workspace/ws_moveit2/install/moveit_plugins:/home/user/workspace/ws_moveit2/install/moveit_simple_controller_manager:/home/user/workspace/ws_moveit2/install/moveit_setup_assistant:/home/user/workspace/ws_moveit2/install/moveit_setup_srdf_plugins:/home/user/workspace/ws_moveit2/install/moveit_setup_core_plugins:/home/user/workspace/ws_moveit2/install/moveit_setup_controllers:/home/user/workspace/ws_moveit2/install/moveit_setup_app_plugins:/home/user/workspace/ws_moveit2/install/moveit_setup_framework:/home/user/workspace/ws_moveit2/install/moveit_servo:/home/user/workspace/ws_moveit2/install/moveit_ros:/home/user/workspace/ws_moveit2/install/moveit_ros_visualization:/home/user/workspace/ws_moveit2/install/moveit_hybrid_planning:/home/user/workspace/ws_moveit2/install/moveit_ros_planning_interface:/home/user/workspace/ws_moveit2/install/moveit_ros_benchmarks:/home/user/workspace/ws_moveit2/install/moveit_ros_warehouse:/home/user/workspace/ws_moveit2/install/moveit_ros_robot_interaction:/home/user/workspace/ws_moveit2/install/moveit_ros_perception:/home/user/workspace/ws_moveit2/install/moveit_resources_prbt_pg70_support:/home/user/workspace/ws_moveit2/install/moveit_resources_prbt_moveit_config:/home/user/workspace/ws_moveit2/install/moveit_ros_move_group:/home/user/workspace/ws_moveit2/install/moveit_planners_ompl:/home/user/workspace/ws_moveit2/install/moveit_ros_planning:/home/user/workspace/ws_moveit2/install/moveit_ros_occupancy_map_monitor:/home/user/workspace/ws_moveit2/install/moveit_resources_prbt_ikfast_manipulator_plugin:/home/user/workspace/ws_moveit2/install/moveit_planners_chomp:/home/user/workspace/ws_moveit2/install/moveit_kinematics:/home/user/workspace/ws_moveit2/install/moveit_chomp_optimizer_adapter:/home/user/workspace/ws_moveit2/install/chomp_motion_planner:/home/user/workspace/ws_moveit2/install/moveit_core:/home/user/workspace/ws_moveit2/install/srdfdom:/home/user/workspace/ws_moveit2/install/rviz_marker_tools:/home/user/workspace/ws_moveit2/install/rosparam_shortcuts:/home/user/workspace/ws_moveit2/install/moveit_task_constructor_msgs:/home/user/workspace/ws_moveit2/install/moveit_resources_prbt_support:/home/user/workspace/ws_moveit2/install/moveit_resources:/home/user/workspace/ws_moveit2/install/moveit_resources_pr2_description:/home/user/workspace/ws_moveit2/install/moveit_resources_panda_moveit_config:/home/user/workspace/ws_moveit2/install/moveit_resources_panda_description:/home/user/workspace/ws_moveit2/install/moveit_resources_fanuc_moveit_config:/home/user/workspace/ws_moveit2/install/moveit_resources_fanuc_description:/home/user/workspace/ws_moveit2/install/moveit_common:/home/user/workspace/pyrobot/moveit_docker_activate/install/robot_description:/home/user/workspace/pyrobot/moveit_docker_activate/install/pros_car_py:/home/user/workspace/ws_moveit2/install/moveit_configs_utils:/home/user/workspace/ws_moveit2/install/launch_param_builder:/opt/ros/humble LD_LIBRARY_PATH=/home/user/workspace/pyrobot/moveit_docker_activate/install/robot_arm_interfaces/lib:${LD_LIBRARY_PATH} PYTHONPATH=/home/user/workspace/pyrobot/moveit_docker_activate/install/robot_arm_interfaces/local/lib/python3.10/dist-packages:${PYTHONPATH} /usr/bin/cmake --install /home/user/workspace/pyrobot/moveit_docker_activate/build/moveit2_robot_arm_control
[8.227s] Level 1:colcon.colcon_core.environment:create_environment_scripts_only(moveit2_robot_arm_control)
[8.228s] Level 1:colcon.colcon_core.environment:checking '/home/user/workspace/pyrobot/moveit_docker_activate/install/moveit2_robot_arm_control' for CMake module files
[8.228s] DEBUG:colcon.colcon_core.event_handler.log_command:Invoked command in '/home/user/workspace/pyrobot/moveit_docker_activate/build/moveit2_robot_arm_control' returned '0': AMENT_PREFIX_PATH=/home/user/workspace/pyrobot/moveit_docker_activate/install/robot_arm_interfaces:${AMENT_PREFIX_PATH} CMAKE_PREFIX_PATH=/home/user/workspace/pyrobot/moveit_docker_activate/install/robot_arm_interfaces:/home/user/workspace/pyrobot/moveit_docker_activate/install/new_config:/home/user/workspace/ws_moveit2/install/pilz_industrial_motion_planner_testutils:/home/user/workspace/ws_moveit2/install/moveit_runtime:/home/user/workspace/ws_moveit2/install/moveit2_tutorials:/home/user/workspace/ws_moveit2/install/moveit:/home/user/workspace/ws_moveit2/install/moveit_planners:/home/user/workspace/ws_moveit2/install/pilz_industrial_motion_planner:/home/user/workspace/ws_moveit2/install/moveit_visual_tools:/home/user/workspace/ws_moveit2/install/moveit_task_constructor_visualization:/home/user/workspace/ws_moveit2/install/moveit_task_constructor_demo:/home/user/workspace/ws_moveit2/install/moveit_task_constructor_capabilities:/home/user/workspace/ws_moveit2/install/moveit_task_constructor_core:/home/user/workspace/ws_moveit2/install/moveit_ros_control_interface:/home/user/workspace/ws_moveit2/install/moveit_plugins:/home/user/workspace/ws_moveit2/install/moveit_simple_controller_manager:/home/user/workspace/ws_moveit2/install/moveit_setup_assistant:/home/user/workspace/ws_moveit2/install/moveit_setup_srdf_plugins:/home/user/workspace/ws_moveit2/install/moveit_setup_core_plugins:/home/user/workspace/ws_moveit2/install/moveit_setup_controllers:/home/user/workspace/ws_moveit2/install/moveit_setup_app_plugins:/home/user/workspace/ws_moveit2/install/moveit_setup_framework:/home/user/workspace/ws_moveit2/install/moveit_servo:/home/user/workspace/ws_moveit2/install/moveit_ros:/home/user/workspace/ws_moveit2/install/moveit_ros_visualization:/home/user/workspace/ws_moveit2/install/moveit_hybrid_planning:/home/user/workspace/ws_moveit2/install/moveit_ros_planning_interface:/home/user/workspace/ws_moveit2/install/moveit_ros_benchmarks:/home/user/workspace/ws_moveit2/install/moveit_ros_warehouse:/home/user/workspace/ws_moveit2/install/moveit_ros_robot_interaction:/home/user/workspace/ws_moveit2/install/moveit_ros_perception:/home/user/workspace/ws_moveit2/install/moveit_resources_prbt_pg70_support:/home/user/workspace/ws_moveit2/install/moveit_resources_prbt_moveit_config:/home/user/workspace/ws_moveit2/install/moveit_ros_move_group:/home/user/workspace/ws_moveit2/install/moveit_planners_ompl:/home/user/workspace/ws_moveit2/install/moveit_ros_planning:/home/user/workspace/ws_moveit2/install/moveit_ros_occupancy_map_monitor:/home/user/workspace/ws_moveit2/install/moveit_resources_prbt_ikfast_manipulator_plugin:/home/user/workspace/ws_moveit2/install/moveit_planners_chomp:/home/user/workspace/ws_moveit2/install/moveit_kinematics:/home/user/workspace/ws_moveit2/install/moveit_chomp_optimizer_adapter:/home/user/workspace/ws_moveit2/install/chomp_motion_planner:/home/user/workspace/ws_moveit2/install/moveit_core:/home/user/workspace/ws_moveit2/install/srdfdom:/home/user/workspace/ws_moveit2/install/rviz_marker_tools:/home/user/workspace/ws_moveit2/install/rosparam_shortcuts:/home/user/workspace/ws_moveit2/install/moveit_task_constructor_msgs:/home/user/workspace/ws_moveit2/install/moveit_resources_prbt_support:/home/user/workspace/ws_moveit2/install/moveit_resources:/home/user/workspace/ws_moveit2/install/moveit_resources_pr2_description:/home/user/workspace/ws_moveit2/install/moveit_resources_panda_moveit_config:/home/user/workspace/ws_moveit2/install/moveit_resources_panda_description:/home/user/workspace/ws_moveit2/install/moveit_resources_fanuc_moveit_config:/home/user/workspace/ws_moveit2/install/moveit_resources_fanuc_description:/home/user/workspace/ws_moveit2/install/moveit_common:/home/user/workspace/pyrobot/moveit_docker_activate/install/robot_description:/home/user/workspace/pyrobot/moveit_docker_activate/install/pros_car_py:/home/user/workspace/ws_moveit2/install/moveit_configs_utils:/home/user/workspace/ws_moveit2/install/launch_param_builder:/opt/ros/humble LD_LIBRARY_PATH=/home/user/workspace/pyrobot/moveit_docker_activate/install/robot_arm_interfaces/lib:${LD_LIBRARY_PATH} PYTHONPATH=/home/user/workspace/pyrobot/moveit_docker_activate/install/robot_arm_interfaces/local/lib/python3.10/dist-packages:${PYTHONPATH} /usr/bin/cmake --install /home/user/workspace/pyrobot/moveit_docker_activate/build/moveit2_robot_arm_control
[8.228s] Level 1:colcon.colcon_core.environment:checking '/home/user/workspace/pyrobot/moveit_docker_activate/install/moveit2_robot_arm_control' for CMake config files
[8.228s] Level 1:colcon.colcon_core.shell:create_environment_hook('moveit2_robot_arm_control', 'cmake_prefix_path')
[8.229s] INFO:colcon.colcon_core.shell:Creating environment hook '/home/user/workspace/pyrobot/moveit_docker_activate/install/moveit2_robot_arm_control/share/moveit2_robot_arm_control/hook/cmake_prefix_path.ps1'
[8.229s] INFO:colcon.colcon_core.shell:Creating environment descriptor '/home/user/workspace/pyrobot/moveit_docker_activate/install/moveit2_robot_arm_control/share/moveit2_robot_arm_control/hook/cmake_prefix_path.dsv'
[8.229s] INFO:colcon.colcon_core.shell:Creating environment hook '/home/user/workspace/pyrobot/moveit_docker_activate/install/moveit2_robot_arm_control/share/moveit2_robot_arm_control/hook/cmake_prefix_path.sh'
[8.230s] Level 1:colcon.colcon_core.environment:checking '/home/user/workspace/pyrobot/moveit_docker_activate/install/moveit2_robot_arm_control/lib'
[8.230s] Level 1:colcon.colcon_core.environment:checking '/home/user/workspace/pyrobot/moveit_docker_activate/install/moveit2_robot_arm_control/bin'
[8.230s] Level 1:colcon.colcon_core.environment:checking '/home/user/workspace/pyrobot/moveit_docker_activate/install/moveit2_robot_arm_control/lib/pkgconfig/moveit2_robot_arm_control.pc'
[8.230s] Level 1:colcon.colcon_core.environment:checking '/home/user/workspace/pyrobot/moveit_docker_activate/install/moveit2_robot_arm_control/lib/python3.10/site-packages'
[8.230s] Level 1:colcon.colcon_core.environment:checking '/home/user/workspace/pyrobot/moveit_docker_activate/install/moveit2_robot_arm_control/bin'
[8.230s] INFO:colcon.colcon_core.shell:Creating package script '/home/user/workspace/pyrobot/moveit_docker_activate/install/moveit2_robot_arm_control/share/moveit2_robot_arm_control/package.ps1'
[8.231s] INFO:colcon.colcon_core.shell:Creating package descriptor '/home/user/workspace/pyrobot/moveit_docker_activate/install/moveit2_robot_arm_control/share/moveit2_robot_arm_control/package.dsv'
[8.231s] INFO:colcon.colcon_core.shell:Creating package script '/home/user/workspace/pyrobot/moveit_docker_activate/install/moveit2_robot_arm_control/share/moveit2_robot_arm_control/package.sh'
[8.231s] INFO:colcon.colcon_core.shell:Creating package script '/home/user/workspace/pyrobot/moveit_docker_activate/install/moveit2_robot_arm_control/share/moveit2_robot_arm_control/package.bash'
[8.231s] INFO:colcon.colcon_core.shell:Creating package script '/home/user/workspace/pyrobot/moveit_docker_activate/install/moveit2_robot_arm_control/share/moveit2_robot_arm_control/package.zsh'
[8.231s] Level 1:colcon.colcon_core.environment:create_file_with_runtime_dependencies(/home/user/workspace/pyrobot/moveit_docker_activate/install/moveit2_robot_arm_control/share/colcon-core/packages/moveit2_robot_arm_control)
[8.252s] Level 1:colcon.colcon_core.environment:create_environment_scripts_only(moveit2_robot_arm_control)
[8.252s] Level 1:colcon.colcon_core.environment:checking '/home/user/workspace/pyrobot/moveit_docker_activate/install/moveit2_robot_arm_control' for CMake module files
[8.252s] Level 1:colcon.colcon_core.environment:checking '/home/user/workspace/pyrobot/moveit_docker_activate/install/moveit2_robot_arm_control' for CMake config files
[8.252s] Level 1:colcon.colcon_core.shell:create_environment_hook('moveit2_robot_arm_control', 'cmake_prefix_path')
[8.253s] INFO:colcon.colcon_core.shell:Creating environment hook '/home/user/workspace/pyrobot/moveit_docker_activate/install/moveit2_robot_arm_control/share/moveit2_robot_arm_control/hook/cmake_prefix_path.ps1'
[8.253s] INFO:colcon.colcon_core.shell:Creating environment descriptor '/home/user/workspace/pyrobot/moveit_docker_activate/install/moveit2_robot_arm_control/share/moveit2_robot_arm_control/hook/cmake_prefix_path.dsv'
[8.253s] INFO:colcon.colcon_core.shell:Creating environment hook '/home/user/workspace/pyrobot/moveit_docker_activate/install/moveit2_robot_arm_control/share/moveit2_robot_arm_control/hook/cmake_prefix_path.sh'
[8.253s] Level 1:colcon.colcon_core.environment:checking '/home/user/workspace/pyrobot/moveit_docker_activate/install/moveit2_robot_arm_control/lib'
[8.253s] Level 1:colcon.colcon_core.environment:checking '/home/user/workspace/pyrobot/moveit_docker_activate/install/moveit2_robot_arm_control/bin'
[8.253s] Level 1:colcon.colcon_core.environment:checking '/home/user/workspace/pyrobot/moveit_docker_activate/install/moveit2_robot_arm_control/lib/pkgconfig/moveit2_robot_arm_control.pc'
[8.254s] Level 1:colcon.colcon_core.environment:checking '/home/user/workspace/pyrobot/moveit_docker_activate/install/moveit2_robot_arm_control/lib/python3.10/site-packages'
[8.254s] Level 1:colcon.colcon_core.environment:checking '/home/user/workspace/pyrobot/moveit_docker_activate/install/moveit2_robot_arm_control/bin'
[8.254s] INFO:colcon.colcon_core.shell:Creating package script '/home/user/workspace/pyrobot/moveit_docker_activate/install/moveit2_robot_arm_control/share/moveit2_robot_arm_control/package.ps1'
[8.254s] INFO:colcon.colcon_core.shell:Creating package descriptor '/home/user/workspace/pyrobot/moveit_docker_activate/install/moveit2_robot_arm_control/share/moveit2_robot_arm_control/package.dsv'
[8.254s] INFO:colcon.colcon_core.shell:Creating package script '/home/user/workspace/pyrobot/moveit_docker_activate/install/moveit2_robot_arm_control/share/moveit2_robot_arm_control/package.sh'
[8.255s] INFO:colcon.colcon_core.shell:Creating package script '/home/user/workspace/pyrobot/moveit_docker_activate/install/moveit2_robot_arm_control/share/moveit2_robot_arm_control/package.bash'
[8.255s] INFO:colcon.colcon_core.shell:Creating package script '/home/user/workspace/pyrobot/moveit_docker_activate/install/moveit2_robot_arm_control/share/moveit2_robot_arm_control/package.zsh'
[8.255s] Level 1:colcon.colcon_core.environment:create_file_with_runtime_dependencies(/home/user/workspace/pyrobot/moveit_docker_activate/install/moveit2_robot_arm_control/share/colcon-core/packages/moveit2_robot_arm_control)
[8.255s] DEBUG:colcon.colcon_parallel_executor.executor.parallel:closing loop
[8.256s] DEBUG:colcon.colcon_parallel_executor.executor.parallel:loop closed
[8.256s] DEBUG:colcon.colcon_parallel_executor.executor.parallel:run_until_complete finished with '0'
[8.256s] DEBUG:colcon.colcon_core.event_reactor:joining thread
[8.289s] INFO:colcon.colcon_core.plugin_system:Skipping extension 'colcon_notification.desktop_notification.notify_send': Could not find 'notify-send'
[8.289s] INFO:colcon.colcon_core.plugin_system:Skipping extension 'colcon_notification.desktop_notification.terminal_notifier': Not used on non-Darwin systems
[8.289s] INFO:colcon.colcon_core.plugin_system:Skipping extension 'colcon_notification.desktop_notification.win32': Not used on non-Windows systems
[8.289s] INFO:colcon.colcon_notification.desktop_notification:Sending desktop notification using 'notify2'
[8.289s] DEBUG:colcon.colcon_notification.desktop_notification.notify2:Failed to initialize notify2: org.freedesktop.DBus.Error.FileNotFound: Failed to connect to socket /run/user/1000/bus: No such file or directory
[8.290s] DEBUG:colcon.colcon_core.event_reactor:joined thread
[8.290s] INFO:colcon.colcon_core.shell:Creating prefix script '/home/user/workspace/pyrobot/moveit_docker_activate/install/local_setup.ps1'
[8.291s] INFO:colcon.colcon_core.shell:Creating prefix util module '/home/user/workspace/pyrobot/moveit_docker_activate/install/_local_setup_util_ps1.py'
[8.292s] INFO:colcon.colcon_core.shell:Creating prefix chain script '/home/user/workspace/pyrobot/moveit_docker_activate/install/setup.ps1'
[8.294s] INFO:colcon.colcon_core.shell:Creating prefix script '/home/user/workspace/pyrobot/moveit_docker_activate/install/local_setup.sh'
[8.294s] INFO:colcon.colcon_core.shell:Creating prefix util module '/home/user/workspace/pyrobot/moveit_docker_activate/install/_local_setup_util_sh.py'
[8.295s] INFO:colcon.colcon_core.shell:Creating prefix chain script '/home/user/workspace/pyrobot/moveit_docker_activate/install/setup.sh'
[8.296s] INFO:colcon.colcon_core.shell:Creating prefix script '/home/user/workspace/pyrobot/moveit_docker_activate/install/local_setup.bash'
[8.297s] INFO:colcon.colcon_core.shell:Creating prefix chain script '/home/user/workspace/pyrobot/moveit_docker_activate/install/setup.bash'
[8.299s] INFO:colcon.colcon_core.shell:Creating prefix script '/home/user/workspace/pyrobot/moveit_docker_activate/install/local_setup.zsh'
[8.299s] INFO:colcon.colcon_core.shell:Creating prefix chain script '/home/user/workspace/pyrobot/moveit_docker_activate/install/setup.zsh'
