[0.058s] Invoking command in '/home/user/workspace/pyrobot/moveit_docker_activate/build/origin_arm': CMAKE_PREFIX_PATH=${CMAKE_PREFIX_PATH}:/home/user/workspace/pyrobot/moveit_docker_activate/install/robot_description_version2:/home/user/workspace/pyrobot/moveit_docker_activate/install/robot_description:/home/user/workspace/pyrobot/moveit_docker_activate/install/pros_car_py:/home/user/workspace/ws_moveit2/install/moveit_configs_utils:/home/user/workspace/ws_moveit2/install/launch_param_builder:/opt/ros/humble /usr/bin/cmake /home/user/workspace/pyrobot/moveit_docker_activate/src/origin_arm -DCMAKE_INSTALL_PREFIX=/home/user/workspace/pyrobot/moveit_docker_activate/install/origin_arm
[0.206s] -- The C compiler identification is GNU 11.4.0
[0.435s] -- The CXX compiler identification is GNU 11.4.0
[0.557s] -- Detecting C compiler ABI info
[0.631s] -- Detecting C compiler ABI info - done
[0.635s] -- Check for working C compiler: /usr/bin/cc - skipped
[0.637s] -- Detecting C compile features
[0.637s] -- Detecting C compile features - done
[0.640s] -- Detecting CXX compiler ABI info
[0.726s] -- Detecting CXX compiler ABI info - done
[0.730s] -- Check for working CXX compiler: /usr/bin/c++ - skipped
[0.730s] -- Detecting CXX compile features
[0.730s] -- Detecting CXX compile features - done
[0.758s] -- Found ament_cmake: 1.3.10 (/opt/ros/humble/share/ament_cmake/cmake)
[0.866s] -- Found Python3: /usr/bin/python3 (found version "3.10.12") found components: Interpreter 
[1.002s] -- Configuring done
[1.005s] -- Generating done
[1.005s] -- Build files have been written to: /home/user/workspace/pyrobot/moveit_docker_activate/build/origin_arm
[1.007s] Invoked command in '/home/user/workspace/pyrobot/moveit_docker_activate/build/origin_arm' returned '0': CMAKE_PREFIX_PATH=${CMAKE_PREFIX_PATH}:/home/user/workspace/pyrobot/moveit_docker_activate/install/robot_description_version2:/home/user/workspace/pyrobot/moveit_docker_activate/install/robot_description:/home/user/workspace/pyrobot/moveit_docker_activate/install/pros_car_py:/home/user/workspace/ws_moveit2/install/moveit_configs_utils:/home/user/workspace/ws_moveit2/install/launch_param_builder:/opt/ros/humble /usr/bin/cmake /home/user/workspace/pyrobot/moveit_docker_activate/src/origin_arm -DCMAKE_INSTALL_PREFIX=/home/user/workspace/pyrobot/moveit_docker_activate/install/origin_arm
[1.009s] Invoking command in '/home/user/workspace/pyrobot/moveit_docker_activate/build/origin_arm': CMAKE_PREFIX_PATH=${CMAKE_PREFIX_PATH}:/home/user/workspace/pyrobot/moveit_docker_activate/install/robot_description_version2:/home/user/workspace/pyrobot/moveit_docker_activate/install/robot_description:/home/user/workspace/pyrobot/moveit_docker_activate/install/pros_car_py:/home/user/workspace/ws_moveit2/install/moveit_configs_utils:/home/user/workspace/ws_moveit2/install/launch_param_builder:/opt/ros/humble /usr/bin/cmake --build /home/user/workspace/pyrobot/moveit_docker_activate/build/origin_arm -- -j16 -l16
[1.031s] Invoked command in '/home/user/workspace/pyrobot/moveit_docker_activate/build/origin_arm' returned '0': CMAKE_PREFIX_PATH=${CMAKE_PREFIX_PATH}:/home/user/workspace/pyrobot/moveit_docker_activate/install/robot_description_version2:/home/user/workspace/pyrobot/moveit_docker_activate/install/robot_description:/home/user/workspace/pyrobot/moveit_docker_activate/install/pros_car_py:/home/user/workspace/ws_moveit2/install/moveit_configs_utils:/home/user/workspace/ws_moveit2/install/launch_param_builder:/opt/ros/humble /usr/bin/cmake --build /home/user/workspace/pyrobot/moveit_docker_activate/build/origin_arm -- -j16 -l16
[1.048s] Invoking command in '/home/user/workspace/pyrobot/moveit_docker_activate/build/origin_arm': CMAKE_PREFIX_PATH=${CMAKE_PREFIX_PATH}:/home/user/workspace/pyrobot/moveit_docker_activate/install/robot_description_version2:/home/user/workspace/pyrobot/moveit_docker_activate/install/robot_description:/home/user/workspace/pyrobot/moveit_docker_activate/install/pros_car_py:/home/user/workspace/ws_moveit2/install/moveit_configs_utils:/home/user/workspace/ws_moveit2/install/launch_param_builder:/opt/ros/humble /usr/bin/cmake --install /home/user/workspace/pyrobot/moveit_docker_activate/build/origin_arm
[1.052s] -- Install configuration: ""
[1.053s] -- Installing: /home/user/workspace/pyrobot/moveit_docker_activate/install/origin_arm/share/ament_index/resource_index/package_run_dependencies/origin_arm
[1.053s] -- Installing: /home/user/workspace/pyrobot/moveit_docker_activate/install/origin_arm/share/ament_index/resource_index/parent_prefix_path/origin_arm
[1.054s] -- Installing: /home/user/workspace/pyrobot/moveit_docker_activate/install/origin_arm/share/origin_arm/environment/ament_prefix_path.sh
[1.054s] -- Installing: /home/user/workspace/pyrobot/moveit_docker_activate/install/origin_arm/share/origin_arm/environment/ament_prefix_path.dsv
[1.054s] -- Installing: /home/user/workspace/pyrobot/moveit_docker_activate/install/origin_arm/share/origin_arm/environment/path.sh
[1.054s] -- Installing: /home/user/workspace/pyrobot/moveit_docker_activate/install/origin_arm/share/origin_arm/environment/path.dsv
[1.054s] -- Installing: /home/user/workspace/pyrobot/moveit_docker_activate/install/origin_arm/share/origin_arm/local_setup.bash
[1.054s] -- Installing: /home/user/workspace/pyrobot/moveit_docker_activate/install/origin_arm/share/origin_arm/local_setup.sh
[1.054s] -- Installing: /home/user/workspace/pyrobot/moveit_docker_activate/install/origin_arm/share/origin_arm/local_setup.zsh
[1.054s] -- Installing: /home/user/workspace/pyrobot/moveit_docker_activate/install/origin_arm/share/origin_arm/local_setup.dsv
[1.054s] -- Installing: /home/user/workspace/pyrobot/moveit_docker_activate/install/origin_arm/share/origin_arm/package.dsv
[1.054s] -- Installing: /home/user/workspace/pyrobot/moveit_docker_activate/install/origin_arm/share/ament_index/resource_index/packages/origin_arm
[1.055s] -- Installing: /home/user/workspace/pyrobot/moveit_docker_activate/install/origin_arm/share/origin_arm/cmake/origin_armConfig.cmake
[1.055s] -- Installing: /home/user/workspace/pyrobot/moveit_docker_activate/install/origin_arm/share/origin_arm/cmake/origin_armConfig-version.cmake
[1.055s] -- Installing: /home/user/workspace/pyrobot/moveit_docker_activate/install/origin_arm/share/origin_arm/package.xml
[1.055s] -- Installing: /home/user/workspace/pyrobot/moveit_docker_activate/install/origin_arm/share/origin_arm/launch
[1.055s] -- Installing: /home/user/workspace/pyrobot/moveit_docker_activate/install/origin_arm/share/origin_arm/launch/static_virtual_joint_tfs.launch.py
[1.055s] -- Installing: /home/user/workspace/pyrobot/moveit_docker_activate/install/origin_arm/share/origin_arm/launch/setup_assistant.launch.py
[1.055s] -- Installing: /home/user/workspace/pyrobot/moveit_docker_activate/install/origin_arm/share/origin_arm/launch/spawn_controllers.launch.py
[1.055s] -- Installing: /home/user/workspace/pyrobot/moveit_docker_activate/install/origin_arm/share/origin_arm/launch/demo.launch.py
[1.055s] -- Installing: /home/user/workspace/pyrobot/moveit_docker_activate/install/origin_arm/share/origin_arm/launch/moveit_rviz.launch.py
[1.056s] -- Installing: /home/user/workspace/pyrobot/moveit_docker_activate/install/origin_arm/share/origin_arm/launch/warehouse_db.launch.py
[1.056s] -- Installing: /home/user/workspace/pyrobot/moveit_docker_activate/install/origin_arm/share/origin_arm/launch/rsp.launch.py
[1.056s] -- Installing: /home/user/workspace/pyrobot/moveit_docker_activate/install/origin_arm/share/origin_arm/launch/move_group.launch.py
[1.056s] -- Installing: /home/user/workspace/pyrobot/moveit_docker_activate/install/origin_arm/share/origin_arm/config
[1.056s] -- Installing: /home/user/workspace/pyrobot/moveit_docker_activate/install/origin_arm/share/origin_arm/config/angle_excurate_arm_ver2.urdf.xacro
[1.056s] -- Installing: /home/user/workspace/pyrobot/moveit_docker_activate/install/origin_arm/share/origin_arm/config/ros2_controllers.yaml
[1.056s] -- Installing: /home/user/workspace/pyrobot/moveit_docker_activate/install/origin_arm/share/origin_arm/config/moveit.rviz
[1.056s] -- Installing: /home/user/workspace/pyrobot/moveit_docker_activate/install/origin_arm/share/origin_arm/config/moveit_controllers.yaml
[1.056s] -- Installing: /home/user/workspace/pyrobot/moveit_docker_activate/install/origin_arm/share/origin_arm/config/kinematics.yaml
[1.056s] -- Installing: /home/user/workspace/pyrobot/moveit_docker_activate/install/origin_arm/share/origin_arm/config/pilz_cartesian_limits.yaml
[1.056s] -- Installing: /home/user/workspace/pyrobot/moveit_docker_activate/install/origin_arm/share/origin_arm/config/joint_limits.yaml
[1.056s] -- Installing: /home/user/workspace/pyrobot/moveit_docker_activate/install/origin_arm/share/origin_arm/config/angle_excurate_arm_ver2.srdf
[1.056s] -- Installing: /home/user/workspace/pyrobot/moveit_docker_activate/install/origin_arm/share/origin_arm/config/initial_positions.yaml
[1.056s] -- Installing: /home/user/workspace/pyrobot/moveit_docker_activate/install/origin_arm/share/origin_arm/config/angle_excurate_arm_ver2.ros2_control.xacro
[1.056s] -- Installing: /home/user/workspace/pyrobot/moveit_docker_activate/install/origin_arm/share/origin_arm/.setup_assistant
[1.057s] Invoked command in '/home/user/workspace/pyrobot/moveit_docker_activate/build/origin_arm' returned '0': CMAKE_PREFIX_PATH=${CMAKE_PREFIX_PATH}:/home/user/workspace/pyrobot/moveit_docker_activate/install/robot_description_version2:/home/user/workspace/pyrobot/moveit_docker_activate/install/robot_description:/home/user/workspace/pyrobot/moveit_docker_activate/install/pros_car_py:/home/user/workspace/ws_moveit2/install/moveit_configs_utils:/home/user/workspace/ws_moveit2/install/launch_param_builder:/opt/ros/humble /usr/bin/cmake --install /home/user/workspace/pyrobot/moveit_docker_activate/build/origin_arm
