running egg_info
writing ../../build/robot_description/robot_description.egg-info/PKG-INFO
writing dependency_links to ../../build/robot_description/robot_description.egg-info/dependency_links.txt
writing entry points to ../../build/robot_description/robot_description.egg-info/entry_points.txt
writing requirements to ../../build/robot_description/robot_description.egg-info/requires.txt
writing top-level names to ../../build/robot_description/robot_description.egg-info/top_level.txt
reading manifest file '../../build/robot_description/robot_description.egg-info/SOURCES.txt'
writing manifest file '../../build/robot_description/robot_description.egg-info/SOURCES.txt'
running build
running build_py
running install
running install_lib
running install_data
copying urdf/robot_arm_origin.urdf -> /home/user/workspace/pyrobot/moveit_docker_activate/install/robot_description/share/robot_description/urdf/
creating /home/user/workspace/pyrobot/moveit_docker_activate/install/robot_description/share/robot_description/robot_arm_mesh
copying robot_arm_mesh/base_link2_v2_1.stl -> /home/user/workspace/pyrobot/moveit_docker_activate/install/robot_description/share/robot_description/robot_arm_mesh
copying robot_arm_mesh/robot_ver7_grap2_2_v1_1.stl -> /home/user/workspace/pyrobot/moveit_docker_activate/install/robot_description/share/robot_description/robot_arm_mesh
copying robot_arm_mesh/base_link_2_1.stl -> /home/user/workspace/pyrobot/moveit_docker_activate/install/robot_description/share/robot_description/robot_arm_mesh
copying robot_arm_mesh/robot_ver7_grap1_2_v1_1.stl -> /home/user/workspace/pyrobot/moveit_docker_activate/install/robot_description/share/robot_description/robot_arm_mesh
copying robot_arm_mesh/link4_v1_1.stl -> /home/user/workspace/pyrobot/moveit_docker_activate/install/robot_description/share/robot_description/robot_arm_mesh
copying robot_arm_mesh/base_link.stl -> /home/user/workspace/pyrobot/moveit_docker_activate/install/robot_description/share/robot_description/robot_arm_mesh
copying robot_arm_mesh/link3_v1_1.stl -> /home/user/workspace/pyrobot/moveit_docker_activate/install/robot_description/share/robot_description/robot_arm_mesh
copying robot_arm_mesh/robot_ver7_link_4_v1_1.stl -> /home/user/workspace/pyrobot/moveit_docker_activate/install/robot_description/share/robot_description/robot_arm_mesh
running install_egg_info
removing '/home/user/workspace/pyrobot/moveit_docker_activate/install/robot_description/lib/python3.10/site-packages/robot_description-0.0.0-py3.10.egg-info' (and everything under it)
Copying ../../build/robot_description/robot_description.egg-info to /home/user/workspace/pyrobot/moveit_docker_activate/install/robot_description/lib/python3.10/site-packages/robot_description-0.0.0-py3.10.egg-info
running install_scripts
writing list of installed files to '/home/user/workspace/pyrobot/moveit_docker_activate/build/robot_description/install.log'
