[0.055s] Invoking command in '/home/user/workspace/pyrobot/moveit_docker_activate/build/new_config2': AMENT_PREFIX_PATH=/home/user/workspace/pyrobot/moveit_docker_activate/install/robot_description:${AMENT_PREFIX_PATH} CMAKE_PREFIX_PATH=${CMAKE_PREFIX_PATH}:/home/user/workspace/ws_moveit2/install/moveit_configs_utils:/home/user/workspace/ws_moveit2/install/launch_param_builder:/opt/ros/humble PYTHONPATH=/home/user/workspace/pyrobot/moveit_docker_activate/install/robot_description/lib/python3.10/site-packages:${PYTHONPATH} /usr/bin/cmake /home/user/workspace/pyrobot/moveit_docker_activate/src/new_config2 -DCMAKE_INSTALL_PREFIX=/home/user/workspace/pyrobot/moveit_docker_activate/install/new_config2
[0.133s] -- The C compiler identification is GNU 11.4.0
[0.362s] -- The CXX compiler identification is GNU 11.4.0
[0.461s] -- Detecting C compiler ABI info
[0.539s] -- Detecting C compiler ABI info - done
[0.544s] -- Check for working C compiler: /usr/bin/cc - skipped
[0.544s] -- Detecting C compile features
[0.545s] -- Detecting C compile features - done
[0.546s] -- Detecting CXX compiler ABI info
[0.632s] -- Detecting CXX compiler ABI info - done
[0.637s] -- Check for working CXX compiler: /usr/bin/c++ - skipped
[0.637s] -- Detecting CXX compile features
[0.637s] -- Detecting CXX compile features - done
[0.641s] -- Found ament_cmake: 1.3.10 (/opt/ros/humble/share/ament_cmake/cmake)
[0.761s] -- Found Python3: /usr/bin/python3 (found version "3.10.12") found components: Interpreter 
[0.899s] -- Configuring done
[0.903s] -- Generating done
[0.904s] -- Build files have been written to: /home/user/workspace/pyrobot/moveit_docker_activate/build/new_config2
[0.908s] Invoked command in '/home/user/workspace/pyrobot/moveit_docker_activate/build/new_config2' returned '0': AMENT_PREFIX_PATH=/home/user/workspace/pyrobot/moveit_docker_activate/install/robot_description:${AMENT_PREFIX_PATH} CMAKE_PREFIX_PATH=${CMAKE_PREFIX_PATH}:/home/user/workspace/ws_moveit2/install/moveit_configs_utils:/home/user/workspace/ws_moveit2/install/launch_param_builder:/opt/ros/humble PYTHONPATH=/home/user/workspace/pyrobot/moveit_docker_activate/install/robot_description/lib/python3.10/site-packages:${PYTHONPATH} /usr/bin/cmake /home/user/workspace/pyrobot/moveit_docker_activate/src/new_config2 -DCMAKE_INSTALL_PREFIX=/home/user/workspace/pyrobot/moveit_docker_activate/install/new_config2
[0.908s] Invoking command in '/home/user/workspace/pyrobot/moveit_docker_activate/build/new_config2': AMENT_PREFIX_PATH=/home/user/workspace/pyrobot/moveit_docker_activate/install/robot_description:${AMENT_PREFIX_PATH} CMAKE_PREFIX_PATH=${CMAKE_PREFIX_PATH}:/home/user/workspace/ws_moveit2/install/moveit_configs_utils:/home/user/workspace/ws_moveit2/install/launch_param_builder:/opt/ros/humble PYTHONPATH=/home/user/workspace/pyrobot/moveit_docker_activate/install/robot_description/lib/python3.10/site-packages:${PYTHONPATH} /usr/bin/cmake --build /home/user/workspace/pyrobot/moveit_docker_activate/build/new_config2 -- -j16 -l16
[0.939s] Invoked command in '/home/user/workspace/pyrobot/moveit_docker_activate/build/new_config2' returned '0': AMENT_PREFIX_PATH=/home/user/workspace/pyrobot/moveit_docker_activate/install/robot_description:${AMENT_PREFIX_PATH} CMAKE_PREFIX_PATH=${CMAKE_PREFIX_PATH}:/home/user/workspace/ws_moveit2/install/moveit_configs_utils:/home/user/workspace/ws_moveit2/install/launch_param_builder:/opt/ros/humble PYTHONPATH=/home/user/workspace/pyrobot/moveit_docker_activate/install/robot_description/lib/python3.10/site-packages:${PYTHONPATH} /usr/bin/cmake --build /home/user/workspace/pyrobot/moveit_docker_activate/build/new_config2 -- -j16 -l16
[0.957s] Invoking command in '/home/user/workspace/pyrobot/moveit_docker_activate/build/new_config2': AMENT_PREFIX_PATH=/home/user/workspace/pyrobot/moveit_docker_activate/install/robot_description:${AMENT_PREFIX_PATH} CMAKE_PREFIX_PATH=${CMAKE_PREFIX_PATH}:/home/user/workspace/ws_moveit2/install/moveit_configs_utils:/home/user/workspace/ws_moveit2/install/launch_param_builder:/opt/ros/humble PYTHONPATH=/home/user/workspace/pyrobot/moveit_docker_activate/install/robot_description/lib/python3.10/site-packages:${PYTHONPATH} /usr/bin/cmake --install /home/user/workspace/pyrobot/moveit_docker_activate/build/new_config2
[0.962s] -- Install configuration: ""
[0.964s] -- Installing: /home/user/workspace/pyrobot/moveit_docker_activate/install/new_config2/share/ament_index/resource_index/package_run_dependencies/new_config2
[0.965s] -- Installing: /home/user/workspace/pyrobot/moveit_docker_activate/install/new_config2/share/ament_index/resource_index/parent_prefix_path/new_config2
[0.966s] -- Installing: /home/user/workspace/pyrobot/moveit_docker_activate/install/new_config2/share/new_config2/environment/ament_prefix_path.sh
[0.966s] -- Installing: /home/user/workspace/pyrobot/moveit_docker_activate/install/new_config2/share/new_config2/environment/ament_prefix_path.dsv
[0.966s] -- Installing: /home/user/workspace/pyrobot/moveit_docker_activate/install/new_config2/share/new_config2/environment/path.sh
[0.967s] -- Installing: /home/user/workspace/pyrobot/moveit_docker_activate/install/new_config2/share/new_config2/environment/path.dsv
[0.967s] -- Installing: /home/user/workspace/pyrobot/moveit_docker_activate/install/new_config2/share/new_config2/local_setup.bash
[0.967s] -- Installing: /home/user/workspace/pyrobot/moveit_docker_activate/install/new_config2/share/new_config2/local_setup.sh
[0.967s] -- Installing: /home/user/workspace/pyrobot/moveit_docker_activate/install/new_config2/share/new_config2/local_setup.zsh
[0.967s] -- Installing: /home/user/workspace/pyrobot/moveit_docker_activate/install/new_config2/share/new_config2/local_setup.dsv
[0.967s] -- Installing: /home/user/workspace/pyrobot/moveit_docker_activate/install/new_config2/share/new_config2/package.dsv
[0.967s] -- Installing: /home/user/workspace/pyrobot/moveit_docker_activate/install/new_config2/share/ament_index/resource_index/packages/new_config2
[0.970s] -- Installing: /home/user/workspace/pyrobot/moveit_docker_activate/install/new_config2/share/new_config2/cmake/new_config2Config.cmake
[0.971s] -- Installing: /home/user/workspace/pyrobot/moveit_docker_activate/install/new_config2/share/new_config2/cmake/new_config2Config-version.cmake
[0.971s] -- Installing: /home/user/workspace/pyrobot/moveit_docker_activate/install/new_config2/share/new_config2/package.xml
[0.972s] -- Installing: /home/user/workspace/pyrobot/moveit_docker_activate/install/new_config2/share/new_config2/launch
[0.972s] -- Installing: /home/user/workspace/pyrobot/moveit_docker_activate/install/new_config2/share/new_config2/launch/static_virtual_joint_tfs.launch.py
[0.972s] -- Installing: /home/user/workspace/pyrobot/moveit_docker_activate/install/new_config2/share/new_config2/launch/setup_assistant.launch.py
[0.972s] -- Installing: /home/user/workspace/pyrobot/moveit_docker_activate/install/new_config2/share/new_config2/launch/spawn_controllers.launch.py
[0.972s] -- Installing: /home/user/workspace/pyrobot/moveit_docker_activate/install/new_config2/share/new_config2/launch/demo.launch.py
[0.972s] -- Installing: /home/user/workspace/pyrobot/moveit_docker_activate/install/new_config2/share/new_config2/launch/moveit_rviz.launch.py
[0.972s] -- Installing: /home/user/workspace/pyrobot/moveit_docker_activate/install/new_config2/share/new_config2/launch/warehouse_db.launch.py
[0.972s] -- Installing: /home/user/workspace/pyrobot/moveit_docker_activate/install/new_config2/share/new_config2/launch/rsp.launch.py
[0.972s] -- Installing: /home/user/workspace/pyrobot/moveit_docker_activate/install/new_config2/share/new_config2/launch/move_group.launch.py
[0.973s] -- Installing: /home/user/workspace/pyrobot/moveit_docker_activate/install/new_config2/share/new_config2/config
[0.973s] -- Installing: /home/user/workspace/pyrobot/moveit_docker_activate/install/new_config2/share/new_config2/config/angle_excurate_arm_ver2.urdf.xacro
[0.973s] -- Installing: /home/user/workspace/pyrobot/moveit_docker_activate/install/new_config2/share/new_config2/config/ros2_controllers.yaml
[0.973s] -- Installing: /home/user/workspace/pyrobot/moveit_docker_activate/install/new_config2/share/new_config2/config/moveit.rviz
[0.973s] -- Installing: /home/user/workspace/pyrobot/moveit_docker_activate/install/new_config2/share/new_config2/config/moveit_controllers.yaml
[0.973s] -- Installing: /home/user/workspace/pyrobot/moveit_docker_activate/install/new_config2/share/new_config2/config/kinematics.yaml
[0.973s] -- Installing: /home/user/workspace/pyrobot/moveit_docker_activate/install/new_config2/share/new_config2/config/pilz_cartesian_limits.yaml
[0.973s] -- Installing: /home/user/workspace/pyrobot/moveit_docker_activate/install/new_config2/share/new_config2/config/joint_limits.yaml
[0.974s] -- Installing: /home/user/workspace/pyrobot/moveit_docker_activate/install/new_config2/share/new_config2/config/angle_excurate_arm_ver2.srdf
[0.974s] -- Installing: /home/user/workspace/pyrobot/moveit_docker_activate/install/new_config2/share/new_config2/config/initial_positions.yaml
[0.974s] -- Installing: /home/user/workspace/pyrobot/moveit_docker_activate/install/new_config2/share/new_config2/config/angle_excurate_arm_ver2.ros2_control.xacro
[0.974s] -- Installing: /home/user/workspace/pyrobot/moveit_docker_activate/install/new_config2/share/new_config2/config/ompl_planning.yaml
[0.974s] -- Installing: /home/user/workspace/pyrobot/moveit_docker_activate/install/new_config2/share/new_config2/.setup_assistant
[0.981s] Invoked command in '/home/user/workspace/pyrobot/moveit_docker_activate/build/new_config2' returned '0': AMENT_PREFIX_PATH=/home/user/workspace/pyrobot/moveit_docker_activate/install/robot_description:${AMENT_PREFIX_PATH} CMAKE_PREFIX_PATH=${CMAKE_PREFIX_PATH}:/home/user/workspace/ws_moveit2/install/moveit_configs_utils:/home/user/workspace/ws_moveit2/install/launch_param_builder:/opt/ros/humble PYTHONPATH=/home/user/workspace/pyrobot/moveit_docker_activate/install/robot_description/lib/python3.10/site-packages:${PYTHONPATH} /usr/bin/cmake --install /home/user/workspace/pyrobot/moveit_docker_activate/build/new_config2
