-- Install configuration: ""
-- Up-to-date: /home/user/workspace/pyrobot/moveit_ws/install/moveit_robot_generate/share/moveit_robot_generate/launch
-- Up-to-date: /home/user/workspace/pyrobot/moveit_ws/install/moveit_robot_generate/share/moveit_robot_generate/launch/static_virtual_joint_tfs.launch.py
-- Up-to-date: /home/user/workspace/pyrobot/moveit_ws/install/moveit_robot_generate/share/moveit_robot_generate/launch/setup_assistant.launch.py
-- Up-to-date: /home/user/workspace/pyrobot/moveit_ws/install/moveit_robot_generate/share/moveit_robot_generate/launch/spawn_controllers.launch.py
-- Up-to-date: /home/user/workspace/pyrobot/moveit_ws/install/moveit_robot_generate/share/moveit_robot_generate/launch/demo.launch.py
-- Up-to-date: /home/user/workspace/pyrobot/moveit_ws/install/moveit_robot_generate/share/moveit_robot_generate/launch/moveit_rviz.launch.py
-- Up-to-date: /home/user/workspace/pyrobot/moveit_ws/install/moveit_robot_generate/share/moveit_robot_generate/launch/warehouse_db.launch.py
-- Installing: /home/user/workspace/pyrobot/moveit_ws/install/moveit_robot_generate/share/moveit_robot_generate/launch/ik_demo.launch.py
-- Up-to-date: /home/user/workspace/pyrobot/moveit_ws/install/moveit_robot_generate/share/moveit_robot_generate/launch/rsp.launch.py
-- Up-to-date: /home/user/workspace/pyrobot/moveit_ws/install/moveit_robot_generate/share/moveit_robot_generate/launch/move_group.launch.py
-- Up-to-date: /home/user/workspace/pyrobot/moveit_ws/install/moveit_robot_generate/share/moveit_robot_generate/config
-- Up-to-date: /home/user/workspace/pyrobot/moveit_ws/install/moveit_robot_generate/share/moveit_robot_generate/config/angle_excurate_arm_ver2.urdf.xacro
-- Up-to-date: /home/user/workspace/pyrobot/moveit_ws/install/moveit_robot_generate/share/moveit_robot_generate/config/ros2_controllers.yaml
-- Up-to-date: /home/user/workspace/pyrobot/moveit_ws/install/moveit_robot_generate/share/moveit_robot_generate/config/moveit.rviz
-- Up-to-date: /home/user/workspace/pyrobot/moveit_ws/install/moveit_robot_generate/share/moveit_robot_generate/config/kinematics.yaml
-- Up-to-date: /home/user/workspace/pyrobot/moveit_ws/install/moveit_robot_generate/share/moveit_robot_generate/config/pilz_cartesian_limits.yaml
-- Up-to-date: /home/user/workspace/pyrobot/moveit_ws/install/moveit_robot_generate/share/moveit_robot_generate/config/joint_limits.yaml
-- Up-to-date: /home/user/workspace/pyrobot/moveit_ws/install/moveit_robot_generate/share/moveit_robot_generate/config/angle_excurate_arm_ver2.srdf
-- Up-to-date: /home/user/workspace/pyrobot/moveit_ws/install/moveit_robot_generate/share/moveit_robot_generate/config/initial_positions.yaml
-- Up-to-date: /home/user/workspace/pyrobot/moveit_ws/install/moveit_robot_generate/share/moveit_robot_generate/config/angle_excurate_arm_ver2.ros2_control.xacro
-- Up-to-date: /home/user/workspace/pyrobot/moveit_ws/install/moveit_robot_generate/share/moveit_robot_generate/.setup_assistant
-- Up-to-date: /home/user/workspace/pyrobot/moveit_ws/install/moveit_robot_generate/share/ament_index/resource_index/package_run_dependencies/moveit_robot_generate
-- Up-to-date: /home/user/workspace/pyrobot/moveit_ws/install/moveit_robot_generate/share/ament_index/resource_index/parent_prefix_path/moveit_robot_generate
-- Up-to-date: /home/user/workspace/pyrobot/moveit_ws/install/moveit_robot_generate/share/moveit_robot_generate/environment/ament_prefix_path.sh
-- Up-to-date: /home/user/workspace/pyrobot/moveit_ws/install/moveit_robot_generate/share/moveit_robot_generate/environment/ament_prefix_path.dsv
-- Up-to-date: /home/user/workspace/pyrobot/moveit_ws/install/moveit_robot_generate/share/moveit_robot_generate/environment/path.sh
-- Up-to-date: /home/user/workspace/pyrobot/moveit_ws/install/moveit_robot_generate/share/moveit_robot_generate/environment/path.dsv
-- Up-to-date: /home/user/workspace/pyrobot/moveit_ws/install/moveit_robot_generate/share/moveit_robot_generate/local_setup.bash
-- Up-to-date: /home/user/workspace/pyrobot/moveit_ws/install/moveit_robot_generate/share/moveit_robot_generate/local_setup.sh
-- Up-to-date: /home/user/workspace/pyrobot/moveit_ws/install/moveit_robot_generate/share/moveit_robot_generate/local_setup.zsh
-- Up-to-date: /home/user/workspace/pyrobot/moveit_ws/install/moveit_robot_generate/share/moveit_robot_generate/local_setup.dsv
-- Installing: /home/user/workspace/pyrobot/moveit_ws/install/moveit_robot_generate/share/moveit_robot_generate/package.dsv
-- Up-to-date: /home/user/workspace/pyrobot/moveit_ws/install/moveit_robot_generate/share/ament_index/resource_index/packages/moveit_robot_generate
-- Up-to-date: /home/user/workspace/pyrobot/moveit_ws/install/moveit_robot_generate/share/moveit_robot_generate/cmake/moveit_robot_generateConfig.cmake
-- Up-to-date: /home/user/workspace/pyrobot/moveit_ws/install/moveit_robot_generate/share/moveit_robot_generate/cmake/moveit_robot_generateConfig-version.cmake
-- Up-to-date: /home/user/workspace/pyrobot/moveit_ws/install/moveit_robot_generate/share/moveit_robot_generate/package.xml
