-- Install configuration: ""
-- Up-to-date: /home/user/workspace/pyrobot/moveit_docker_activate/install/origin_arm/share/ament_index/resource_index/package_run_dependencies/origin_arm
-- Up-to-date: /home/user/workspace/pyrobot/moveit_docker_activate/install/origin_arm/share/ament_index/resource_index/parent_prefix_path/origin_arm
-- Up-to-date: /home/user/workspace/pyrobot/moveit_docker_activate/install/origin_arm/share/origin_arm/environment/ament_prefix_path.sh
-- Up-to-date: /home/user/workspace/pyrobot/moveit_docker_activate/install/origin_arm/share/origin_arm/environment/ament_prefix_path.dsv
-- Up-to-date: /home/user/workspace/pyrobot/moveit_docker_activate/install/origin_arm/share/origin_arm/environment/path.sh
-- Up-to-date: /home/user/workspace/pyrobot/moveit_docker_activate/install/origin_arm/share/origin_arm/environment/path.dsv
-- Up-to-date: /home/user/workspace/pyrobot/moveit_docker_activate/install/origin_arm/share/origin_arm/local_setup.bash
-- Up-to-date: /home/user/workspace/pyrobot/moveit_docker_activate/install/origin_arm/share/origin_arm/local_setup.sh
-- Up-to-date: /home/user/workspace/pyrobot/moveit_docker_activate/install/origin_arm/share/origin_arm/local_setup.zsh
-- Up-to-date: /home/user/workspace/pyrobot/moveit_docker_activate/install/origin_arm/share/origin_arm/local_setup.dsv
-- Up-to-date: /home/user/workspace/pyrobot/moveit_docker_activate/install/origin_arm/share/origin_arm/package.dsv
-- Up-to-date: /home/user/workspace/pyrobot/moveit_docker_activate/install/origin_arm/share/ament_index/resource_index/packages/origin_arm
-- Up-to-date: /home/user/workspace/pyrobot/moveit_docker_activate/install/origin_arm/share/origin_arm/cmake/origin_armConfig.cmake
-- Up-to-date: /home/user/workspace/pyrobot/moveit_docker_activate/install/origin_arm/share/origin_arm/cmake/origin_armConfig-version.cmake
-- Up-to-date: /home/user/workspace/pyrobot/moveit_docker_activate/install/origin_arm/share/origin_arm/package.xml
-- Up-to-date: /home/user/workspace/pyrobot/moveit_docker_activate/install/origin_arm/share/origin_arm/launch
-- Up-to-date: /home/user/workspace/pyrobot/moveit_docker_activate/install/origin_arm/share/origin_arm/launch/static_virtual_joint_tfs.launch.py
-- Up-to-date: /home/user/workspace/pyrobot/moveit_docker_activate/install/origin_arm/share/origin_arm/launch/setup_assistant.launch.py
-- Up-to-date: /home/user/workspace/pyrobot/moveit_docker_activate/install/origin_arm/share/origin_arm/launch/spawn_controllers.launch.py
-- Installing: /home/user/workspace/pyrobot/moveit_docker_activate/install/origin_arm/share/origin_arm/launch/demo.launch.py
-- Up-to-date: /home/user/workspace/pyrobot/moveit_docker_activate/install/origin_arm/share/origin_arm/launch/moveit_rviz.launch.py
-- Up-to-date: /home/user/workspace/pyrobot/moveit_docker_activate/install/origin_arm/share/origin_arm/launch/warehouse_db.launch.py
-- Up-to-date: /home/user/workspace/pyrobot/moveit_docker_activate/install/origin_arm/share/origin_arm/launch/rsp.launch.py
-- Up-to-date: /home/user/workspace/pyrobot/moveit_docker_activate/install/origin_arm/share/origin_arm/launch/move_group.launch.py
-- Up-to-date: /home/user/workspace/pyrobot/moveit_docker_activate/install/origin_arm/share/origin_arm/config
-- Up-to-date: /home/user/workspace/pyrobot/moveit_docker_activate/install/origin_arm/share/origin_arm/config/angle_excurate_arm_ver2.urdf.xacro
-- Up-to-date: /home/user/workspace/pyrobot/moveit_docker_activate/install/origin_arm/share/origin_arm/config/ros2_controllers.yaml
-- Up-to-date: /home/user/workspace/pyrobot/moveit_docker_activate/install/origin_arm/share/origin_arm/config/moveit.rviz
-- Up-to-date: /home/user/workspace/pyrobot/moveit_docker_activate/install/origin_arm/share/origin_arm/config/moveit_controllers.yaml
-- Up-to-date: /home/user/workspace/pyrobot/moveit_docker_activate/install/origin_arm/share/origin_arm/config/kinematics.yaml
-- Up-to-date: /home/user/workspace/pyrobot/moveit_docker_activate/install/origin_arm/share/origin_arm/config/pilz_cartesian_limits.yaml
-- Installing: /home/user/workspace/pyrobot/moveit_docker_activate/install/origin_arm/share/origin_arm/config/joint_limits.yaml
-- Up-to-date: /home/user/workspace/pyrobot/moveit_docker_activate/install/origin_arm/share/origin_arm/config/angle_excurate_arm_ver2.srdf
-- Up-to-date: /home/user/workspace/pyrobot/moveit_docker_activate/install/origin_arm/share/origin_arm/config/initial_positions.yaml
-- Up-to-date: /home/user/workspace/pyrobot/moveit_docker_activate/install/origin_arm/share/origin_arm/config/angle_excurate_arm_ver2.ros2_control.xacro
-- Up-to-date: /home/user/workspace/pyrobot/moveit_docker_activate/install/origin_arm/share/origin_arm/.setup_assistant
