[0.067s] Invoking command in '/home/user/workspace/pyrobot/moveit_docker_activate/build/origin_arm': AMENT_PREFIX_PATH=/home/user/workspace/pyrobot/moveit_docker_activate/install/robot_description_version2:${AMENT_PREFIX_PATH} CMAKE_PREFIX_PATH=${CMAKE_PREFIX_PATH}:/home/user/workspace/ws_moveit2/install/moveit_configs_utils:/home/user/workspace/ws_moveit2/install/launch_param_builder:/opt/ros/humble PYTHONPATH=/home/user/workspace/pyrobot/moveit_docker_activate/install/robot_description_version2/lib/python3.10/site-packages:${PYTHONPATH} /usr/bin/cmake --build /home/user/workspace/pyrobot/moveit_docker_activate/build/origin_arm -- -j16 -l16
[0.088s] Invoked command in '/home/user/workspace/pyrobot/moveit_docker_activate/build/origin_arm' returned '0': AMENT_PREFIX_PATH=/home/user/workspace/pyrobot/moveit_docker_activate/install/robot_description_version2:${AMENT_PREFIX_PATH} CMAKE_PREFIX_PATH=${CMAKE_PREFIX_PATH}:/home/user/workspace/ws_moveit2/install/moveit_configs_utils:/home/user/workspace/ws_moveit2/install/launch_param_builder:/opt/ros/humble PYTHONPATH=/home/user/workspace/pyrobot/moveit_docker_activate/install/robot_description_version2/lib/python3.10/site-packages:${PYTHONPATH} /usr/bin/cmake --build /home/user/workspace/pyrobot/moveit_docker_activate/build/origin_arm -- -j16 -l16
[0.108s] Invoking command in '/home/user/workspace/pyrobot/moveit_docker_activate/build/origin_arm': AMENT_PREFIX_PATH=/home/user/workspace/pyrobot/moveit_docker_activate/install/robot_description_version2:${AMENT_PREFIX_PATH} CMAKE_PREFIX_PATH=${CMAKE_PREFIX_PATH}:/home/user/workspace/ws_moveit2/install/moveit_configs_utils:/home/user/workspace/ws_moveit2/install/launch_param_builder:/opt/ros/humble PYTHONPATH=/home/user/workspace/pyrobot/moveit_docker_activate/install/robot_description_version2/lib/python3.10/site-packages:${PYTHONPATH} /usr/bin/cmake --install /home/user/workspace/pyrobot/moveit_docker_activate/build/origin_arm
[0.113s] -- Install configuration: ""
[0.114s] -- Up-to-date: /home/user/workspace/pyrobot/moveit_docker_activate/install/origin_arm/share/ament_index/resource_index/package_run_dependencies/origin_arm
[0.114s] -- Up-to-date: /home/user/workspace/pyrobot/moveit_docker_activate/install/origin_arm/share/ament_index/resource_index/parent_prefix_path/origin_arm
[0.114s] -- Up-to-date: /home/user/workspace/pyrobot/moveit_docker_activate/install/origin_arm/share/origin_arm/environment/ament_prefix_path.sh
[0.114s] -- Up-to-date: /home/user/workspace/pyrobot/moveit_docker_activate/install/origin_arm/share/origin_arm/environment/ament_prefix_path.dsv
[0.114s] -- Up-to-date: /home/user/workspace/pyrobot/moveit_docker_activate/install/origin_arm/share/origin_arm/environment/path.sh
[0.114s] -- Up-to-date: /home/user/workspace/pyrobot/moveit_docker_activate/install/origin_arm/share/origin_arm/environment/path.dsv
[0.114s] -- Up-to-date: /home/user/workspace/pyrobot/moveit_docker_activate/install/origin_arm/share/origin_arm/local_setup.bash
[0.114s] -- Up-to-date: /home/user/workspace/pyrobot/moveit_docker_activate/install/origin_arm/share/origin_arm/local_setup.sh
[0.114s] -- Up-to-date: /home/user/workspace/pyrobot/moveit_docker_activate/install/origin_arm/share/origin_arm/local_setup.zsh
[0.115s] -- Up-to-date: /home/user/workspace/pyrobot/moveit_docker_activate/install/origin_arm/share/origin_arm/local_setup.dsv
[0.115s] -- Up-to-date: /home/user/workspace/pyrobot/moveit_docker_activate/install/origin_arm/share/origin_arm/package.dsv
[0.115s] -- Up-to-date: /home/user/workspace/pyrobot/moveit_docker_activate/install/origin_arm/share/ament_index/resource_index/packages/origin_arm
[0.115s] -- Up-to-date: /home/user/workspace/pyrobot/moveit_docker_activate/install/origin_arm/share/origin_arm/cmake/origin_armConfig.cmake
[0.115s] -- Up-to-date: /home/user/workspace/pyrobot/moveit_docker_activate/install/origin_arm/share/origin_arm/cmake/origin_armConfig-version.cmake
[0.115s] -- Up-to-date: /home/user/workspace/pyrobot/moveit_docker_activate/install/origin_arm/share/origin_arm/package.xml
[0.115s] -- Up-to-date: /home/user/workspace/pyrobot/moveit_docker_activate/install/origin_arm/share/origin_arm/launch
[0.116s] -- Up-to-date: /home/user/workspace/pyrobot/moveit_docker_activate/install/origin_arm/share/origin_arm/launch/static_virtual_joint_tfs.launch.py
[0.116s] -- Up-to-date: /home/user/workspace/pyrobot/moveit_docker_activate/install/origin_arm/share/origin_arm/launch/setup_assistant.launch.py
[0.116s] -- Up-to-date: /home/user/workspace/pyrobot/moveit_docker_activate/install/origin_arm/share/origin_arm/launch/spawn_controllers.launch.py
[0.116s] -- Installing: /home/user/workspace/pyrobot/moveit_docker_activate/install/origin_arm/share/origin_arm/launch/demo.launch.py
[0.116s] -- Up-to-date: /home/user/workspace/pyrobot/moveit_docker_activate/install/origin_arm/share/origin_arm/launch/moveit_rviz.launch.py
[0.116s] -- Up-to-date: /home/user/workspace/pyrobot/moveit_docker_activate/install/origin_arm/share/origin_arm/launch/warehouse_db.launch.py
[0.116s] -- Up-to-date: /home/user/workspace/pyrobot/moveit_docker_activate/install/origin_arm/share/origin_arm/launch/rsp.launch.py
[0.116s] -- Up-to-date: /home/user/workspace/pyrobot/moveit_docker_activate/install/origin_arm/share/origin_arm/launch/move_group.launch.py
[0.116s] -- Up-to-date: /home/user/workspace/pyrobot/moveit_docker_activate/install/origin_arm/share/origin_arm/config
[0.117s] -- Up-to-date: /home/user/workspace/pyrobot/moveit_docker_activate/install/origin_arm/share/origin_arm/config/angle_excurate_arm_ver2.urdf.xacro
[0.117s] -- Up-to-date: /home/user/workspace/pyrobot/moveit_docker_activate/install/origin_arm/share/origin_arm/config/ros2_controllers.yaml
[0.117s] -- Up-to-date: /home/user/workspace/pyrobot/moveit_docker_activate/install/origin_arm/share/origin_arm/config/moveit.rviz
[0.117s] -- Up-to-date: /home/user/workspace/pyrobot/moveit_docker_activate/install/origin_arm/share/origin_arm/config/moveit_controllers.yaml
[0.117s] -- Up-to-date: /home/user/workspace/pyrobot/moveit_docker_activate/install/origin_arm/share/origin_arm/config/kinematics.yaml
[0.117s] -- Up-to-date: /home/user/workspace/pyrobot/moveit_docker_activate/install/origin_arm/share/origin_arm/config/pilz_cartesian_limits.yaml
[0.117s] -- Installing: /home/user/workspace/pyrobot/moveit_docker_activate/install/origin_arm/share/origin_arm/config/joint_limits.yaml
[0.117s] -- Up-to-date: /home/user/workspace/pyrobot/moveit_docker_activate/install/origin_arm/share/origin_arm/config/angle_excurate_arm_ver2.srdf
[0.118s] -- Up-to-date: /home/user/workspace/pyrobot/moveit_docker_activate/install/origin_arm/share/origin_arm/config/initial_positions.yaml
[0.118s] -- Up-to-date: /home/user/workspace/pyrobot/moveit_docker_activate/install/origin_arm/share/origin_arm/config/angle_excurate_arm_ver2.ros2_control.xacro
[0.118s] -- Up-to-date: /home/user/workspace/pyrobot/moveit_docker_activate/install/origin_arm/share/origin_arm/.setup_assistant
[0.118s] Invoked command in '/home/user/workspace/pyrobot/moveit_docker_activate/build/origin_arm' returned '0': AMENT_PREFIX_PATH=/home/user/workspace/pyrobot/moveit_docker_activate/install/robot_description_version2:${AMENT_PREFIX_PATH} CMAKE_PREFIX_PATH=${CMAKE_PREFIX_PATH}:/home/user/workspace/ws_moveit2/install/moveit_configs_utils:/home/user/workspace/ws_moveit2/install/launch_param_builder:/opt/ros/humble PYTHONPATH=/home/user/workspace/pyrobot/moveit_docker_activate/install/robot_description_version2/lib/python3.10/site-packages:${PYTHONPATH} /usr/bin/cmake --install /home/user/workspace/pyrobot/moveit_docker_activate/build/origin_arm
